"../../../../../UNREAL ENGINE PROJECTS/StealthGame_ProjectBase_4.25/Stealth_Game_UE/StealthGame/Content/Character/Mesh/SK_Mannequin_Arms_Skeleton.uasset" 0
"../../../../../UNREAL ENGINE PROJECTS/StealthGame_ProjectBase_4.25/Stealth_Game_UE/StealthGame/Content/Animations/FirstPerson_Idle.uasset" 1
"../../../../../UNREAL ENGINE PROJECTS/StealthGame_ProjectBase_4.25/Stealth_Game_UE/StealthGame/Content/Animations/FirstPerson_JumpEnd.uasset" 2
"../../../../../UNREAL ENGINE PROJECTS/StealthGame_ProjectBase_4.25/Stealth_Game_UE/StealthGame/Content/Animations/FirstPerson_JumpLoop.uasset" 3
"../../../../../UNREAL ENGINE PROJECTS/StealthGame_ProjectBase_4.25/Stealth_Game_UE/StealthGame/Content/Animations/FirstPerson_JumpStart.uasset" 4
"../../../../../UNREAL ENGINE PROJECTS/StealthGame_ProjectBase_4.25/Stealth_Game_UE/StealthGame/Content/Animations/FirstPerson_Run.uasset" 5
"../../../Engine/Content/EditorBlueprintResources/StandardMacros.uasset" 6
"../../../../../UNREAL ENGINE PROJECTS/StealthGame_ProjectBase_4.25/Stealth_Game_UE/StealthGame/Content/Animations/FirstPerson_AnimBP.uasset" 7
"../../../../../UNREAL ENGINE PROJECTS/StealthGame_ProjectBase_4.25/Stealth_Game_UE/StealthGame/Content/Animations/FirstPerson_Fire.uasset" 8
"../../../../../UNREAL ENGINE PROJECTS/StealthGame_ProjectBase_4.25/Stealth_Game_UE/StealthGame/Content/Weapon/M_Projectile.uasset" 9
"../../../../../UNREAL ENGINE PROJECTS/StealthGame_ProjectBase_4.25/Stealth_Game_UE/StealthGame/Content/Weapon/FirstPersonProjectileMesh.uasset" 10
"../../../../../UNREAL ENGINE PROJECTS/StealthGame_ProjectBase_4.25/Stealth_Game_UE/StealthGame/Content/Blueprints/BP_Projectile.uasset" 11
"../../../../../UNREAL ENGINE PROJECTS/StealthGame_ProjectBase_4.25/Stealth_Game_UE/StealthGame/Content/Audio/FirstPersonTemplateWeaponFire02.uasset" 12
"../../../../../UNREAL ENGINE PROJECTS/StealthGame_ProjectBase_4.25/Stealth_Game_UE/StealthGame/Content/Character/Textures/UE4_Mannequin__normals.uasset" 13
"../../../../../UNREAL ENGINE PROJECTS/StealthGame_ProjectBase_4.25/Stealth_Game_UE/StealthGame/Content/Character/Textures/UE4_Mannequin_MAT_MASKA.uasset" 14
"../../../../../UNREAL ENGINE PROJECTS/StealthGame_ProjectBase_4.25/Stealth_Game_UE/StealthGame/Content/Character/M_PlayerArms.uasset" 15
"../../../../../UNREAL ENGINE PROJECTS/StealthGame_ProjectBase_4.25/Stealth_Game_UE/StealthGame/Content/Character/Mesh/SK_Mannequin_Arms_PhysicsAsset.uasset" 16
"../../../../../UNREAL ENGINE PROJECTS/StealthGame_ProjectBase_4.25/Stealth_Game_UE/StealthGame/Content/Character/Mesh/SK_Mannequin_Arms.uasset" 17
"../../../../../UNREAL ENGINE PROJECTS/StealthGame_ProjectBase_4.25/Stealth_Game_UE/StealthGame/Content/Weapon/T_FPGun_M.uasset" 18
"../../../../../UNREAL ENGINE PROJECTS/StealthGame_ProjectBase_4.25/Stealth_Game_UE/StealthGame/Content/Weapon/T_FPGun_N.uasset" 19
"../../../../../UNREAL ENGINE PROJECTS/StealthGame_ProjectBase_4.25/Stealth_Game_UE/StealthGame/Content/Weapon/M_FPGun.uasset" 20
"../../../../../UNREAL ENGINE PROJECTS/StealthGame_ProjectBase_4.25/Stealth_Game_UE/StealthGame/Content/Weapon/SK_FPGun_Skeleton.uasset" 21
"../../../../../UNREAL ENGINE PROJECTS/StealthGame_ProjectBase_4.25/Stealth_Game_UE/StealthGame/Content/Weapon/SK_FPGun.uasset" 22
"../../../../../UNREAL ENGINE PROJECTS/StealthGame_ProjectBase_4.25/Stealth_Game_UE/StealthGame/Content/Blueprints/BP_Player.uasset" 23
"../../../../../UNREAL ENGINE PROJECTS/StealthGame_ProjectBase_4.25/Stealth_Game_UE/StealthGame/Content/Character/Textures/UE4_LOGO_CARD.uasset" 24
"../../../../../UNREAL ENGINE PROJECTS/StealthGame_ProjectBase_4.25/Stealth_Game_UE/StealthGame/Content/Effects/Textures/T_Burst_M.uasset" 25
"../../../../../UNREAL ENGINE PROJECTS/StealthGame_ProjectBase_4.25/Stealth_Game_UE/StealthGame/Content/Effects/Materials/M_Burst.uasset" 26
"../../../../../UNREAL ENGINE PROJECTS/StealthGame_ProjectBase_4.25/Stealth_Game_UE/StealthGame/Content/Effects/Textures/T_Explosion_SubUV.uasset" 27
"../../../../../UNREAL ENGINE PROJECTS/StealthGame_ProjectBase_4.25/Stealth_Game_UE/StealthGame/Content/Effects/Materials/M_explosion_subUV.uasset" 28
"../../../../../UNREAL ENGINE PROJECTS/StealthGame_ProjectBase_4.25/Stealth_Game_UE/StealthGame/Content/Effects/Materials/m_flare_01.uasset" 29
"../../../Engine/Content/Functions/Engine_MaterialFunctions01/Gradient/RadialGradient.uasset" 30
"../../../../../UNREAL ENGINE PROJECTS/StealthGame_ProjectBase_4.25/Stealth_Game_UE/StealthGame/Content/Effects/Materials/M_radial_ramp.uasset" 31
"../../../../../UNREAL ENGINE PROJECTS/StealthGame_ProjectBase_4.25/Stealth_Game_UE/StealthGame/Content/Effects/Textures/T_Smoke_SubUV.uasset" 32
"../../../../../UNREAL ENGINE PROJECTS/StealthGame_ProjectBase_4.25/Stealth_Game_UE/StealthGame/Content/Effects/Textures/T_Smoke_Tiled_D.uasset" 33
"../../../../../UNREAL ENGINE PROJECTS/StealthGame_ProjectBase_4.25/Stealth_Game_UE/StealthGame/Content/Effects/Materials/M_smoke_subUV.uasset" 34
"../../../../../UNREAL ENGINE PROJECTS/StealthGame_ProjectBase_4.25/Stealth_Game_UE/StealthGame/Content/Effects/P_Explosion.uasset" 35
"../../../../../UNREAL ENGINE PROJECTS/StealthGame_ProjectBase_4.25/Stealth_Game_UE/StealthGame/Content/Effects/T_Fire_tile.uasset" 36
"../../../../../UNREAL ENGINE PROJECTS/StealthGame_ProjectBase_4.25/Stealth_Game_UE/StealthGame/Content/Effects/gold_ore_circle2.uasset" 37
"../../../../../UNREAL ENGINE PROJECTS/StealthGame_ProjectBase_4.25/Stealth_Game_UE/StealthGame/Content/Effects/sunflare.uasset" 38
"../../../../../UNREAL ENGINE PROJECTS/StealthGame_ProjectBase_4.25/Stealth_Game_UE/StealthGame/Content/Effects/m_flare_03.uasset" 39
"../../../../../UNREAL ENGINE PROJECTS/StealthGame_ProjectBase_4.25/Stealth_Game_UE/StealthGame/Content/Effects/M_Volumetric_Streaks.uasset" 40
"../../../../../UNREAL ENGINE PROJECTS/StealthGame_ProjectBase_4.25/Stealth_Game_UE/StealthGame/Content/Effects/T_MeshFire_Mask.uasset" 41
"../../../../../UNREAL ENGINE PROJECTS/StealthGame_ProjectBase_4.25/Stealth_Game_UE/StealthGame/Content/Effects/M_single_ray_01.uasset" 42
"../../../../../UNREAL ENGINE PROJECTS/StealthGame_ProjectBase_4.25/Stealth_Game_UE/StealthGame/Content/Effects/P_gold_ore_aura.uasset" 43
"../../../../../UNREAL ENGINE PROJECTS/StealthGame_ProjectBase_4.25/Stealth_Game_UE/StealthGame/Content/Effects/T_Flame_Tile.uasset" 44
"../../../../../UNREAL ENGINE PROJECTS/StealthGame_ProjectBase_4.25/Stealth_Game_UE/StealthGame/Content/Effects/gold_ore_effect.uasset" 45
"../../../../../UNREAL ENGINE PROJECTS/StealthGame_ProjectBase_4.25/Stealth_Game_UE/StealthGame/Content/Effects/clouds_dust_detail_01.uasset" 46
"../../../../../UNREAL ENGINE PROJECTS/StealthGame_ProjectBase_4.25/Stealth_Game_UE/StealthGame/Content/Effects/M_wind_swirl_02.uasset" 47
"../../../../../UNREAL ENGINE PROJECTS/StealthGame_ProjectBase_4.25/Stealth_Game_UE/StealthGame/Content/Effects/S_SandSwirl.uasset" 48
"../../../../../UNREAL ENGINE PROJECTS/StealthGame_ProjectBase_4.25/Stealth_Game_UE/StealthGame/Content/Effects/P_gold_ore_lost.uasset" 49
"../../../../../UNREAL ENGINE PROJECTS/StealthGame_ProjectBase_4.25/Stealth_Game_UE/StealthGame/Content/UI/FirstPersonCrosshair.uasset" 50
"../../../../../UNREAL ENGINE PROJECTS/StealthGame_ProjectBase_4.25/Stealth_Game_UE/StealthGame/Content/Weapon/SK_FPGun_PhysicsAsset.uasset" 51
"../../../Engine/Content/Animation/DefaultAnimBoneCompressionSettings.uasset" 52
"../../../Engine/Content/Animation/DefaultAnimCurveCompressionSettings.uasset" 53
"../../../Engine/Content/Functions/Engine_MaterialFunctions01/Opacity/CameraDepthFade.uasset" 54
"../../../Engine/Content/EngineMaterials/T_Default_Material_Grid_M.uasset" 55
"../../../Engine/Content/EngineMaterials/T_Default_Material_Grid_N.uasset" 56
"../../../Engine/Content/EngineMaterials/WorldGridMaterial.uasset" 57
"../../../Engine/Content/ArtTools/RenderToTexture/Meshes/S_1_Unit_Plane.uasset" 58
"../../../Engine/Content/EngineMaterials/DefaultMaterial.uasset" 59
"../../../Engine/Content/BasicShapes/Cone.uasset" 60
"../../../Engine/Content/BasicShapes/Cube.uasset" 61
"../../../Engine/Content/BasicShapes/Cylinder.uasset" 62
"../../../Engine/Content/BasicShapes/Sphere.uasset" 63
"../../../Engine/Content/EditorLandscapeResources/DataLayer.uasset" 64
"../../../Engine/Content/EditorMaterials/MAT_Groups_Toggle.uasset" 65
"../../../Engine/Content/EditorMaterials/MAT_Groups_Visibility.uasset" 66
"../../../Engine/Content/EditorMaterials/PreviewShadowIndicator.uasset" 67
"../../../Engine/Content/EditorMaterials/PreviewShadowIndicatorMaterial.uasset" 68
"../../../Engine/Content/EditorMaterials/MatineeGroups/MAT_ColorTrack.uasset" 69
"../../../Engine/Content/EditorMaterials/MatineeGroups/MAT_Groups_Anim.uasset" 70
"../../../Engine/Content/EditorMaterials/MatineeGroups/MAT_Groups_AudioMaster.uasset" 71
"../../../Engine/Content/EditorMaterials/MatineeGroups/MAT_Groups_Director.uasset" 72
"../../../Engine/Content/EditorMaterials/MatineeGroups/MAT_Groups_Event.uasset" 73
"../../../Engine/Content/EditorMaterials/MatineeGroups/MAT_Groups_Fade.uasset" 74
"../../../Engine/Content/EditorMaterials/MatineeGroups/MAT_Groups_Float.uasset" 75
"../../../Engine/Content/EditorMaterials/MatineeGroups/MAT_Groups_Move.uasset" 76
"../../../Engine/Content/EditorMaterials/MatineeGroups/MAT_Groups_Slomo.uasset" 77
"../../../Engine/Content/EditorMaterials/MatineeGroups/MAT_Groups_Sound.uasset" 78
"../../../Engine/Content/EditorMaterials/MatineeGroups/MAT_Groups_Vector.uasset" 79
"../../../Engine/Content/EditorMaterials/ParticleSystems/PSysThumbnail_NoImage.uasset" 80
"../../../Engine/Content/EditorMaterials/ParticleSystems/PSysThumbnail_OOD.uasset" 81
"../../../Engine/Content/EditorMaterials/Camera/CineMat.uasset" 82
"../../../Engine/Content/EditorMaterials/Camera/MI_CineMat_Rig.uasset" 83
"../../../Engine/Content/EditorMeshes/Camera/SM_CraneRig_Arm.uasset" 84
"../../../Engine/Content/EditorMeshes/Camera/SM_CraneRig_Base.uasset" 85
"../../../Engine/Content/EditorMeshes/Camera/SM_CraneRig_Body.uasset" 86
"../../../Engine/Content/EditorMeshes/Camera/SM_CraneRig_Mount.uasset" 87
"../../../Engine/Content/EditorMeshes/Camera/SM_RailRig_Mount.uasset" 88
"../../../Engine/Content/EditorMeshes/Camera/SM_RailRig_Track.uasset" 89
"../../../Engine/Content/EditorResources/BSPVertex.uasset" 90
"../../../Engine/Content/EditorResources/EmptyActor.uasset" 91
"../../../Engine/Content/EditorResources/S_Actor.uasset" 92
"../../../Engine/Content/EditorResources/S_Note.uasset" 93
"../../../Engine/Content/EditorResources/S_Solver.uasset" 94
"../../../Engine/Content/EditorResources/S_Trigger.uasset" 95
"../../../Engine/Content/EditorResources/LightIcons/S_LightError.uasset" 96
"../../../Engine/Content/EditorResources/SequenceRecorder/Countdown.uasset" 97
"../../../Engine/Content/EditorResources/SequenceRecorder/RecordingIndicator.uasset" 98
"../../../Engine/Content/EditorSounds/Notifications/CompileFailed.uasset" 99
"../../../Engine/Content/EditorSounds/Notifications/CompileFailed_Cue.uasset" 100
"../../../Engine/Content/EditorSounds/Notifications/CompileSuccess.uasset" 101
"../../../Engine/Content/EditorSounds/Notifications/CompileStart_Cue.uasset" 102
"../../../Engine/Content/EditorSounds/Notifications/CompileSuccess_Cue.uasset" 103
"../../../Engine/Content/EngineDamageTypes/DmgTypeBP_Environmental.uasset" 104
"../../../Engine/Content/EngineDebugMaterials/DebugEditorMaterial.uasset" 105
"../../../Engine/Content/EngineDebugMaterials/DebugMeshMaterial.uasset" 106
"../../../Engine/Content/EngineDebugMaterials/M_SimpleUnlitTranslucent.uasset" 107
"../../../Engine/Content/Functions/Engine_MaterialFunctions02/Utility/CameraDirectionVector.uasset" 108
"../../../Engine/Content/EngineDebugMaterials/VolumeToRender.uasset" 109
"../../../Engine/Content/EngineDebugMaterials/M_VolumeRenderSphereTracePP.uasset" 110
"../../../Engine/Content/EngineDebugMaterials/WireframeMaterial.uasset" 111
"../../../Engine/Content/EngineFonts/Faces/DroidSansFallback.uasset" 112
"../../../Engine/Content/EngineFonts/Faces/RobotoBold.uasset" 113
"../../../Engine/Content/EngineFonts/Faces/RobotoBoldItalic.uasset" 114
"../../../Engine/Content/EngineFonts/Faces/RobotoItalic.uasset" 115
"../../../Engine/Content/EngineFonts/Faces/RobotoLight.uasset" 116
"../../../Engine/Content/EngineFonts/Faces/RobotoRegular.uasset" 117
"../../../Engine/Content/EngineFonts/Roboto.uasset" 118
"../../../Engine/Content/EngineMaterials/BaseFlattenDiffuseMap.uasset" 119
"../../../Engine/Content/EngineMaterials/BaseFlattenEmissiveMap.uasset" 120
"../../../Engine/Content/EngineMaterials/BaseFlattenGrayscaleMap.uasset" 121
"../../../Engine/Content/EngineMaterials/BaseFlattenNormalMap.uasset" 122
"../../../Engine/Content/EngineMaterials/BaseFlattenMaterial.uasset" 123
"../../../Engine/Content/EngineMaterials/BlueNoise.uasset" 124
"../../../Engine/Content/EngineMaterials/DefaultBloomKernel.uasset" 125
"../../../Engine/Content/EngineMaterials/DefaultBokeh.uasset" 126
"../../../Engine/Content/EngineMaterials/DefaultDiffuse.uasset" 127
"../../../Engine/Content/EngineMaterials/DefaultDeferredDecalMaterial.uasset" 128
"../../../Engine/Content/EngineMaterials/DefaultLightFunctionMaterial.uasset" 129
"../../../Engine/Content/EngineMaterials/DefaultPhysicalMaterial.uasset" 130
"../../../Engine/Content/Functions/Engine_MaterialFunctions02/Utility/BreakOutFloat2Components.uasset" 131
"../../../Engine/Content/EngineMaterials/DefaultPostProcessMaterial.uasset" 132
"../../../Engine/Content/EngineFonts/RobotoDistanceField.uasset" 133
"../../../Engine/Content/EngineMaterials/DefaultTextMaterialOpaque.uasset" 134
"../../../Engine/Content/EngineMaterials/DefaultWhiteGrid.uasset" 135
"../../../Engine/Content/EngineMaterials/DefaultWhiteGrid_Low.uasset" 136
"../../../Engine/Content/EngineMaterials/EmissiveMeshMaterial.uasset" 137
"../../../Engine/Content/EngineMaterials/GizmoMaterial.uasset" 138
"../../../Engine/Content/EngineMaterials/Good64x64TilingNoiseHighFreq.uasset" 139
"../../../Engine/Content/EngineMaterials/MiniFont.uasset" 140
"../../../Engine/Content/EngineMaterials/InvalidLightmapSettings.uasset" 141
"../../../Engine/Content/EngineMaterials/M_InvalidLightmapSettings.uasset" 142
"../../../Engine/Content/Functions/Engine_MaterialFunctions02/WorldPositionOffset/CameraOffset.uasset" 143
"../../../Engine/Content/EngineMaterials/PhAT_JointLimitMaterial.uasset" 144
"../../../Engine/Content/EngineMaterials/PreintegratedSkinBRDF.uasset" 145
"../../../Engine/Content/EngineMaterials/RemoveSurfaceMaterial.uasset" 146
"../../../Engine/Content/EngineMaterials/WeightMapPlaceholderTexture.uasset" 147
"../../../Engine/Content/EngineResources/WhiteSquareTexture.uasset" 148
"../../../Engine/Content/EngineMaterials/Widget3DPassThrough.uasset" 149
"../../../Engine/Content/EngineMaterials/Widget3DPassThrough_Masked.uasset" 150
"../../../Engine/Content/EngineMaterials/Widget3DPassThrough_Opaque.uasset" 151
"../../../Engine/Content/EngineMaterials/Widget3DPassThrough_Masked_OneSided.uasset" 152
"../../../Engine/Content/EngineMaterials/Widget3DPassThrough_Opaque_OneSided.uasset" 153
"../../../Engine/Content/EngineMaterials/Widget3DPassThrough_Translucent.uasset" 154
"../../../Engine/Content/EngineMaterials/Widget3DPassThrough_Translucent_OneSided.uasset" 155
"../../../Engine/Content/EngineMeshes/Cylinder.uasset" 156
"../../../Engine/Content/EngineMeshes/Sphere.uasset" 157
"../../../Engine/Content/EngineResources/Black.uasset" 158
"../../../Engine/Content/EngineResources/DefaultTexture.uasset" 159
"../../../Engine/Content/EngineResources/DefaultTextureCube.uasset" 160
"../../../Engine/Content/EngineResources/DefaultVolumeTexture2D.uasset" 161
"../../../Engine/Content/EngineResources/DefaultVolumeTexture.uasset" 162
"../../../Engine/Content/EngineResources/GradientTexture0.uasset" 163
"../../../Engine/Content/EngineSounds/Master.uasset" 164
"../../../Engine/Content/Functions/Engine_MaterialFunctions01/Shading/ConvertFromDiffSpec.uasset" 165
"../../../Engine/Content/Functions/Engine_MaterialFunctions01/Shading/PowerToRoughness.uasset" 166
"../../../Engine/Content/Maps/Templates/Thumbnails/Default.uasset" 167
"../../../Engine/Content/Maps/Templates/Thumbnails/TimeOfDay.uasset" 168
"../../../Engine/Content/Maps/Templates/Thumbnails/VR-Basic.uasset" 169
"../../../Engine/Content/MobileResources/T_MobileControls_texture.uasset" 170
"../../../Engine/Content/MobileResources/T_MobileMenu2.uasset" 171
"../../../Engine/Content/MobileResources/HUD/AnalogHat.uasset" 172
"../../../Engine/Content/MobileResources/HUD/VirtualJoystick_Background.uasset" 173
"../../../Engine/Content/MobileResources/HUD/VirtualJoystick_Thumb.uasset" 174
"../../../Engine/Content/MobileResources/HUD/DefaultVirtualJoysticks.uasset" 175
"../../../Engine/Content/MobileResources/HUD/LeftVirtualJoystickOnly.uasset" 176
"../../../Engine/Content/MobileResources/HUD/MobileHUDButton1_off.uasset" 177
"../../../Engine/Content/MobileResources/HUD/MobileHUDButton1_on.uasset" 178
"../../../Engine/Content/MobileResources/HUD/MobileHUDButton2_off.uasset" 179
"../../../Engine/Content/MobileResources/HUD/MobileHUDButton2_on.uasset" 180
"../../../Engine/Content/MobileResources/HUD/MobileHUDButton3.uasset" 181
"../../../Engine/Content/MobileResources/HUD/MobileHUDButtonFire.uasset" 182
"../../../Engine/Content/MobileResources/HUD/MobileHUDDirectionPad.uasset" 183
"../../../Engine/Content/MobileResources/HUD/MobileHUDDirectionPad2.uasset" 184
"../../../Engine/Content/MobileResources/HUD/MobileHUDDirectionPad3.uasset" 185
"../../../Engine/Content/MobileResources/HUD/MobileHUDDirectionStick.uasset" 186
"../../../Engine/Content/MobileResources/HUD/T_Castle_ThumbstickInner.uasset" 187
"../../../Engine/Content/MobileResources/HUD/T_Castle_ThumbstickOutter.uasset" 188
"../../../Engine/Content/Tutorial/ContentIntroCurve.uasset" 189
"../../../Engine/Content/Tutorial/Basics/LevelEditorAttract.uasset" 190
"../../../Engine/Content/Tutorial/Basics/TutorialAssets/icon_tab_Levels_40x.uasset" 191
"../../../Engine/Content/Tutorial/Basics/LevelEditorOverview.uasset" 192
"../../../Engine/Content/Tutorial/BlueprintTutorials/TutorialAssets/Blueprint_64x.uasset" 193
"../../../Engine/Content/Tutorial/BlueprintTutorials/BlueprintEditorTutorial.uasset" 194
"../../../Engine/Content/VREditor/LaserPointer/VR_LaserPower_01.uasset" 195
"../../../Engine/Content/VREditor/TransformGizmo/TransformGizmoMaterial.uasset" 196
"../../../Engine/Content/VREditor/TransformGizmo/TranslucentTransformGizmoMaterial.uasset" 197
"../../../Engine/Content/VREditor/TransformGizmo/BoundingBoxCorner.uasset" 198
"../../../Engine/Content/VREditor/TransformGizmo/BoundingBoxEdge.uasset" 199
"../../../Engine/Content/VREditor/TransformGizmo/PlaneTranslationHandle.uasset" 200
"../../../Engine/Content/VREditor/TransformGizmo/Main.uasset" 201
"../../../Engine/Content/VREditor/TransformGizmo/Xray.uasset" 202
"../../../Engine/Content/VREditor/TransformGizmo/SM_Sequencer_Key.uasset" 203
"../../../Engine/Content/VREditor/TransformGizmo/SM_Sequencer_Node.uasset" 204
"../../Plugins/2D/Paper2D/Content/PlaceholderTextures/DummySpriteTexture.uasset" 205
"../../Plugins/2D/Paper2D/Content/DummySprite.uasset" 206
"../../Plugins/2D/Paper2D/Content/DefaultPaperTerrainMaterial.uasset" 207
"../../Plugins/2D/Paper2D/Content/DefaultSpriteMaterial.uasset" 208
"../../Plugins/2D/Paper2D/Content/MaskedUnlitSpriteMaterial.uasset" 209
"../../Plugins/2D/Paper2D/Content/OpaqueUnlitSpriteMaterial.uasset" 210
"../../Plugins/FX/Niagara/Content/Enums/ENiagaraBooleanLogicOps.uasset" 211
"../../Plugins/FX/Niagara/Content/Enums/ENiagaraCoordinateSpace.uasset" 212
"../../Plugins/FX/Niagara/Content/Enums/ENiagaraExpansionMode.uasset" 213
"../../Plugins/FX/Niagara/Content/Enums/ENiagaraOrientationAxis.uasset" 214
"../../Plugins/FX/Niagara/Content/Enums/ENiagaraRandomnessMode.uasset" 215
"../../../Engine/Content/Functions/Engine_MaterialFunctions02/Utility/BreakOutFloat4Components.uasset" 216
"../../../Engine/Content/Functions/Engine_MaterialFunctions02/Utility/MakeFloat2.uasset" 217
"../../../Engine/Content/Functions/Engine_MaterialFunctions02/Utility/MakeFloat3.uasset" 218
"../../Plugins/Runtime/Oculus/OculusVR/Content/Materials/OculusMR_ChromaKey.uasset" 219
"../../Plugins/Runtime/Oculus/OculusVR/Content/Materials/OculusMR_ChromaKey_Lit.uasset" 220
"../../Plugins/Runtime/Oculus/OculusVR/Content/Materials/OculusMR_OpaqueColoredMaterial.uasset" 221
"../../Plugins/Runtime/Oculus/OculusVR/Content/Materials/OculusMR_WhiteMaterial.uasset" 222
"../../../../../UNREAL ENGINE PROJECTS/StealthGame_ProjectBase_4.25/Stealth_Game_UE/StealthGame/Content/Characters/DwarfGrunt/SkelMesh/DwarfGrunt_R_new_Skeleton.uasset" 223
"../../../../../UNREAL ENGINE PROJECTS/StealthGame_ProjectBase_4.25/Stealth_Game_UE/StealthGame/Content/Characters/DwarfGrunt/Anims/Idle_1_new.uasset" 224
"../../../../../UNREAL ENGINE PROJECTS/StealthGame_ProjectBase_4.25/Stealth_Game_UE/StealthGame/Content/Characters/DwarfGrunt/Textures/T_Dwarf_Grunt_Blue_D.uasset" 225
"../../../../../UNREAL ENGINE PROJECTS/StealthGame_ProjectBase_4.25/Stealth_Game_UE/StealthGame/Content/Characters/DwarfGrunt/Textures/T_Dwarf_Grunt_M.uasset" 226
"../../../../../UNREAL ENGINE PROJECTS/StealthGame_ProjectBase_4.25/Stealth_Game_UE/StealthGame/Content/Characters/DwarfGrunt/Textures/T_Dwarf_Grunt_N.uasset" 227
"../../../../../UNREAL ENGINE PROJECTS/StealthGame_ProjectBase_4.25/Stealth_Game_UE/StealthGame/Content/Characters/DwarfGrunt/Materials/M_Dwarf_Grunt.uasset" 228
"../../../../../UNREAL ENGINE PROJECTS/StealthGame_ProjectBase_4.25/Stealth_Game_UE/StealthGame/Content/Characters/DwarfGrunt/Textures/T_Dwarf_Grunt_Equipment_Blue_D.uasset" 229
"../../../../../UNREAL ENGINE PROJECTS/StealthGame_ProjectBase_4.25/Stealth_Game_UE/StealthGame/Content/Characters/DwarfGrunt/Textures/T_Dwarf_Grunt_Equipment_Blue_N.uasset" 230
"../../../../../UNREAL ENGINE PROJECTS/StealthGame_ProjectBase_4.25/Stealth_Game_UE/StealthGame/Content/Characters/DwarfGrunt/Textures/T_Dwarf_Grunt_Equipment_M.uasset" 231
"../../../../../UNREAL ENGINE PROJECTS/StealthGame_ProjectBase_4.25/Stealth_Game_UE/StealthGame/Content/Characters/DwarfGrunt/Materials/Dwarf_Grunt_Equipment_Blue_MIC.uasset" 232
"../../../../../UNREAL ENGINE PROJECTS/StealthGame_ProjectBase_4.25/Stealth_Game_UE/StealthGame/Content/Characters/DwarfGrunt/SkelMesh/DwarfGrunt_R_new.uasset" 233
"../../../../../UNREAL ENGINE PROJECTS/StealthGame_ProjectBase_4.25/Stealth_Game_UE/StealthGame/Content/UI/WBP_GuardState.uasset" 234
"../../../../../UNREAL ENGINE PROJECTS/StealthGame_ProjectBase_4.25/Stealth_Game_UE/StealthGame/Content/Blueprints/BP_Gaurd.uasset" 235
"../../../Engine/Content/Functions/Engine_MaterialFunctions02/Texturing/CustomRotator.uasset" 236
"../../../../../UNREAL ENGINE PROJECTS/StealthGame_ProjectBase_4.25/Stealth_Game_UE/StealthGame/Content/Materials/T_DevPatterns.uasset" 237
"../../../../../UNREAL ENGINE PROJECTS/StealthGame_ProjectBase_4.25/Stealth_Game_UE/StealthGame/Content/Materials/SpawnBox_M.uasset" 238
"../../../../../UNREAL ENGINE PROJECTS/StealthGame_ProjectBase_4.25/Stealth_Game_UE/StealthGame/Content/Materials/SpawnBox_M_Inst.uasset" 239
"../../../../../UNREAL ENGINE PROJECTS/StealthGame_ProjectBase_4.25/Stealth_Game_UE/StealthGame/Content/Blueprints/BP_ExtractionZone.uasset" 240
"../../../../../UNREAL ENGINE PROJECTS/StealthGame_ProjectBase_4.25/Stealth_Game_UE/StealthGame/Content/UI/WBP_ObjectiveInfo.uasset" 241
"../../../../../UNREAL ENGINE PROJECTS/StealthGame_ProjectBase_4.25/Stealth_Game_UE/StealthGame/Content/Blueprints/BP_HUD.uasset" 242
"../../../../../UNREAL ENGINE PROJECTS/StealthGame_ProjectBase_4.25/Stealth_Game_UE/StealthGame/Content/UI/WBP_GameOver.uasset" 243
"../../../../../UNREAL ENGINE PROJECTS/StealthGame_ProjectBase_4.25/Stealth_Game_UE/StealthGame/Content/Blueprints/BP_PlayerController.uasset" 244
"../../../Engine/Content/EditorResources/MatineeCam_D.uasset" 245
"../../../Engine/Content/EditorMaterials/MatineeCam_mat.uasset" 246
"../../../Engine/Content/EditorMeshes/MatineeCam_SM.uasset" 247
"../../../../../UNREAL ENGINE PROJECTS/StealthGame_ProjectBase_4.25/Stealth_Game_UE/StealthGame/Content/Blueprints/BP_SpectatingViewpoint.uasset" 248
"../../../../../UNREAL ENGINE PROJECTS/StealthGame_ProjectBase_4.25/Stealth_Game_UE/StealthGame/Content/Blueprints/BP_GameMode.uasset" 249
"../../../Engine/Content/VREditor/Sounds/UI/Floating_UI_Close.uasset" 250
"../../../../../UNREAL ENGINE PROJECTS/StealthGame_ProjectBase_4.25/Stealth_Game_UE/StealthGame/Content/Effects/round_mask.uasset" 251
"../../../../../UNREAL ENGINE PROJECTS/StealthGame_ProjectBase_4.25/Stealth_Game_UE/StealthGame/Content/Effects/T_Smoke2_Tile.uasset" 252
"../../../../../UNREAL ENGINE PROJECTS/StealthGame_ProjectBase_4.25/Stealth_Game_UE/StealthGame/Content/Effects/Coin2.uasset" 253
"../../../../../UNREAL ENGINE PROJECTS/StealthGame_ProjectBase_4.25/Stealth_Game_UE/StealthGame/Content/Effects/SM_plane_pivot_down.uasset" 254
"../../../../../UNREAL ENGINE PROJECTS/StealthGame_ProjectBase_4.25/Stealth_Game_UE/StealthGame/Content/Effects/P_gold_ore_received.uasset" 255
"../../../../../UNREAL ENGINE PROJECTS/StealthGame_ProjectBase_4.25/Stealth_Game_UE/StealthGame/Content/Blueprints/BP_Objective.uasset" 256
"../../../Engine/Content/Functions/Engine_MaterialFunctions02/Utility/Sine_Remapped.uasset" 257
"../../../../../UNREAL ENGINE PROJECTS/StealthGame_ProjectBase_4.25/Stealth_Game_UE/StealthGame/Content/Challenges/LaunchPad/T_Arrow.uasset" 258
"../../../../../UNREAL ENGINE PROJECTS/StealthGame_ProjectBase_4.25/Stealth_Game_UE/StealthGame/Content/Challenges/LaunchPad/M_LaunchPAd.uasset" 259
"../../../../../UNREAL ENGINE PROJECTS/StealthGame_ProjectBase_4.25/Stealth_Game_UE/StealthGame/Content/Challenges/LaunchPad/M_LaunchPadBase.uasset" 260
"../../../Engine/Content/BasicShapes/Plane.uasset" 261
"../../../Engine/Content/EditorSounds/GamePreview/EjectFromPlayer.uasset" 262
"../../../Engine/Content/EngineMeshes/Cube.uasset" 263
"../../../../../UNREAL ENGINE PROJECTS/StealthGame_ProjectBase_4.25/Stealth_Game_UE/StealthGame/Content/Effects/P_gold_ore_appearance.uasset" 264
"../../../../../UNREAL ENGINE PROJECTS/StealthGame_ProjectBase_4.25/Stealth_Game_UE/StealthGame/Content/Challenges/LaunchPad/BP_LaunchPad.uasset" 265
"../../../../../UNREAL ENGINE PROJECTS/StealthGame_ProjectBase_4.25/Stealth_Game_UE/StealthGame/Content/Maps/FirstPersonExampleMap_BuiltData.uasset" 266
"../../../Engine/Content/Functions/Engine_MaterialFunctions03/Procedurals/ComputeFilterWidth.uasset" 267
"../../../../../UNREAL ENGINE PROJECTS/StealthGame_ProjectBase_4.25/Stealth_Game_UE/StealthGame/Content/Environment/AntiAliasedTextMaterialTranslucent_Glow.uasset" 268
"../../../Engine/Content/Functions/Engine_MaterialFunctions01/Gradient/LinearGradient.uasset" 269
"../../../Engine/Content/Functions/Engine_MaterialFunctions01/ImageAdjustment/CheapContrast.uasset" 270
"../../../Engine/Content/Functions/Engine_MaterialFunctions01/Texturing/WorldAlignedTexture.uasset" 271
"../../../Engine/Content/VREditor/BasicMeshes/T_CleanFloorGrunge_01_D.uasset" 272
"../../../../../UNREAL ENGINE PROJECTS/StealthGame_ProjectBase_4.25/Stealth_Game_UE/StealthGame/Content/Environment/M_BlockoutSimple.uasset" 273
"../../../Engine/Content/EngineMaterials/T_Default_MacroVariation.uasset" 274
"../../../../../UNREAL ENGINE PROJECTS/StealthGame_ProjectBase_4.25/Stealth_Game_UE/StealthGame/Content/Environment/M_Cube.uasset" 275
"../../../../../UNREAL ENGINE PROJECTS/StealthGame_ProjectBase_4.25/Stealth_Game_UE/StealthGame/Content/Environment/M_Cube_Inst.uasset" 276
"../../../../../UNREAL ENGINE PROJECTS/StealthGame_ProjectBase_4.25/Stealth_Game_UE/StealthGame/Content/Environment/MI_BlockoutSimple_Inst.uasset" 277
"../../../../../UNREAL ENGINE PROJECTS/StealthGame_ProjectBase_4.25/Stealth_Game_UE/StealthGame/Content/Environment/Shape_Cube.uasset" 278
"../../../../../UNREAL ENGINE PROJECTS/StealthGame_ProjectBase_4.25/Stealth_Game_UE/StealthGame/Content/Maps/FirstPersonExampleMap.umap" 279
"../../../Engine/Content/Maps/Entry_BuiltData.uasset" 280
"../../../Engine/Content/Maps/Entry.umap" 281
