Log file open, 01/21/21 18:30:14
LogInit: Display: Running engine for game: FPSGame
LogPlatformFile: Not using cached read wrapper
LogTaskGraph: Started task graph with 5 named threads and 47 total threads with 3 sets of task threads.
LogStats: Stats thread started at 0.319553
LogD3D11RHI: Loaded GFSDK_Aftermath_Lib.x64.dll
LogICUInternationalization: ICU TimeZone Detection - Raw Offset: -5:00, Platform Override: ''
LogPluginManager: Mounting plugin Paper2D
LogPluginManager: Mounting plugin AISupport
LogPluginManager: Mounting plugin LightPropagationVolume
LogPluginManager: Mounting plugin CameraShakePreviewer
LogPluginManager: Mounting plugin ActorLayerUtilities
LogPluginManager: Mounting plugin AnimationSharing
LogPluginManager: Mounting plugin CLionSourceCodeAccess
LogPluginManager: Mounting plugin CodeLiteSourceCodeAccess
LogPluginManager: Mounting plugin GitSourceControl
LogPluginManager: Mounting plugin KDevelopSourceCodeAccess
LogPluginManager: Mounting plugin NullSourceCodeAccess
LogPluginManager: Mounting plugin PerforceSourceControl
LogPluginManager: Mounting plugin PlasticSourceControl
LogPluginManager: Mounting plugin RiderSourceCodeAccess
LogPluginManager: Mounting plugin SubversionSourceControl
LogPluginManager: Mounting plugin UObjectPlugin
LogPluginManager: Mounting plugin VisualStudioCodeSourceCodeAccess
LogPluginManager: Mounting plugin VisualStudioSourceCodeAccess
LogPluginManager: Mounting plugin XCodeSourceCodeAccess
LogPluginManager: Mounting plugin AssetManagerEditor
LogPluginManager: Mounting plugin CryptoKeys
LogPluginManager: Mounting plugin CurveEditorTools
LogPluginManager: Mounting plugin DataValidation
LogPluginManager: Mounting plugin EditorScriptingUtilities
LogPluginManager: Mounting plugin FacialAnimation
LogPluginManager: Mounting plugin GameplayTagsEditor
LogPluginManager: Mounting plugin GeometryMode
LogPluginManager: Mounting plugin MacGraphicsSwitching
LogPluginManager: Mounting plugin MaterialAnalyzer
LogPluginManager: Mounting plugin MobileLauncherProfileWizard
LogPluginManager: Mounting plugin PluginBrowser
LogPluginManager: Mounting plugin SpeedTreeImporter
LogPluginManager: Mounting plugin DatasmithContent
LogPluginManager: Mounting plugin VariantManagerContent
LogPluginManager: Mounting plugin AlembicImporter
LogPluginManager: Mounting plugin AutomationUtils
LogPluginManager: Mounting plugin BackChannel
LogPluginManager: Mounting plugin ChaosCloth
LogPluginManager: Mounting plugin ChaosClothEditor
LogPluginManager: Mounting plugin ChaosEditor
LogPluginManager: Mounting plugin ChaosNiagara
LogPluginManager: Mounting plugin ChaosSolverPlugin
LogPluginManager: Mounting plugin CharacterAI
LogPluginManager: Mounting plugin GeometryCache
LogPluginManager: Mounting plugin GeometryCollectionPlugin
LogPluginManager: Mounting plugin GeometryProcessing
LogPluginManager: Mounting plugin PlanarCut
LogPluginManager: Mounting plugin PlatformCrypto
LogPluginManager: Mounting plugin ProxyLODPlugin
LogPluginManager: Mounting plugin SkeletalReduction
LogPluginManager: Mounting plugin Niagara
LogPluginManager: Mounting plugin MagicLeap
LogPluginManager: Mounting plugin MagicLeapLightEstimation
LogPluginManager: Mounting plugin MagicLeapMedia
LogPluginManager: Mounting plugin MagicLeapPassableWorld
LogPluginManager: Mounting plugin MLSDK
LogPluginManager: Mounting plugin AndroidMedia
LogPluginManager: Mounting plugin AvfMedia
LogPluginManager: Mounting plugin ImgMedia
LogPluginManager: Mounting plugin MediaCompositing
LogPluginManager: Mounting plugin MediaPlayerEditor
LogPluginManager: Mounting plugin WebMMedia
LogPluginManager: Mounting plugin WmfMedia
LogPluginManager: Mounting plugin MeshPainting
LogPluginManager: Mounting plugin TcpMessaging
LogPluginManager: Mounting plugin UdpMessaging
LogPluginManager: Mounting plugin ActorSequence
LogPluginManager: Mounting plugin LevelSequenceEditor
LogPluginManager: Mounting plugin MatineeToLevelSequence
LogPluginManager: Mounting plugin MovieRenderPipeline
LogPluginManager: Mounting plugin TemplateSequence
LogPluginManager: Mounting plugin NetcodeUnitTest
LogPluginManager: Mounting plugin NUTUnrealEngine4
LogPluginManager: Mounting plugin OnlineSubsystemGooglePlay
LogPluginManager: Mounting plugin OnlineSubsystemIOS
LogPluginManager: Mounting plugin OnlineSubsystem
LogPluginManager: Mounting plugin OnlineSubsystemNull
LogPluginManager: Mounting plugin OnlineSubsystemUtils
LogPluginManager: Mounting plugin LauncherChunkInstaller
LogPluginManager: Mounting plugin AndroidDeviceProfileSelector
LogPluginManager: Mounting plugin AndroidMoviePlayer
LogPluginManager: Mounting plugin AndroidPermission
LogPluginManager: Mounting plugin AppleImageUtils
LogPluginManager: Mounting plugin AppleMoviePlayer
LogPluginManager: Mounting plugin ArchVisCharacter
LogPluginManager: Mounting plugin AssetTags
LogPluginManager: Mounting plugin AudioCapture
LogPluginManager: Mounting plugin CableComponent
LogPluginManager: Mounting plugin CustomMeshComponent
LogPluginManager: Mounting plugin EditableMesh
LogPluginManager: Mounting plugin ExampleDeviceProfileSelector
LogPluginManager: Mounting plugin GoogleCloudMessaging
LogPluginManager: Mounting plugin GooglePAD
LogPluginManager: Mounting plugin IOSDeviceProfileSelector
LogPluginManager: Mounting plugin LinuxDeviceProfileSelector
LogPluginManager: Mounting plugin LocationServicesBPLibrary
LogPluginManager: Mounting plugin MobilePatchingUtils
LogPluginManager: Mounting plugin OculusVR
LogPluginManager: Mounting plugin PhysXVehicles
LogPluginManager: Mounting plugin PostSplashScreen
LogPluginManager: Mounting plugin ProceduralMeshComponent
LogPluginManager: Mounting plugin RuntimePhysXCooking
LogPluginManager: Mounting plugin SignificanceManager
LogPluginManager: Mounting plugin SoundFields
LogPluginManager: Mounting plugin SteamVR
LogPluginManager: Mounting plugin Synthesis
LogPluginManager: Mounting plugin WebMMoviePlayer
LogPluginManager: Mounting plugin WindowsMoviePlayer
LogPluginManager: Mounting plugin ScreenshotTools
LogInit: Using libcurl 7.55.1-DEV
LogInit:  - built for x86_64-pc-win32
LogInit:  - supports SSL with OpenSSL/1.1.1
LogInit:  - supports HTTP deflate (compression) using libz 1.2.8
LogInit:  - other features:
LogInit:      CURL_VERSION_SSL
LogInit:      CURL_VERSION_LIBZ
LogInit:      CURL_VERSION_IPV6
LogInit:      CURL_VERSION_ASYNCHDNS
LogInit:      CURL_VERSION_LARGEFILE
LogInit:      CURL_VERSION_IDN
LogInit:  CurlRequestOptions (configurable via config and command line):
LogInit:  - bVerifyPeer = true  - Libcurl will verify peer certificate
LogInit:  - bUseHttpProxy = false  - Libcurl will NOT use HTTP proxy
LogInit:  - bDontReuseConnections = false  - Libcurl will reuse connections
LogInit:  - MaxHostConnections = 16  - Libcurl will limit the number of connections to a host
LogInit:  - LocalHostAddr = Default
LogInit:  - BufferSize = 65536
LogOnline: OSS: Creating online subsystem instance for: NULL
LogInit: WinSock: version 1.1 (2.2), MaxSocks=32767, MaxUdp=65467
LogOnline: OSS: TryLoadSubsystemAndSetDefault: Loaded subsystem for module [NULL]
LogInit: Build: ++UE4+Release-4.25-CL-14469661
LogInit: Engine Version: 4.25.4-14469661+++UE4+Release-4.25
LogInit: Compatible Engine Version: 4.25.0-13144385+++UE4+Release-4.25
LogInit: Net CL: 13144385
LogInit: OS: Windows 10 (Release 2009) (), CPU: AMD Ryzen 7 2700X Eight-Core Processor         , GPU: NVIDIA GeForce RTX 2070
LogInit: Compiled (64-bit): Oct 11 2020 08:10:49
LogInit: Compiled with Visual C++: 19.24.28315.00
LogInit: Build Configuration: Development
LogInit: Branch Name: ++UE4+Release-4.25
LogInit: Command Line:  -skipcompile
LogInit: Base Directory: F:/UNREAL ENGINE/UE_4.25/Engine/Binaries/Win64/
LogInit: Allocator: TBB
LogInit: Installed Engine Build: 1
LogDevObjectVersion: Number of dev versions registered: 26
LogDevObjectVersion:   Dev-Blueprints (B0D832E4-1F89-4F0D-ACCF-7EB736FD4AA2): 10
LogDevObjectVersion:   Dev-Build (E1C64328-A22C-4D53-A36C-8E866417BD8C): 0
LogDevObjectVersion:   Dev-Core (375EC13C-06E4-48FB-B500-84F0262A717E): 4
LogDevObjectVersion:   Dev-Editor (E4B068ED-F494-42E9-A231-DA0B2E46BB41): 38
LogDevObjectVersion:   Dev-Framework (CFFC743F-43B0-4480-9391-14DF171D2073): 37
LogDevObjectVersion:   Dev-Mobile (B02B49B5-BB20-44E9-A304-32B752E40360): 2
LogDevObjectVersion:   Dev-Networking (A4E4105C-59A1-49B5-A7C5-40C4547EDFEE): 0
LogDevObjectVersion:   Dev-Online (39C831C9-5AE6-47DC-9A44-9C173E1C8E7C): 0
LogDevObjectVersion:   Dev-Physics (78F01B33-EBEA-4F98-B9B4-84EACCB95AA2): 4
LogDevObjectVersion:   Dev-Platform (6631380F-2D4D-43E0-8009-CF276956A95A): 0
LogDevObjectVersion:   Dev-Rendering (12F88B9F-8875-4AFC-A67C-D90C383ABD29): 43
LogDevObjectVersion:   Dev-Sequencer (7B5AE74C-D270-4C10-A958-57980B212A5A): 12
LogDevObjectVersion:   Dev-VR (D7296918-1DD6-4BDD-9DE2-64A83CC13884): 3
LogDevObjectVersion:   Dev-LoadTimes (C2A15278-BFE7-4AFE-6C17-90FF531DF755): 1
LogDevObjectVersion:   Private-Geometry (6EACA3D4-40EC-4CC1-B786-8BED09428FC5): 3
LogDevObjectVersion:   Dev-AnimPhys (29E575DD-E0A3-4627-9D10-D276232CDCEA): 17
LogDevObjectVersion:   Dev-Anim (AF43A65D-7FD3-4947-9873-3E8ED9C1BB05): 7
LogDevObjectVersion:   Dev-ReflectionCapture (6B266CEC-1EC7-4B8F-A30B-E4D90942FC07): 1
LogDevObjectVersion:   Dev-Automation (0DF73D61-A23F-47EA-B727-89E90C41499A): 1
LogDevObjectVersion:   FortniteMain (601D1886-AC64-4F84-AA16-D3DE0DEAC7D6): 31
LogDevObjectVersion:   Dev-Enterprise (9DFFBCD6-494F-0158-E221-12823C92A888): 10
LogDevObjectVersion:   Dev-Niagara (F2AED0AC-9AFE-416F-8664-AA7FFA26D6FC): 1
LogDevObjectVersion:   Dev-Destruction (174F1F0B-B4C6-45A5-B13F-2EE8D0FB917D): 10
LogDevObjectVersion:   Dev-Physics-Ext (35F94A83-E258-406C-A318-09F59610247C): 37
LogDevObjectVersion:   Dev-PhysicsMaterial-Chaos (B68FC16E-8B1B-42E2-B453-215C058844FE): 1
LogDevObjectVersion:   Dev-CineCamera (B2E18506-4273-CFC2-A54E-F4BB758BBA07): 1
LogInit: Presizing for max 25165824 objects, including 0 objects not considered by GC, pre-allocating 0 bytes for permanent pool.
LogConfig: Applying CVar settings from Section [/Script/Engine.StreamingSettings] File [F:/UNREAL ENGINE PROJECTS/StealthGame_ProjectBase_4.25/Stealth_Game_UE/StealthGame/Saved/Config/Windows/Engine.ini]
LogConfig: Setting CVar [[s.MinBulkDataSizeForAsyncLoading:131072]]
LogConfig: Setting CVar [[s.AsyncLoadingThreadEnabled:0]]
LogConfig: Setting CVar [[s.EventDrivenLoaderEnabled:1]]
LogConfig: Setting CVar [[s.WarnIfTimeLimitExceeded:0]]
LogConfig: Setting CVar [[s.TimeLimitExceededMultiplier:1.5]]
LogConfig: Setting CVar [[s.TimeLimitExceededMinTime:0.005]]
LogConfig: Setting CVar [[s.UseBackgroundLevelStreaming:1]]
LogConfig: Setting CVar [[s.PriorityAsyncLoadingExtraTime:15.0]]
LogConfig: Setting CVar [[s.LevelStreamingActorsUpdateTimeLimit:5.0]]
LogConfig: Setting CVar [[s.PriorityLevelStreamingActorsUpdateExtraTime:5.0]]
LogConfig: Setting CVar [[s.LevelStreamingComponentsRegistrationGranularity:10]]
LogConfig: Setting CVar [[s.UnregisterComponentsTimeLimit:1.0]]
LogConfig: Setting CVar [[s.LevelStreamingComponentsUnregistrationGranularity:5]]
LogConfig: Setting CVar [[s.FlushStreamingOnExit:1]]
LogInit: Object subsystem initialized
LogConfig: Setting CVar [[con.DebugEarlyDefault:1]]
LogConfig: Setting CVar [[r.setres:1280x720]]
[2021.01.21-23.30.14:983][  0]LogConfig: Setting CVar [[r.VSync:0]]
[2021.01.21-23.30.14:983][  0]LogConfig: Setting CVar [[r.RHICmdBypass:0]]
[2021.01.21-23.30.14:983][  0]LogConfig: Applying CVar settings from Section [/Script/Engine.RendererSettings] File [F:/UNREAL ENGINE PROJECTS/StealthGame_ProjectBase_4.25/Stealth_Game_UE/StealthGame/Saved/Config/Windows/Engine.ini]
[2021.01.21-23.30.14:983][  0]LogConfig: Setting CVar [[r.GPUCrashDebugging:0]]
[2021.01.21-23.30.14:983][  0]LogConfig: Applying CVar settings from Section [/Script/Engine.RendererOverrideSettings] File [F:/UNREAL ENGINE PROJECTS/StealthGame_ProjectBase_4.25/Stealth_Game_UE/StealthGame/Saved/Config/Windows/Engine.ini]
[2021.01.21-23.30.14:984][  0]LogConfig: Applying CVar settings from Section [/Script/Engine.StreamingSettings] File [F:/UNREAL ENGINE PROJECTS/StealthGame_ProjectBase_4.25/Stealth_Game_UE/StealthGame/Saved/Config/Windows/Engine.ini]
[2021.01.21-23.30.14:984][  0]LogConfig: Setting CVar [[s.MinBulkDataSizeForAsyncLoading:131072]]
[2021.01.21-23.30.14:984][  0]LogConfig: Setting CVar [[s.AsyncLoadingThreadEnabled:0]]
[2021.01.21-23.30.14:984][  0]LogConfig: Setting CVar [[s.EventDrivenLoaderEnabled:1]]
[2021.01.21-23.30.14:984][  0]LogConfig: Setting CVar [[s.WarnIfTimeLimitExceeded:0]]
[2021.01.21-23.30.14:984][  0]LogConfig: Setting CVar [[s.TimeLimitExceededMultiplier:1.5]]
[2021.01.21-23.30.14:984][  0]LogConfig: Setting CVar [[s.TimeLimitExceededMinTime:0.005]]
[2021.01.21-23.30.14:984][  0]LogConfig: Setting CVar [[s.UseBackgroundLevelStreaming:1]]
[2021.01.21-23.30.14:984][  0]LogConfig: Setting CVar [[s.PriorityAsyncLoadingExtraTime:15.0]]
[2021.01.21-23.30.14:984][  0]LogConfig: Setting CVar [[s.LevelStreamingActorsUpdateTimeLimit:5.0]]
[2021.01.21-23.30.14:984][  0]LogConfig: Setting CVar [[s.PriorityLevelStreamingActorsUpdateExtraTime:5.0]]
[2021.01.21-23.30.14:984][  0]LogConfig: Setting CVar [[s.LevelStreamingComponentsRegistrationGranularity:10]]
[2021.01.21-23.30.14:984][  0]LogConfig: Setting CVar [[s.UnregisterComponentsTimeLimit:1.0]]
[2021.01.21-23.30.14:984][  0]LogConfig: Setting CVar [[s.LevelStreamingComponentsUnregistrationGranularity:5]]
[2021.01.21-23.30.14:984][  0]LogConfig: Setting CVar [[s.FlushStreamingOnExit:1]]
[2021.01.21-23.30.14:984][  0]LogConfig: Applying CVar settings from Section [/Script/Engine.GarbageCollectionSettings] File [F:/UNREAL ENGINE PROJECTS/StealthGame_ProjectBase_4.25/Stealth_Game_UE/StealthGame/Saved/Config/Windows/Engine.ini]
[2021.01.21-23.30.14:984][  0]LogConfig: Setting CVar [[gc.MaxObjectsNotConsideredByGC:1]]
[2021.01.21-23.30.14:984][  0]LogConfig: Setting CVar [[gc.SizeOfPermanentObjectPool:0]]
[2021.01.21-23.30.14:984][  0]LogConfig: Setting CVar [[gc.FlushStreamingOnGC:0]]
[2021.01.21-23.30.14:984][  0]LogConfig: Setting CVar [[gc.NumRetriesBeforeForcingGC:10]]
[2021.01.21-23.30.14:984][  0]LogConfig: Setting CVar [[gc.AllowParallelGC:1]]
[2021.01.21-23.30.14:985][  0]LogConfig: Setting CVar [[gc.TimeBetweenPurgingPendingKillObjects:61.1]]
[2021.01.21-23.30.14:985][  0]LogConfig: Setting CVar [[gc.MaxObjectsInEditor:25165824]]
[2021.01.21-23.30.14:985][  0]LogConfig: Setting CVar [[gc.IncrementalBeginDestroyEnabled:1]]
[2021.01.21-23.30.14:985][  0]LogConfig: Setting CVar [[gc.CreateGCClusters:1]]
[2021.01.21-23.30.14:985][  0]LogConfig: Setting CVar [[gc.MinGCClusterSize:5]]
[2021.01.21-23.30.14:985][  0]LogConfig: Setting CVar [[gc.ActorClusteringEnabled:0]]
[2021.01.21-23.30.14:985][  0]LogConfig: Setting CVar [[gc.BlueprintClusteringEnabled:0]]
[2021.01.21-23.30.14:985][  0]LogConfig: Setting CVar [[gc.UseDisregardForGCOnDedicatedServers:0]]
[2021.01.21-23.30.14:985][  0]LogConfig: Applying CVar settings from Section [/Script/Engine.NetworkSettings] File [F:/UNREAL ENGINE PROJECTS/StealthGame_ProjectBase_4.25/Stealth_Game_UE/StealthGame/Saved/Config/Windows/Engine.ini]
[2021.01.21-23.30.14:985][  0]LogConfig: Applying CVar settings from Section [/Script/UnrealEd.CookerSettings] File [F:/UNREAL ENGINE PROJECTS/StealthGame_ProjectBase_4.25/Stealth_Game_UE/StealthGame/Saved/Config/Windows/Engine.ini]
[2021.01.21-23.30.14:991][  0]LogConfig: Applying CVar settings from Section [ViewDistanceQuality@3] File [F:/UNREAL ENGINE PROJECTS/StealthGame_ProjectBase_4.25/Stealth_Game_UE/StealthGame/Saved/Config/Windows/Scalability.ini]
[2021.01.21-23.30.14:991][  0]LogConfig: Setting CVar [[r.SkeletalMeshLODBias:0]]
[2021.01.21-23.30.14:991][  0]LogConfig: Setting CVar [[r.ViewDistanceScale:1.0]]
[2021.01.21-23.30.14:991][  0]LogConfig: Applying CVar settings from Section [AntiAliasingQuality@3] File [F:/UNREAL ENGINE PROJECTS/StealthGame_ProjectBase_4.25/Stealth_Game_UE/StealthGame/Saved/Config/Windows/Scalability.ini]
[2021.01.21-23.30.14:991][  0]LogConfig: Setting CVar [[r.PostProcessAAQuality:4]]
[2021.01.21-23.30.14:991][  0]LogConfig: Applying CVar settings from Section [ShadowQuality@3] File [F:/UNREAL ENGINE PROJECTS/StealthGame_ProjectBase_4.25/Stealth_Game_UE/StealthGame/Saved/Config/Windows/Scalability.ini]
[2021.01.21-23.30.14:991][  0]LogConfig: Setting CVar [[r.LightFunctionQuality:1]]
[2021.01.21-23.30.14:991][  0]LogConfig: Setting CVar [[r.ShadowQuality:5]]
[2021.01.21-23.30.14:991][  0]LogConfig: Setting CVar [[r.Shadow.CSM.MaxCascades:10]]
[2021.01.21-23.30.14:991][  0]LogConfig: Setting CVar [[r.Shadow.MaxResolution:2048]]
[2021.01.21-23.30.14:992][  0]LogConfig: Setting CVar [[r.Shadow.MaxCSMResolution:2048]]
[2021.01.21-23.30.14:992][  0]LogConfig: Setting CVar [[r.Shadow.RadiusThreshold:0.01]]
[2021.01.21-23.30.14:992][  0]LogConfig: Setting CVar [[r.Shadow.DistanceScale:1.0]]
[2021.01.21-23.30.14:992][  0]LogConfig: Setting CVar [[r.Shadow.CSM.TransitionScale:1.0]]
[2021.01.21-23.30.14:992][  0]LogConfig: Setting CVar [[r.Shadow.PreShadowResolutionFactor:1.0]]
[2021.01.21-23.30.14:992][  0]LogConfig: Setting CVar [[r.DistanceFieldShadowing:1]]
[2021.01.21-23.30.14:992][  0]LogConfig: Setting CVar [[r.DistanceFieldAO:1]]
[2021.01.21-23.30.14:992][  0]LogConfig: Setting CVar [[r.AOQuality:2]]
[2021.01.21-23.30.14:992][  0]LogConfig: Setting CVar [[r.VolumetricFog:1]]
[2021.01.21-23.30.14:992][  0]LogConfig: Setting CVar [[r.VolumetricFog.GridPixelSize:8]]
[2021.01.21-23.30.14:992][  0]LogConfig: Setting CVar [[r.VolumetricFog.GridSizeZ:128]]
[2021.01.21-23.30.14:992][  0]LogConfig: Setting CVar [[r.VolumetricFog.HistoryMissSupersampleCount:4]]
[2021.01.21-23.30.14:992][  0]LogConfig: Setting CVar [[r.LightMaxDrawDistanceScale:1]]
[2021.01.21-23.30.14:992][  0]LogConfig: Setting CVar [[r.CapsuleShadows:1]]
[2021.01.21-23.30.14:992][  0]LogConfig: Applying CVar settings from Section [PostProcessQuality@3] File [F:/UNREAL ENGINE PROJECTS/StealthGame_ProjectBase_4.25/Stealth_Game_UE/StealthGame/Saved/Config/Windows/Scalability.ini]
[2021.01.21-23.30.14:992][  0]LogConfig: Setting CVar [[r.MotionBlurQuality:4]]
[2021.01.21-23.30.14:992][  0]LogConfig: Setting CVar [[r.AmbientOcclusionMipLevelFactor:0.4]]
[2021.01.21-23.30.14:992][  0]LogConfig: Setting CVar [[r.AmbientOcclusionMaxQuality:100]]
[2021.01.21-23.30.14:992][  0]LogConfig: Setting CVar [[r.AmbientOcclusionLevels:-1]]
[2021.01.21-23.30.14:992][  0]LogConfig: Setting CVar [[r.AmbientOcclusionRadiusScale:1.0]]
[2021.01.21-23.30.14:992][  0]LogConfig: Setting CVar [[r.DepthOfFieldQuality:2]]
[2021.01.21-23.30.14:992][  0]LogConfig: Setting CVar [[r.RenderTargetPoolMin:400]]
[2021.01.21-23.30.14:993][  0]LogConfig: Setting CVar [[r.LensFlareQuality:2]]
[2021.01.21-23.30.14:993][  0]LogConfig: Setting CVar [[r.SceneColorFringeQuality:1]]
[2021.01.21-23.30.14:993][  0]LogConfig: Setting CVar [[r.EyeAdaptationQuality:2]]
[2021.01.21-23.30.14:993][  0]LogConfig: Setting CVar [[r.BloomQuality:5]]
[2021.01.21-23.30.14:993][  0]LogConfig: Setting CVar [[r.FastBlurThreshold:100]]
[2021.01.21-23.30.14:993][  0]LogConfig: Setting CVar [[r.Upscale.Quality:3]]
[2021.01.21-23.30.14:993][  0]LogConfig: Setting CVar [[r.Tonemapper.GrainQuantization:1]]
[2021.01.21-23.30.14:993][  0]LogConfig: Setting CVar [[r.LightShaftQuality:1]]
[2021.01.21-23.30.14:993][  0]LogConfig: Setting CVar [[r.Filter.SizeScale:1]]
[2021.01.21-23.30.14:993][  0]LogConfig: Setting CVar [[r.Tonemapper.Quality:5]]
[2021.01.21-23.30.14:993][  0]LogConfig: Setting CVar [[r.DOF.Gather.AccumulatorQuality:1        ; higher gathering accumulator quality]]
[2021.01.21-23.30.14:993][  0]LogConfig: Setting CVar [[r.DOF.Gather.PostfilterMethod:1          ; Median3x3 postfilering method]]
[2021.01.21-23.30.14:993][  0]LogConfig: Setting CVar [[r.DOF.Gather.EnableBokehSettings:0       ; no bokeh simulation when gathering]]
[2021.01.21-23.30.14:993][  0]LogConfig: Setting CVar [[r.DOF.Gather.RingCount:4                 ; medium number of samples when gathering]]
[2021.01.21-23.30.14:993][  0]LogConfig: Setting CVar [[r.DOF.Scatter.ForegroundCompositing:1    ; additive foreground scattering]]
[2021.01.21-23.30.14:993][  0]LogConfig: Setting CVar [[r.DOF.Scatter.BackgroundCompositing:2    ; additive background scattering]]
[2021.01.21-23.30.14:993][  0]LogConfig: Setting CVar [[r.DOF.Scatter.EnableBokehSettings:1      ; bokeh simulation when scattering]]
[2021.01.21-23.30.14:993][  0]LogConfig: Setting CVar [[r.DOF.Scatter.MaxSpriteRatio:0.1         ; only a maximum of 10% of scattered bokeh]]
[2021.01.21-23.30.14:993][  0]LogConfig: Setting CVar [[r.DOF.Recombine.Quality:1                ; cheap slight out of focus]]
[2021.01.21-23.30.14:993][  0]LogConfig: Setting CVar [[r.DOF.Recombine.EnableBokehSettings:0    ; no bokeh simulation on slight out of focus]]
[2021.01.21-23.30.14:994][  0]LogConfig: Setting CVar [[r.DOF.TemporalAAQuality:1                ; more stable temporal accumulation]]
[2021.01.21-23.30.14:994][  0]LogConfig: Setting CVar [[r.DOF.Kernel.MaxForegroundRadius:0.025]]
[2021.01.21-23.30.14:994][  0]LogConfig: Setting CVar [[r.DOF.Kernel.MaxBackgroundRadius:0.025]]
[2021.01.21-23.30.14:994][  0]LogConfig: Applying CVar settings from Section [TextureQuality@3] File [F:/UNREAL ENGINE PROJECTS/StealthGame_ProjectBase_4.25/Stealth_Game_UE/StealthGame/Saved/Config/Windows/Scalability.ini]
[2021.01.21-23.30.14:994][  0]LogConfig: Setting CVar [[r.Streaming.MipBias:0]]
[2021.01.21-23.30.14:994][  0]LogConfig: Setting CVar [[r.Streaming.AmortizeCPUToGPUCopy:0]]
[2021.01.21-23.30.14:994][  0]LogConfig: Setting CVar [[r.Streaming.MaxNumTexturesToStreamPerFrame:0]]
[2021.01.21-23.30.14:994][  0]LogConfig: Setting CVar [[r.Streaming.Boost:1]]
[2021.01.21-23.30.14:994][  0]LogConfig: Setting CVar [[r.MaxAnisotropy:8]]
[2021.01.21-23.30.14:994][  0]LogConfig: Setting CVar [[r.VT.MaxAnisotropy:8]]
[2021.01.21-23.30.14:994][  0]LogConfig: Setting CVar [[r.Streaming.LimitPoolSizeToVRAM:0]]
[2021.01.21-23.30.14:994][  0]LogConfig: Setting CVar [[r.Streaming.PoolSize:1000]]
[2021.01.21-23.30.14:994][  0]LogConfig: Setting CVar [[r.Streaming.MaxEffectiveScreenSize:0]]
[2021.01.21-23.30.14:994][  0]LogConfig: Applying CVar settings from Section [EffectsQuality@3] File [F:/UNREAL ENGINE PROJECTS/StealthGame_ProjectBase_4.25/Stealth_Game_UE/StealthGame/Saved/Config/Windows/Scalability.ini]
[2021.01.21-23.30.14:994][  0]LogConfig: Setting CVar [[r.TranslucencyLightingVolumeDim:64]]
[2021.01.21-23.30.14:994][  0]LogConfig: Setting CVar [[r.RefractionQuality:2]]
[2021.01.21-23.30.14:994][  0]LogConfig: Setting CVar [[r.SSR.Quality:3]]
[2021.01.21-23.30.14:994][  0]LogConfig: Setting CVar [[r.SSR.HalfResSceneColor:0]]
[2021.01.21-23.30.14:994][  0]LogConfig: Setting CVar [[r.SceneColorFormat:4]]
[2021.01.21-23.30.14:994][  0]LogConfig: Setting CVar [[r.DetailMode:2]]
[2021.01.21-23.30.14:994][  0]LogConfig: Setting CVar [[r.TranslucencyVolumeBlur:1]]
[2021.01.21-23.30.14:995][  0]LogConfig: Setting CVar [[r.MaterialQualityLevel:1 ; High quality]]
[2021.01.21-23.30.14:995][  0]LogConfig: Setting CVar [[r.SSS.Scale:1]]
[2021.01.21-23.30.14:995][  0]LogConfig: Setting CVar [[r.SSS.SampleSet:2]]
[2021.01.21-23.30.14:995][  0]LogConfig: Setting CVar [[r.SSS.Quality:1]]
[2021.01.21-23.30.14:995][  0]LogConfig: Setting CVar [[r.SSS.HalfRes:0]]
[2021.01.21-23.30.14:995][  0]LogConfig: Setting CVar [[r.SSGI.Quality:3]]
[2021.01.21-23.30.14:995][  0]LogConfig: Setting CVar [[r.EmitterSpawnRateScale:1.0]]
[2021.01.21-23.30.14:995][  0]LogConfig: Setting CVar [[r.ParticleLightQuality:2]]
[2021.01.21-23.30.14:995][  0]LogConfig: Setting CVar [[r.SkyAtmosphere.AerialPerspectiveLUT.FastApplyOnOpaque:1 ; Always have FastSkyLUT 1 in this case to avoid wrong sky]]
[2021.01.21-23.30.14:995][  0]LogConfig: Setting CVar [[r.SkyAtmosphere.AerialPerspectiveLUT.SampleCountPerSlice:1]]
[2021.01.21-23.30.14:995][  0]LogConfig: Setting CVar [[r.SkyAtmosphere.AerialPerspectiveLUT.DepthResolution:16.0]]
[2021.01.21-23.30.14:995][  0]LogConfig: Setting CVar [[r.SkyAtmosphere.FastSkyLUT:1]]
[2021.01.21-23.30.14:995][  0]LogConfig: Setting CVar [[r.SkyAtmosphere.FastSkyLUT.SampleCountMin:4.0]]
[2021.01.21-23.30.14:995][  0]LogConfig: Setting CVar [[r.SkyAtmosphere.FastSkyLUT.SampleCountMax:32.0]]
[2021.01.21-23.30.14:995][  0]LogConfig: Setting CVar [[r.SkyAtmosphere.SampleCountMin:4.0]]
[2021.01.21-23.30.14:995][  0]LogConfig: Setting CVar [[r.SkyAtmosphere.SampleCountMax:32.0]]
[2021.01.21-23.30.14:995][  0]LogConfig: Setting CVar [[r.SkyAtmosphere.TransmittanceLUT.UseSmallFormat:0]]
[2021.01.21-23.30.14:995][  0]LogConfig: Setting CVar [[r.SkyAtmosphere.TransmittanceLUT.SampleCount:10.0]]
[2021.01.21-23.30.14:995][  0]LogConfig: Setting CVar [[r.SkyAtmosphere.MultiScatteringLUT.SampleCount:15.0]]
[2021.01.21-23.30.14:995][  0]LogConfig: Applying CVar settings from Section [FoliageQuality@3] File [F:/UNREAL ENGINE PROJECTS/StealthGame_ProjectBase_4.25/Stealth_Game_UE/StealthGame/Saved/Config/Windows/Scalability.ini]
[2021.01.21-23.30.14:995][  0]LogConfig: Setting CVar [[foliage.DensityScale:1.0]]
[2021.01.21-23.30.14:996][  0]LogConfig: Setting CVar [[grass.DensityScale:1.0]]
[2021.01.21-23.30.14:996][  0]LogConfig: Applying CVar settings from Section [ShadingQuality@3] File [F:/UNREAL ENGINE PROJECTS/StealthGame_ProjectBase_4.25/Stealth_Game_UE/StealthGame/Saved/Config/Windows/Scalability.ini]
[2021.01.21-23.30.14:996][  0]LogConfig: Setting CVar [[r.HairStrands.SkyLighting.SampleCount:16]]
[2021.01.21-23.30.14:996][  0]LogConfig: Setting CVar [[r.HairStrands.SkyLighting.JitterIntegration:0]]
[2021.01.21-23.30.14:996][  0]LogConfig: Setting CVar [[r.HairStrands.SkyAO.SampleCount:16]]
[2021.01.21-23.30.14:996][  0]LogConfig: Setting CVar [[r.HairStrands.DeepShadow.SuperSampling:0]]
[2021.01.21-23.30.14:996][  0]LogConfig: Setting CVar [[r.HairStrands.VisibilityPPLL:0]]
[2021.01.21-23.30.14:996][  0]LogConfig: Setting CVar [[r.HairStrands.RasterizationScale:0.5]]
[2021.01.21-23.30.14:996][  0]LogConfig: Setting CVar [[r.HairStrands.VelocityRasterizationScale:1]]
[2021.01.21-23.30.14:996][  0]LogInit: Selected Device Profile: [Windows]
[2021.01.21-23.30.14:996][  0]LogInit: Applying CVar settings loaded from the selected device profile: [Windows]
[2021.01.21-23.30.14:996][  0]LogHAL: Display: Platform has ~ 32 GB [34282610688 / 34359738368 / 32], which maps to Largest [LargestMinGB=32, LargerMinGB=12, DefaultMinGB=8, SmallerMinGB=6, SmallestMinGB=0)
[2021.01.21-23.30.14:996][  0]LogInit: Going up to parent DeviceProfile []
[2021.01.21-23.30.14:996][  0]LogConfig: Applying CVar settings from Section [ViewDistanceQuality@3] File [F:/UNREAL ENGINE PROJECTS/StealthGame_ProjectBase_4.25/Stealth_Game_UE/StealthGame/Saved/Config/Windows/Scalability.ini]
[2021.01.21-23.30.14:996][  0]LogConfig: Setting CVar [[r.SkeletalMeshLODBias:0]]
[2021.01.21-23.30.14:996][  0]LogConfig: Setting CVar [[r.ViewDistanceScale:1.0]]
[2021.01.21-23.30.14:996][  0]LogConfig: Applying CVar settings from Section [AntiAliasingQuality@3] File [F:/UNREAL ENGINE PROJECTS/StealthGame_ProjectBase_4.25/Stealth_Game_UE/StealthGame/Saved/Config/Windows/Scalability.ini]
[2021.01.21-23.30.14:996][  0]LogConfig: Setting CVar [[r.PostProcessAAQuality:4]]
[2021.01.21-23.30.14:996][  0]LogConfig: Applying CVar settings from Section [ShadowQuality@3] File [F:/UNREAL ENGINE PROJECTS/StealthGame_ProjectBase_4.25/Stealth_Game_UE/StealthGame/Saved/Config/Windows/Scalability.ini]
[2021.01.21-23.30.14:997][  0]LogConfig: Setting CVar [[r.LightFunctionQuality:1]]
[2021.01.21-23.30.14:997][  0]LogConfig: Setting CVar [[r.ShadowQuality:5]]
[2021.01.21-23.30.14:997][  0]LogConfig: Setting CVar [[r.Shadow.CSM.MaxCascades:10]]
[2021.01.21-23.30.14:997][  0]LogConfig: Setting CVar [[r.Shadow.MaxResolution:2048]]
[2021.01.21-23.30.14:997][  0]LogConfig: Setting CVar [[r.Shadow.MaxCSMResolution:2048]]
[2021.01.21-23.30.14:997][  0]LogConfig: Setting CVar [[r.Shadow.RadiusThreshold:0.01]]
[2021.01.21-23.30.14:997][  0]LogConfig: Setting CVar [[r.Shadow.DistanceScale:1.0]]
[2021.01.21-23.30.14:997][  0]LogConfig: Setting CVar [[r.Shadow.CSM.TransitionScale:1.0]]
[2021.01.21-23.30.14:997][  0]LogConfig: Setting CVar [[r.Shadow.PreShadowResolutionFactor:1.0]]
[2021.01.21-23.30.14:997][  0]LogConfig: Setting CVar [[r.DistanceFieldShadowing:1]]
[2021.01.21-23.30.14:997][  0]LogConfig: Setting CVar [[r.DistanceFieldAO:1]]
[2021.01.21-23.30.14:997][  0]LogConfig: Setting CVar [[r.AOQuality:2]]
[2021.01.21-23.30.14:997][  0]LogConfig: Setting CVar [[r.VolumetricFog:1]]
[2021.01.21-23.30.14:997][  0]LogConfig: Setting CVar [[r.VolumetricFog.GridPixelSize:8]]
[2021.01.21-23.30.14:997][  0]LogConfig: Setting CVar [[r.VolumetricFog.GridSizeZ:128]]
[2021.01.21-23.30.14:997][  0]LogConfig: Setting CVar [[r.VolumetricFog.HistoryMissSupersampleCount:4]]
[2021.01.21-23.30.14:997][  0]LogConfig: Setting CVar [[r.LightMaxDrawDistanceScale:1]]
[2021.01.21-23.30.14:997][  0]LogConfig: Setting CVar [[r.CapsuleShadows:1]]
[2021.01.21-23.30.14:997][  0]LogConfig: Applying CVar settings from Section [PostProcessQuality@3] File [F:/UNREAL ENGINE PROJECTS/StealthGame_ProjectBase_4.25/Stealth_Game_UE/StealthGame/Saved/Config/Windows/Scalability.ini]
[2021.01.21-23.30.14:997][  0]LogConfig: Setting CVar [[r.MotionBlurQuality:4]]
[2021.01.21-23.30.14:997][  0]LogConfig: Setting CVar [[r.AmbientOcclusionMipLevelFactor:0.4]]
[2021.01.21-23.30.14:997][  0]LogConfig: Setting CVar [[r.AmbientOcclusionMaxQuality:100]]
[2021.01.21-23.30.14:997][  0]LogConfig: Setting CVar [[r.AmbientOcclusionLevels:-1]]
[2021.01.21-23.30.14:998][  0]LogConfig: Setting CVar [[r.AmbientOcclusionRadiusScale:1.0]]
[2021.01.21-23.30.14:998][  0]LogConfig: Setting CVar [[r.DepthOfFieldQuality:2]]
[2021.01.21-23.30.14:998][  0]LogConfig: Setting CVar [[r.RenderTargetPoolMin:400]]
[2021.01.21-23.30.14:998][  0]LogConfig: Setting CVar [[r.LensFlareQuality:2]]
[2021.01.21-23.30.14:998][  0]LogConfig: Setting CVar [[r.SceneColorFringeQuality:1]]
[2021.01.21-23.30.14:998][  0]LogConfig: Setting CVar [[r.EyeAdaptationQuality:2]]
[2021.01.21-23.30.14:998][  0]LogConfig: Setting CVar [[r.BloomQuality:5]]
[2021.01.21-23.30.14:998][  0]LogConfig: Setting CVar [[r.FastBlurThreshold:100]]
[2021.01.21-23.30.14:998][  0]LogConfig: Setting CVar [[r.Upscale.Quality:3]]
[2021.01.21-23.30.14:998][  0]LogConfig: Setting CVar [[r.Tonemapper.GrainQuantization:1]]
[2021.01.21-23.30.14:998][  0]LogConfig: Setting CVar [[r.LightShaftQuality:1]]
[2021.01.21-23.30.14:998][  0]LogConfig: Setting CVar [[r.Filter.SizeScale:1]]
[2021.01.21-23.30.14:998][  0]LogConfig: Setting CVar [[r.Tonemapper.Quality:5]]
[2021.01.21-23.30.14:998][  0]LogConfig: Setting CVar [[r.DOF.Gather.AccumulatorQuality:1        ; higher gathering accumulator quality]]
[2021.01.21-23.30.14:998][  0]LogConfig: Setting CVar [[r.DOF.Gather.PostfilterMethod:1          ; Median3x3 postfilering method]]
[2021.01.21-23.30.14:998][  0]LogConfig: Setting CVar [[r.DOF.Gather.EnableBokehSettings:0       ; no bokeh simulation when gathering]]
[2021.01.21-23.30.14:998][  0]LogConfig: Setting CVar [[r.DOF.Gather.RingCount:4                 ; medium number of samples when gathering]]
[2021.01.21-23.30.14:998][  0]LogConfig: Setting CVar [[r.DOF.Scatter.ForegroundCompositing:1    ; additive foreground scattering]]
[2021.01.21-23.30.14:998][  0]LogConfig: Setting CVar [[r.DOF.Scatter.BackgroundCompositing:2    ; additive background scattering]]
[2021.01.21-23.30.14:998][  0]LogConfig: Setting CVar [[r.DOF.Scatter.EnableBokehSettings:1      ; bokeh simulation when scattering]]
[2021.01.21-23.30.14:998][  0]LogConfig: Setting CVar [[r.DOF.Scatter.MaxSpriteRatio:0.1         ; only a maximum of 10% of scattered bokeh]]
[2021.01.21-23.30.14:998][  0]LogConfig: Setting CVar [[r.DOF.Recombine.Quality:1                ; cheap slight out of focus]]
[2021.01.21-23.30.14:998][  0]LogConfig: Setting CVar [[r.DOF.Recombine.EnableBokehSettings:0    ; no bokeh simulation on slight out of focus]]
[2021.01.21-23.30.14:999][  0]LogConfig: Setting CVar [[r.DOF.TemporalAAQuality:1                ; more stable temporal accumulation]]
[2021.01.21-23.30.14:999][  0]LogConfig: Setting CVar [[r.DOF.Kernel.MaxForegroundRadius:0.025]]
[2021.01.21-23.30.14:999][  0]LogConfig: Setting CVar [[r.DOF.Kernel.MaxBackgroundRadius:0.025]]
[2021.01.21-23.30.14:999][  0]LogConfig: Applying CVar settings from Section [TextureQuality@3] File [F:/UNREAL ENGINE PROJECTS/StealthGame_ProjectBase_4.25/Stealth_Game_UE/StealthGame/Saved/Config/Windows/Scalability.ini]
[2021.01.21-23.30.14:999][  0]LogConfig: Setting CVar [[r.Streaming.MipBias:0]]
[2021.01.21-23.30.14:999][  0]LogConfig: Setting CVar [[r.Streaming.AmortizeCPUToGPUCopy:0]]
[2021.01.21-23.30.14:999][  0]LogConfig: Setting CVar [[r.Streaming.MaxNumTexturesToStreamPerFrame:0]]
[2021.01.21-23.30.14:999][  0]LogConfig: Setting CVar [[r.Streaming.Boost:1]]
[2021.01.21-23.30.14:999][  0]LogConfig: Setting CVar [[r.MaxAnisotropy:8]]
[2021.01.21-23.30.14:999][  0]LogConfig: Setting CVar [[r.VT.MaxAnisotropy:8]]
[2021.01.21-23.30.14:999][  0]LogConfig: Setting CVar [[r.Streaming.LimitPoolSizeToVRAM:0]]
[2021.01.21-23.30.14:999][  0]LogConfig: Setting CVar [[r.Streaming.PoolSize:1000]]
[2021.01.21-23.30.14:999][  0]LogConfig: Setting CVar [[r.Streaming.MaxEffectiveScreenSize:0]]
[2021.01.21-23.30.14:999][  0]LogConfig: Applying CVar settings from Section [EffectsQuality@3] File [F:/UNREAL ENGINE PROJECTS/StealthGame_ProjectBase_4.25/Stealth_Game_UE/StealthGame/Saved/Config/Windows/Scalability.ini]
[2021.01.21-23.30.14:999][  0]LogConfig: Setting CVar [[r.TranslucencyLightingVolumeDim:64]]
[2021.01.21-23.30.14:999][  0]LogConfig: Setting CVar [[r.RefractionQuality:2]]
[2021.01.21-23.30.14:999][  0]LogConfig: Setting CVar [[r.SSR.Quality:3]]
[2021.01.21-23.30.14:999][  0]LogConfig: Setting CVar [[r.SSR.HalfResSceneColor:0]]
[2021.01.21-23.30.14:999][  0]LogConfig: Setting CVar [[r.SceneColorFormat:4]]
[2021.01.21-23.30.14:999][  0]LogConfig: Setting CVar [[r.DetailMode:2]]
[2021.01.21-23.30.14:999][  0]LogConfig: Setting CVar [[r.TranslucencyVolumeBlur:1]]
[2021.01.21-23.30.14:999][  0]LogConfig: Setting CVar [[r.MaterialQualityLevel:1 ; High quality]]
[2021.01.21-23.30.15:000][  0]LogConfig: Setting CVar [[r.SSS.Scale:1]]
[2021.01.21-23.30.15:000][  0]LogConfig: Setting CVar [[r.SSS.SampleSet:2]]
[2021.01.21-23.30.15:000][  0]LogConfig: Setting CVar [[r.SSS.Quality:1]]
[2021.01.21-23.30.15:000][  0]LogConfig: Setting CVar [[r.SSS.HalfRes:0]]
[2021.01.21-23.30.15:000][  0]LogConfig: Setting CVar [[r.SSGI.Quality:3]]
[2021.01.21-23.30.15:000][  0]LogConfig: Setting CVar [[r.EmitterSpawnRateScale:1.0]]
[2021.01.21-23.30.15:000][  0]LogConfig: Setting CVar [[r.ParticleLightQuality:2]]
[2021.01.21-23.30.15:000][  0]LogConfig: Setting CVar [[r.SkyAtmosphere.AerialPerspectiveLUT.FastApplyOnOpaque:1 ; Always have FastSkyLUT 1 in this case to avoid wrong sky]]
[2021.01.21-23.30.15:000][  0]LogConfig: Setting CVar [[r.SkyAtmosphere.AerialPerspectiveLUT.SampleCountPerSlice:1]]
[2021.01.21-23.30.15:000][  0]LogConfig: Setting CVar [[r.SkyAtmosphere.AerialPerspectiveLUT.DepthResolution:16.0]]
[2021.01.21-23.30.15:000][  0]LogConfig: Setting CVar [[r.SkyAtmosphere.FastSkyLUT:1]]
[2021.01.21-23.30.15:000][  0]LogConfig: Setting CVar [[r.SkyAtmosphere.FastSkyLUT.SampleCountMin:4.0]]
[2021.01.21-23.30.15:000][  0]LogConfig: Setting CVar [[r.SkyAtmosphere.FastSkyLUT.SampleCountMax:32.0]]
[2021.01.21-23.30.15:000][  0]LogConfig: Setting CVar [[r.SkyAtmosphere.SampleCountMin:4.0]]
[2021.01.21-23.30.15:000][  0]LogConfig: Setting CVar [[r.SkyAtmosphere.SampleCountMax:32.0]]
[2021.01.21-23.30.15:000][  0]LogConfig: Setting CVar [[r.SkyAtmosphere.TransmittanceLUT.UseSmallFormat:0]]
[2021.01.21-23.30.15:000][  0]LogConfig: Setting CVar [[r.SkyAtmosphere.TransmittanceLUT.SampleCount:10.0]]
[2021.01.21-23.30.15:000][  0]LogConfig: Setting CVar [[r.SkyAtmosphere.MultiScatteringLUT.SampleCount:15.0]]
[2021.01.21-23.30.15:000][  0]LogConfig: Applying CVar settings from Section [FoliageQuality@3] File [F:/UNREAL ENGINE PROJECTS/StealthGame_ProjectBase_4.25/Stealth_Game_UE/StealthGame/Saved/Config/Windows/Scalability.ini]
[2021.01.21-23.30.15:000][  0]LogConfig: Setting CVar [[foliage.DensityScale:1.0]]
[2021.01.21-23.30.15:000][  0]LogConfig: Setting CVar [[grass.DensityScale:1.0]]
[2021.01.21-23.30.15:001][  0]LogConfig: Applying CVar settings from Section [ShadingQuality@3] File [F:/UNREAL ENGINE PROJECTS/StealthGame_ProjectBase_4.25/Stealth_Game_UE/StealthGame/Saved/Config/Windows/Scalability.ini]
[2021.01.21-23.30.15:001][  0]LogConfig: Setting CVar [[r.HairStrands.SkyLighting.SampleCount:16]]
[2021.01.21-23.30.15:001][  0]LogConfig: Setting CVar [[r.HairStrands.SkyLighting.JitterIntegration:0]]
[2021.01.21-23.30.15:001][  0]LogConfig: Setting CVar [[r.HairStrands.SkyAO.SampleCount:16]]
[2021.01.21-23.30.15:001][  0]LogConfig: Setting CVar [[r.HairStrands.DeepShadow.SuperSampling:0]]
[2021.01.21-23.30.15:001][  0]LogConfig: Setting CVar [[r.HairStrands.VisibilityPPLL:0]]
[2021.01.21-23.30.15:001][  0]LogConfig: Setting CVar [[r.HairStrands.RasterizationScale:0.5]]
[2021.01.21-23.30.15:001][  0]LogConfig: Setting CVar [[r.HairStrands.VelocityRasterizationScale:1]]
[2021.01.21-23.30.15:001][  0]LogConfig: Applying CVar settings from Section [Startup] File [../../../Engine/Config/ConsoleVariables.ini]
[2021.01.21-23.30.15:001][  0]LogConfig: Setting CVar [[net.UseAdaptiveNetUpdateFrequency:0]]
[2021.01.21-23.30.15:001][  0]LogConfig: Setting CVar [[p.chaos.AllowCreatePhysxBodies:1]]
[2021.01.21-23.30.15:001][  0]LogConfig: Setting CVar [[fx.SkipVectorVMBackendOptimizations:1]]
[2021.01.21-23.30.15:001][  0]LogConfig: Applying CVar settings from Section [ConsoleVariables] File [F:/UNREAL ENGINE PROJECTS/StealthGame_ProjectBase_4.25/Stealth_Game_UE/StealthGame/Saved/Config/Windows/Engine.ini]
[2021.01.21-23.30.15:002][  0]LogInit: Computer: DESKTOP-F95APMH
[2021.01.21-23.30.15:002][  0]LogInit: User: Vanilla
[2021.01.21-23.30.15:002][  0]LogInit: CPU Page size=4096, Cores=8
[2021.01.21-23.30.15:002][  0]LogInit: High frequency timer resolution =10.000000 MHz
[2021.01.21-23.30.15:002][  0]LogMemory: Memory total: Physical=31.9GB (32GB approx)
[2021.01.21-23.30.15:002][  0]LogMemory: Platform Memory Stats for Windows
[2021.01.21-23.30.15:002][  0]LogMemory: Process Physical Memory: 117.89 MB used, 117.90 MB peak
[2021.01.21-23.30.15:002][  0]LogMemory: Process Virtual Memory: 106.17 MB used, 106.17 MB peak
[2021.01.21-23.30.15:002][  0]LogMemory: Physical Memory: 14629.23 MB used,  18065.21 MB free, 32694.45 MB total
[2021.01.21-23.30.15:002][  0]LogMemory: Virtual Memory: 5194.88 MB used,  134212536.00 MB free, 134217728.00 MB total
[2021.01.21-23.30.15:011][  0]LogWindows: WindowsPlatformFeatures enabled
[2021.01.21-23.30.15:204][  0]LogInit: Physics initialised using underlying interface: PhysX
[2021.01.21-23.30.15:205][  0]LogInit: Using OS detected language (en-US).
[2021.01.21-23.30.15:205][  0]LogInit: Using OS detected locale (en-CA).
[2021.01.21-23.30.15:208][  0]LogTextLocalizationManager: No specific localization for 'en-US' exists, so the 'en' localization will be used.
[2021.01.21-23.30.15:380][  0]LogInit: Setting process to per monitor DPI aware
[2021.01.21-23.30.15:433][  0]LogSlate: New Slate User Created.  User Index 0, Is Virtual User: 0
[2021.01.21-23.30.15:433][  0]LogSlate: Slate User Registered.  User Index 0, Is Virtual User: 0
[2021.01.21-23.30.15:656][  0]LogHMD: Failed to initialize OpenVR with code 110
[2021.01.21-23.30.15:656][  0]LogD3D11RHI: D3D11 min allowed feature level: 11_0
[2021.01.21-23.30.15:656][  0]LogD3D11RHI: D3D11 max allowed feature level: 11_0
[2021.01.21-23.30.15:656][  0]LogD3D11RHI: D3D11 adapters:
[2021.01.21-23.30.15:788][  0]LogD3D11RHI:    0. 'NVIDIA GeForce RTX 2070' (Feature Level 11_0)
[2021.01.21-23.30.15:788][  0]LogD3D11RHI:       8031/0/16347 MB DedicatedVideo/DedicatedSystem/SharedSystem, Outputs:2, VendorId:0x10de
[2021.01.21-23.30.15:794][  0]LogD3D11RHI:    1. 'Microsoft Basic Render Driver' (Feature Level 11_0)
[2021.01.21-23.30.15:794][  0]LogD3D11RHI:       0/0/16347 MB DedicatedVideo/DedicatedSystem/SharedSystem, Outputs:0, VendorId:0x1414
[2021.01.21-23.30.15:794][  0]LogD3D11RHI: Chosen D3D11 Adapter: 0
[2021.01.21-23.30.15:803][  0]LogD3D11RHI: Creating new Direct3DDevice
[2021.01.21-23.30.15:803][  0]LogD3D11RHI:     GPU DeviceId: 0x1f02 (for the marketing name, search the web for "GPU Device Id")
[2021.01.21-23.30.15:803][  0]LogWindows: EnumDisplayDevices:
[2021.01.21-23.30.15:803][  0]LogWindows:    0. 'NVIDIA GeForce RTX 2070' (P:1 D:1)
[2021.01.21-23.30.15:803][  0]LogWindows:    1. 'NVIDIA GeForce RTX 2070' (P:0 D:1)
[2021.01.21-23.30.15:804][  0]LogWindows:    2. 'NVIDIA GeForce RTX 2070' (P:0 D:0)
[2021.01.21-23.30.15:804][  0]LogWindows:    3. 'NVIDIA GeForce RTX 2070' (P:0 D:0)
[2021.01.21-23.30.15:804][  0]LogWindows: DebugString: FoundDriverCount:4 
[2021.01.21-23.30.15:804][  0]LogD3D11RHI:     Adapter Name: NVIDIA GeForce RTX 2070
[2021.01.21-23.30.15:804][  0]LogD3D11RHI:   Driver Version: 461.09 (internal:27.21.14.6109, unified:461.09)
[2021.01.21-23.30.15:804][  0]LogD3D11RHI:      Driver Date: 12-31-2020
[2021.01.21-23.30.15:804][  0]LogRHI: Texture pool is 5621 MB (70% of 8031 MB)
[2021.01.21-23.30.15:899][  0]LogD3D11RHI: RHI has support for 64 bit atomics
[2021.01.21-23.30.15:900][  0]LogD3D11RHI: Async texture creation enabled
[2021.01.21-23.30.15:900][  0]LogD3D11RHI: Array index from any shader is supported
[2021.01.21-23.30.15:917][  0]LogD3D11RHI: GPU Timing Frequency: 1000.000000 (Debug: 2 1)
[2021.01.21-23.30.16:173][  0]LogTargetPlatformManager: Display: Loaded TargetPlatform 'AllDesktop'
[2021.01.21-23.30.16:198][  0]LogTargetPlatformManager: Display: Loaded TargetPlatform 'Android'
[2021.01.21-23.30.16:198][  0]LogTargetPlatformManager: Display: Loaded TargetPlatform 'Android_ASTC'
[2021.01.21-23.30.16:198][  0]LogTargetPlatformManager: Display: Loaded TargetPlatform 'Android_DXT'
[2021.01.21-23.30.16:198][  0]LogTargetPlatformManager: Display: Loaded TargetPlatform 'Android_ETC2'
[2021.01.21-23.30.16:198][  0]LogTargetPlatformManager: Display: Loaded TargetPlatform 'AndroidClient'
[2021.01.21-23.30.16:198][  0]LogTargetPlatformManager: Display: Loaded TargetPlatform 'Android_ASTCClient'
[2021.01.21-23.30.16:199][  0]LogTargetPlatformManager: Display: Loaded TargetPlatform 'Android_DXTClient'
[2021.01.21-23.30.16:199][  0]LogTargetPlatformManager: Display: Loaded TargetPlatform 'Android_ETC2Client'
[2021.01.21-23.30.16:199][  0]LogTargetPlatformManager: Display: Loaded TargetPlatform 'Android_Multi'
[2021.01.21-23.30.16:199][  0]LogTargetPlatformManager: Display: Loaded TargetPlatform 'Android_MultiClient'
[2021.01.21-23.30.16:230][  0]LogTargetPlatformManager: Display: Loaded TargetPlatform 'IOSClient'
[2021.01.21-23.30.16:230][  0]LogTargetPlatformManager: Display: Loaded TargetPlatform 'IOS'
[2021.01.21-23.30.16:242][  0]LogTargetPlatformManager: Display: Loaded TargetPlatform 'Linux'
[2021.01.21-23.30.16:254][  0]LogTargetPlatformManager: Display: Loaded TargetPlatform 'LinuxNoEditor'
[2021.01.21-23.30.16:265][  0]LogTargetPlatformManager: Display: Loaded TargetPlatform 'LinuxClient'
[2021.01.21-23.30.16:277][  0]LogTargetPlatformManager: Display: Loaded TargetPlatform 'LinuxServer'
[2021.01.21-23.30.16:289][  0]LogTargetPlatformManager: Display: Loaded TargetPlatform 'LinuxAArch64NoEditor'
[2021.01.21-23.30.16:300][  0]LogTargetPlatformManager: Display: Loaded TargetPlatform 'LinuxAArch64Client'
[2021.01.21-23.30.16:311][  0]LogTargetPlatformManager: Display: Loaded TargetPlatform 'LinuxAArch64Server'
[2021.01.21-23.30.16:341][  0]LogTargetPlatformManager: Display: Loaded TargetPlatform 'Lumin'
[2021.01.21-23.30.16:341][  0]LogTargetPlatformManager: Display: Loaded TargetPlatform 'LuminClient'
[2021.01.21-23.30.16:360][  0]LogTargetPlatformManager: Display: Loaded TargetPlatform 'TVOSClient'
[2021.01.21-23.30.16:360][  0]LogTargetPlatformManager: Display: Loaded TargetPlatform 'TVOS'
[2021.01.21-23.30.16:371][  0]LogTargetPlatformManager: Display: Loaded TargetPlatform 'WindowsNoEditor'
[2021.01.21-23.30.16:383][  0]LogTargetPlatformManager: Display: Loaded TargetPlatform 'Windows'
[2021.01.21-23.30.16:394][  0]LogTargetPlatformManager: Display: Loaded TargetPlatform 'WindowsClient'
[2021.01.21-23.30.16:406][  0]LogTargetPlatformManager: Display: Loaded TargetPlatform 'WindowsServer'
[2021.01.21-23.30.16:406][  0]LogTargetPlatformManager: Display: Building Assets For Windows
[2021.01.21-23.30.16:421][  0]LogAudioDebug: Display: Lib vorbis DLL was dynamically loaded.
[2021.01.21-23.30.16:518][  0]LogShaderCompilers: Guid format shader working directory is -47 characters bigger than the processId version (../../../../../UNREAL ENGINE PROJECTS/StealthGame_ProjectBase_4.25/Stealth_Game_UE/StealthGame/Intermediate/Shaders/WorkingDirectory/21280/).
[2021.01.21-23.30.16:519][  0]LogShaderCompilers: Cleaned the shader compiler working directory 'C:/Users/Vanilla/AppData/Local/Temp/UnrealShaderWorkingDir/6F31B01F43F785579DDB908B72D6FD42/'.
[2021.01.21-23.30.16:519][  0]LogXGEController: Cleaning working directory: C:/Users/Vanilla/AppData/Local/Temp/UnrealXGEWorkingDir/
[2021.01.21-23.30.16:520][  0]LogXGEController: Cannot use XGE Controller as Incredibuild is not installed on this machine.
[2021.01.21-23.30.16:520][  0]LogShaderCompilers: Cannot use XGE Shader Compiler as Incredibuild is not installed on this machine.
[2021.01.21-23.30.16:520][  0]LogShaderCompilers: Display: Using Local Shader Compiler.
[2021.01.21-23.30.17:280][  0]LogDerivedDataCache: Display: Max Cache Size: 512 MB
[2021.01.21-23.30.17:324][  0]LogDerivedDataCache: Loaded boot cache 0.04s 77MB C:/Users/Vanilla/AppData/Local/UnrealEngine/4.25/DerivedDataCache/Boot.ddc.
[2021.01.21-23.30.17:324][  0]LogDerivedDataCache: Display: Loaded Boot cache: C:/Users/Vanilla/AppData/Local/UnrealEngine/4.25/DerivedDataCache/Boot.ddc
[2021.01.21-23.30.17:325][  0]LogDerivedDataCache: FDerivedDataBackendGraph:  Pak pak cache file ../../../../../UNREAL ENGINE PROJECTS/StealthGame_ProjectBase_4.25/Stealth_Game_UE/StealthGame/DerivedDataCache/DDC.ddp not found, will not use a pak cache.
[2021.01.21-23.30.17:325][  0]LogDerivedDataCache: Unable to find inner node Pak for hierarchical cache Hierarchy.
[2021.01.21-23.30.17:325][  0]LogDerivedDataCache: FDerivedDataBackendGraph:  CompressedPak pak cache file ../../../../../UNREAL ENGINE PROJECTS/StealthGame_ProjectBase_4.25/Stealth_Game_UE/StealthGame/DerivedDataCache/Compressed.ddp not found, will not use a pak cache.
[2021.01.21-23.30.17:325][  0]LogDerivedDataCache: Unable to find inner node CompressedPak for hierarchical cache Hierarchy.
[2021.01.21-23.30.17:335][  0]LogDerivedDataCache: Display: Pak cache opened for reading ../../../Engine/DerivedDataCache/Compressed.ddp.
[2021.01.21-23.30.17:335][  0]LogDerivedDataCache: FDerivedDataBackendGraph:  EnterprisePak pak cache file ../../../Enterprise/DerivedDataCache/Compressed.ddp not found, will not use a pak cache.
[2021.01.21-23.30.17:335][  0]LogDerivedDataCache: Unable to find inner node EnterprisePak for hierarchical cache Hierarchy.
[2021.01.21-23.30.17:338][  0]LogDerivedDataCache: Using Local data cache path C:/Users/Vanilla/AppData/Local/UnrealEngine/Common/DerivedDataCache: Writable
[2021.01.21-23.30.17:338][  0]LogDerivedDataCache: Shared data cache path not found in *engine.ini, will not use an Shared cache.
[2021.01.21-23.30.17:338][  0]LogDerivedDataCache: Unable to find inner node Shared for hierarchical cache Hierarchy.
[2021.01.21-23.30.17:388][  0]LogSlate: Using FreeType 2.10.0
[2021.01.21-23.30.17:388][  0]LogSlate: SlateFontServices - WITH_FREETYPE: 1, WITH_HARFBUZZ: 1
[2021.01.21-23.30.17:418][  0]LogAssetRegistry: FAssetRegistry took 0.0052 seconds to start up
[2021.01.21-23.30.17:650][  0]LogInit: Selected Device Profile: [Windows]
[2021.01.21-23.30.17:779][  0]LogMeshReduction: Using QuadricMeshReduction for automatic static mesh reduction
[2021.01.21-23.30.17:779][  0]LogMeshReduction: Using SimplygonMeshReduction for automatic skeletal mesh reduction
[2021.01.21-23.30.17:779][  0]LogMeshReduction: Using ProxyLODMeshReduction for automatic mesh merging
[2021.01.21-23.30.17:779][  0]LogMeshReduction: No distributed automatic mesh merging module available
[2021.01.21-23.30.17:779][  0]LogMeshMerging: No distributed automatic mesh merging module available
[2021.01.21-23.30.17:799][  0]LogNetVersion: FPSGame 1.0.0, NetCL: 13144385, EngineNetVer: 14, GameNetVer: 0 (Checksum: 1304077534)
[2021.01.21-23.30.18:191][  0]LogAISub: UAISubsystem::UAISubsystem AISubsystem (0000027BB63E02C0), frame # 0
[2021.01.21-23.30.18:191][  0]LogAISub: UAISubsystem::UAISubsystem AIPerceptionSystem (0000027BB6334A40), frame # 0
[2021.01.21-23.30.18:192][  0]LogAISub: UAISubsystem::UAISubsystem EnvQueryManager (0000027BB6355E00), frame # 0
[2021.01.21-23.30.18:252][  0]LogPackageLocalizationCache: Processed 19 localized package path(s) for 1 prioritized culture(s) in 0.054071 seconds
[2021.01.21-23.30.18:258][  0]LogUObjectArray: 15917 objects as part of root set at end of initial load.
[2021.01.21-23.30.18:258][  0]LogUObjectAllocator: 3965568 out of 0 bytes used by permanent object pool.
[2021.01.21-23.30.18:258][  0]LogUObjectArray: CloseDisregardForGC: 0/0 objects in disregard for GC pool
[2021.01.21-23.30.18:760][  0]LogTcpMessaging: Initializing TcpMessaging bridge
[2021.01.21-23.30.18:767][  0]LogUdpMessaging: Initializing bridge on interface 0.0.0.0:0 to multicast group 230.0.0.1:6666.
[2021.01.21-23.30.19:020][  0]SourceControl: Source control is disabled
[2021.01.21-23.30.19:020][  0]SourceControl: Source control is disabled
[2021.01.21-23.30.19:025][  0]SourceControl: Source control is disabled
[2021.01.21-23.30.19:030][  0]SourceControl: Source control is disabled
[2021.01.21-23.30.19:042][  0]SourceControl: Source control is disabled
[2021.01.21-23.30.19:416][  0]LogAndroidPermission: UAndroidPermissionCallbackProxy::GetInstance
[2021.01.21-23.30.19:450][  0]LogAudioCaptureCore: Display: No Audio Capture implementations found. Audio input will be silent.
[2021.01.21-23.30.19:450][  0]LogAudioCaptureCore: Display: No Audio Capture implementations found. Audio input will be silent.
[2021.01.21-23.30.19:519][  0]LogOcInput: OculusInput pre-init called
[2021.01.21-23.30.19:534][  0]LogWindows: Failed to load 'OVRPlugin.dll' (GetLastError=126)
[2021.01.21-23.30.19:534][  0]LogWindows: File 'OVRPlugin.dll' does not exist
[2021.01.21-23.30.19:610][  0]LogEngine: Initializing Engine...
[2021.01.21-23.30.19:611][  0]LogHMD: Failed to initialize OpenVR with code 110
[2021.01.21-23.30.19:611][  0]LogMagicLeap: Warning: VR disabled because ZI is not enabled.  To enable, in the editor, Edit -> Project Settings -> Plugins -> Magic Leap Plugin -> Enable Zero Iteration
[2021.01.21-23.30.19:612][  0]LogStats: UGameplayTagsManager::InitializeManager -  0.000 s
[2021.01.21-23.30.19:720][  0]LogInit: Initializing FReadOnlyCVARCache
[2021.01.21-23.30.19:730][  0]LogAIModule: Creating AISystem for world Untitled
[2021.01.21-23.30.19:730][  0]LogAISub: UAISubsystem::UAISubsystem EnvQueryManager (0000027BBBAB6000), frame # 0
[2021.01.21-23.30.19:731][  0]LogAISub: UAISubsystem::UAISubsystem AIPerceptionSystem (0000027BBBAD2700), frame # 0
[2021.01.21-23.30.19:745][  0]LogAudioMixer: Display: Audio Mixer Platform Settings:
[2021.01.21-23.30.19:745][  0]LogAudioMixer: Display: 	Sample Rate:						  48000
[2021.01.21-23.30.19:745][  0]LogAudioMixer: Display: 	Callback Buffer Frame Size Requested: 1024
[2021.01.21-23.30.19:745][  0]LogAudioMixer: Display: 	Callback Buffer Frame Size To Use:	  1024
[2021.01.21-23.30.19:745][  0]LogAudioMixer: Display: 	Number of buffers to queue:			  2
[2021.01.21-23.30.19:745][  0]LogAudioMixer: Display: 	Max Channels (voices):				  32
[2021.01.21-23.30.19:745][  0]LogAudioMixer: Display: 	Number of Async Source Workers:		  0
[2021.01.21-23.30.19:745][  0]LogAudio: Display: AudioDevice MaxSources: 32
[2021.01.21-23.30.19:746][  0]LogAudio: Display: Using built-in audio occlusion.
[2021.01.21-23.30.19:746][  0]LogAudioMixer: Display: Initializing audio mixer.
[2021.01.21-23.30.19:769][  0]LogAudioMixer: Display: 0: FrontLeft
[2021.01.21-23.30.19:769][  0]LogAudioMixer: Display: 1: FrontRight
[2021.01.21-23.30.19:769][  0]LogAudioMixer: Display: 2: FrontCenter
[2021.01.21-23.30.19:769][  0]LogAudioMixer: Display: 3: LowFrequency
[2021.01.21-23.30.19:769][  0]LogAudioMixer: Display: 4: BackLeft
[2021.01.21-23.30.19:769][  0]LogAudioMixer: Display: 5: BackRight
[2021.01.21-23.30.19:769][  0]LogAudioMixer: Display: 6: SideLeft
[2021.01.21-23.30.19:769][  0]LogAudioMixer: Display: 7: SideRight
[2021.01.21-23.30.19:966][  0]LogAudioMixer: Display: Using Audio Device Headset Earphone (CORSAIR VOID ELITE USB Gaming Headset)
[2021.01.21-23.30.19:969][  0]LogAudioMixer: Display: Initializing Sound Submixes...
[2021.01.21-23.30.19:971][  0]LogAudioMixer: Display: Creating Master Submix 'MasterSubmixDefault'
[2021.01.21-23.30.19:971][  0]LogAudioMixer: Display: Creating Master Submix 'MasterReverbSubmixDefault'
[2021.01.21-23.30.19:972][  0]LogAudioMixer: Display: Creating Master Submix 'MasterEQSubmixDefault'
[2021.01.21-23.30.19:974][  0]LogInit: FAudioDevice initialized.
[2021.01.21-23.30.19:975][  0]LogNetVersion: Set ProjectVersion to 1.0.0.0. Version Checksum will be recalculated on next use.
[2021.01.21-23.30.20:062][  0]LogDerivedDataCache: Saved boot cache 0.09s 77MB C:/Users/Vanilla/AppData/Local/UnrealEngine/4.25/DerivedDataCache/Boot.ddc.
[2021.01.21-23.30.20:067][  0]LogInit: Texture streaming: Enabled
[2021.01.21-23.30.20:092][  0]LogEngineSessionManager: EngineSessionManager initialized
[2021.01.21-23.30.20:092][  0]LogEditorSessionSummary: Verbose: Initializing EditorSessionSummaryWriter for editor session tracking
[2021.01.21-23.30.20:093][  0]LogEditorSessionSummary: EditorSessionSummaryWriter initialized
[2021.01.21-23.30.20:155][  0]LogInit: Transaction tracking system initialized
[2021.01.21-23.30.20:189][  0]BlueprintLog: New page: Editor Load
[2021.01.21-23.30.20:298][  0]LocalizationService: Localization service is disabled
[2021.01.21-23.30.20:484][  0]LogCook: Display: Max memory allowance for cook 16384mb min free memory 0mb
[2021.01.21-23.30.20:484][  0]LogCook: Display: Mobile HDR setting 1
[2021.01.21-23.30.20:676][  0]LogFileCache: Scanning file cache for directory 'F:/UNREAL ENGINE PROJECTS/StealthGame_ProjectBase_4.25/Stealth_Game_UE/StealthGame/Content/' took 0.01s
[2021.01.21-23.30.20:853][  0]SourceControl: Source control is disabled
[2021.01.21-23.30.20:853][  0]LogUnrealEdMisc: Loading editor; pre map load, took 8.243
[2021.01.21-23.30.20:853][  0]Cmd: MAP LOAD FILE="../../../../../UNREAL ENGINE PROJECTS/StealthGame_ProjectBase_4.25/Stealth_Game_UE/StealthGame/Content/Maps/FirstPersonExampleMap.umap" TEMPLATE=0 SHOWPROGRESS=1 FEATURELEVEL=3
[2021.01.21-23.30.20:854][  0]LightingResults: New page: Lighting Build
[2021.01.21-23.30.20:854][  0]LogWorld: UWorld::CleanupWorld for Untitled, bSessionEnded=true, bCleanupResources=true
[2021.01.21-23.30.20:854][  0]LogSlate: InvalidateAllWidgets triggered.  All widgets were invalidated
[2021.01.21-23.30.20:855][  0]MapCheck: New page: Map Check
[2021.01.21-23.30.20:855][  0]LightingResults: New page: Lighting Build
[2021.01.21-23.30.20:892][  0]LogAISub: UAISubsystem::~UAISubsystem EnvQueryManager (0000027BBBAB6000), frame # 0
[2021.01.21-23.30.20:892][  0]LogAISub: UAISubsystem::~UAISubsystem AIPerceptionSystem (0000027BBBAD2700), frame # 0
[2021.01.21-23.30.20:893][  0]LogUObjectHash: Compacting FUObjectHashTables data took   0.83ms
[2021.01.21-23.30.21:011][  0]LogAIModule: Creating AISystem for world FirstPersonExampleMap
[2021.01.21-23.30.21:012][  0]LogAISub: UAISubsystem::UAISubsystem EnvQueryManager (0000027BBC71BE00), frame # 0
[2021.01.21-23.30.21:012][  0]LogAISub: UAISubsystem::UAISubsystem AIPerceptionSystem (0000027BA88CCE00), frame # 0
[2021.01.21-23.30.21:020][  0]LogEditorServer: Finished looking for orphan Actors (0.000 secs)
[2021.01.21-23.30.21:048][  0]LogUObjectHash: Compacting FUObjectHashTables data took   0.97ms
[2021.01.21-23.30.21:049][  0]Cmd: MAP CHECKDEP NOCLEARLOG
[2021.01.21-23.30.21:049][  0]MapCheck: Map check complete: 0 Error(s), 0 Warning(s), took 0.153ms to complete.
[2021.01.21-23.30.21:049][  0]LogFileHelpers: Loading map 'FirstPersonExampleMap' took 0.196
[2021.01.21-23.30.21:053][  0]LogUnrealEdMisc: Total Editor Startup Time, took 8.443
[2021.01.21-23.30.21:204][  0]LogSlate: Updating window title bar state: overlay mode, drag disabled, window buttons hidden, title bar hidden
[2021.01.21-23.30.21:211][  0]LogSlate: Updating window title bar state: overlay mode, drag disabled, window buttons hidden, title bar hidden
[2021.01.21-23.30.21:218][  0]LogSlate: Updating window title bar state: overlay mode, drag disabled, window buttons hidden, title bar hidden
[2021.01.21-23.30.21:225][  0]LogSlate: Updating window title bar state: overlay mode, drag disabled, window buttons hidden, title bar hidden
[2021.01.21-23.30.21:233][  0]LogCollectionManager: Loaded 0 collections in 0.001019 seconds
[2021.01.21-23.30.21:255][  0]LogFileCache: Scanning file cache for directory 'F:/UNREAL ENGINE PROJECTS/StealthGame_ProjectBase_4.25/Stealth_Game_UE/StealthGame/Saved/Collections/' took 0.00s
[2021.01.21-23.30.21:255][  0]LogFileCache: Scanning file cache for directory 'F:/UNREAL ENGINE PROJECTS/StealthGame_ProjectBase_4.25/Stealth_Game_UE/StealthGame/Content/Developers/Vanilla/Collections/' took 0.00s
[2021.01.21-23.30.21:255][  0]LogFileCache: Scanning file cache for directory 'F:/UNREAL ENGINE PROJECTS/StealthGame_ProjectBase_4.25/Stealth_Game_UE/StealthGame/Content/Collections/' took 0.00s
[2021.01.21-23.30.21:255][  0]LogContentBrowser: Native class hierarchy populated in 0.0107 seconds. Added 3435 classes and 824 folders.
[2021.01.21-23.30.21:259][  0]LogContentBrowser: Native class hierarchy updated for 'WidgetCarousel' in 0.0004 seconds. Added 0 classes and 0 folders.
[2021.01.21-23.30.21:349][  0]LogContentBrowser: Native class hierarchy updated for 'AddContentDialog' in 0.0004 seconds. Added 0 classes and 0 folders.
[2021.01.21-23.30.21:353][  0]LogContentBrowser: Native class hierarchy updated for 'SceneOutliner' in 0.0005 seconds. Added 2 classes and 0 folders.
[2021.01.21-23.30.21:447][  0]LogSlate: Took 0.000254 seconds to synchronously load lazily loaded font '../../../Engine/Content/Slate/Fonts/Roboto-Regular.ttf' (155K)
[2021.01.21-23.30.21:448][  0]LogSlate: Took 0.000209 seconds to synchronously load lazily loaded font '../../../Engine/Content/Slate/Fonts/Roboto-Bold.ttf' (160K)
[2021.01.21-23.30.21:454][  0]LogSlate: Took 0.000255 seconds to synchronously load lazily loaded font '../../../Engine/Content/Editor/Slate/Fonts/FontAwesome.ttf' (139K)
[2021.01.21-23.30.21:511][  0]LogRenderer: Reallocating scene render targets to support 1212x512 Format 10 NumSamples 1 (Frame:1).
[2021.01.21-23.30.21:561][  0]LogSlate: Took 0.000222 seconds to synchronously load lazily loaded font '../../../Engine/Content/Slate/Fonts/Roboto-Light.ttf' (167K)
[2021.01.21-23.30.22:958][  0]LogContentBrowser: Native class hierarchy updated for 'HierarchicalLODOutliner' in 0.0005 seconds. Added 0 classes and 0 folders.
[2021.01.21-23.30.22:958][  0]LogLoad: (Engine Initialization) Total time: 10.35 seconds
[2021.01.21-23.30.22:959][  0]LogLoad: (Engine Initialization) Total Blueprint compile time: 0.00 seconds
[2021.01.21-23.30.22:993][  0]LogAssetRegistry: Asset discovery search completed in 5.5779 seconds
[2021.01.21-23.30.22:996][  0]LogCollectionManager: Fixed up redirectors for 0 collections in 0.000002 seconds (updated 0 objects)
[2021.01.21-23.30.22:997][  0]LogContentStreaming: Texture pool size now 1000 MB
[2021.01.21-23.30.27:785][400]LogSlate: Took 0.000215 seconds to synchronously load lazily loaded font '../../../Engine/Content/Slate/Fonts/Roboto-Light.ttf' (167K)
[2021.01.21-23.30.27:824][400]LogAssetEditorSubsystem: Opening Asset editor for Blueprint /Game/Blueprints/BP_Player.BP_Player
[2021.01.21-23.30.28:316][400]LogContentBrowser: Native class hierarchy updated for 'BlueprintGraph' in 0.0008 seconds. Added 125 classes and 0 folders.
[2021.01.21-23.30.29:296][400]LogSlate: Took 0.008273 seconds to synchronously load lazily loaded font '../../../Engine/Content/Slate/Fonts/Roboto-BoldCondensed.ttf' (158K)
[2021.01.21-23.30.33:742][770]LogSlate: Took 0.000242 seconds to synchronously load lazily loaded font '../../../Engine/Content/Slate/Fonts/Roboto-Italic.ttf' (157K)
[2021.01.21-23.31.14:241][719]BlueprintLog: New page: Compile BP_Player
[2021.01.21-23.31.14:285][719]LogUObjectHash: Compacting FUObjectHashTables data took   2.01ms
[2021.01.21-23.31.14:368][719]LogSavePackage: Moving '../../../../../UNREAL ENGINE PROJECTS/StealthGame_ProjectBase_4.25/Stealth_Game_UE/StealthGame/Saved/BP_PlayerF0F987DC46E1BA4FA239F08701454C2C.tmp' to '../../../../../UNREAL ENGINE PROJECTS/StealthGame_ProjectBase_4.25/Stealth_Game_UE/StealthGame/Content/Blueprints/BP_Player.uasset'
[2021.01.21-23.31.14:383][719]AssetCheck: New page: Asset Save: BP_Player
[2021.01.21-23.31.14:384][719]LogContentValidation: Display: Validating Blueprint /Game/Blueprints/BP_Player.BP_Player
[2021.01.21-23.31.14:414][719]LogSlate: Took 0.008348 seconds to synchronously load lazily loaded font '../../../Engine/Content/Slate/Fonts/DroidSansMono.ttf' (77K)
[2021.01.21-23.31.14:797][761]LogSavePackage: Moving '../../../../../UNREAL ENGINE PROJECTS/StealthGame_ProjectBase_4.25/Stealth_Game_UE/StealthGame/Saved/BP_Player75CB9919465702321FD891B36EA1BDBC.tmp' to '../../../../../UNREAL ENGINE PROJECTS/StealthGame_ProjectBase_4.25/Stealth_Game_UE/StealthGame/Content/Blueprints/BP_Player.uasset'
[2021.01.21-23.31.14:808][761]AssetCheck: New page: Asset Save: BP_Player
[2021.01.21-23.31.14:808][761]LogContentValidation: Display: Validating Blueprint /Game/Blueprints/BP_Player.BP_Player
[2021.01.21-23.31.18:852][228]LogTemp: Repeating last play command: New Editor Window (PIE)
[2021.01.21-23.31.18:874][228]LogPlayLevel: PlayLevel: No blueprints needed recompiling
[2021.01.21-23.31.18:875][228]PIE: New page: PIE session: FirstPersonExampleMap (Jan. 21, 2021, 1:31:18 p.m.)
[2021.01.21-23.31.18:876][228]LogOnline: OSS: Creating online subsystem instance for: NULL
[2021.01.21-23.31.18:878][228]LogOnline: OSS: TryLoadSubsystemAndSetDefault: Loaded subsystem for module [NULL]
[2021.01.21-23.31.18:878][228]LogPlayLevel: Creating play world package: /Game/Maps/UEDPIE_0_FirstPersonExampleMap
[2021.01.21-23.31.18:896][228]LogPlayLevel: PIE: StaticDuplicateObject took: (0.017401s)
[2021.01.21-23.31.18:897][228]LogAIModule: Creating AISystem for world FirstPersonExampleMap
[2021.01.21-23.31.18:897][228]LogAISub: UAISubsystem::UAISubsystem EnvQueryManager (0000027BCE5C7E00), frame # 5228
[2021.01.21-23.31.18:897][228]LogAISub: UAISubsystem::UAISubsystem AIPerceptionSystem (0000027BCEC82340), frame # 5228
[2021.01.21-23.31.18:898][228]LogPlayLevel: PIE: World Init took: (0.001667s)
[2021.01.21-23.31.18:898][228]LogPlayLevel: PIE: Created PIE world by copying editor world from /Game/Maps/FirstPersonExampleMap.FirstPersonExampleMap to /Game/Maps/UEDPIE_0_FirstPersonExampleMap.FirstPersonExampleMap (0.019543s)
[2021.01.21-23.31.18:918][228]LogUObjectHash: Compacting FUObjectHashTables data took   1.87ms
[2021.01.21-23.31.18:919][228]LogAudioMixer: Display: Audio Mixer Platform Settings:
[2021.01.21-23.31.18:919][228]LogAudioMixer: Display: 	Sample Rate:						  48000
[2021.01.21-23.31.18:919][228]LogAudioMixer: Display: 	Callback Buffer Frame Size Requested: 1024
[2021.01.21-23.31.18:919][228]LogAudioMixer: Display: 	Callback Buffer Frame Size To Use:	  1024
[2021.01.21-23.31.18:919][228]LogAudioMixer: Display: 	Number of buffers to queue:			  2
[2021.01.21-23.31.18:919][228]LogAudioMixer: Display: 	Max Channels (voices):				  32
[2021.01.21-23.31.18:919][228]LogAudioMixer: Display: 	Number of Async Source Workers:		  0
[2021.01.21-23.31.18:920][228]LogAudio: Display: AudioDevice MaxSources: 32
[2021.01.21-23.31.18:920][228]LogAudio: Display: Using built-in audio occlusion.
[2021.01.21-23.31.18:920][228]LogAudioMixer: Display: Initializing audio mixer.
[2021.01.21-23.31.18:926][228]LogAudioMixer: Display: 0: FrontLeft
[2021.01.21-23.31.18:926][228]LogAudioMixer: Display: 1: FrontRight
[2021.01.21-23.31.18:926][228]LogAudioMixer: Display: 2: FrontCenter
[2021.01.21-23.31.18:926][228]LogAudioMixer: Display: 3: LowFrequency
[2021.01.21-23.31.18:926][228]LogAudioMixer: Display: 4: BackLeft
[2021.01.21-23.31.18:926][228]LogAudioMixer: Display: 5: BackRight
[2021.01.21-23.31.18:926][228]LogAudioMixer: Display: 6: SideLeft
[2021.01.21-23.31.18:926][228]LogAudioMixer: Display: 7: SideRight
[2021.01.21-23.31.19:111][228]LogAudioMixer: Display: Using Audio Device Headset Earphone (CORSAIR VOID ELITE USB Gaming Headset)
[2021.01.21-23.31.19:112][228]LogAudioMixer: Display: Initializing Sound Submixes...
[2021.01.21-23.31.19:112][228]LogAudioMixer: Display: Creating Master Submix 'MasterSubmixDefault'
[2021.01.21-23.31.19:112][228]LogAudioMixer: Display: Creating Master Submix 'MasterReverbSubmixDefault'
[2021.01.21-23.31.19:112][228]LogAudioMixer: Display: Creating Master Submix 'MasterEQSubmixDefault'
[2021.01.21-23.31.19:124][228]LogInit: FAudioDevice initialized.
[2021.01.21-23.31.19:166][228]LogSlate: Updating window title bar state: overlay mode, drag disabled, window buttons hidden, title bar hidden
[2021.01.21-23.31.19:167][228]LogLoad: Game class is 'BP_GameMode_C'
[2021.01.21-23.31.19:170][228]LogWorld: Bringing World /Game/Maps/UEDPIE_0_FirstPersonExampleMap.FirstPersonExampleMap up for play (max tick rate 0) at 2021.01.21-18.31.19
[2021.01.21-23.31.19:171][228]LogWorld: Bringing up level for play took: 0.002768
[2021.01.21-23.31.19:171][228]LogOnline: OSS: Creating online subsystem instance for: :Context_7
[2021.01.21-23.31.19:186][228]LogContentBrowser: Native class hierarchy updated for 'MovieSceneCapture' in 0.0005 seconds. Added 20 classes and 0 folders.
[2021.01.21-23.31.19:190][228]PIE: Server logged in
[2021.01.21-23.31.19:191][228]PIE: Play in editor total start time 0.32 seconds.
[2021.01.21-23.31.19:258][229]LogRenderer: Reallocating scene render targets to support 1280x720 Format 10 NumSamples 1 (Frame:1).
[2021.01.21-23.32.29:176][513]LogSlate: Updating window title bar state: overlay mode, drag disabled, window buttons hidden, title bar hidden
[2021.01.21-23.32.29:176][513]LogWorld: BeginTearingDown for /Game/Maps/UEDPIE_0_FirstPersonExampleMap
[2021.01.21-23.32.29:177][513]LogSlate: Window 'FPSGame Preview [NetMode: Standalone] (64-bit/Windows) ' being destroyed
[2021.01.21-23.32.29:181][513]LogWorld: UWorld::CleanupWorld for FirstPersonExampleMap, bSessionEnded=true, bCleanupResources=true
[2021.01.21-23.32.29:181][513]LogSlate: InvalidateAllWidgets triggered.  All widgets were invalidated
[2021.01.21-23.32.29:197][513]LogPlayLevel: Display: Shutting down PIE online subsystems
[2021.01.21-23.32.29:200][513]LogSlate: InvalidateAllWidgets triggered.  All widgets were invalidated
[2021.01.21-23.32.29:250][513]LogAISub: UAISubsystem::~UAISubsystem AIPerceptionSystem (0000027BCEC82340), frame # 13513
[2021.01.21-23.32.29:250][513]LogAISub: UAISubsystem::~UAISubsystem EnvQueryManager (0000027BCE5C7E00), frame # 13513
[2021.01.21-23.32.29:256][513]LogUObjectHash: Compacting FUObjectHashTables data took   3.66ms
[2021.01.21-23.32.29:288][514]LogPlayLevel: Display: Destroying online subsystem :Context_7
[2021.01.21-23.32.47:613][592]BlueprintLog: New page: Compile BP_Player
[2021.01.21-23.32.47:654][592]LogUObjectHash: Compacting FUObjectHashTables data took   2.47ms
[2021.01.21-23.32.47:714][592]LogSavePackage: Moving '../../../../../UNREAL ENGINE PROJECTS/StealthGame_ProjectBase_4.25/Stealth_Game_UE/StealthGame/Saved/BP_Player554629F041EA853531E8B9A817335E7B.tmp' to '../../../../../UNREAL ENGINE PROJECTS/StealthGame_ProjectBase_4.25/Stealth_Game_UE/StealthGame/Content/Blueprints/BP_Player.uasset'
[2021.01.21-23.32.47:727][592]AssetCheck: New page: Asset Save: BP_Player
[2021.01.21-23.32.47:727][592]LogContentValidation: Display: Validating Blueprint /Game/Blueprints/BP_Player.BP_Player
[2021.01.21-23.32.48:165][639]LogSavePackage: Moving '../../../../../UNREAL ENGINE PROJECTS/StealthGame_ProjectBase_4.25/Stealth_Game_UE/StealthGame/Saved/BP_Player22A15E1A4CF594B1A2F94C8824E0AE4C.tmp' to '../../../../../UNREAL ENGINE PROJECTS/StealthGame_ProjectBase_4.25/Stealth_Game_UE/StealthGame/Content/Blueprints/BP_Player.uasset'
[2021.01.21-23.32.48:178][639]AssetCheck: New page: Asset Save: BP_Player
[2021.01.21-23.32.48:178][639]LogContentValidation: Display: Validating Blueprint /Game/Blueprints/BP_Player.BP_Player
[2021.01.21-23.32.49:029][734]LogUObjectHash: Compacting FUObjectHashTables data took   2.78ms
[2021.01.21-23.32.49:079][734]LogSavePackage: Moving '../../../../../UNREAL ENGINE PROJECTS/StealthGame_ProjectBase_4.25/Stealth_Game_UE/StealthGame/Saved/FirstPersonExampleMap6C12A6414CFB7CCF0008C2B9E039279B.tmp' to '../../../../../UNREAL ENGINE PROJECTS/StealthGame_ProjectBase_4.25/Stealth_Game_UE/StealthGame/Content/Maps/FirstPersonExampleMap.umap'
[2021.01.21-23.32.49:223][734]LogSavePackage: Moving '../../../../../UNREAL ENGINE PROJECTS/StealthGame_ProjectBase_4.25/Stealth_Game_UE/StealthGame/Saved/FirstPersonExampleMap_BuiltDataAF6A623B4F943F951BEEC3853E6D1E5E.tmp' to '../../../../../UNREAL ENGINE PROJECTS/StealthGame_ProjectBase_4.25/Stealth_Game_UE/StealthGame/Content/Maps/FirstPersonExampleMap_BuiltData.uasset'
[2021.01.21-23.32.49:238][734]AssetCheck: New page: Asset Save: multiple assets
[2021.01.21-23.32.49:238][734]LogContentValidation: Display: Validating World /Game/Maps/FirstPersonExampleMap.FirstPersonExampleMap
[2021.01.21-23.32.49:238][734]LogContentValidation: Display: Validating MapBuildDataRegistry /Game/Maps/FirstPersonExampleMap_BuiltData.FirstPersonExampleMap_BuiltData
[2021.01.21-23.32.56:525][315]LogUObjectHash: Compacting FUObjectHashTables data took   1.92ms
[2021.01.21-23.32.56:566][315]LogSavePackage: Moving '../../../../../UNREAL ENGINE PROJECTS/StealthGame_ProjectBase_4.25/Stealth_Game_UE/StealthGame/Saved/FirstPersonExampleMap29082AE3452A3C25463DBB956F9821E2.tmp' to '../../../../../UNREAL ENGINE PROJECTS/StealthGame_ProjectBase_4.25/Stealth_Game_UE/StealthGame/Content/Maps/FirstPersonExampleMap.umap'
[2021.01.21-23.32.56:644][315]LogSavePackage: Moving '../../../../../UNREAL ENGINE PROJECTS/StealthGame_ProjectBase_4.25/Stealth_Game_UE/StealthGame/Saved/FirstPersonExampleMap_BuiltDataC1CD91314A316DE8C733939ED05F540A.tmp' to '../../../../../UNREAL ENGINE PROJECTS/StealthGame_ProjectBase_4.25/Stealth_Game_UE/StealthGame/Content/Maps/FirstPersonExampleMap_BuiltData.uasset'
[2021.01.21-23.32.56:660][315]AssetCheck: New page: Asset Save: multiple assets
[2021.01.21-23.32.56:660][315]LogContentValidation: Display: Validating World /Game/Maps/FirstPersonExampleMap.FirstPersonExampleMap
[2021.01.21-23.32.56:660][315]LogContentValidation: Display: Validating MapBuildDataRegistry /Game/Maps/FirstPersonExampleMap_BuiltData.FirstPersonExampleMap_BuiltData
[2021.01.21-23.32.58:309][507]LogUObjectHash: Compacting FUObjectHashTables data took   0.57ms
[2021.01.21-23.32.58:338][507]LogWorld: UWorld::CleanupWorld for World_4, bSessionEnded=true, bCleanupResources=true
[2021.01.21-23.32.58:338][507]LogSlate: InvalidateAllWidgets triggered.  All widgets were invalidated
[2021.01.21-23.32.58:447][507]LogSlate: Window 'FPSGame - Unreal Editor' being destroyed
[2021.01.21-23.32.58:447][507]LogWindowsTextInputMethodSystem: Display: IME system now deactivated.
[2021.01.21-23.32.58:583][508]Cmd: QUIT_EDITOR
[2021.01.21-23.32.58:583][508]LogCore: Engine exit requested (reason: UUnrealEdEngine::CloseEditor())
[2021.01.21-23.32.58:592][508]LogCore: Engine exit requested (reason: EngineExit() was called; note: exit was already requested)
[2021.01.21-23.32.58:716][508]LogExit: Preparing to exit.
[2021.01.21-23.32.59:483][508]LogWorld: UWorld::CleanupWorld for World_0, bSessionEnded=true, bCleanupResources=true
[2021.01.21-23.32.59:486][508]LogWorld: UWorld::CleanupWorld for World_1, bSessionEnded=true, bCleanupResources=true
[2021.01.21-23.32.59:489][508]LogWorld: UWorld::CleanupWorld for World_2, bSessionEnded=true, bCleanupResources=true
[2021.01.21-23.32.59:492][508]LogWorld: UWorld::CleanupWorld for World_3, bSessionEnded=true, bCleanupResources=true
[2021.01.21-23.32.59:495][508]LogWorld: UWorld::CleanupWorld for World_5, bSessionEnded=true, bCleanupResources=true
[2021.01.21-23.32.59:539][508]LogDemo: Cleaned up 0 splitscreen connections with owner deletion
[2021.01.21-23.32.59:541][508]LogWorld: UWorld::CleanupWorld for None, bSessionEnded=true, bCleanupResources=true
[2021.01.21-23.32.59:541][508]LogExit: Editor shut down
[2021.01.21-23.32.59:541][508]LogExit: Transaction tracking system shut down
[2021.01.21-23.32.59:744][508]LogAISub: UAISubsystem::~UAISubsystem EnvQueryManager (0000027BBC71BE00), frame # 16508
[2021.01.21-23.32.59:744][508]LogAISub: UAISubsystem::~UAISubsystem AIPerceptionSystem (0000027BA88CCE00), frame # 16508
[2021.01.21-23.32.59:748][508]LogAISub: UAISubsystem::~UAISubsystem AISubsystem (0000027BB63E02C0), frame # 16508
[2021.01.21-23.32.59:748][508]LogAISub: UAISubsystem::~UAISubsystem AIPerceptionSystem (0000027BB6334A40), frame # 16508
[2021.01.21-23.32.59:748][508]LogAISub: UAISubsystem::~UAISubsystem EnvQueryManager (0000027BB6355E00), frame # 16508
[2021.01.21-23.32.59:829][508]LogExit: Object subsystem successfully closed.
[2021.01.21-23.32.59:878][508]LogShaderCompilers: Display: Shaders left to compile 0
[2021.01.21-23.32.59:890][508]LogModuleManager: Shutting down and abandoning module MovieSceneCapture (798)
[2021.01.21-23.32.59:890][508]LogModuleManager: Shutting down and abandoning module Voice (796)
[2021.01.21-23.32.59:890][508]LogModuleManager: Shutting down and abandoning module BlueprintGraph (794)
[2021.01.21-23.32.59:891][508]LogModuleManager: Shutting down and abandoning module HierarchicalLODOutliner (792)
[2021.01.21-23.32.59:891][508]LogModuleManager: Shutting down and abandoning module SceneOutliner (790)
[2021.01.21-23.32.59:891][508]LogModuleManager: Shutting down and abandoning module AddContentDialog (788)
[2021.01.21-23.32.59:891][508]LogModuleManager: Shutting down and abandoning module WidgetCarousel (787)
[2021.01.21-23.32.59:891][508]LogModuleManager: Shutting down and abandoning module EditorWidgets (784)
[2021.01.21-23.32.59:891][508]LogModuleManager: Shutting down and abandoning module CollectionManager (782)
[2021.01.21-23.32.59:891][508]LogModuleManager: Shutting down and abandoning module StatsViewer (780)
[2021.01.21-23.32.59:891][508]LogModuleManager: Shutting down and abandoning module VirtualTexturingEditor (778)
[2021.01.21-23.32.59:891][508]LogModuleManager: Shutting down and abandoning module FoliageEdit (776)
[2021.01.21-23.32.59:892][508]LogModuleManager: Shutting down and abandoning module LandscapeEditor (774)
[2021.01.21-23.32.59:892][508]LogModuleManager: Shutting down and abandoning module MeshPaintMode (772)
[2021.01.21-23.32.59:892][508]LogModuleManager: Shutting down and abandoning module SceneDepthPickerMode (770)
[2021.01.21-23.32.59:892][508]LogModuleManager: Shutting down and abandoning module ActorPickerMode (768)
[2021.01.21-23.32.59:892][508]LogModuleManager: Shutting down and abandoning module PIEPreviewDeviceProfileSelector (766)
[2021.01.21-23.32.59:892][508]LogModuleManager: Shutting down and abandoning module SequenceRecorderSections (764)
[2021.01.21-23.32.59:892][508]LogModuleManager: Shutting down and abandoning module AutomationWorker (762)
[2021.01.21-23.32.59:892][508]LogModuleManager: Shutting down and abandoning module SteamVREditor (760)
[2021.01.21-23.32.59:892][508]LogModuleManager: Shutting down and abandoning module OculusMR (758)
[2021.01.21-23.32.59:892][508]LogModuleManager: Shutting down and abandoning module GooglePADEditor (756)
[2021.01.21-23.32.59:892][508]LogModuleManager: Shutting down and abandoning module AudioCaptureEditor (754)
[2021.01.21-23.32.59:892][508]LogModuleManager: Shutting down and abandoning module TemplateSequenceEditor (752)
[2021.01.21-23.32.59:892][508]LogModuleManager: Shutting down and abandoning module MatineeToLevelSequence (750)
[2021.01.21-23.32.59:892][508]LogModuleManager: Shutting down and abandoning module LevelSequenceEditor (748)
[2021.01.21-23.32.59:892][508]LogModuleManager: Shutting down and abandoning module ActorSequenceEditor (746)
[2021.01.21-23.32.59:893][508]LogModuleManager: Shutting down and abandoning module WmfMediaFactory (744)
[2021.01.21-23.32.59:893][508]LogModuleManager: Shutting down and abandoning module WmfMediaEditor (742)
[2021.01.21-23.32.59:893][508]LogModuleManager: Shutting down and abandoning module WebMMediaFactory (740)
[2021.01.21-23.32.59:893][508]LogModuleManager: Shutting down and abandoning module WebMMediaEditor (738)
[2021.01.21-23.32.59:893][508]LogModuleManager: Shutting down and abandoning module WebMMedia (736)
[2021.01.21-23.32.59:893][508]LogModuleManager: Shutting down and abandoning module MediaPlayerEditor (734)
[2021.01.21-23.32.59:893][508]LogModuleManager: Shutting down and abandoning module MediaCompositingEditor (732)
[2021.01.21-23.32.59:893][508]LogModuleManager: Shutting down and abandoning module SequenceRecorder (731)
[2021.01.21-23.32.59:893][508]LogModuleManager: Shutting down and abandoning module OpenExrWrapper (728)
[2021.01.21-23.32.59:893][508]LogModuleManager: Shutting down and abandoning module ImgMediaFactory (726)
[2021.01.21-23.32.59:893][508]LogModuleManager: Shutting down and abandoning module ImgMediaEditor (724)
[2021.01.21-23.32.59:893][508]LogModuleManager: Shutting down and abandoning module AvfMediaFactory (722)
[2021.01.21-23.32.59:893][508]LogModuleManager: Shutting down and abandoning module AvfMediaEditor (720)
[2021.01.21-23.32.59:893][508]LogModuleManager: Shutting down and abandoning module AndroidMediaFactory (718)
[2021.01.21-23.32.59:893][508]LogModuleManager: Shutting down and abandoning module AndroidMediaEditor (716)
[2021.01.21-23.32.59:893][508]LogModuleManager: Shutting down and abandoning module MagicLeapMediaCodecFactory (714)
[2021.01.21-23.32.59:894][508]LogModuleManager: Shutting down and abandoning module MagicLeapMediaFactory (712)
[2021.01.21-23.32.59:894][508]LogModuleManager: Shutting down and abandoning module MagicLeapMediaEditor (710)
[2021.01.21-23.32.59:894][508]LogModuleManager: Shutting down and abandoning module PlanarCut (708)
[2021.01.21-23.32.59:894][508]LogModuleManager: Shutting down and abandoning module CharacterAI (706)
[2021.01.21-23.32.59:894][508]LogModuleManager: Shutting down and abandoning module TextureAlignMode (704)
[2021.01.21-23.32.59:894][508]LogModuleManager: Shutting down and abandoning module BspMode (702)
[2021.01.21-23.32.59:894][508]LogModuleManager: Shutting down and abandoning module PlacementMode (701)
[2021.01.21-23.32.59:894][508]LogModuleManager: Shutting down and abandoning module GeometryMode (698)
[2021.01.21-23.32.59:894][508]LogModuleManager: Shutting down and abandoning module CameraShakePreviewer (696)
[2021.01.21-23.32.59:894][508]LogModuleManager: Shutting down and abandoning module SmartSnapping (694)
[2021.01.21-23.32.59:894][508]LogModuleManager: Shutting down and abandoning module SessionServices (692)
[2021.01.21-23.32.59:894][508]LogModuleManager: Shutting down and abandoning module MeshPaint (690)
[2021.01.21-23.32.59:894][508]LogModuleManager: Shutting down and abandoning module ViewportSnapping (688)
[2021.01.21-23.32.59:894][508]LogModuleManager: Shutting down and abandoning module ViewportInteraction (686)
[2021.01.21-23.32.59:894][508]LogModuleManager: Shutting down and abandoning module ClothPainter (684)
[2021.01.21-23.32.59:895][508]LogModuleManager: Shutting down and abandoning module SkeletalMeshEditor (683)
[2021.01.21-23.32.59:895][508]LogModuleManager: Shutting down and abandoning module LogVisualizer (680)
[2021.01.21-23.32.59:895][508]LogModuleManager: Shutting down and abandoning module IntroTutorials (678)
[2021.01.21-23.32.59:895][508]LogModuleManager: Shutting down and abandoning module GameProjectGeneration (677)
[2021.01.21-23.32.59:895][508]LogModuleManager: Shutting down and abandoning module LuminPlatformEditor (674)
[2021.01.21-23.32.59:895][508]LogModuleManager: Shutting down and abandoning module IOSPlatformEditor (672)
[2021.01.21-23.32.59:895][508]LogModuleManager: Shutting down and abandoning module AndroidPlatformEditor (670)
[2021.01.21-23.32.59:895][508]LogModuleManager: Shutting down and abandoning module AndroidDeviceDetection (669)
