Log file open, 01/15/21 15:45:33
LogInit: Display: Running engine for game: FPSGame
LogPlatformFile: Not using cached read wrapper
LogTaskGraph: Started task graph with 5 named threads and 47 total threads with 3 sets of task threads.
LogStats: Stats thread started at 0.305337
LogD3D11RHI: Loaded GFSDK_Aftermath_Lib.x64.dll
LogICUInternationalization: ICU TimeZone Detection - Raw Offset: -5:00, Platform Override: ''
LogPluginManager: Mounting plugin Paper2D
LogPluginManager: Mounting plugin AISupport
LogPluginManager: Mounting plugin LightPropagationVolume
LogPluginManager: Mounting plugin CameraShakePreviewer
LogPluginManager: Mounting plugin ActorLayerUtilities
LogPluginManager: Mounting plugin AnimationSharing
LogPluginManager: Mounting plugin CLionSourceCodeAccess
LogPluginManager: Mounting plugin CodeLiteSourceCodeAccess
LogPluginManager: Mounting plugin GitSourceControl
LogPluginManager: Mounting plugin KDevelopSourceCodeAccess
LogPluginManager: Mounting plugin NullSourceCodeAccess
LogPluginManager: Mounting plugin PerforceSourceControl
LogPluginManager: Mounting plugin PlasticSourceControl
LogPluginManager: Mounting plugin RiderSourceCodeAccess
LogPluginManager: Mounting plugin SubversionSourceControl
LogPluginManager: Mounting plugin UObjectPlugin
LogPluginManager: Mounting plugin VisualStudioCodeSourceCodeAccess
LogPluginManager: Mounting plugin VisualStudioSourceCodeAccess
LogPluginManager: Mounting plugin XCodeSourceCodeAccess
LogPluginManager: Mounting plugin AssetManagerEditor
LogPluginManager: Mounting plugin CryptoKeys
LogPluginManager: Mounting plugin CurveEditorTools
LogPluginManager: Mounting plugin DataValidation
LogPluginManager: Mounting plugin EditorScriptingUtilities
LogPluginManager: Mounting plugin FacialAnimation
LogPluginManager: Mounting plugin GameplayTagsEditor
LogPluginManager: Mounting plugin GeometryMode
LogPluginManager: Mounting plugin MacGraphicsSwitching
LogPluginManager: Mounting plugin MaterialAnalyzer
LogPluginManager: Mounting plugin MobileLauncherProfileWizard
LogPluginManager: Mounting plugin PluginBrowser
LogPluginManager: Mounting plugin SpeedTreeImporter
LogPluginManager: Mounting plugin DatasmithContent
LogPluginManager: Mounting plugin VariantManagerContent
LogPluginManager: Mounting plugin AlembicImporter
LogPluginManager: Mounting plugin AutomationUtils
LogPluginManager: Mounting plugin BackChannel
LogPluginManager: Mounting plugin ChaosCloth
LogPluginManager: Mounting plugin ChaosClothEditor
LogPluginManager: Mounting plugin ChaosEditor
LogPluginManager: Mounting plugin ChaosNiagara
LogPluginManager: Mounting plugin ChaosSolverPlugin
LogPluginManager: Mounting plugin CharacterAI
LogPluginManager: Mounting plugin GeometryCache
LogPluginManager: Mounting plugin GeometryCollectionPlugin
LogPluginManager: Mounting plugin GeometryProcessing
LogPluginManager: Mounting plugin PlanarCut
LogPluginManager: Mounting plugin PlatformCrypto
LogPluginManager: Mounting plugin ProxyLODPlugin
LogPluginManager: Mounting plugin SkeletalReduction
LogPluginManager: Mounting plugin Niagara
LogPluginManager: Mounting plugin MagicLeap
LogPluginManager: Mounting plugin MagicLeapLightEstimation
LogPluginManager: Mounting plugin MagicLeapMedia
LogPluginManager: Mounting plugin MagicLeapPassableWorld
LogPluginManager: Mounting plugin MLSDK
LogPluginManager: Mounting plugin AndroidMedia
LogPluginManager: Mounting plugin AvfMedia
LogPluginManager: Mounting plugin ImgMedia
LogPluginManager: Mounting plugin MediaCompositing
LogPluginManager: Mounting plugin MediaPlayerEditor
LogPluginManager: Mounting plugin WebMMedia
LogPluginManager: Mounting plugin WmfMedia
LogPluginManager: Mounting plugin MeshPainting
LogPluginManager: Mounting plugin TcpMessaging
LogPluginManager: Mounting plugin UdpMessaging
LogPluginManager: Mounting plugin ActorSequence
LogPluginManager: Mounting plugin LevelSequenceEditor
LogPluginManager: Mounting plugin MatineeToLevelSequence
LogPluginManager: Mounting plugin MovieRenderPipeline
LogPluginManager: Mounting plugin TemplateSequence
LogPluginManager: Mounting plugin NetcodeUnitTest
LogPluginManager: Mounting plugin NUTUnrealEngine4
LogPluginManager: Mounting plugin OnlineSubsystemGooglePlay
LogPluginManager: Mounting plugin OnlineSubsystemIOS
LogPluginManager: Mounting plugin OnlineSubsystem
LogPluginManager: Mounting plugin OnlineSubsystemNull
LogPluginManager: Mounting plugin OnlineSubsystemUtils
LogPluginManager: Mounting plugin LauncherChunkInstaller
LogPluginManager: Mounting plugin AndroidDeviceProfileSelector
LogPluginManager: Mounting plugin AndroidMoviePlayer
LogPluginManager: Mounting plugin AndroidPermission
LogPluginManager: Mounting plugin AppleImageUtils
LogPluginManager: Mounting plugin AppleMoviePlayer
LogPluginManager: Mounting plugin ArchVisCharacter
LogPluginManager: Mounting plugin AssetTags
LogPluginManager: Mounting plugin AudioCapture
LogPluginManager: Mounting plugin CableComponent
LogPluginManager: Mounting plugin CustomMeshComponent
LogPluginManager: Mounting plugin EditableMesh
LogPluginManager: Mounting plugin ExampleDeviceProfileSelector
LogPluginManager: Mounting plugin GoogleCloudMessaging
LogPluginManager: Mounting plugin GooglePAD
LogPluginManager: Mounting plugin IOSDeviceProfileSelector
LogPluginManager: Mounting plugin LinuxDeviceProfileSelector
LogPluginManager: Mounting plugin LocationServicesBPLibrary
LogPluginManager: Mounting plugin MobilePatchingUtils
LogPluginManager: Mounting plugin OculusVR
LogPluginManager: Mounting plugin PhysXVehicles
LogPluginManager: Mounting plugin PostSplashScreen
LogPluginManager: Mounting plugin ProceduralMeshComponent
LogPluginManager: Mounting plugin RuntimePhysXCooking
LogPluginManager: Mounting plugin SignificanceManager
LogPluginManager: Mounting plugin SoundFields
LogPluginManager: Mounting plugin SteamVR
LogPluginManager: Mounting plugin Synthesis
LogPluginManager: Mounting plugin WebMMoviePlayer
LogPluginManager: Mounting plugin WindowsMoviePlayer
LogPluginManager: Mounting plugin ScreenshotTools
LogInit: Using libcurl 7.55.1-DEV
LogInit:  - built for x86_64-pc-win32
LogInit:  - supports SSL with OpenSSL/1.1.1
LogInit:  - supports HTTP deflate (compression) using libz 1.2.8
LogInit:  - other features:
LogInit:      CURL_VERSION_SSL
LogInit:      CURL_VERSION_LIBZ
LogInit:      CURL_VERSION_IPV6
LogInit:      CURL_VERSION_ASYNCHDNS
LogInit:      CURL_VERSION_LARGEFILE
LogInit:      CURL_VERSION_IDN
LogInit:  CurlRequestOptions (configurable via config and command line):
LogInit:  - bVerifyPeer = true  - Libcurl will verify peer certificate
LogInit:  - bUseHttpProxy = false  - Libcurl will NOT use HTTP proxy
LogInit:  - bDontReuseConnections = false  - Libcurl will reuse connections
LogInit:  - MaxHostConnections = 16  - Libcurl will limit the number of connections to a host
LogInit:  - LocalHostAddr = Default
LogInit:  - BufferSize = 65536
LogOnline: OSS: Creating online subsystem instance for: NULL
LogInit: WinSock: version 1.1 (2.2), MaxSocks=32767, MaxUdp=65467
LogOnline: OSS: TryLoadSubsystemAndSetDefault: Loaded subsystem for module [NULL]
LogInit: Build: ++UE4+Release-4.25-CL-14469661
LogInit: Engine Version: 4.25.4-14469661+++UE4+Release-4.25
LogInit: Compatible Engine Version: 4.25.0-13144385+++UE4+Release-4.25
LogInit: Net CL: 13144385
LogInit: OS: Windows 10 (Release 2009) (), CPU: AMD Ryzen 7 2700X Eight-Core Processor         , GPU: NVIDIA GeForce RTX 2070
LogInit: Compiled (64-bit): Oct 11 2020 08:10:49
LogInit: Compiled with Visual C++: 19.24.28315.00
LogInit: Build Configuration: Development
LogInit: Branch Name: ++UE4+Release-4.25
LogInit: Command Line: 
LogInit: Base Directory: F:/UNREAL ENGINE/UE_4.25/Engine/Binaries/Win64/
LogInit: Allocator: TBB
LogInit: Installed Engine Build: 1
LogDevObjectVersion: Number of dev versions registered: 26
LogDevObjectVersion:   Dev-Blueprints (B0D832E4-1F89-4F0D-ACCF-7EB736FD4AA2): 10
LogDevObjectVersion:   Dev-Build (E1C64328-A22C-4D53-A36C-8E866417BD8C): 0
LogDevObjectVersion:   Dev-Core (375EC13C-06E4-48FB-B500-84F0262A717E): 4
LogDevObjectVersion:   Dev-Editor (E4B068ED-F494-42E9-A231-DA0B2E46BB41): 38
LogDevObjectVersion:   Dev-Framework (CFFC743F-43B0-4480-9391-14DF171D2073): 37
LogDevObjectVersion:   Dev-Mobile (B02B49B5-BB20-44E9-A304-32B752E40360): 2
LogDevObjectVersion:   Dev-Networking (A4E4105C-59A1-49B5-A7C5-40C4547EDFEE): 0
LogDevObjectVersion:   Dev-Online (39C831C9-5AE6-47DC-9A44-9C173E1C8E7C): 0
LogDevObjectVersion:   Dev-Physics (78F01B33-EBEA-4F98-B9B4-84EACCB95AA2): 4
LogDevObjectVersion:   Dev-Platform (6631380F-2D4D-43E0-8009-CF276956A95A): 0
LogDevObjectVersion:   Dev-Rendering (12F88B9F-8875-4AFC-A67C-D90C383ABD29): 43
LogDevObjectVersion:   Dev-Sequencer (7B5AE74C-D270-4C10-A958-57980B212A5A): 12
LogDevObjectVersion:   Dev-VR (D7296918-1DD6-4BDD-9DE2-64A83CC13884): 3
LogDevObjectVersion:   Dev-LoadTimes (C2A15278-BFE7-4AFE-6C17-90FF531DF755): 1
LogDevObjectVersion:   Private-Geometry (6EACA3D4-40EC-4CC1-B786-8BED09428FC5): 3
LogDevObjectVersion:   Dev-AnimPhys (29E575DD-E0A3-4627-9D10-D276232CDCEA): 17
LogDevObjectVersion:   Dev-Anim (AF43A65D-7FD3-4947-9873-3E8ED9C1BB05): 7
LogDevObjectVersion:   Dev-ReflectionCapture (6B266CEC-1EC7-4B8F-A30B-E4D90942FC07): 1
LogDevObjectVersion:   Dev-Automation (0DF73D61-A23F-47EA-B727-89E90C41499A): 1
LogDevObjectVersion:   FortniteMain (601D1886-AC64-4F84-AA16-D3DE0DEAC7D6): 31
LogDevObjectVersion:   Dev-Enterprise (9DFFBCD6-494F-0158-E221-12823C92A888): 10
LogDevObjectVersion:   Dev-Niagara (F2AED0AC-9AFE-416F-8664-AA7FFA26D6FC): 1
LogDevObjectVersion:   Dev-Destruction (174F1F0B-B4C6-45A5-B13F-2EE8D0FB917D): 10
LogDevObjectVersion:   Dev-Physics-Ext (35F94A83-E258-406C-A318-09F59610247C): 37
LogDevObjectVersion:   Dev-PhysicsMaterial-Chaos (B68FC16E-8B1B-42E2-B453-215C058844FE): 1
LogDevObjectVersion:   Dev-CineCamera (B2E18506-4273-CFC2-A54E-F4BB758BBA07): 1
LogInit: Presizing for max 25165824 objects, including 0 objects not considered by GC, pre-allocating 0 bytes for permanent pool.
LogConfig: Applying CVar settings from Section [/Script/Engine.StreamingSettings] File [F:/UNREAL ENGINE PROJECTS/StealthGame_ProjectBase_4.25/Stealth_Game_UE/StealthGame/Saved/Config/Windows/Engine.ini]
LogConfig: Setting CVar [[s.MinBulkDataSizeForAsyncLoading:131072]]
LogConfig: Setting CVar [[s.AsyncLoadingThreadEnabled:0]]
LogConfig: Setting CVar [[s.EventDrivenLoaderEnabled:1]]
LogConfig: Setting CVar [[s.WarnIfTimeLimitExceeded:0]]
LogConfig: Setting CVar [[s.TimeLimitExceededMultiplier:1.5]]
LogConfig: Setting CVar [[s.TimeLimitExceededMinTime:0.005]]
LogConfig: Setting CVar [[s.UseBackgroundLevelStreaming:1]]
LogConfig: Setting CVar [[s.PriorityAsyncLoadingExtraTime:15.0]]
LogConfig: Setting CVar [[s.LevelStreamingActorsUpdateTimeLimit:5.0]]
LogConfig: Setting CVar [[s.PriorityLevelStreamingActorsUpdateExtraTime:5.0]]
LogConfig: Setting CVar [[s.LevelStreamingComponentsRegistrationGranularity:10]]
LogConfig: Setting CVar [[s.UnregisterComponentsTimeLimit:1.0]]
LogConfig: Setting CVar [[s.LevelStreamingComponentsUnregistrationGranularity:5]]
LogConfig: Setting CVar [[s.FlushStreamingOnExit:1]]
LogInit: Object subsystem initialized
LogConfig: Setting CVar [[con.DebugEarlyDefault:1]]
LogConfig: Setting CVar [[r.setres:1280x720]]
[2021.01.15-20.45.34:991][  0]LogConfig: Setting CVar [[r.VSync:0]]
[2021.01.15-20.45.34:991][  0]LogConfig: Setting CVar [[r.RHICmdBypass:0]]
[2021.01.15-20.45.34:991][  0]LogConfig: Applying CVar settings from Section [/Script/Engine.RendererSettings] File [F:/UNREAL ENGINE PROJECTS/StealthGame_ProjectBase_4.25/Stealth_Game_UE/StealthGame/Saved/Config/Windows/Engine.ini]
[2021.01.15-20.45.34:991][  0]LogConfig: Setting CVar [[r.GPUCrashDebugging:0]]
[2021.01.15-20.45.34:991][  0]LogConfig: Applying CVar settings from Section [/Script/Engine.RendererOverrideSettings] File [F:/UNREAL ENGINE PROJECTS/StealthGame_ProjectBase_4.25/Stealth_Game_UE/StealthGame/Saved/Config/Windows/Engine.ini]
[2021.01.15-20.45.34:991][  0]LogConfig: Applying CVar settings from Section [/Script/Engine.StreamingSettings] File [F:/UNREAL ENGINE PROJECTS/StealthGame_ProjectBase_4.25/Stealth_Game_UE/StealthGame/Saved/Config/Windows/Engine.ini]
[2021.01.15-20.45.34:991][  0]LogConfig: Setting CVar [[s.MinBulkDataSizeForAsyncLoading:131072]]
[2021.01.15-20.45.34:991][  0]LogConfig: Setting CVar [[s.AsyncLoadingThreadEnabled:0]]
[2021.01.15-20.45.34:991][  0]LogConfig: Setting CVar [[s.EventDrivenLoaderEnabled:1]]
[2021.01.15-20.45.34:991][  0]LogConfig: Setting CVar [[s.WarnIfTimeLimitExceeded:0]]
[2021.01.15-20.45.34:991][  0]LogConfig: Setting CVar [[s.TimeLimitExceededMultiplier:1.5]]
[2021.01.15-20.45.34:991][  0]LogConfig: Setting CVar [[s.TimeLimitExceededMinTime:0.005]]
[2021.01.15-20.45.34:991][  0]LogConfig: Setting CVar [[s.UseBackgroundLevelStreaming:1]]
[2021.01.15-20.45.34:991][  0]LogConfig: Setting CVar [[s.PriorityAsyncLoadingExtraTime:15.0]]
[2021.01.15-20.45.34:991][  0]LogConfig: Setting CVar [[s.LevelStreamingActorsUpdateTimeLimit:5.0]]
[2021.01.15-20.45.34:991][  0]LogConfig: Setting CVar [[s.PriorityLevelStreamingActorsUpdateExtraTime:5.0]]
[2021.01.15-20.45.34:991][  0]LogConfig: Setting CVar [[s.LevelStreamingComponentsRegistrationGranularity:10]]
[2021.01.15-20.45.34:991][  0]LogConfig: Setting CVar [[s.UnregisterComponentsTimeLimit:1.0]]
[2021.01.15-20.45.34:991][  0]LogConfig: Setting CVar [[s.LevelStreamingComponentsUnregistrationGranularity:5]]
[2021.01.15-20.45.34:991][  0]LogConfig: Setting CVar [[s.FlushStreamingOnExit:1]]
[2021.01.15-20.45.34:991][  0]LogConfig: Applying CVar settings from Section [/Script/Engine.GarbageCollectionSettings] File [F:/UNREAL ENGINE PROJECTS/StealthGame_ProjectBase_4.25/Stealth_Game_UE/StealthGame/Saved/Config/Windows/Engine.ini]
[2021.01.15-20.45.34:991][  0]LogConfig: Setting CVar [[gc.MaxObjectsNotConsideredByGC:1]]
[2021.01.15-20.45.34:991][  0]LogConfig: Setting CVar [[gc.SizeOfPermanentObjectPool:0]]
[2021.01.15-20.45.34:991][  0]LogConfig: Setting CVar [[gc.FlushStreamingOnGC:0]]
[2021.01.15-20.45.34:991][  0]LogConfig: Setting CVar [[gc.NumRetriesBeforeForcingGC:10]]
[2021.01.15-20.45.34:991][  0]LogConfig: Setting CVar [[gc.AllowParallelGC:1]]
[2021.01.15-20.45.34:991][  0]LogConfig: Setting CVar [[gc.TimeBetweenPurgingPendingKillObjects:61.1]]
[2021.01.15-20.45.34:991][  0]LogConfig: Setting CVar [[gc.MaxObjectsInEditor:25165824]]
[2021.01.15-20.45.34:991][  0]LogConfig: Setting CVar [[gc.IncrementalBeginDestroyEnabled:1]]
[2021.01.15-20.45.34:991][  0]LogConfig: Setting CVar [[gc.CreateGCClusters:1]]
[2021.01.15-20.45.34:991][  0]LogConfig: Setting CVar [[gc.MinGCClusterSize:5]]
[2021.01.15-20.45.34:991][  0]LogConfig: Setting CVar [[gc.ActorClusteringEnabled:0]]
[2021.01.15-20.45.34:991][  0]LogConfig: Setting CVar [[gc.BlueprintClusteringEnabled:0]]
[2021.01.15-20.45.34:991][  0]LogConfig: Setting CVar [[gc.UseDisregardForGCOnDedicatedServers:0]]
[2021.01.15-20.45.34:991][  0]LogConfig: Applying CVar settings from Section [/Script/Engine.NetworkSettings] File [F:/UNREAL ENGINE PROJECTS/StealthGame_ProjectBase_4.25/Stealth_Game_UE/StealthGame/Saved/Config/Windows/Engine.ini]
[2021.01.15-20.45.34:992][  0]LogConfig: Applying CVar settings from Section [/Script/UnrealEd.CookerSettings] File [F:/UNREAL ENGINE PROJECTS/StealthGame_ProjectBase_4.25/Stealth_Game_UE/StealthGame/Saved/Config/Windows/Engine.ini]
[2021.01.15-20.45.34:996][  0]LogConfig: Applying CVar settings from Section [ViewDistanceQuality@3] File [F:/UNREAL ENGINE PROJECTS/StealthGame_ProjectBase_4.25/Stealth_Game_UE/StealthGame/Saved/Config/Windows/Scalability.ini]
[2021.01.15-20.45.34:996][  0]LogConfig: Setting CVar [[r.SkeletalMeshLODBias:0]]
[2021.01.15-20.45.34:996][  0]LogConfig: Setting CVar [[r.ViewDistanceScale:1.0]]
[2021.01.15-20.45.34:996][  0]LogConfig: Applying CVar settings from Section [AntiAliasingQuality@3] File [F:/UNREAL ENGINE PROJECTS/StealthGame_ProjectBase_4.25/Stealth_Game_UE/StealthGame/Saved/Config/Windows/Scalability.ini]
[2021.01.15-20.45.34:996][  0]LogConfig: Setting CVar [[r.PostProcessAAQuality:4]]
[2021.01.15-20.45.34:996][  0]LogConfig: Applying CVar settings from Section [ShadowQuality@3] File [F:/UNREAL ENGINE PROJECTS/StealthGame_ProjectBase_4.25/Stealth_Game_UE/StealthGame/Saved/Config/Windows/Scalability.ini]
[2021.01.15-20.45.34:996][  0]LogConfig: Setting CVar [[r.LightFunctionQuality:1]]
[2021.01.15-20.45.34:996][  0]LogConfig: Setting CVar [[r.ShadowQuality:5]]
[2021.01.15-20.45.34:996][  0]LogConfig: Setting CVar [[r.Shadow.CSM.MaxCascades:10]]
[2021.01.15-20.45.34:996][  0]LogConfig: Setting CVar [[r.Shadow.MaxResolution:2048]]
[2021.01.15-20.45.34:996][  0]LogConfig: Setting CVar [[r.Shadow.MaxCSMResolution:2048]]
[2021.01.15-20.45.34:996][  0]LogConfig: Setting CVar [[r.Shadow.RadiusThreshold:0.01]]
[2021.01.15-20.45.34:996][  0]LogConfig: Setting CVar [[r.Shadow.DistanceScale:1.0]]
[2021.01.15-20.45.34:996][  0]LogConfig: Setting CVar [[r.Shadow.CSM.TransitionScale:1.0]]
[2021.01.15-20.45.34:996][  0]LogConfig: Setting CVar [[r.Shadow.PreShadowResolutionFactor:1.0]]
[2021.01.15-20.45.34:996][  0]LogConfig: Setting CVar [[r.DistanceFieldShadowing:1]]
[2021.01.15-20.45.34:996][  0]LogConfig: Setting CVar [[r.DistanceFieldAO:1]]
[2021.01.15-20.45.34:996][  0]LogConfig: Setting CVar [[r.AOQuality:2]]
[2021.01.15-20.45.34:996][  0]LogConfig: Setting CVar [[r.VolumetricFog:1]]
[2021.01.15-20.45.34:996][  0]LogConfig: Setting CVar [[r.VolumetricFog.GridPixelSize:8]]
[2021.01.15-20.45.34:996][  0]LogConfig: Setting CVar [[r.VolumetricFog.GridSizeZ:128]]
[2021.01.15-20.45.34:996][  0]LogConfig: Setting CVar [[r.VolumetricFog.HistoryMissSupersampleCount:4]]
[2021.01.15-20.45.34:996][  0]LogConfig: Setting CVar [[r.LightMaxDrawDistanceScale:1]]
[2021.01.15-20.45.34:996][  0]LogConfig: Setting CVar [[r.CapsuleShadows:1]]
[2021.01.15-20.45.34:996][  0]LogConfig: Applying CVar settings from Section [PostProcessQuality@3] File [F:/UNREAL ENGINE PROJECTS/StealthGame_ProjectBase_4.25/Stealth_Game_UE/StealthGame/Saved/Config/Windows/Scalability.ini]
[2021.01.15-20.45.34:996][  0]LogConfig: Setting CVar [[r.MotionBlurQuality:4]]
[2021.01.15-20.45.34:996][  0]LogConfig: Setting CVar [[r.AmbientOcclusionMipLevelFactor:0.4]]
[2021.01.15-20.45.34:996][  0]LogConfig: Setting CVar [[r.AmbientOcclusionMaxQuality:100]]
[2021.01.15-20.45.34:996][  0]LogConfig: Setting CVar [[r.AmbientOcclusionLevels:-1]]
[2021.01.15-20.45.34:996][  0]LogConfig: Setting CVar [[r.AmbientOcclusionRadiusScale:1.0]]
[2021.01.15-20.45.34:996][  0]LogConfig: Setting CVar [[r.DepthOfFieldQuality:2]]
[2021.01.15-20.45.34:996][  0]LogConfig: Setting CVar [[r.RenderTargetPoolMin:400]]
[2021.01.15-20.45.34:996][  0]LogConfig: Setting CVar [[r.LensFlareQuality:2]]
[2021.01.15-20.45.34:996][  0]LogConfig: Setting CVar [[r.SceneColorFringeQuality:1]]
[2021.01.15-20.45.34:996][  0]LogConfig: Setting CVar [[r.EyeAdaptationQuality:2]]
[2021.01.15-20.45.34:996][  0]LogConfig: Setting CVar [[r.BloomQuality:5]]
[2021.01.15-20.45.34:996][  0]LogConfig: Setting CVar [[r.FastBlurThreshold:100]]
[2021.01.15-20.45.34:996][  0]LogConfig: Setting CVar [[r.Upscale.Quality:3]]
[2021.01.15-20.45.34:996][  0]LogConfig: Setting CVar [[r.Tonemapper.GrainQuantization:1]]
[2021.01.15-20.45.34:996][  0]LogConfig: Setting CVar [[r.LightShaftQuality:1]]
[2021.01.15-20.45.34:996][  0]LogConfig: Setting CVar [[r.Filter.SizeScale:1]]
[2021.01.15-20.45.34:996][  0]LogConfig: Setting CVar [[r.Tonemapper.Quality:5]]
[2021.01.15-20.45.34:996][  0]LogConfig: Setting CVar [[r.DOF.Gather.AccumulatorQuality:1        ; higher gathering accumulator quality]]
[2021.01.15-20.45.34:996][  0]LogConfig: Setting CVar [[r.DOF.Gather.PostfilterMethod:1          ; Median3x3 postfilering method]]
[2021.01.15-20.45.34:996][  0]LogConfig: Setting CVar [[r.DOF.Gather.EnableBokehSettings:0       ; no bokeh simulation when gathering]]
[2021.01.15-20.45.34:996][  0]LogConfig: Setting CVar [[r.DOF.Gather.RingCount:4                 ; medium number of samples when gathering]]
[2021.01.15-20.45.34:996][  0]LogConfig: Setting CVar [[r.DOF.Scatter.ForegroundCompositing:1    ; additive foreground scattering]]
[2021.01.15-20.45.34:996][  0]LogConfig: Setting CVar [[r.DOF.Scatter.BackgroundCompositing:2    ; additive background scattering]]
[2021.01.15-20.45.34:996][  0]LogConfig: Setting CVar [[r.DOF.Scatter.EnableBokehSettings:1      ; bokeh simulation when scattering]]
[2021.01.15-20.45.34:996][  0]LogConfig: Setting CVar [[r.DOF.Scatter.MaxSpriteRatio:0.1         ; only a maximum of 10% of scattered bokeh]]
[2021.01.15-20.45.34:996][  0]LogConfig: Setting CVar [[r.DOF.Recombine.Quality:1                ; cheap slight out of focus]]
[2021.01.15-20.45.34:996][  0]LogConfig: Setting CVar [[r.DOF.Recombine.EnableBokehSettings:0    ; no bokeh simulation on slight out of focus]]
[2021.01.15-20.45.34:996][  0]LogConfig: Setting CVar [[r.DOF.TemporalAAQuality:1                ; more stable temporal accumulation]]
[2021.01.15-20.45.34:996][  0]LogConfig: Setting CVar [[r.DOF.Kernel.MaxForegroundRadius:0.025]]
[2021.01.15-20.45.34:996][  0]LogConfig: Setting CVar [[r.DOF.Kernel.MaxBackgroundRadius:0.025]]
[2021.01.15-20.45.34:996][  0]LogConfig: Applying CVar settings from Section [TextureQuality@3] File [F:/UNREAL ENGINE PROJECTS/StealthGame_ProjectBase_4.25/Stealth_Game_UE/StealthGame/Saved/Config/Windows/Scalability.ini]
[2021.01.15-20.45.34:996][  0]LogConfig: Setting CVar [[r.Streaming.MipBias:0]]
[2021.01.15-20.45.34:996][  0]LogConfig: Setting CVar [[r.Streaming.AmortizeCPUToGPUCopy:0]]
[2021.01.15-20.45.34:996][  0]LogConfig: Setting CVar [[r.Streaming.MaxNumTexturesToStreamPerFrame:0]]
[2021.01.15-20.45.34:996][  0]LogConfig: Setting CVar [[r.Streaming.Boost:1]]
[2021.01.15-20.45.34:996][  0]LogConfig: Setting CVar [[r.MaxAnisotropy:8]]
[2021.01.15-20.45.34:996][  0]LogConfig: Setting CVar [[r.VT.MaxAnisotropy:8]]
[2021.01.15-20.45.34:996][  0]LogConfig: Setting CVar [[r.Streaming.LimitPoolSizeToVRAM:0]]
[2021.01.15-20.45.34:996][  0]LogConfig: Setting CVar [[r.Streaming.PoolSize:1000]]
[2021.01.15-20.45.34:996][  0]LogConfig: Setting CVar [[r.Streaming.MaxEffectiveScreenSize:0]]
[2021.01.15-20.45.34:996][  0]LogConfig: Applying CVar settings from Section [EffectsQuality@3] File [F:/UNREAL ENGINE PROJECTS/StealthGame_ProjectBase_4.25/Stealth_Game_UE/StealthGame/Saved/Config/Windows/Scalability.ini]
[2021.01.15-20.45.34:996][  0]LogConfig: Setting CVar [[r.TranslucencyLightingVolumeDim:64]]
[2021.01.15-20.45.34:996][  0]LogConfig: Setting CVar [[r.RefractionQuality:2]]
[2021.01.15-20.45.34:996][  0]LogConfig: Setting CVar [[r.SSR.Quality:3]]
[2021.01.15-20.45.34:996][  0]LogConfig: Setting CVar [[r.SSR.HalfResSceneColor:0]]
[2021.01.15-20.45.34:996][  0]LogConfig: Setting CVar [[r.SceneColorFormat:4]]
[2021.01.15-20.45.34:996][  0]LogConfig: Setting CVar [[r.DetailMode:2]]
[2021.01.15-20.45.34:996][  0]LogConfig: Setting CVar [[r.TranslucencyVolumeBlur:1]]
[2021.01.15-20.45.34:996][  0]LogConfig: Setting CVar [[r.MaterialQualityLevel:1 ; High quality]]
[2021.01.15-20.45.34:996][  0]LogConfig: Setting CVar [[r.SSS.Scale:1]]
[2021.01.15-20.45.34:996][  0]LogConfig: Setting CVar [[r.SSS.SampleSet:2]]
[2021.01.15-20.45.34:996][  0]LogConfig: Setting CVar [[r.SSS.Quality:1]]
[2021.01.15-20.45.34:996][  0]LogConfig: Setting CVar [[r.SSS.HalfRes:0]]
[2021.01.15-20.45.34:996][  0]LogConfig: Setting CVar [[r.SSGI.Quality:3]]
[2021.01.15-20.45.34:996][  0]LogConfig: Setting CVar [[r.EmitterSpawnRateScale:1.0]]
[2021.01.15-20.45.34:997][  0]LogConfig: Setting CVar [[r.ParticleLightQuality:2]]
[2021.01.15-20.45.34:997][  0]LogConfig: Setting CVar [[r.SkyAtmosphere.AerialPerspectiveLUT.FastApplyOnOpaque:1 ; Always have FastSkyLUT 1 in this case to avoid wrong sky]]
[2021.01.15-20.45.34:997][  0]LogConfig: Setting CVar [[r.SkyAtmosphere.AerialPerspectiveLUT.SampleCountPerSlice:1]]
[2021.01.15-20.45.34:997][  0]LogConfig: Setting CVar [[r.SkyAtmosphere.AerialPerspectiveLUT.DepthResolution:16.0]]
[2021.01.15-20.45.34:997][  0]LogConfig: Setting CVar [[r.SkyAtmosphere.FastSkyLUT:1]]
[2021.01.15-20.45.34:997][  0]LogConfig: Setting CVar [[r.SkyAtmosphere.FastSkyLUT.SampleCountMin:4.0]]
[2021.01.15-20.45.34:997][  0]LogConfig: Setting CVar [[r.SkyAtmosphere.FastSkyLUT.SampleCountMax:32.0]]
[2021.01.15-20.45.34:997][  0]LogConfig: Setting CVar [[r.SkyAtmosphere.SampleCountMin:4.0]]
[2021.01.15-20.45.34:997][  0]LogConfig: Setting CVar [[r.SkyAtmosphere.SampleCountMax:32.0]]
[2021.01.15-20.45.34:997][  0]LogConfig: Setting CVar [[r.SkyAtmosphere.TransmittanceLUT.UseSmallFormat:0]]
[2021.01.15-20.45.34:997][  0]LogConfig: Setting CVar [[r.SkyAtmosphere.TransmittanceLUT.SampleCount:10.0]]
[2021.01.15-20.45.34:997][  0]LogConfig: Setting CVar [[r.SkyAtmosphere.MultiScatteringLUT.SampleCount:15.0]]
[2021.01.15-20.45.34:997][  0]LogConfig: Applying CVar settings from Section [FoliageQuality@3] File [F:/UNREAL ENGINE PROJECTS/StealthGame_ProjectBase_4.25/Stealth_Game_UE/StealthGame/Saved/Config/Windows/Scalability.ini]
[2021.01.15-20.45.34:997][  0]LogConfig: Setting CVar [[foliage.DensityScale:1.0]]
[2021.01.15-20.45.34:997][  0]LogConfig: Setting CVar [[grass.DensityScale:1.0]]
[2021.01.15-20.45.34:997][  0]LogConfig: Applying CVar settings from Section [ShadingQuality@3] File [F:/UNREAL ENGINE PROJECTS/StealthGame_ProjectBase_4.25/Stealth_Game_UE/StealthGame/Saved/Config/Windows/Scalability.ini]
[2021.01.15-20.45.34:997][  0]LogConfig: Setting CVar [[r.HairStrands.SkyLighting.SampleCount:16]]
[2021.01.15-20.45.34:997][  0]LogConfig: Setting CVar [[r.HairStrands.SkyLighting.JitterIntegration:0]]
[2021.01.15-20.45.34:997][  0]LogConfig: Setting CVar [[r.HairStrands.SkyAO.SampleCount:16]]
[2021.01.15-20.45.34:997][  0]LogConfig: Setting CVar [[r.HairStrands.DeepShadow.SuperSampling:0]]
[2021.01.15-20.45.34:997][  0]LogConfig: Setting CVar [[r.HairStrands.VisibilityPPLL:0]]
[2021.01.15-20.45.34:997][  0]LogConfig: Setting CVar [[r.HairStrands.RasterizationScale:0.5]]
[2021.01.15-20.45.34:997][  0]LogConfig: Setting CVar [[r.HairStrands.VelocityRasterizationScale:1]]
[2021.01.15-20.45.34:997][  0]LogInit: Selected Device Profile: [Windows]
[2021.01.15-20.45.34:997][  0]LogInit: Applying CVar settings loaded from the selected device profile: [Windows]
[2021.01.15-20.45.34:997][  0]LogHAL: Display: Platform has ~ 32 GB [34282610688 / 34359738368 / 32], which maps to Largest [LargestMinGB=32, LargerMinGB=12, DefaultMinGB=8, SmallerMinGB=6, SmallestMinGB=0)
[2021.01.15-20.45.34:997][  0]LogInit: Going up to parent DeviceProfile []
[2021.01.15-20.45.34:997][  0]LogConfig: Applying CVar settings from Section [ViewDistanceQuality@3] File [F:/UNREAL ENGINE PROJECTS/StealthGame_ProjectBase_4.25/Stealth_Game_UE/StealthGame/Saved/Config/Windows/Scalability.ini]
[2021.01.15-20.45.34:997][  0]LogConfig: Setting CVar [[r.SkeletalMeshLODBias:0]]
[2021.01.15-20.45.34:997][  0]LogConfig: Setting CVar [[r.ViewDistanceScale:1.0]]
[2021.01.15-20.45.34:997][  0]LogConfig: Applying CVar settings from Section [AntiAliasingQuality@3] File [F:/UNREAL ENGINE PROJECTS/StealthGame_ProjectBase_4.25/Stealth_Game_UE/StealthGame/Saved/Config/Windows/Scalability.ini]
[2021.01.15-20.45.34:997][  0]LogConfig: Setting CVar [[r.PostProcessAAQuality:4]]
[2021.01.15-20.45.34:997][  0]LogConfig: Applying CVar settings from Section [ShadowQuality@3] File [F:/UNREAL ENGINE PROJECTS/StealthGame_ProjectBase_4.25/Stealth_Game_UE/StealthGame/Saved/Config/Windows/Scalability.ini]
[2021.01.15-20.45.34:997][  0]LogConfig: Setting CVar [[r.LightFunctionQuality:1]]
[2021.01.15-20.45.34:997][  0]LogConfig: Setting CVar [[r.ShadowQuality:5]]
[2021.01.15-20.45.34:997][  0]LogConfig: Setting CVar [[r.Shadow.CSM.MaxCascades:10]]
[2021.01.15-20.45.34:997][  0]LogConfig: Setting CVar [[r.Shadow.MaxResolution:2048]]
[2021.01.15-20.45.34:997][  0]LogConfig: Setting CVar [[r.Shadow.MaxCSMResolution:2048]]
[2021.01.15-20.45.34:997][  0]LogConfig: Setting CVar [[r.Shadow.RadiusThreshold:0.01]]
[2021.01.15-20.45.34:997][  0]LogConfig: Setting CVar [[r.Shadow.DistanceScale:1.0]]
[2021.01.15-20.45.34:997][  0]LogConfig: Setting CVar [[r.Shadow.CSM.TransitionScale:1.0]]
[2021.01.15-20.45.34:997][  0]LogConfig: Setting CVar [[r.Shadow.PreShadowResolutionFactor:1.0]]
[2021.01.15-20.45.34:997][  0]LogConfig: Setting CVar [[r.DistanceFieldShadowing:1]]
[2021.01.15-20.45.34:997][  0]LogConfig: Setting CVar [[r.DistanceFieldAO:1]]
[2021.01.15-20.45.34:997][  0]LogConfig: Setting CVar [[r.AOQuality:2]]
[2021.01.15-20.45.34:997][  0]LogConfig: Setting CVar [[r.VolumetricFog:1]]
[2021.01.15-20.45.34:997][  0]LogConfig: Setting CVar [[r.VolumetricFog.GridPixelSize:8]]
[2021.01.15-20.45.34:997][  0]LogConfig: Setting CVar [[r.VolumetricFog.GridSizeZ:128]]
[2021.01.15-20.45.34:997][  0]LogConfig: Setting CVar [[r.VolumetricFog.HistoryMissSupersampleCount:4]]
[2021.01.15-20.45.34:997][  0]LogConfig: Setting CVar [[r.LightMaxDrawDistanceScale:1]]
[2021.01.15-20.45.34:997][  0]LogConfig: Setting CVar [[r.CapsuleShadows:1]]
[2021.01.15-20.45.34:997][  0]LogConfig: Applying CVar settings from Section [PostProcessQuality@3] File [F:/UNREAL ENGINE PROJECTS/StealthGame_ProjectBase_4.25/Stealth_Game_UE/StealthGame/Saved/Config/Windows/Scalability.ini]
[2021.01.15-20.45.34:997][  0]LogConfig: Setting CVar [[r.MotionBlurQuality:4]]
[2021.01.15-20.45.34:997][  0]LogConfig: Setting CVar [[r.AmbientOcclusionMipLevelFactor:0.4]]
[2021.01.15-20.45.34:997][  0]LogConfig: Setting CVar [[r.AmbientOcclusionMaxQuality:100]]
[2021.01.15-20.45.34:997][  0]LogConfig: Setting CVar [[r.AmbientOcclusionLevels:-1]]
[2021.01.15-20.45.34:997][  0]LogConfig: Setting CVar [[r.AmbientOcclusionRadiusScale:1.0]]
[2021.01.15-20.45.34:997][  0]LogConfig: Setting CVar [[r.DepthOfFieldQuality:2]]
[2021.01.15-20.45.34:997][  0]LogConfig: Setting CVar [[r.RenderTargetPoolMin:400]]
[2021.01.15-20.45.34:997][  0]LogConfig: Setting CVar [[r.LensFlareQuality:2]]
[2021.01.15-20.45.34:997][  0]LogConfig: Setting CVar [[r.SceneColorFringeQuality:1]]
[2021.01.15-20.45.34:997][  0]LogConfig: Setting CVar [[r.EyeAdaptationQuality:2]]
[2021.01.15-20.45.34:997][  0]LogConfig: Setting CVar [[r.BloomQuality:5]]
[2021.01.15-20.45.34:997][  0]LogConfig: Setting CVar [[r.FastBlurThreshold:100]]
[2021.01.15-20.45.34:997][  0]LogConfig: Setting CVar [[r.Upscale.Quality:3]]
[2021.01.15-20.45.34:997][  0]LogConfig: Setting CVar [[r.Tonemapper.GrainQuantization:1]]
[2021.01.15-20.45.34:997][  0]LogConfig: Setting CVar [[r.LightShaftQuality:1]]
[2021.01.15-20.45.34:997][  0]LogConfig: Setting CVar [[r.Filter.SizeScale:1]]
[2021.01.15-20.45.34:997][  0]LogConfig: Setting CVar [[r.Tonemapper.Quality:5]]
[2021.01.15-20.45.34:997][  0]LogConfig: Setting CVar [[r.DOF.Gather.AccumulatorQuality:1        ; higher gathering accumulator quality]]
[2021.01.15-20.45.34:997][  0]LogConfig: Setting CVar [[r.DOF.Gather.PostfilterMethod:1          ; Median3x3 postfilering method]]
[2021.01.15-20.45.34:997][  0]LogConfig: Setting CVar [[r.DOF.Gather.EnableBokehSettings:0       ; no bokeh simulation when gathering]]
[2021.01.15-20.45.34:997][  0]LogConfig: Setting CVar [[r.DOF.Gather.RingCount:4                 ; medium number of samples when gathering]]
[2021.01.15-20.45.34:997][  0]LogConfig: Setting CVar [[r.DOF.Scatter.ForegroundCompositing:1    ; additive foreground scattering]]
[2021.01.15-20.45.34:997][  0]LogConfig: Setting CVar [[r.DOF.Scatter.BackgroundCompositing:2    ; additive background scattering]]
[2021.01.15-20.45.34:998][  0]LogConfig: Setting CVar [[r.DOF.Scatter.EnableBokehSettings:1      ; bokeh simulation when scattering]]
[2021.01.15-20.45.34:998][  0]LogConfig: Setting CVar [[r.DOF.Scatter.MaxSpriteRatio:0.1         ; only a maximum of 10% of scattered bokeh]]
[2021.01.15-20.45.34:998][  0]LogConfig: Setting CVar [[r.DOF.Recombine.Quality:1                ; cheap slight out of focus]]
[2021.01.15-20.45.34:998][  0]LogConfig: Setting CVar [[r.DOF.Recombine.EnableBokehSettings:0    ; no bokeh simulation on slight out of focus]]
[2021.01.15-20.45.34:998][  0]LogConfig: Setting CVar [[r.DOF.TemporalAAQuality:1                ; more stable temporal accumulation]]
[2021.01.15-20.45.34:998][  0]LogConfig: Setting CVar [[r.DOF.Kernel.MaxForegroundRadius:0.025]]
[2021.01.15-20.45.34:998][  0]LogConfig: Setting CVar [[r.DOF.Kernel.MaxBackgroundRadius:0.025]]
[2021.01.15-20.45.34:998][  0]LogConfig: Applying CVar settings from Section [TextureQuality@3] File [F:/UNREAL ENGINE PROJECTS/StealthGame_ProjectBase_4.25/Stealth_Game_UE/StealthGame/Saved/Config/Windows/Scalability.ini]
[2021.01.15-20.45.34:998][  0]LogConfig: Setting CVar [[r.Streaming.MipBias:0]]
[2021.01.15-20.45.34:998][  0]LogConfig: Setting CVar [[r.Streaming.AmortizeCPUToGPUCopy:0]]
[2021.01.15-20.45.34:998][  0]LogConfig: Setting CVar [[r.Streaming.MaxNumTexturesToStreamPerFrame:0]]
[2021.01.15-20.45.34:998][  0]LogConfig: Setting CVar [[r.Streaming.Boost:1]]
[2021.01.15-20.45.34:998][  0]LogConfig: Setting CVar [[r.MaxAnisotropy:8]]
[2021.01.15-20.45.34:998][  0]LogConfig: Setting CVar [[r.VT.MaxAnisotropy:8]]
[2021.01.15-20.45.34:998][  0]LogConfig: Setting CVar [[r.Streaming.LimitPoolSizeToVRAM:0]]
[2021.01.15-20.45.34:998][  0]LogConfig: Setting CVar [[r.Streaming.PoolSize:1000]]
[2021.01.15-20.45.34:998][  0]LogConfig: Setting CVar [[r.Streaming.MaxEffectiveScreenSize:0]]
[2021.01.15-20.45.34:998][  0]LogConfig: Applying CVar settings from Section [EffectsQuality@3] File [F:/UNREAL ENGINE PROJECTS/StealthGame_ProjectBase_4.25/Stealth_Game_UE/StealthGame/Saved/Config/Windows/Scalability.ini]
[2021.01.15-20.45.34:998][  0]LogConfig: Setting CVar [[r.TranslucencyLightingVolumeDim:64]]
[2021.01.15-20.45.34:998][  0]LogConfig: Setting CVar [[r.RefractionQuality:2]]
[2021.01.15-20.45.34:998][  0]LogConfig: Setting CVar [[r.SSR.Quality:3]]
[2021.01.15-20.45.34:998][  0]LogConfig: Setting CVar [[r.SSR.HalfResSceneColor:0]]
[2021.01.15-20.45.34:998][  0]LogConfig: Setting CVar [[r.SceneColorFormat:4]]
[2021.01.15-20.45.34:998][  0]LogConfig: Setting CVar [[r.DetailMode:2]]
[2021.01.15-20.45.34:998][  0]LogConfig: Setting CVar [[r.TranslucencyVolumeBlur:1]]
[2021.01.15-20.45.34:998][  0]LogConfig: Setting CVar [[r.MaterialQualityLevel:1 ; High quality]]
[2021.01.15-20.45.34:998][  0]LogConfig: Setting CVar [[r.SSS.Scale:1]]
[2021.01.15-20.45.34:998][  0]LogConfig: Setting CVar [[r.SSS.SampleSet:2]]
[2021.01.15-20.45.34:998][  0]LogConfig: Setting CVar [[r.SSS.Quality:1]]
[2021.01.15-20.45.34:998][  0]LogConfig: Setting CVar [[r.SSS.HalfRes:0]]
[2021.01.15-20.45.34:998][  0]LogConfig: Setting CVar [[r.SSGI.Quality:3]]
[2021.01.15-20.45.34:998][  0]LogConfig: Setting CVar [[r.EmitterSpawnRateScale:1.0]]
[2021.01.15-20.45.34:998][  0]LogConfig: Setting CVar [[r.ParticleLightQuality:2]]
[2021.01.15-20.45.34:998][  0]LogConfig: Setting CVar [[r.SkyAtmosphere.AerialPerspectiveLUT.FastApplyOnOpaque:1 ; Always have FastSkyLUT 1 in this case to avoid wrong sky]]
[2021.01.15-20.45.34:998][  0]LogConfig: Setting CVar [[r.SkyAtmosphere.AerialPerspectiveLUT.SampleCountPerSlice:1]]
[2021.01.15-20.45.34:998][  0]LogConfig: Setting CVar [[r.SkyAtmosphere.AerialPerspectiveLUT.DepthResolution:16.0]]
[2021.01.15-20.45.34:998][  0]LogConfig: Setting CVar [[r.SkyAtmosphere.FastSkyLUT:1]]
[2021.01.15-20.45.34:998][  0]LogConfig: Setting CVar [[r.SkyAtmosphere.FastSkyLUT.SampleCountMin:4.0]]
[2021.01.15-20.45.34:998][  0]LogConfig: Setting CVar [[r.SkyAtmosphere.FastSkyLUT.SampleCountMax:32.0]]
[2021.01.15-20.45.34:998][  0]LogConfig: Setting CVar [[r.SkyAtmosphere.SampleCountMin:4.0]]
[2021.01.15-20.45.34:998][  0]LogConfig: Setting CVar [[r.SkyAtmosphere.SampleCountMax:32.0]]
[2021.01.15-20.45.34:998][  0]LogConfig: Setting CVar [[r.SkyAtmosphere.TransmittanceLUT.UseSmallFormat:0]]
[2021.01.15-20.45.34:998][  0]LogConfig: Setting CVar [[r.SkyAtmosphere.TransmittanceLUT.SampleCount:10.0]]
[2021.01.15-20.45.34:998][  0]LogConfig: Setting CVar [[r.SkyAtmosphere.MultiScatteringLUT.SampleCount:15.0]]
[2021.01.15-20.45.34:998][  0]LogConfig: Applying CVar settings from Section [FoliageQuality@3] File [F:/UNREAL ENGINE PROJECTS/StealthGame_ProjectBase_4.25/Stealth_Game_UE/StealthGame/Saved/Config/Windows/Scalability.ini]
[2021.01.15-20.45.34:998][  0]LogConfig: Setting CVar [[foliage.DensityScale:1.0]]
[2021.01.15-20.45.34:998][  0]LogConfig: Setting CVar [[grass.DensityScale:1.0]]
[2021.01.15-20.45.34:998][  0]LogConfig: Applying CVar settings from Section [ShadingQuality@3] File [F:/UNREAL ENGINE PROJECTS/StealthGame_ProjectBase_4.25/Stealth_Game_UE/StealthGame/Saved/Config/Windows/Scalability.ini]
[2021.01.15-20.45.34:998][  0]LogConfig: Setting CVar [[r.HairStrands.SkyLighting.SampleCount:16]]
[2021.01.15-20.45.34:998][  0]LogConfig: Setting CVar [[r.HairStrands.SkyLighting.JitterIntegration:0]]
[2021.01.15-20.45.34:998][  0]LogConfig: Setting CVar [[r.HairStrands.SkyAO.SampleCount:16]]
[2021.01.15-20.45.34:998][  0]LogConfig: Setting CVar [[r.HairStrands.DeepShadow.SuperSampling:0]]
[2021.01.15-20.45.34:998][  0]LogConfig: Setting CVar [[r.HairStrands.VisibilityPPLL:0]]
[2021.01.15-20.45.34:998][  0]LogConfig: Setting CVar [[r.HairStrands.RasterizationScale:0.5]]
[2021.01.15-20.45.34:998][  0]LogConfig: Setting CVar [[r.HairStrands.VelocityRasterizationScale:1]]
[2021.01.15-20.45.34:998][  0]LogConfig: Applying CVar settings from Section [Startup] File [../../../Engine/Config/ConsoleVariables.ini]
[2021.01.15-20.45.35:004][  0]LogConfig: Setting CVar [[net.UseAdaptiveNetUpdateFrequency:0]]
[2021.01.15-20.45.35:004][  0]LogConfig: Setting CVar [[p.chaos.AllowCreatePhysxBodies:1]]
[2021.01.15-20.45.35:004][  0]LogConfig: Setting CVar [[fx.SkipVectorVMBackendOptimizations:1]]
[2021.01.15-20.45.35:004][  0]LogConfig: Applying CVar settings from Section [ConsoleVariables] File [F:/UNREAL ENGINE PROJECTS/StealthGame_ProjectBase_4.25/Stealth_Game_UE/StealthGame/Saved/Config/Windows/Engine.ini]
[2021.01.15-20.45.35:004][  0]LogInit: Computer: DESKTOP-F95APMH
[2021.01.15-20.45.35:004][  0]LogInit: User: Vanilla
[2021.01.15-20.45.35:004][  0]LogInit: CPU Page size=4096, Cores=8
[2021.01.15-20.45.35:004][  0]LogInit: High frequency timer resolution =10.000000 MHz
[2021.01.15-20.45.35:004][  0]LogMemory: Memory total: Physical=31.9GB (32GB approx)
[2021.01.15-20.45.35:004][  0]LogMemory: Platform Memory Stats for Windows
[2021.01.15-20.45.35:004][  0]LogMemory: Process Physical Memory: 116.67 MB used, 116.67 MB peak
[2021.01.15-20.45.35:004][  0]LogMemory: Process Virtual Memory: 98.13 MB used, 98.13 MB peak
[2021.01.15-20.45.35:004][  0]LogMemory: Physical Memory: 9468.82 MB used,  23225.63 MB free, 32694.45 MB total
[2021.01.15-20.45.35:004][  0]LogMemory: Virtual Memory: 5186.62 MB used,  134212544.00 MB free, 134217728.00 MB total
[2021.01.15-20.45.35:009][  0]LogWindows: WindowsPlatformFeatures enabled
[2021.01.15-20.45.35:534][  0]LogInit: Physics initialised using underlying interface: PhysX
[2021.01.15-20.45.35:538][  0]LogInit: Using OS detected language (en-US).
[2021.01.15-20.45.35:538][  0]LogInit: Using OS detected locale (en-CA).
[2021.01.15-20.45.35:541][  0]LogTextLocalizationManager: No specific localization for 'en-US' exists, so the 'en' localization will be used.
[2021.01.15-20.45.35:755][  0]LogInit: Setting process to per monitor DPI aware
[2021.01.15-20.45.35:865][  0]LogSlate: New Slate User Created.  User Index 0, Is Virtual User: 0
[2021.01.15-20.45.35:865][  0]LogSlate: Slate User Registered.  User Index 0, Is Virtual User: 0
[2021.01.15-20.45.38:700][  0]LogHMD: Failed to initialize OpenVR with code 110
[2021.01.15-20.45.38:700][  0]LogD3D11RHI: D3D11 min allowed feature level: 11_0
[2021.01.15-20.45.38:700][  0]LogD3D11RHI: D3D11 max allowed feature level: 11_0
[2021.01.15-20.45.38:700][  0]LogD3D11RHI: D3D11 adapters:
[2021.01.15-20.45.38:812][  0]LogD3D11RHI:    0. 'NVIDIA GeForce RTX 2070' (Feature Level 11_0)
[2021.01.15-20.45.38:812][  0]LogD3D11RHI:       8031/0/16347 MB DedicatedVideo/DedicatedSystem/SharedSystem, Outputs:2, VendorId:0x10de
[2021.01.15-20.45.38:814][  0]LogD3D11RHI:    1. 'Microsoft Basic Render Driver' (Feature Level 11_0)
[2021.01.15-20.45.38:814][  0]LogD3D11RHI:       0/0/16347 MB DedicatedVideo/DedicatedSystem/SharedSystem, Outputs:0, VendorId:0x1414
[2021.01.15-20.45.38:814][  0]LogD3D11RHI: Chosen D3D11 Adapter: 0
[2021.01.15-20.45.38:822][  0]LogD3D11RHI: Creating new Direct3DDevice
[2021.01.15-20.45.38:822][  0]LogD3D11RHI:     GPU DeviceId: 0x1f02 (for the marketing name, search the web for "GPU Device Id")
[2021.01.15-20.45.38:822][  0]LogWindows: EnumDisplayDevices:
[2021.01.15-20.45.38:822][  0]LogWindows:    0. 'NVIDIA GeForce RTX 2070' (P:1 D:1)
[2021.01.15-20.45.38:823][  0]LogWindows:    1. 'NVIDIA GeForce RTX 2070' (P:0 D:1)
[2021.01.15-20.45.38:823][  0]LogWindows:    2. 'NVIDIA GeForce RTX 2070' (P:0 D:0)
[2021.01.15-20.45.38:823][  0]LogWindows:    3. 'NVIDIA GeForce RTX 2070' (P:0 D:0)
[2021.01.15-20.45.38:823][  0]LogWindows: DebugString: FoundDriverCount:4 
[2021.01.15-20.45.38:823][  0]LogD3D11RHI:     Adapter Name: NVIDIA GeForce RTX 2070
[2021.01.15-20.45.38:823][  0]LogD3D11RHI:   Driver Version: 461.09 (internal:27.21.14.6109, unified:461.09)
[2021.01.15-20.45.38:823][  0]LogD3D11RHI:      Driver Date: 12-31-2020
[2021.01.15-20.45.38:823][  0]LogRHI: Texture pool is 5621 MB (70% of 8031 MB)
[2021.01.15-20.45.38:912][  0]LogD3D11RHI: RHI has support for 64 bit atomics
[2021.01.15-20.45.38:912][  0]LogD3D11RHI: Async texture creation enabled
[2021.01.15-20.45.38:912][  0]LogD3D11RHI: Array index from any shader is supported
[2021.01.15-20.45.38:928][  0]LogD3D11RHI: GPU Timing Frequency: 1000.000000 (Debug: 2 1)
[2021.01.15-20.45.39:536][  0]LogTargetPlatformManager: Display: Loaded TargetPlatform 'AllDesktop'
[2021.01.15-20.45.39:580][  0]LogTargetPlatformManager: Display: Loaded TargetPlatform 'Android'
[2021.01.15-20.45.39:580][  0]LogTargetPlatformManager: Display: Loaded TargetPlatform 'Android_ASTC'
[2021.01.15-20.45.39:580][  0]LogTargetPlatformManager: Display: Loaded TargetPlatform 'Android_DXT'
[2021.01.15-20.45.39:580][  0]LogTargetPlatformManager: Display: Loaded TargetPlatform 'Android_ETC2'
[2021.01.15-20.45.39:580][  0]LogTargetPlatformManager: Display: Loaded TargetPlatform 'AndroidClient'
[2021.01.15-20.45.39:580][  0]LogTargetPlatformManager: Display: Loaded TargetPlatform 'Android_ASTCClient'
[2021.01.15-20.45.39:580][  0]LogTargetPlatformManager: Display: Loaded TargetPlatform 'Android_DXTClient'
[2021.01.15-20.45.39:580][  0]LogTargetPlatformManager: Display: Loaded TargetPlatform 'Android_ETC2Client'
[2021.01.15-20.45.39:580][  0]LogTargetPlatformManager: Display: Loaded TargetPlatform 'Android_Multi'
[2021.01.15-20.45.39:580][  0]LogTargetPlatformManager: Display: Loaded TargetPlatform 'Android_MultiClient'
[2021.01.15-20.45.39:687][  0]LogTargetPlatformManager: Display: Loaded TargetPlatform 'IOSClient'
[2021.01.15-20.45.39:687][  0]LogTargetPlatformManager: Display: Loaded TargetPlatform 'IOS'
[2021.01.15-20.45.39:731][  0]LogTargetPlatformManager: Display: Loaded TargetPlatform 'Linux'
[2021.01.15-20.45.39:757][  0]LogTargetPlatformManager: Display: Loaded TargetPlatform 'LinuxNoEditor'
[2021.01.15-20.45.39:781][  0]LogTargetPlatformManager: Display: Loaded TargetPlatform 'LinuxClient'
[2021.01.15-20.45.39:805][  0]LogTargetPlatformManager: Display: Loaded TargetPlatform 'LinuxServer'
[2021.01.15-20.45.39:842][  0]LogTargetPlatformManager: Display: Loaded TargetPlatform 'LinuxAArch64NoEditor'
[2021.01.15-20.45.39:867][  0]LogTargetPlatformManager: Display: Loaded TargetPlatform 'LinuxAArch64Client'
[2021.01.15-20.45.39:891][  0]LogTargetPlatformManager: Display: Loaded TargetPlatform 'LinuxAArch64Server'
[2021.01.15-20.45.39:938][  0]LogTargetPlatformManager: Display: Loaded TargetPlatform 'Lumin'
[2021.01.15-20.45.39:938][  0]LogTargetPlatformManager: Display: Loaded TargetPlatform 'LuminClient'
[2021.01.15-20.45.39:971][  0]LogTargetPlatformManager: Display: Loaded TargetPlatform 'TVOSClient'
[2021.01.15-20.45.39:971][  0]LogTargetPlatformManager: Display: Loaded TargetPlatform 'TVOS'
[2021.01.15-20.45.40:003][  0]LogTargetPlatformManager: Display: Loaded TargetPlatform 'WindowsNoEditor'
[2021.01.15-20.45.40:042][  0]LogTargetPlatformManager: Display: Loaded TargetPlatform 'Windows'
[2021.01.15-20.45.40:066][  0]LogTargetPlatformManager: Display: Loaded TargetPlatform 'WindowsClient'
[2021.01.15-20.45.40:097][  0]LogTargetPlatformManager: Display: Loaded TargetPlatform 'WindowsServer'
[2021.01.15-20.45.40:097][  0]LogTargetPlatformManager: Display: Building Assets For Windows
[2021.01.15-20.45.40:212][  0]LogAudioDebug: Display: Lib vorbis DLL was dynamically loaded.
[2021.01.15-20.45.40:884][  0]LogShaderCompilers: Guid format shader working directory is -46 characters bigger than the processId version (../../../../../UNREAL ENGINE PROJECTS/StealthGame_ProjectBase_4.25/Stealth_Game_UE/StealthGame/Intermediate/Shaders/WorkingDirectory/9584/).
[2021.01.15-20.45.40:885][  0]LogShaderCompilers: Cleaned the shader compiler working directory 'C:/Users/Vanilla/AppData/Local/Temp/UnrealShaderWorkingDir/D6B8D1954F97D9BEF82FCD84678BE824/'.
[2021.01.15-20.45.40:885][  0]LogXGEController: Cleaning working directory: C:/Users/Vanilla/AppData/Local/Temp/UnrealXGEWorkingDir/
[2021.01.15-20.45.40:885][  0]LogXGEController: Cannot use XGE Controller as Incredibuild is not installed on this machine.
[2021.01.15-20.45.40:885][  0]LogShaderCompilers: Cannot use XGE Shader Compiler as Incredibuild is not installed on this machine.
[2021.01.15-20.45.40:885][  0]LogShaderCompilers: Display: Using Local Shader Compiler.
[2021.01.15-20.45.44:152][  0]LogDerivedDataCache: Display: Max Cache Size: 512 MB
[2021.01.15-20.45.44:197][  0]LogDerivedDataCache: Loaded boot cache 0.04s 77MB C:/Users/Vanilla/AppData/Local/UnrealEngine/4.25/DerivedDataCache/Boot.ddc.
[2021.01.15-20.45.44:197][  0]LogDerivedDataCache: Display: Loaded Boot cache: C:/Users/Vanilla/AppData/Local/UnrealEngine/4.25/DerivedDataCache/Boot.ddc
[2021.01.15-20.45.44:197][  0]LogDerivedDataCache: FDerivedDataBackendGraph:  Pak pak cache file ../../../../../UNREAL ENGINE PROJECTS/StealthGame_ProjectBase_4.25/Stealth_Game_UE/StealthGame/DerivedDataCache/DDC.ddp not found, will not use a pak cache.
[2021.01.15-20.45.44:197][  0]LogDerivedDataCache: Unable to find inner node Pak for hierarchical cache Hierarchy.
[2021.01.15-20.45.44:197][  0]LogDerivedDataCache: FDerivedDataBackendGraph:  CompressedPak pak cache file ../../../../../UNREAL ENGINE PROJECTS/StealthGame_ProjectBase_4.25/Stealth_Game_UE/StealthGame/DerivedDataCache/Compressed.ddp not found, will not use a pak cache.
[2021.01.15-20.45.44:197][  0]LogDerivedDataCache: Unable to find inner node CompressedPak for hierarchical cache Hierarchy.
[2021.01.15-20.45.44:235][  0]LogDerivedDataCache: Display: Pak cache opened for reading ../../../Engine/DerivedDataCache/Compressed.ddp.
[2021.01.15-20.45.44:235][  0]LogDerivedDataCache: FDerivedDataBackendGraph:  EnterprisePak pak cache file ../../../Enterprise/DerivedDataCache/Compressed.ddp not found, will not use a pak cache.
[2021.01.15-20.45.44:235][  0]LogDerivedDataCache: Unable to find inner node EnterprisePak for hierarchical cache Hierarchy.
[2021.01.15-20.45.44:236][  0]LogDerivedDataCache: Using Local data cache path C:/Users/Vanilla/AppData/Local/UnrealEngine/Common/DerivedDataCache: Writable
[2021.01.15-20.45.44:236][  0]LogDerivedDataCache: Shared data cache path not found in *engine.ini, will not use an Shared cache.
[2021.01.15-20.45.44:236][  0]LogDerivedDataCache: Unable to find inner node Shared for hierarchical cache Hierarchy.
[2021.01.15-20.45.44:285][  0]LogSlate: Using FreeType 2.10.0
[2021.01.15-20.45.44:304][  0]LogSlate: SlateFontServices - WITH_FREETYPE: 1, WITH_HARFBUZZ: 1
[2021.01.15-20.45.44:587][  0]LogAssetRegistry: FAssetRegistry took 0.0024 seconds to start up
[2021.01.15-20.45.44:841][  0]LogInit: Selected Device Profile: [Windows]
[2021.01.15-20.45.45:539][  0]LogMeshReduction: Using QuadricMeshReduction for automatic static mesh reduction
[2021.01.15-20.45.45:539][  0]LogMeshReduction: Using SimplygonMeshReduction for automatic skeletal mesh reduction
[2021.01.15-20.45.45:539][  0]LogMeshReduction: Using ProxyLODMeshReduction for automatic mesh merging
[2021.01.15-20.45.45:539][  0]LogMeshReduction: No distributed automatic mesh merging module available
[2021.01.15-20.45.45:539][  0]LogMeshMerging: No distributed automatic mesh merging module available
[2021.01.15-20.45.45:624][  0]LogNetVersion: FPSGame 1.0.0, NetCL: 13144385, EngineNetVer: 14, GameNetVer: 0 (Checksum: 1304077534)
[2021.01.15-20.45.49:634][  0]LogAISub: UAISubsystem::UAISubsystem AISubsystem (0000028FB5CB10C0), frame # 0
[2021.01.15-20.45.49:634][  0]LogAISub: UAISubsystem::UAISubsystem AIPerceptionSystem (0000028FB5B68180), frame # 0
[2021.01.15-20.45.49:635][  0]LogAISub: UAISubsystem::UAISubsystem EnvQueryManager (0000028FB5B75C00), frame # 0
[2021.01.15-20.45.49:718][  0]LogPackageLocalizationCache: Processed 19 localized package path(s) for 1 prioritized culture(s) in 0.050744 seconds
[2021.01.15-20.45.49:723][  0]LogUObjectArray: 15917 objects as part of root set at end of initial load.
[2021.01.15-20.45.49:723][  0]LogUObjectAllocator: 3965568 out of 0 bytes used by permanent object pool.
[2021.01.15-20.45.49:723][  0]LogUObjectArray: CloseDisregardForGC: 0/0 objects in disregard for GC pool
[2021.01.15-20.45.52:682][  0]LogTcpMessaging: Initializing TcpMessaging bridge
[2021.01.15-20.45.52:719][  0]LogUdpMessaging: Initializing bridge on interface 0.0.0.0:0 to multicast group 230.0.0.1:6666.
[2021.01.15-20.45.53:541][  0]SourceControl: Source control is disabled
[2021.01.15-20.45.53:541][  0]SourceControl: Source control is disabled
[2021.01.15-20.45.53:588][  0]SourceControl: Source control is disabled
[2021.01.15-20.45.53:620][  0]SourceControl: Source control is disabled
[2021.01.15-20.45.53:687][  0]SourceControl: Source control is disabled
[2021.01.15-20.45.55:975][  0]LogAndroidPermission: UAndroidPermissionCallbackProxy::GetInstance
[2021.01.15-20.45.56:171][  0]LogAudioCaptureCore: Display: No Audio Capture implementations found. Audio input will be silent.
[2021.01.15-20.45.56:171][  0]LogAudioCaptureCore: Display: No Audio Capture implementations found. Audio input will be silent.
[2021.01.15-20.45.56:554][  0]LogOcInput: OculusInput pre-init called
[2021.01.15-20.45.56:623][  0]LogWindows: Failed to load 'OVRPlugin.dll' (GetLastError=126)
[2021.01.15-20.45.56:623][  0]LogWindows: File 'OVRPlugin.dll' does not exist
[2021.01.15-20.45.56:967][  0]LogEngine: Initializing Engine...
[2021.01.15-20.45.56:968][  0]LogHMD: Failed to initialize OpenVR with code 110
[2021.01.15-20.45.56:968][  0]LogMagicLeap: Warning: VR disabled because ZI is not enabled.  To enable, in the editor, Edit -> Project Settings -> Plugins -> Magic Leap Plugin -> Enable Zero Iteration
[2021.01.15-20.45.56:968][  0]LogStats: UGameplayTagsManager::InitializeManager -  0.000 s
[2021.01.15-20.45.57:555][  0]LogInit: Initializing FReadOnlyCVARCache
[2021.01.15-20.45.57:587][  0]LogAIModule: Creating AISystem for world Untitled
[2021.01.15-20.45.57:587][  0]LogAISub: UAISubsystem::UAISubsystem EnvQueryManager (0000028FBBB5BC00), frame # 0
[2021.01.15-20.45.57:587][  0]LogAISub: UAISubsystem::UAISubsystem AIPerceptionSystem (0000028FBBBC0B80), frame # 0
[2021.01.15-20.45.57:623][  0]LogAudioMixer: Display: Audio Mixer Platform Settings:
[2021.01.15-20.45.57:623][  0]LogAudioMixer: Display: 	Sample Rate:						  48000
[2021.01.15-20.45.57:623][  0]LogAudioMixer: Display: 	Callback Buffer Frame Size Requested: 1024
[2021.01.15-20.45.57:623][  0]LogAudioMixer: Display: 	Callback Buffer Frame Size To Use:	  1024
[2021.01.15-20.45.57:623][  0]LogAudioMixer: Display: 	Number of buffers to queue:			  2
[2021.01.15-20.45.57:623][  0]LogAudioMixer: Display: 	Max Channels (voices):				  32
[2021.01.15-20.45.57:623][  0]LogAudioMixer: Display: 	Number of Async Source Workers:		  0
[2021.01.15-20.45.57:623][  0]LogAudio: Display: AudioDevice MaxSources: 32
[2021.01.15-20.45.57:624][  0]LogAudio: Display: Using built-in audio occlusion.
[2021.01.15-20.45.57:624][  0]LogAudioMixer: Display: Initializing audio mixer.
[2021.01.15-20.45.57:680][  0]LogAudioMixer: Display: 0: FrontLeft
[2021.01.15-20.45.57:680][  0]LogAudioMixer: Display: 1: FrontRight
[2021.01.15-20.45.57:680][  0]LogAudioMixer: Display: 2: FrontCenter
[2021.01.15-20.45.57:680][  0]LogAudioMixer: Display: 3: LowFrequency
[2021.01.15-20.45.57:680][  0]LogAudioMixer: Display: 4: BackLeft
[2021.01.15-20.45.57:680][  0]LogAudioMixer: Display: 5: BackRight
[2021.01.15-20.45.57:680][  0]LogAudioMixer: Display: 6: SideLeft
[2021.01.15-20.45.57:680][  0]LogAudioMixer: Display: 7: SideRight
[2021.01.15-20.45.57:865][  0]LogAudioMixer: Display: Using Audio Device Headset Earphone (CORSAIR VOID ELITE USB Gaming Headset)
[2021.01.15-20.45.57:865][  0]LogAudioMixer: Display: Initializing Sound Submixes...
[2021.01.15-20.45.57:890][  0]LogAudioMixer: Display: Creating Master Submix 'MasterSubmixDefault'
[2021.01.15-20.45.57:890][  0]LogAudioMixer: Display: Creating Master Submix 'MasterReverbSubmixDefault'
[2021.01.15-20.45.57:891][  0]LogAudioMixer: Display: Creating Master Submix 'MasterEQSubmixDefault'
[2021.01.15-20.45.57:892][  0]LogInit: FAudioDevice initialized.
[2021.01.15-20.45.57:892][  0]LogNetVersion: Set ProjectVersion to 1.0.0.0. Version Checksum will be recalculated on next use.
[2021.01.15-20.45.57:979][  0]LogDerivedDataCache: Saved boot cache 0.09s 78MB C:/Users/Vanilla/AppData/Local/UnrealEngine/4.25/DerivedDataCache/Boot.ddc.
[2021.01.15-20.45.57:983][  0]LogInit: Texture streaming: Enabled
[2021.01.15-20.45.58:101][  0]LogEngineSessionManager: EngineSessionManager initialized
[2021.01.15-20.45.58:101][  0]LogEditorSessionSummary: Verbose: Initializing EditorSessionSummaryWriter for editor session tracking
[2021.01.15-20.45.58:111][  0]LogEditorSessionSummary: EditorSessionSummaryWriter initialized
[2021.01.15-20.45.58:256][  0]LogInit: Transaction tracking system initialized
[2021.01.15-20.45.58:465][  0]BlueprintLog: New page: Editor Load
[2021.01.15-20.45.59:143][  0]LocalizationService: Localization service is disabled
[2021.01.15-20.46.00:377][  0]LogCook: Display: Max memory allowance for cook 16384mb min free memory 0mb
[2021.01.15-20.46.00:377][  0]LogCook: Display: Mobile HDR setting 1
[2021.01.15-20.46.01:201][  0]LogFileCache: Scanning file cache for directory 'F:/UNREAL ENGINE PROJECTS/StealthGame_ProjectBase_4.25/Stealth_Game_UE/StealthGame/Content/' took 0.00s
[2021.01.15-20.46.01:936][  0]SourceControl: Source control is disabled
[2021.01.15-20.46.01:936][  0]LogUnrealEdMisc: Loading editor; pre map load, took 33.536
[2021.01.15-20.46.01:936][  0]Cmd: MAP LOAD FILE="../../../../../UNREAL ENGINE PROJECTS/StealthGame_ProjectBase_4.25/Stealth_Game_UE/StealthGame/Content/Maps/FirstPersonExampleMap.umap" TEMPLATE=0 SHOWPROGRESS=1 FEATURELEVEL=3
[2021.01.15-20.46.01:937][  0]LightingResults: New page: Lighting Build
[2021.01.15-20.46.01:937][  0]LogWorld: UWorld::CleanupWorld for Untitled, bSessionEnded=true, bCleanupResources=true
[2021.01.15-20.46.01:937][  0]LogSlate: InvalidateAllWidgets triggered.  All widgets were invalidated
[2021.01.15-20.46.01:938][  0]MapCheck: New page: Map Check
[2021.01.15-20.46.01:938][  0]LightingResults: New page: Lighting Build
[2021.01.15-20.46.01:966][  0]LogAISub: UAISubsystem::~UAISubsystem EnvQueryManager (0000028FBBB5BC00), frame # 0
[2021.01.15-20.46.01:966][  0]LogAISub: UAISubsystem::~UAISubsystem AIPerceptionSystem (0000028FBBBC0B80), frame # 0
[2021.01.15-20.46.01:966][  0]LogUObjectHash: Compacting FUObjectHashTables data took   0.73ms
[2021.01.15-20.46.02:164][  0]LogAIModule: Creating AISystem for world FirstPersonExampleMap
[2021.01.15-20.46.02:164][  0]LogAISub: UAISubsystem::UAISubsystem EnvQueryManager (0000028FBBF1FE00), frame # 0
[2021.01.15-20.46.02:164][  0]LogAISub: UAISubsystem::UAISubsystem AIPerceptionSystem (0000028FB9A09BC0), frame # 0
[2021.01.15-20.46.02:186][  0]LogEditorServer: Finished looking for orphan Actors (0.000 secs)
[2021.01.15-20.46.02:200][  0]LogUObjectHash: Compacting FUObjectHashTables data took   0.58ms
[2021.01.15-20.46.02:200][  0]Cmd: MAP CHECKDEP NOCLEARLOG
[2021.01.15-20.46.02:200][  0]MapCheck: Map check complete: 0 Error(s), 0 Warning(s), took 0.116ms to complete.
[2021.01.15-20.46.02:200][  0]LogFileHelpers: Loading map 'FirstPersonExampleMap' took 0.263
[2021.01.15-20.46.02:202][  0]LogUnrealEdMisc: Total Editor Startup Time, took 33.802
[2021.01.15-20.46.02:320][  0]LogSlate: Updating window title bar state: overlay mode, drag disabled, window buttons hidden, title bar hidden
[2021.01.15-20.46.02:326][  0]LogSlate: Updating window title bar state: overlay mode, drag disabled, window buttons hidden, title bar hidden
[2021.01.15-20.46.02:333][  0]LogSlate: Updating window title bar state: overlay mode, drag disabled, window buttons hidden, title bar hidden
[2021.01.15-20.46.02:339][  0]LogSlate: Updating window title bar state: overlay mode, drag disabled, window buttons hidden, title bar hidden
[2021.01.15-20.46.02:373][  0]LogCollectionManager: Loaded 0 collections in 0.000953 seconds
[2021.01.15-20.46.02:387][  0]LogFileCache: Scanning file cache for directory 'F:/UNREAL ENGINE PROJECTS/StealthGame_ProjectBase_4.25/Stealth_Game_UE/StealthGame/Saved/Collections/' took 0.00s
[2021.01.15-20.46.02:387][  0]LogFileCache: Scanning file cache for directory 'F:/UNREAL ENGINE PROJECTS/StealthGame_ProjectBase_4.25/Stealth_Game_UE/StealthGame/Content/Developers/Vanilla/Collections/' took 0.00s
[2021.01.15-20.46.02:387][  0]LogFileCache: Scanning file cache for directory 'F:/UNREAL ENGINE PROJECTS/StealthGame_ProjectBase_4.25/Stealth_Game_UE/StealthGame/Content/Collections/' took 0.00s
[2021.01.15-20.46.02:387][  0]LogContentBrowser: Native class hierarchy populated in 0.0099 seconds. Added 3432 classes and 824 folders.
[2021.01.15-20.46.02:390][  0]LogContentBrowser: Native class hierarchy updated for 'WidgetCarousel' in 0.0004 seconds. Added 0 classes and 0 folders.
[2021.01.15-20.46.02:878][  0]LogContentBrowser: Native class hierarchy updated for 'AddContentDialog' in 0.0004 seconds. Added 0 classes and 0 folders.
[2021.01.15-20.46.02:970][  0]LogSlate: Took 0.006145 seconds to synchronously load lazily loaded font '../../../Engine/Content/Slate/Fonts/Roboto-Regular.ttf' (155K)
[2021.01.15-20.46.02:979][  0]LogSlate: Took 0.005435 seconds to synchronously load lazily loaded font '../../../Engine/Content/Slate/Fonts/Roboto-Bold.ttf' (160K)
[2021.01.15-20.46.02:987][  0]LogSlate: Took 0.005512 seconds to synchronously load lazily loaded font '../../../Engine/Content/Editor/Slate/Fonts/FontAwesome.ttf' (139K)
[2021.01.15-20.46.03:102][  0]LogRenderer: Reallocating scene render targets to support 1304x500 Format 10 NumSamples 1 (Frame:1).
[2021.01.15-20.46.03:150][  0]LogSlate: Took 0.005136 seconds to synchronously load lazily loaded font '../../../Engine/Content/Slate/Fonts/Roboto-Light.ttf' (167K)
[2021.01.15-20.46.04:569][  0]LogContentBrowser: Native class hierarchy updated for 'HierarchicalLODOutliner' in 0.0005 seconds. Added 0 classes and 0 folders.
[2021.01.15-20.46.04:569][  0]LogLoad: (Engine Initialization) Total time: 36.17 seconds
[2021.01.15-20.46.04:569][  0]LogLoad: (Engine Initialization) Total Blueprint compile time: 0.00 seconds
[2021.01.15-20.46.04:610][  0]LogAssetRegistry: Asset discovery search completed in 20.0242 seconds
[2021.01.15-20.46.04:613][  0]LogCollectionManager: Fixed up redirectors for 0 collections in 0.000002 seconds (updated 0 objects)
[2021.01.15-20.46.04:614][  0]LogContentStreaming: Texture pool size now 1000 MB
[2021.01.15-20.46.45:179][558]LogSlate: Took 0.000223 seconds to synchronously load lazily loaded font '../../../Engine/Content/Slate/Fonts/Roboto-Light.ttf' (167K)
[2021.01.15-20.46.45:202][558]LogAssetEditorSubsystem: Opening Asset editor for Class /Script/FPSGame.FPSCharacter
[2021.01.15-20.57.26:408][532]LogSlate: Window 'Pick Parent Class' being destroyed
[2021.01.15-20.57.35:017][512]LogAssetEditorSubsystem: Opening Asset editor for Blueprint /Game/Blueprints/BP_Objective.BP_Objective
[2021.01.15-20.57.35:504][512]LogContentBrowser: Native class hierarchy updated for 'BlueprintGraph' in 0.0008 seconds. Added 125 classes and 0 folders.
[2021.01.15-20.57.38:294][660]LogRenderer: Reallocating scene render targets to support 1304x692 Format 10 NumSamples 1 (Frame:123).
[2021.01.15-20.57.38:446][670]LogSlate: Window 'BP_Objective' being destroyed
[2021.01.15-20.57.50:212][ 11]LogSlate: Took 0.033011 seconds to synchronously load lazily loaded font '../../../Engine/Content/Slate/Fonts/Roboto-Italic.ttf' (157K)
[2021.01.15-20.57.51:005][ 96]LogSavePackage: Moving '../../../../../UNREAL ENGINE PROJECTS/StealthGame_ProjectBase_4.25/Stealth_Game_UE/StealthGame/Saved/BP_Objective1C0C4DF8453E5121F4475783B0FDAEBE.tmp' to '../../../../../UNREAL ENGINE PROJECTS/StealthGame_ProjectBase_4.25/Stealth_Game_UE/StealthGame/Content/Blueprints/BP_Objective.uasset'
[2021.01.15-20.57.51:022][ 96]AssetCheck: New page: Asset Save: BP_Objective
[2021.01.15-20.57.51:022][ 96]LogContentValidation: Display: Validating Blueprint /Game/Blueprints/BP_Objective.BP_Objective
[2021.01.15-20.57.51:632][168]BlueprintLog: New page: Compile BP_Objective
[2021.01.15-20.57.51:667][168]LogUObjectHash: Compacting FUObjectHashTables data took   2.09ms
[2021.01.15-20.57.51:686][168]LogSlate: Took 0.007306 seconds to synchronously load lazily loaded font '../../../Engine/Content/Slate/Fonts/DroidSansMono.ttf' (77K)
[2021.01.15-20.58.36:419][275]Candidate modules for hot reload:
[2021.01.15-20.58.36:419][275]  FPSGame
[2021.01.15-20.58.36:419][275]Launching UnrealBuildTool... [F:/UNREAL ENGINE/UE_4.25/Engine/Binaries/DotNET/UnrealBuildTool.exe  -ModuleWithSuffix=FPSGame,3933 FPSGameEditor Win64 Development -Project="F:/UNREAL ENGINE PROJECTS/StealthGame_ProjectBase_4.25/Stealth_Game_UE/StealthGame/FPSGame.uproject" "F:/UNREAL ENGINE PROJECTS/StealthGame_ProjectBase_4.25/Stealth_Game_UE/StealthGame/FPSGame.uproject"  -IgnoreJunk]
[2021.01.15-20.58.36:423][275]Warning: Starting HotReload took  0.0s.
[2021.01.15-20.58.50:623][ 61]LogRenderer: Reallocating scene render targets to support 1500x692 Format 10 NumSamples 1 (Frame:5239).
[2021.01.15-20.59.29:665][548]CompilerResultsLog: New page: Compilation - Jan. 15, 2021, 10:59:29 a.m.
[2021.01.15-20.59.29:665][548]CompilerResultsLog: Using 'git status' to determine working set for adaptive non-unity build (F:\UNREAL ENGINE PROJECTS\StealthGame_ProjectBase_4.25\Stealth_Game_UE).
[2021.01.15-20.59.29:665][548]CompilerResultsLog: Invalidating makefile for FPSGameEditor (source file removed)
[2021.01.15-20.59.29:665][548]CompilerResultsLog: Parsing headers for FPSGameEditor
[2021.01.15-20.59.29:665][548]CompilerResultsLog:   Running UnrealHeaderTool "F:\UNREAL ENGINE PROJECTS\StealthGame_ProjectBase_4.25\Stealth_Game_UE\StealthGame\FPSGame.uproject" "F:\UNREAL ENGINE PROJECTS\StealthGame_ProjectBase_4.25\Stealth_Game_UE\StealthGame\Intermediate\Build\Win64\FPSGameEditor\Development\FPSGameEditor.uhtmanifest" -LogCmds="loginit warning, logexit warning, logdatabase error" -Unattended -WarningsAsErrors -abslog="C:\Users\Vanilla\AppData\Local\UnrealBuildTool\Log_UHT.txt" -installed
[2021.01.15-20.59.29:665][548]CompilerResultsLog: Reflection code generated for FPSGameEditor in 25.8977768 seconds
[2021.01.15-20.59.29:665][548]CompilerResultsLog: Building FPSGameEditor...
[2021.01.15-20.59.29:665][548]CompilerResultsLog: Using Visual Studio 2019 14.28.29336 toolchain (C:\Program Files (x86)\Microsoft Visual Studio\2019\Community\VC\Tools\MSVC\14.28.29333) and Windows 10.0.18362.0 SDK (C:\Program Files (x86)\Windows Kits\10).
[2021.01.15-20.59.29:665][548]CompilerResultsLog: [Upgrade]
[2021.01.15-20.59.29:665][548]CompilerResultsLog: [Upgrade] Using backward-compatible build settings. The latest version of UE4 sets the following values by default, which may require code changes:
[2021.01.15-20.59.29:665][548]CompilerResultsLog: [Upgrade]     bLegacyPublicIncludePaths = false                 => Omits subfolders from public include paths to reduce compiler command line length. (Previously: true).
[2021.01.15-20.59.29:665][548]CompilerResultsLog: [Upgrade]     ShadowVariableWarningLevel = WarningLevel.Error   => Treats shadowed variable warnings as errors. (Previously: WarningLevel.Warning).
[2021.01.15-20.59.29:666][548]CompilerResultsLog: [Upgrade]     PCHUsage = PCHUsageMode.UseExplicitOrSharedPCHs   => Set in build.cs files to enables IWYU-style PCH model. See https://docs.unrealengine.com/en-US/Programming/BuildTools/UnrealBuildTool/IWYU/index.html. (Previously: PCHUsageMode.UseSharedPCHs).
[2021.01.15-20.59.29:666][548]CompilerResultsLog: [Upgrade] Suppress this message by setting 'DefaultBuildSettings = BuildSettingsVersion.V2;' in FPSGameEditor.Target.cs, and explicitly overriding settings that differ from the new defaults.
[2021.01.15-20.59.29:666][548]CompilerResultsLog: [Upgrade]
[2021.01.15-20.59.29:666][548]CompilerResultsLog: Building 16 actions with 16 processes...
[2021.01.15-20.59.29:666][548]CompilerResultsLog:   [1/16] SharedPCH.Engine.cpp
[2021.01.15-20.59.29:666][548]CompilerResultsLog:   [2/16] FPSGame.cpp
[2021.01.15-20.59.29:666][548]CompilerResultsLog:   [3/16] FPSGame.init.gen.cpp
[2021.01.15-20.59.29:666][548]CompilerResultsLog:   [4/16] FPSObjectiveActor.cpp
[2021.01.15-20.59.29:666][548]CompilerResultsLog:   [5/16] FPSHUD.cpp
[2021.01.15-20.59.29:666][548]CompilerResultsLog:   [6/16] FPSProjectile.cpp
[2021.01.15-20.59.29:666][548]CompilerResultsLog:   [7/16] FPSGameMode.gen.cpp
[2021.01.15-20.59.29:666][548]CompilerResultsLog:   [8/16] FPSObjectiveActor.gen.cpp
[2021.01.15-20.59.29:666][548]CompilerResultsLog:   [9/16] FPSProjectile.gen.cpp
[2021.01.15-20.59.29:666][548]CompilerResultsLog:   [10/16] FPSGameMode.cpp
[2021.01.15-20.59.29:666][548]CompilerResultsLog:   [11/16] FPSHUD.gen.cpp
[2021.01.15-20.59.29:666][548]CompilerResultsLog:   [12/16] FPSCharacter.gen.cpp
[2021.01.15-20.59.29:666][548]CompilerResultsLog:   [13/16] FPSCharacter.cpp
[2021.01.15-20.59.29:666][548]CompilerResultsLog:   [14/16] UE4Editor-FPSGame-3933.lib
[2021.01.15-20.59.29:666][548]CompilerResultsLog:      Creating library F:\UNREAL ENGINE PROJECTS\StealthGame_ProjectBase_4.25\Stealth_Game_UE\StealthGame\Intermediate\Build\Win64\UE4Editor\Development\FPSGame\UE4Editor-FPSGame-3933.lib and object F:\UNREAL ENGINE PROJECTS\StealthGame_ProjectBase_4.25\Stealth_Game_UE\StealthGame\Intermediate\Build\Win64\UE4Editor\Development\FPSGame\UE4Editor-FPSGame-3933.exp
[2021.01.15-20.59.29:666][548]CompilerResultsLog:   [15/16] UE4Editor-FPSGame-3933.dll
[2021.01.15-20.59.29:666][548]CompilerResultsLog:      Creating library F:\UNREAL ENGINE PROJECTS\StealthGame_ProjectBase_4.25\Stealth_Game_UE\StealthGame\Intermediate\Build\Win64\UE4Editor\Development\FPSGame\UE4Editor-FPSGame-3933.suppressed.lib and object F:\UNREAL ENGINE PROJECTS\StealthGame_ProjectBase_4.25\Stealth_Game_UE\StealthGame\Intermediate\Build\Win64\UE4Editor\Development\FPSGame\UE4Editor-FPSGame-3933.suppressed.exp
[2021.01.15-20.59.29:666][548]CompilerResultsLog:   [16/16] FPSGameEditor.target
[2021.01.15-20.59.29:666][548]CompilerResultsLog: Total time in Parallel executor: 24.81 seconds
[2021.01.15-20.59.29:666][548]CompilerResultsLog: Total execution time: 53.15 seconds
[2021.01.15-20.59.29:666][548]LogMainFrame: MainFrame: Module compiling took 53.250 seconds
[2021.01.15-20.59.29:697][548]LogContentBrowser: Native class hierarchy updated for 'FPSGame' in 0.0005 seconds. Added 5 classes and 3 folders.
[2021.01.15-20.59.29:699][548]Display: HotReload successful (1 functions remapped  0 scriptstructs remapped)
[2021.01.15-20.59.29:753][548]LogContentBrowser: Native class hierarchy populated in 0.0100 seconds. Added 3432 classes and 824 folders.
[2021.01.15-20.59.29:761][548]Display: HotReload took 53.4s.
[2021.01.15-20.59.51:532][662]LogContentBrowser: Native class hierarchy updated for 'SceneOutliner' in 0.0005 seconds. Added 2 classes and 0 folders.
[2021.01.15-21.07.26:803][295]LogUObjectHash: Compacting FUObjectHashTables data took   4.57ms
[2021.01.15-21.07.26:868][295]LogSavePackage: Moving '../../../../../UNREAL ENGINE PROJECTS/StealthGame_ProjectBase_4.25/Stealth_Game_UE/StealthGame/Saved/FirstPersonExampleMap_Auto1E6D0588541B113734D0BADAD3060CCA0.tmp' to '../../../../../UNREAL ENGINE PROJECTS/StealthGame_ProjectBase_4.25/Stealth_Game_UE/StealthGame/Saved/Autosaves/Game/Maps/FirstPersonExampleMap_Auto1.umap'
[2021.01.15-21.07.26:873][295]LogFileHelpers: Editor autosave (incl. sublevels) for '/Game/Maps/FirstPersonExampleMap' took 0.155
[2021.01.15-21.07.26:873][295]LogFileHelpers: Editor autosave (incl. sublevels) for all levels took 0.155
[2021.01.15-22.13.02:006][655]LogHotReload: New module detected: UE4Editor-FPSGame-0007.dll
[2021.01.15-22.13.02:699][658]LogHotReload: Starting Hot-Reload from IDE
[2021.01.15-22.13.02:763][658]LogClass: Could not find existing class FPSObjectiveActor in package /Script/FPSGame for HotReload, assuming new class
[2021.01.15-22.13.02:777][658]LogHotReload: Re-instancing FPSObjectiveActor after hot-reload.
[2021.01.15-22.13.02:903][658]LogContentBrowser: Native class hierarchy updated for 'FPSGame' in 0.0005 seconds. Added 5 classes and 3 folders.
[2021.01.15-22.13.02:908][658]Display: HotReload successful (1 functions remapped  0 scriptstructs remapped)
[2021.01.15-22.13.03:002][658]LogContentBrowser: Native class hierarchy populated in 0.0151 seconds. Added 3432 classes and 824 folders.
[2021.01.15-22.13.03:013][658]Display: HotReload took  0.3s.
[2021.01.15-22.13.30:288][637]Candidate modules for hot reload:
[2021.01.15-22.13.30:288][637]  FPSGame
[2021.01.15-22.13.30:288][637]Launching UnrealBuildTool... [F:/UNREAL ENGINE/UE_4.25/Engine/Binaries/DotNET/UnrealBuildTool.exe  -ModuleWithSuffix=FPSGame,2388 FPSGameEditor Win64 Development -Project="F:/UNREAL ENGINE PROJECTS/StealthGame_ProjectBase_4.25/Stealth_Game_UE/StealthGame/FPSGame.uproject" "F:/UNREAL ENGINE PROJECTS/StealthGame_ProjectBase_4.25/Stealth_Game_UE/StealthGame/FPSGame.uproject"  -IgnoreJunk]
[2021.01.15-22.13.30:291][637]Warning: Starting HotReload took  0.0s.
[2021.01.15-22.13.32:014][801]CompilerResultsLog: New page: Compilation - Jan. 15, 2021, 12:13:32 p.m.
[2021.01.15-22.13.32:014][801]CompilerResultsLog: Using 'git status' to determine working set for adaptive non-unity build (F:\UNREAL ENGINE PROJECTS\StealthGame_ProjectBase_4.25\Stealth_Game_UE).
[2021.01.15-22.13.32:014][801]CompilerResultsLog: Building FPSGameEditor...
[2021.01.15-22.13.32:014][801]CompilerResultsLog: Using Visual Studio 2019 14.28.29336 toolchain (C:\Program Files (x86)\Microsoft Visual Studio\2019\Community\VC\Tools\MSVC\14.28.29333) and Windows 10.0.18362.0 SDK (C:\Program Files (x86)\Windows Kits\10).
[2021.01.15-22.13.32:014][801]CompilerResultsLog: [Upgrade]
[2021.01.15-22.13.32:014][801]CompilerResultsLog: [Upgrade] Using backward-compatible build settings. The latest version of UE4 sets the following values by default, which may require code changes:
[2021.01.15-22.13.32:014][801]CompilerResultsLog: [Upgrade]     bLegacyPublicIncludePaths = false                 => Omits subfolders from public include paths to reduce compiler command line length. (Previously: true).
[2021.01.15-22.13.32:014][801]CompilerResultsLog: [Upgrade]     ShadowVariableWarningLevel = WarningLevel.Error   => Treats shadowed variable warnings as errors. (Previously: WarningLevel.Warning).
[2021.01.15-22.13.32:014][801]CompilerResultsLog: [Upgrade]     PCHUsage = PCHUsageMode.UseExplicitOrSharedPCHs   => Set in build.cs files to enables IWYU-style PCH model. See https://docs.unrealengine.com/en-US/Programming/BuildTools/UnrealBuildTool/IWYU/index.html. (Previously: PCHUsageMode.UseSharedPCHs).
[2021.01.15-22.13.32:014][801]CompilerResultsLog: [Upgrade] Suppress this message by setting 'DefaultBuildSettings = BuildSettingsVersion.V2;' in FPSGameEditor.Target.cs, and explicitly overriding settings that differ from the new defaults.
[2021.01.15-22.13.32:014][801]CompilerResultsLog: [Upgrade]
[2021.01.15-22.13.32:015][801]CompilerResultsLog: Building 3 actions with 16 processes...
[2021.01.15-22.13.32:015][801]CompilerResultsLog:   [1/3] UE4Editor-FPSGame-2388.lib
[2021.01.15-22.13.32:015][801]CompilerResultsLog:      Creating library F:\UNREAL ENGINE PROJECTS\StealthGame_ProjectBase_4.25\Stealth_Game_UE\StealthGame\Intermediate\Build\Win64\UE4Editor\Development\FPSGame\UE4Editor-FPSGame-2388.lib and object F:\UNREAL ENGINE PROJECTS\StealthGame_ProjectBase_4.25\Stealth_Game_UE\StealthGame\Intermediate\Build\Win64\UE4Editor\Development\FPSGame\UE4Editor-FPSGame-2388.exp
[2021.01.15-22.13.32:015][801]CompilerResultsLog:   [2/3] UE4Editor-FPSGame-2388.dll
[2021.01.15-22.13.32:015][801]CompilerResultsLog:      Creating library F:\UNREAL ENGINE PROJECTS\StealthGame_ProjectBase_4.25\Stealth_Game_UE\StealthGame\Intermediate\Build\Win64\UE4Editor\Development\FPSGame\UE4Editor-FPSGame-2388.suppressed.lib and object F:\UNREAL ENGINE PROJECTS\StealthGame_ProjectBase_4.25\Stealth_Game_UE\StealthGame\Intermediate\Build\Win64\UE4Editor\Development\FPSGame\UE4Editor-FPSGame-2388.suppressed.exp
[2021.01.15-22.13.32:015][801]CompilerResultsLog:   [3/3] FPSGameEditor.target
[2021.01.15-22.13.32:015][801]CompilerResultsLog: Total time in Parallel executor: 0.97 seconds
[2021.01.15-22.13.32:015][801]CompilerResultsLog: Total execution time: 1.64 seconds
[2021.01.15-22.13.32:015][801]LogMainFrame: MainFrame: Module compiling took 1.730 seconds
[2021.01.15-22.13.32:058][801]LogContentBrowser: Native class hierarchy updated for 'FPSGame' in 0.0005 seconds. Added 5 classes and 3 folders.
[2021.01.15-22.13.32:063][801]Display: HotReload successful (1 functions remapped  0 scriptstructs remapped)
[2021.01.15-22.13.32:172][801]LogContentBrowser: Native class hierarchy populated in 0.0153 seconds. Added 3432 classes and 824 folders.
[2021.01.15-22.13.32:182][801]Display: HotReload took  1.9s.
[2021.01.15-22.15.39:957][977]BlueprintLog: New page: Compile BP_Objective
[2021.01.15-22.15.40:191][977]LogUObjectHash: Compacting FUObjectHashTables data took   7.60ms
[2021.01.15-22.16.17:677][825]BlueprintLog: New page: Compile BP_Objective
[2021.01.15-22.16.17:827][825]LogUObjectHash: Compacting FUObjectHashTables data took   3.75ms
[2021.01.15-22.16.18:610][869]LogSavePackage: Moving '../../../../../UNREAL ENGINE PROJECTS/StealthGame_ProjectBase_4.25/Stealth_Game_UE/StealthGame/Saved/BP_ObjectiveD804B12D4B1D56550123AEAF71EB888B.tmp' to '../../../../../UNREAL ENGINE PROJECTS/StealthGame_ProjectBase_4.25/Stealth_Game_UE/StealthGame/Content/Blueprints/BP_Objective.uasset'
[2021.01.15-22.16.18:625][869]AssetCheck: New page: Asset Save: BP_Objective
[2021.01.15-22.16.18:625][869]LogContentValidation: Display: Validating Blueprint /Game/Blueprints/BP_Objective.BP_Objective
[2021.01.15-22.16.59:621][492]LogUObjectHash: Compacting FUObjectHashTables data took   3.01ms
[2021.01.15-22.16.59:671][492]LogSavePackage: Moving '../../../../../UNREAL ENGINE PROJECTS/StealthGame_ProjectBase_4.25/Stealth_Game_UE/StealthGame/Saved/FirstPersonExampleMap179A7CF4488B172ED6D812BE952D0410.tmp' to '../../../../../UNREAL ENGINE PROJECTS/StealthGame_ProjectBase_4.25/Stealth_Game_UE/StealthGame/Content/Maps/FirstPersonExampleMap.umap'
[2021.01.15-22.16.59:780][492]LogSavePackage: Moving '../../../../../UNREAL ENGINE PROJECTS/StealthGame_ProjectBase_4.25/Stealth_Game_UE/StealthGame/Saved/FirstPersonExampleMap_BuiltDataBA5EDED04A4B89E4C80182BD86D43DC3.tmp' to '../../../../../UNREAL ENGINE PROJECTS/StealthGame_ProjectBase_4.25/Stealth_Game_UE/StealthGame/Content/Maps/FirstPersonExampleMap_BuiltData.uasset'
[2021.01.15-22.16.59:798][492]AssetCheck: New page: Asset Save: multiple assets
[2021.01.15-22.16.59:798][492]LogContentValidation: Display: Validating World /Game/Maps/FirstPersonExampleMap.FirstPersonExampleMap
[2021.01.15-22.16.59:798][492]LogContentValidation: Display: Validating MapBuildDataRegistry /Game/Maps/FirstPersonExampleMap_BuiltData.FirstPersonExampleMap_BuiltData
[2021.01.15-22.17.31:327][  8]LogSavePackage: Moving '../../../../../UNREAL ENGINE PROJECTS/StealthGame_ProjectBase_4.25/Stealth_Game_UE/StealthGame/Saved/BP_ObjectiveD0B585E34331978C369DF4BF3CF343CF.tmp' to '../../../../../UNREAL ENGINE PROJECTS/StealthGame_ProjectBase_4.25/Stealth_Game_UE/StealthGame/Content/Blueprints/BP_Objective.uasset'
[2021.01.15-22.17.31:338][  8]AssetCheck: New page: Asset Save: BP_Objective
[2021.01.15-22.17.31:338][  8]LogContentValidation: Display: Validating Blueprint /Game/Blueprints/BP_Objective.BP_Objective
[2021.01.15-22.17.49:964][423]BlueprintLog: New page: Compile BP_Objective
[2021.01.15-22.17.50:042][423]LogUObjectHash: Compacting FUObjectHashTables data took   2.53ms
[2021.01.15-22.17.50:813][477]LogSavePackage: Moving '../../../../../UNREAL ENGINE PROJECTS/StealthGame_ProjectBase_4.25/Stealth_Game_UE/StealthGame/Saved/BP_Objective2A4FC11D4485108507C5198D76C20C25.tmp' to '../../../../../UNREAL ENGINE PROJECTS/StealthGame_ProjectBase_4.25/Stealth_Game_UE/StealthGame/Content/Blueprints/BP_Objective.uasset'
[2021.01.15-22.17.50:823][477]AssetCheck: New page: Asset Save: BP_Objective
[2021.01.15-22.17.50:823][477]LogContentValidation: Display: Validating Blueprint /Game/Blueprints/BP_Objective.BP_Objective
