Log file open, 01/21/21 18:48:03
LogInit: Display: Running engine for game: FPSGame
LogPlatformFile: Not using cached read wrapper
LogTaskGraph: Started task graph with 5 named threads and 47 total threads with 3 sets of task threads.
LogStats: Stats thread started at 0.309495
LogD3D11RHI: Loaded GFSDK_Aftermath_Lib.x64.dll
LogICUInternationalization: ICU TimeZone Detection - Raw Offset: -5:00, Platform Override: ''
LogPluginManager: Mounting plugin Paper2D
LogPluginManager: Mounting plugin AISupport
LogPluginManager: Mounting plugin LightPropagationVolume
LogPluginManager: Mounting plugin CameraShakePreviewer
LogPluginManager: Mounting plugin ActorLayerUtilities
LogPluginManager: Mounting plugin AnimationSharing
LogPluginManager: Mounting plugin CLionSourceCodeAccess
LogPluginManager: Mounting plugin CodeLiteSourceCodeAccess
LogPluginManager: Mounting plugin GitSourceControl
LogPluginManager: Mounting plugin KDevelopSourceCodeAccess
LogPluginManager: Mounting plugin NullSourceCodeAccess
LogPluginManager: Mounting plugin PerforceSourceControl
LogPluginManager: Mounting plugin PlasticSourceControl
LogPluginManager: Mounting plugin RiderSourceCodeAccess
LogPluginManager: Mounting plugin SubversionSourceControl
LogPluginManager: Mounting plugin UObjectPlugin
LogPluginManager: Mounting plugin VisualStudioCodeSourceCodeAccess
LogPluginManager: Mounting plugin VisualStudioSourceCodeAccess
LogPluginManager: Mounting plugin XCodeSourceCodeAccess
LogPluginManager: Mounting plugin AssetManagerEditor
LogPluginManager: Mounting plugin CryptoKeys
LogPluginManager: Mounting plugin CurveEditorTools
LogPluginManager: Mounting plugin DataValidation
LogPluginManager: Mounting plugin EditorScriptingUtilities
LogPluginManager: Mounting plugin FacialAnimation
LogPluginManager: Mounting plugin GameplayTagsEditor
LogPluginManager: Mounting plugin GeometryMode
LogPluginManager: Mounting plugin MacGraphicsSwitching
LogPluginManager: Mounting plugin MaterialAnalyzer
LogPluginManager: Mounting plugin MobileLauncherProfileWizard
LogPluginManager: Mounting plugin PluginBrowser
LogPluginManager: Mounting plugin SpeedTreeImporter
LogPluginManager: Mounting plugin DatasmithContent
LogPluginManager: Mounting plugin VariantManagerContent
LogPluginManager: Mounting plugin AlembicImporter
LogPluginManager: Mounting plugin AutomationUtils
LogPluginManager: Mounting plugin BackChannel
LogPluginManager: Mounting plugin ChaosCloth
LogPluginManager: Mounting plugin ChaosClothEditor
LogPluginManager: Mounting plugin ChaosEditor
LogPluginManager: Mounting plugin ChaosNiagara
LogPluginManager: Mounting plugin ChaosSolverPlugin
LogPluginManager: Mounting plugin CharacterAI
LogPluginManager: Mounting plugin GeometryCache
LogPluginManager: Mounting plugin GeometryCollectionPlugin
LogPluginManager: Mounting plugin GeometryProcessing
LogPluginManager: Mounting plugin PlanarCut
LogPluginManager: Mounting plugin PlatformCrypto
LogPluginManager: Mounting plugin ProxyLODPlugin
LogPluginManager: Mounting plugin SkeletalReduction
LogPluginManager: Mounting plugin Niagara
LogPluginManager: Mounting plugin MagicLeap
LogPluginManager: Mounting plugin MagicLeapLightEstimation
LogPluginManager: Mounting plugin MagicLeapMedia
LogPluginManager: Mounting plugin MagicLeapPassableWorld
LogPluginManager: Mounting plugin MLSDK
LogPluginManager: Mounting plugin AndroidMedia
LogPluginManager: Mounting plugin AvfMedia
LogPluginManager: Mounting plugin ImgMedia
LogPluginManager: Mounting plugin MediaCompositing
LogPluginManager: Mounting plugin MediaPlayerEditor
LogPluginManager: Mounting plugin WebMMedia
LogPluginManager: Mounting plugin WmfMedia
LogPluginManager: Mounting plugin MeshPainting
LogPluginManager: Mounting plugin TcpMessaging
LogPluginManager: Mounting plugin UdpMessaging
LogPluginManager: Mounting plugin ActorSequence
LogPluginManager: Mounting plugin LevelSequenceEditor
LogPluginManager: Mounting plugin MatineeToLevelSequence
LogPluginManager: Mounting plugin MovieRenderPipeline
LogPluginManager: Mounting plugin TemplateSequence
LogPluginManager: Mounting plugin NetcodeUnitTest
LogPluginManager: Mounting plugin NUTUnrealEngine4
LogPluginManager: Mounting plugin OnlineSubsystemGooglePlay
LogPluginManager: Mounting plugin OnlineSubsystemIOS
LogPluginManager: Mounting plugin OnlineSubsystem
LogPluginManager: Mounting plugin OnlineSubsystemNull
LogPluginManager: Mounting plugin OnlineSubsystemUtils
LogPluginManager: Mounting plugin LauncherChunkInstaller
LogPluginManager: Mounting plugin AndroidDeviceProfileSelector
LogPluginManager: Mounting plugin AndroidMoviePlayer
LogPluginManager: Mounting plugin AndroidPermission
LogPluginManager: Mounting plugin AppleImageUtils
LogPluginManager: Mounting plugin AppleMoviePlayer
LogPluginManager: Mounting plugin ArchVisCharacter
LogPluginManager: Mounting plugin AssetTags
LogPluginManager: Mounting plugin AudioCapture
LogPluginManager: Mounting plugin CableComponent
LogPluginManager: Mounting plugin CustomMeshComponent
LogPluginManager: Mounting plugin EditableMesh
LogPluginManager: Mounting plugin ExampleDeviceProfileSelector
LogPluginManager: Mounting plugin GoogleCloudMessaging
LogPluginManager: Mounting plugin GooglePAD
LogPluginManager: Mounting plugin IOSDeviceProfileSelector
LogPluginManager: Mounting plugin LinuxDeviceProfileSelector
LogPluginManager: Mounting plugin LocationServicesBPLibrary
LogPluginManager: Mounting plugin MobilePatchingUtils
LogPluginManager: Mounting plugin OculusVR
LogPluginManager: Mounting plugin PhysXVehicles
LogPluginManager: Mounting plugin PostSplashScreen
LogPluginManager: Mounting plugin ProceduralMeshComponent
LogPluginManager: Mounting plugin RuntimePhysXCooking
LogPluginManager: Mounting plugin SignificanceManager
LogPluginManager: Mounting plugin SoundFields
LogPluginManager: Mounting plugin SteamVR
LogPluginManager: Mounting plugin Synthesis
LogPluginManager: Mounting plugin WebMMoviePlayer
LogPluginManager: Mounting plugin WindowsMoviePlayer
LogPluginManager: Mounting plugin ScreenshotTools
LogInit: Using libcurl 7.55.1-DEV
LogInit:  - built for x86_64-pc-win32
LogInit:  - supports SSL with OpenSSL/1.1.1
LogInit:  - supports HTTP deflate (compression) using libz 1.2.8
LogInit:  - other features:
LogInit:      CURL_VERSION_SSL
LogInit:      CURL_VERSION_LIBZ
LogInit:      CURL_VERSION_IPV6
LogInit:      CURL_VERSION_ASYNCHDNS
LogInit:      CURL_VERSION_LARGEFILE
LogInit:      CURL_VERSION_IDN
LogInit:  CurlRequestOptions (configurable via config and command line):
LogInit:  - bVerifyPeer = true  - Libcurl will verify peer certificate
LogInit:  - bUseHttpProxy = false  - Libcurl will NOT use HTTP proxy
LogInit:  - bDontReuseConnections = false  - Libcurl will reuse connections
LogInit:  - MaxHostConnections = 16  - Libcurl will limit the number of connections to a host
LogInit:  - LocalHostAddr = Default
LogInit:  - BufferSize = 65536
LogOnline: OSS: Creating online subsystem instance for: NULL
LogInit: WinSock: version 1.1 (2.2), MaxSocks=32767, MaxUdp=65467
LogOnline: OSS: TryLoadSubsystemAndSetDefault: Loaded subsystem for module [NULL]
LogInit: Build: ++UE4+Release-4.25-CL-14469661
LogInit: Engine Version: 4.25.4-14469661+++UE4+Release-4.25
LogInit: Compatible Engine Version: 4.25.0-13144385+++UE4+Release-4.25
LogInit: Net CL: 13144385
LogInit: OS: Windows 10 (Release 2009) (), CPU: AMD Ryzen 7 2700X Eight-Core Processor         , GPU: NVIDIA GeForce RTX 2070
LogInit: Compiled (64-bit): Oct 11 2020 08:10:49
LogInit: Compiled with Visual C++: 19.24.28315.00
LogInit: Build Configuration: Development
LogInit: Branch Name: ++UE4+Release-4.25
LogInit: Command Line:  -skipcompile
LogInit: Base Directory: F:/UNREAL ENGINE/UE_4.25/Engine/Binaries/Win64/
LogInit: Allocator: TBB
LogInit: Installed Engine Build: 1
LogDevObjectVersion: Number of dev versions registered: 26
LogDevObjectVersion:   Dev-Blueprints (B0D832E4-1F89-4F0D-ACCF-7EB736FD4AA2): 10
LogDevObjectVersion:   Dev-Build (E1C64328-A22C-4D53-A36C-8E866417BD8C): 0
LogDevObjectVersion:   Dev-Core (375EC13C-06E4-48FB-B500-84F0262A717E): 4
LogDevObjectVersion:   Dev-Editor (E4B068ED-F494-42E9-A231-DA0B2E46BB41): 38
LogDevObjectVersion:   Dev-Framework (CFFC743F-43B0-4480-9391-14DF171D2073): 37
LogDevObjectVersion:   Dev-Mobile (B02B49B5-BB20-44E9-A304-32B752E40360): 2
LogDevObjectVersion:   Dev-Networking (A4E4105C-59A1-49B5-A7C5-40C4547EDFEE): 0
LogDevObjectVersion:   Dev-Online (39C831C9-5AE6-47DC-9A44-9C173E1C8E7C): 0
LogDevObjectVersion:   Dev-Physics (78F01B33-EBEA-4F98-B9B4-84EACCB95AA2): 4
LogDevObjectVersion:   Dev-Platform (6631380F-2D4D-43E0-8009-CF276956A95A): 0
LogDevObjectVersion:   Dev-Rendering (12F88B9F-8875-4AFC-A67C-D90C383ABD29): 43
LogDevObjectVersion:   Dev-Sequencer (7B5AE74C-D270-4C10-A958-57980B212A5A): 12
LogDevObjectVersion:   Dev-VR (D7296918-1DD6-4BDD-9DE2-64A83CC13884): 3
LogDevObjectVersion:   Dev-LoadTimes (C2A15278-BFE7-4AFE-6C17-90FF531DF755): 1
LogDevObjectVersion:   Private-Geometry (6EACA3D4-40EC-4CC1-B786-8BED09428FC5): 3
LogDevObjectVersion:   Dev-AnimPhys (29E575DD-E0A3-4627-9D10-D276232CDCEA): 17
LogDevObjectVersion:   Dev-Anim (AF43A65D-7FD3-4947-9873-3E8ED9C1BB05): 7
LogDevObjectVersion:   Dev-ReflectionCapture (6B266CEC-1EC7-4B8F-A30B-E4D90942FC07): 1
LogDevObjectVersion:   Dev-Automation (0DF73D61-A23F-47EA-B727-89E90C41499A): 1
LogDevObjectVersion:   FortniteMain (601D1886-AC64-4F84-AA16-D3DE0DEAC7D6): 31
LogDevObjectVersion:   Dev-Enterprise (9DFFBCD6-494F-0158-E221-12823C92A888): 10
LogDevObjectVersion:   Dev-Niagara (F2AED0AC-9AFE-416F-8664-AA7FFA26D6FC): 1
LogDevObjectVersion:   Dev-Destruction (174F1F0B-B4C6-45A5-B13F-2EE8D0FB917D): 10
LogDevObjectVersion:   Dev-Physics-Ext (35F94A83-E258-406C-A318-09F59610247C): 37
LogDevObjectVersion:   Dev-PhysicsMaterial-Chaos (B68FC16E-8B1B-42E2-B453-215C058844FE): 1
LogDevObjectVersion:   Dev-CineCamera (B2E18506-4273-CFC2-A54E-F4BB758BBA07): 1
LogInit: Presizing for max 25165824 objects, including 0 objects not considered by GC, pre-allocating 0 bytes for permanent pool.
LogConfig: Applying CVar settings from Section [/Script/Engine.StreamingSettings] File [F:/UNREAL ENGINE PROJECTS/StealthGame_ProjectBase_4.25/Stealth_Game_UE/StealthGame/Saved/Config/Windows/Engine.ini]
LogConfig: Setting CVar [[s.MinBulkDataSizeForAsyncLoading:131072]]
LogConfig: Setting CVar [[s.AsyncLoadingThreadEnabled:0]]
LogConfig: Setting CVar [[s.EventDrivenLoaderEnabled:1]]
LogConfig: Setting CVar [[s.WarnIfTimeLimitExceeded:0]]
LogConfig: Setting CVar [[s.TimeLimitExceededMultiplier:1.5]]
LogConfig: Setting CVar [[s.TimeLimitExceededMinTime:0.005]]
LogConfig: Setting CVar [[s.UseBackgroundLevelStreaming:1]]
LogConfig: Setting CVar [[s.PriorityAsyncLoadingExtraTime:15.0]]
LogConfig: Setting CVar [[s.LevelStreamingActorsUpdateTimeLimit:5.0]]
LogConfig: Setting CVar [[s.PriorityLevelStreamingActorsUpdateExtraTime:5.0]]
LogConfig: Setting CVar [[s.LevelStreamingComponentsRegistrationGranularity:10]]
LogConfig: Setting CVar [[s.UnregisterComponentsTimeLimit:1.0]]
LogConfig: Setting CVar [[s.LevelStreamingComponentsUnregistrationGranularity:5]]
LogConfig: Setting CVar [[s.FlushStreamingOnExit:1]]
LogInit: Object subsystem initialized
LogConfig: Setting CVar [[con.DebugEarlyDefault:1]]
LogConfig: Setting CVar [[r.setres:1280x720]]
[2021.01.21-23.48.03:433][  0]LogConfig: Setting CVar [[r.VSync:0]]
[2021.01.21-23.48.03:433][  0]LogConfig: Setting CVar [[r.RHICmdBypass:0]]
[2021.01.21-23.48.03:433][  0]LogConfig: Applying CVar settings from Section [/Script/Engine.RendererSettings] File [F:/UNREAL ENGINE PROJECTS/StealthGame_ProjectBase_4.25/Stealth_Game_UE/StealthGame/Saved/Config/Windows/Engine.ini]
[2021.01.21-23.48.03:433][  0]LogConfig: Setting CVar [[r.GPUCrashDebugging:0]]
[2021.01.21-23.48.03:433][  0]LogConfig: Applying CVar settings from Section [/Script/Engine.RendererOverrideSettings] File [F:/UNREAL ENGINE PROJECTS/StealthGame_ProjectBase_4.25/Stealth_Game_UE/StealthGame/Saved/Config/Windows/Engine.ini]
[2021.01.21-23.48.03:433][  0]LogConfig: Applying CVar settings from Section [/Script/Engine.StreamingSettings] File [F:/UNREAL ENGINE PROJECTS/StealthGame_ProjectBase_4.25/Stealth_Game_UE/StealthGame/Saved/Config/Windows/Engine.ini]
[2021.01.21-23.48.03:433][  0]LogConfig: Setting CVar [[s.MinBulkDataSizeForAsyncLoading:131072]]
[2021.01.21-23.48.03:433][  0]LogConfig: Setting CVar [[s.AsyncLoadingThreadEnabled:0]]
[2021.01.21-23.48.03:433][  0]LogConfig: Setting CVar [[s.EventDrivenLoaderEnabled:1]]
[2021.01.21-23.48.03:433][  0]LogConfig: Setting CVar [[s.WarnIfTimeLimitExceeded:0]]
[2021.01.21-23.48.03:433][  0]LogConfig: Setting CVar [[s.TimeLimitExceededMultiplier:1.5]]
[2021.01.21-23.48.03:433][  0]LogConfig: Setting CVar [[s.TimeLimitExceededMinTime:0.005]]
[2021.01.21-23.48.03:433][  0]LogConfig: Setting CVar [[s.UseBackgroundLevelStreaming:1]]
[2021.01.21-23.48.03:433][  0]LogConfig: Setting CVar [[s.PriorityAsyncLoadingExtraTime:15.0]]
[2021.01.21-23.48.03:433][  0]LogConfig: Setting CVar [[s.LevelStreamingActorsUpdateTimeLimit:5.0]]
[2021.01.21-23.48.03:433][  0]LogConfig: Setting CVar [[s.PriorityLevelStreamingActorsUpdateExtraTime:5.0]]
[2021.01.21-23.48.03:433][  0]LogConfig: Setting CVar [[s.LevelStreamingComponentsRegistrationGranularity:10]]
[2021.01.21-23.48.03:434][  0]LogConfig: Setting CVar [[s.UnregisterComponentsTimeLimit:1.0]]
[2021.01.21-23.48.03:434][  0]LogConfig: Setting CVar [[s.LevelStreamingComponentsUnregistrationGranularity:5]]
[2021.01.21-23.48.03:434][  0]LogConfig: Setting CVar [[s.FlushStreamingOnExit:1]]
[2021.01.21-23.48.03:434][  0]LogConfig: Applying CVar settings from Section [/Script/Engine.GarbageCollectionSettings] File [F:/UNREAL ENGINE PROJECTS/StealthGame_ProjectBase_4.25/Stealth_Game_UE/StealthGame/Saved/Config/Windows/Engine.ini]
[2021.01.21-23.48.03:434][  0]LogConfig: Setting CVar [[gc.MaxObjectsNotConsideredByGC:1]]
[2021.01.21-23.48.03:434][  0]LogConfig: Setting CVar [[gc.SizeOfPermanentObjectPool:0]]
[2021.01.21-23.48.03:434][  0]LogConfig: Setting CVar [[gc.FlushStreamingOnGC:0]]
[2021.01.21-23.48.03:434][  0]LogConfig: Setting CVar [[gc.NumRetriesBeforeForcingGC:10]]
[2021.01.21-23.48.03:434][  0]LogConfig: Setting CVar [[gc.AllowParallelGC:1]]
[2021.01.21-23.48.03:434][  0]LogConfig: Setting CVar [[gc.TimeBetweenPurgingPendingKillObjects:61.1]]
[2021.01.21-23.48.03:434][  0]LogConfig: Setting CVar [[gc.MaxObjectsInEditor:25165824]]
[2021.01.21-23.48.03:434][  0]LogConfig: Setting CVar [[gc.IncrementalBeginDestroyEnabled:1]]
[2021.01.21-23.48.03:434][  0]LogConfig: Setting CVar [[gc.CreateGCClusters:1]]
[2021.01.21-23.48.03:434][  0]LogConfig: Setting CVar [[gc.MinGCClusterSize:5]]
[2021.01.21-23.48.03:434][  0]LogConfig: Setting CVar [[gc.ActorClusteringEnabled:0]]
[2021.01.21-23.48.03:434][  0]LogConfig: Setting CVar [[gc.BlueprintClusteringEnabled:0]]
[2021.01.21-23.48.03:434][  0]LogConfig: Setting CVar [[gc.UseDisregardForGCOnDedicatedServers:0]]
[2021.01.21-23.48.03:434][  0]LogConfig: Applying CVar settings from Section [/Script/Engine.NetworkSettings] File [F:/UNREAL ENGINE PROJECTS/StealthGame_ProjectBase_4.25/Stealth_Game_UE/StealthGame/Saved/Config/Windows/Engine.ini]
[2021.01.21-23.48.03:434][  0]LogConfig: Applying CVar settings from Section [/Script/UnrealEd.CookerSettings] File [F:/UNREAL ENGINE PROJECTS/StealthGame_ProjectBase_4.25/Stealth_Game_UE/StealthGame/Saved/Config/Windows/Engine.ini]
[2021.01.21-23.48.03:441][  0]LogConfig: Applying CVar settings from Section [ViewDistanceQuality@3] File [F:/UNREAL ENGINE PROJECTS/StealthGame_ProjectBase_4.25/Stealth_Game_UE/StealthGame/Saved/Config/Windows/Scalability.ini]
[2021.01.21-23.48.03:441][  0]LogConfig: Setting CVar [[r.SkeletalMeshLODBias:0]]
[2021.01.21-23.48.03:441][  0]LogConfig: Setting CVar [[r.ViewDistanceScale:1.0]]
[2021.01.21-23.48.03:441][  0]LogConfig: Applying CVar settings from Section [AntiAliasingQuality@3] File [F:/UNREAL ENGINE PROJECTS/StealthGame_ProjectBase_4.25/Stealth_Game_UE/StealthGame/Saved/Config/Windows/Scalability.ini]
[2021.01.21-23.48.03:441][  0]LogConfig: Setting CVar [[r.PostProcessAAQuality:4]]
[2021.01.21-23.48.03:441][  0]LogConfig: Applying CVar settings from Section [ShadowQuality@3] File [F:/UNREAL ENGINE PROJECTS/StealthGame_ProjectBase_4.25/Stealth_Game_UE/StealthGame/Saved/Config/Windows/Scalability.ini]
[2021.01.21-23.48.03:441][  0]LogConfig: Setting CVar [[r.LightFunctionQuality:1]]
[2021.01.21-23.48.03:441][  0]LogConfig: Setting CVar [[r.ShadowQuality:5]]
[2021.01.21-23.48.03:441][  0]LogConfig: Setting CVar [[r.Shadow.CSM.MaxCascades:10]]
[2021.01.21-23.48.03:442][  0]LogConfig: Setting CVar [[r.Shadow.MaxResolution:2048]]
[2021.01.21-23.48.03:442][  0]LogConfig: Setting CVar [[r.Shadow.MaxCSMResolution:2048]]
[2021.01.21-23.48.03:442][  0]LogConfig: Setting CVar [[r.Shadow.RadiusThreshold:0.01]]
[2021.01.21-23.48.03:442][  0]LogConfig: Setting CVar [[r.Shadow.DistanceScale:1.0]]
[2021.01.21-23.48.03:442][  0]LogConfig: Setting CVar [[r.Shadow.CSM.TransitionScale:1.0]]
[2021.01.21-23.48.03:442][  0]LogConfig: Setting CVar [[r.Shadow.PreShadowResolutionFactor:1.0]]
[2021.01.21-23.48.03:442][  0]LogConfig: Setting CVar [[r.DistanceFieldShadowing:1]]
[2021.01.21-23.48.03:442][  0]LogConfig: Setting CVar [[r.DistanceFieldAO:1]]
[2021.01.21-23.48.03:442][  0]LogConfig: Setting CVar [[r.AOQuality:2]]
[2021.01.21-23.48.03:442][  0]LogConfig: Setting CVar [[r.VolumetricFog:1]]
[2021.01.21-23.48.03:442][  0]LogConfig: Setting CVar [[r.VolumetricFog.GridPixelSize:8]]
[2021.01.21-23.48.03:442][  0]LogConfig: Setting CVar [[r.VolumetricFog.GridSizeZ:128]]
[2021.01.21-23.48.03:442][  0]LogConfig: Setting CVar [[r.VolumetricFog.HistoryMissSupersampleCount:4]]
[2021.01.21-23.48.03:442][  0]LogConfig: Setting CVar [[r.LightMaxDrawDistanceScale:1]]
[2021.01.21-23.48.03:442][  0]LogConfig: Setting CVar [[r.CapsuleShadows:1]]
[2021.01.21-23.48.03:442][  0]LogConfig: Applying CVar settings from Section [PostProcessQuality@3] File [F:/UNREAL ENGINE PROJECTS/StealthGame_ProjectBase_4.25/Stealth_Game_UE/StealthGame/Saved/Config/Windows/Scalability.ini]
[2021.01.21-23.48.03:442][  0]LogConfig: Setting CVar [[r.MotionBlurQuality:4]]
[2021.01.21-23.48.03:442][  0]LogConfig: Setting CVar [[r.AmbientOcclusionMipLevelFactor:0.4]]
[2021.01.21-23.48.03:442][  0]LogConfig: Setting CVar [[r.AmbientOcclusionMaxQuality:100]]
[2021.01.21-23.48.03:442][  0]LogConfig: Setting CVar [[r.AmbientOcclusionLevels:-1]]
[2021.01.21-23.48.03:442][  0]LogConfig: Setting CVar [[r.AmbientOcclusionRadiusScale:1.0]]
[2021.01.21-23.48.03:442][  0]LogConfig: Setting CVar [[r.DepthOfFieldQuality:2]]
[2021.01.21-23.48.03:442][  0]LogConfig: Setting CVar [[r.RenderTargetPoolMin:400]]
[2021.01.21-23.48.03:442][  0]LogConfig: Setting CVar [[r.LensFlareQuality:2]]
[2021.01.21-23.48.03:442][  0]LogConfig: Setting CVar [[r.SceneColorFringeQuality:1]]
[2021.01.21-23.48.03:443][  0]LogConfig: Setting CVar [[r.EyeAdaptationQuality:2]]
[2021.01.21-23.48.03:443][  0]LogConfig: Setting CVar [[r.BloomQuality:5]]
[2021.01.21-23.48.03:443][  0]LogConfig: Setting CVar [[r.FastBlurThreshold:100]]
[2021.01.21-23.48.03:443][  0]LogConfig: Setting CVar [[r.Upscale.Quality:3]]
[2021.01.21-23.48.03:443][  0]LogConfig: Setting CVar [[r.Tonemapper.GrainQuantization:1]]
[2021.01.21-23.48.03:443][  0]LogConfig: Setting CVar [[r.LightShaftQuality:1]]
[2021.01.21-23.48.03:443][  0]LogConfig: Setting CVar [[r.Filter.SizeScale:1]]
[2021.01.21-23.48.03:443][  0]LogConfig: Setting CVar [[r.Tonemapper.Quality:5]]
[2021.01.21-23.48.03:443][  0]LogConfig: Setting CVar [[r.DOF.Gather.AccumulatorQuality:1        ; higher gathering accumulator quality]]
[2021.01.21-23.48.03:443][  0]LogConfig: Setting CVar [[r.DOF.Gather.PostfilterMethod:1          ; Median3x3 postfilering method]]
[2021.01.21-23.48.03:443][  0]LogConfig: Setting CVar [[r.DOF.Gather.EnableBokehSettings:0       ; no bokeh simulation when gathering]]
[2021.01.21-23.48.03:443][  0]LogConfig: Setting CVar [[r.DOF.Gather.RingCount:4                 ; medium number of samples when gathering]]
[2021.01.21-23.48.03:443][  0]LogConfig: Setting CVar [[r.DOF.Scatter.ForegroundCompositing:1    ; additive foreground scattering]]
[2021.01.21-23.48.03:443][  0]LogConfig: Setting CVar [[r.DOF.Scatter.BackgroundCompositing:2    ; additive background scattering]]
[2021.01.21-23.48.03:443][  0]LogConfig: Setting CVar [[r.DOF.Scatter.EnableBokehSettings:1      ; bokeh simulation when scattering]]
[2021.01.21-23.48.03:443][  0]LogConfig: Setting CVar [[r.DOF.Scatter.MaxSpriteRatio:0.1         ; only a maximum of 10% of scattered bokeh]]
[2021.01.21-23.48.03:443][  0]LogConfig: Setting CVar [[r.DOF.Recombine.Quality:1                ; cheap slight out of focus]]
[2021.01.21-23.48.03:443][  0]LogConfig: Setting CVar [[r.DOF.Recombine.EnableBokehSettings:0    ; no bokeh simulation on slight out of focus]]
[2021.01.21-23.48.03:443][  0]LogConfig: Setting CVar [[r.DOF.TemporalAAQuality:1                ; more stable temporal accumulation]]
[2021.01.21-23.48.03:443][  0]LogConfig: Setting CVar [[r.DOF.Kernel.MaxForegroundRadius:0.025]]
[2021.01.21-23.48.03:443][  0]LogConfig: Setting CVar [[r.DOF.Kernel.MaxBackgroundRadius:0.025]]
[2021.01.21-23.48.03:444][  0]LogConfig: Applying CVar settings from Section [TextureQuality@3] File [F:/UNREAL ENGINE PROJECTS/StealthGame_ProjectBase_4.25/Stealth_Game_UE/StealthGame/Saved/Config/Windows/Scalability.ini]
[2021.01.21-23.48.03:444][  0]LogConfig: Setting CVar [[r.Streaming.MipBias:0]]
[2021.01.21-23.48.03:444][  0]LogConfig: Setting CVar [[r.Streaming.AmortizeCPUToGPUCopy:0]]
[2021.01.21-23.48.03:444][  0]LogConfig: Setting CVar [[r.Streaming.MaxNumTexturesToStreamPerFrame:0]]
[2021.01.21-23.48.03:444][  0]LogConfig: Setting CVar [[r.Streaming.Boost:1]]
[2021.01.21-23.48.03:444][  0]LogConfig: Setting CVar [[r.MaxAnisotropy:8]]
[2021.01.21-23.48.03:444][  0]LogConfig: Setting CVar [[r.VT.MaxAnisotropy:8]]
[2021.01.21-23.48.03:444][  0]LogConfig: Setting CVar [[r.Streaming.LimitPoolSizeToVRAM:0]]
[2021.01.21-23.48.03:444][  0]LogConfig: Setting CVar [[r.Streaming.PoolSize:1000]]
[2021.01.21-23.48.03:444][  0]LogConfig: Setting CVar [[r.Streaming.MaxEffectiveScreenSize:0]]
[2021.01.21-23.48.03:444][  0]LogConfig: Applying CVar settings from Section [EffectsQuality@3] File [F:/UNREAL ENGINE PROJECTS/StealthGame_ProjectBase_4.25/Stealth_Game_UE/StealthGame/Saved/Config/Windows/Scalability.ini]
[2021.01.21-23.48.03:444][  0]LogConfig: Setting CVar [[r.TranslucencyLightingVolumeDim:64]]
[2021.01.21-23.48.03:444][  0]LogConfig: Setting CVar [[r.RefractionQuality:2]]
[2021.01.21-23.48.03:444][  0]LogConfig: Setting CVar [[r.SSR.Quality:3]]
[2021.01.21-23.48.03:444][  0]LogConfig: Setting CVar [[r.SSR.HalfResSceneColor:0]]
[2021.01.21-23.48.03:444][  0]LogConfig: Setting CVar [[r.SceneColorFormat:4]]
[2021.01.21-23.48.03:444][  0]LogConfig: Setting CVar [[r.DetailMode:2]]
[2021.01.21-23.48.03:444][  0]LogConfig: Setting CVar [[r.TranslucencyVolumeBlur:1]]
[2021.01.21-23.48.03:444][  0]LogConfig: Setting CVar [[r.MaterialQualityLevel:1 ; High quality]]
[2021.01.21-23.48.03:444][  0]LogConfig: Setting CVar [[r.SSS.Scale:1]]
[2021.01.21-23.48.03:444][  0]LogConfig: Setting CVar [[r.SSS.SampleSet:2]]
[2021.01.21-23.48.03:444][  0]LogConfig: Setting CVar [[r.SSS.Quality:1]]
[2021.01.21-23.48.03:444][  0]LogConfig: Setting CVar [[r.SSS.HalfRes:0]]
[2021.01.21-23.48.03:444][  0]LogConfig: Setting CVar [[r.SSGI.Quality:3]]
[2021.01.21-23.48.03:444][  0]LogConfig: Setting CVar [[r.EmitterSpawnRateScale:1.0]]
[2021.01.21-23.48.03:444][  0]LogConfig: Setting CVar [[r.ParticleLightQuality:2]]
[2021.01.21-23.48.03:445][  0]LogConfig: Setting CVar [[r.SkyAtmosphere.AerialPerspectiveLUT.FastApplyOnOpaque:1 ; Always have FastSkyLUT 1 in this case to avoid wrong sky]]
[2021.01.21-23.48.03:445][  0]LogConfig: Setting CVar [[r.SkyAtmosphere.AerialPerspectiveLUT.SampleCountPerSlice:1]]
[2021.01.21-23.48.03:445][  0]LogConfig: Setting CVar [[r.SkyAtmosphere.AerialPerspectiveLUT.DepthResolution:16.0]]
[2021.01.21-23.48.03:445][  0]LogConfig: Setting CVar [[r.SkyAtmosphere.FastSkyLUT:1]]
[2021.01.21-23.48.03:445][  0]LogConfig: Setting CVar [[r.SkyAtmosphere.FastSkyLUT.SampleCountMin:4.0]]
[2021.01.21-23.48.03:445][  0]LogConfig: Setting CVar [[r.SkyAtmosphere.FastSkyLUT.SampleCountMax:32.0]]
[2021.01.21-23.48.03:445][  0]LogConfig: Setting CVar [[r.SkyAtmosphere.SampleCountMin:4.0]]
[2021.01.21-23.48.03:445][  0]LogConfig: Setting CVar [[r.SkyAtmosphere.SampleCountMax:32.0]]
[2021.01.21-23.48.03:445][  0]LogConfig: Setting CVar [[r.SkyAtmosphere.TransmittanceLUT.UseSmallFormat:0]]
[2021.01.21-23.48.03:445][  0]LogConfig: Setting CVar [[r.SkyAtmosphere.TransmittanceLUT.SampleCount:10.0]]
[2021.01.21-23.48.03:445][  0]LogConfig: Setting CVar [[r.SkyAtmosphere.MultiScatteringLUT.SampleCount:15.0]]
[2021.01.21-23.48.03:445][  0]LogConfig: Applying CVar settings from Section [FoliageQuality@3] File [F:/UNREAL ENGINE PROJECTS/StealthGame_ProjectBase_4.25/Stealth_Game_UE/StealthGame/Saved/Config/Windows/Scalability.ini]
[2021.01.21-23.48.03:445][  0]LogConfig: Setting CVar [[foliage.DensityScale:1.0]]
[2021.01.21-23.48.03:445][  0]LogConfig: Setting CVar [[grass.DensityScale:1.0]]
[2021.01.21-23.48.03:445][  0]LogConfig: Applying CVar settings from Section [ShadingQuality@3] File [F:/UNREAL ENGINE PROJECTS/StealthGame_ProjectBase_4.25/Stealth_Game_UE/StealthGame/Saved/Config/Windows/Scalability.ini]
[2021.01.21-23.48.03:445][  0]LogConfig: Setting CVar [[r.HairStrands.SkyLighting.SampleCount:16]]
[2021.01.21-23.48.03:445][  0]LogConfig: Setting CVar [[r.HairStrands.SkyLighting.JitterIntegration:0]]
[2021.01.21-23.48.03:445][  0]LogConfig: Setting CVar [[r.HairStrands.SkyAO.SampleCount:16]]
[2021.01.21-23.48.03:445][  0]LogConfig: Setting CVar [[r.HairStrands.DeepShadow.SuperSampling:0]]
[2021.01.21-23.48.03:445][  0]LogConfig: Setting CVar [[r.HairStrands.VisibilityPPLL:0]]
[2021.01.21-23.48.03:446][  0]LogConfig: Setting CVar [[r.HairStrands.RasterizationScale:0.5]]
[2021.01.21-23.48.03:446][  0]LogConfig: Setting CVar [[r.HairStrands.VelocityRasterizationScale:1]]
[2021.01.21-23.48.03:446][  0]LogInit: Selected Device Profile: [Windows]
[2021.01.21-23.48.03:446][  0]LogInit: Applying CVar settings loaded from the selected device profile: [Windows]
[2021.01.21-23.48.03:446][  0]LogHAL: Display: Platform has ~ 32 GB [34282610688 / 34359738368 / 32], which maps to Largest [LargestMinGB=32, LargerMinGB=12, DefaultMinGB=8, SmallerMinGB=6, SmallestMinGB=0)
[2021.01.21-23.48.03:446][  0]LogInit: Going up to parent DeviceProfile []
[2021.01.21-23.48.03:446][  0]LogConfig: Applying CVar settings from Section [ViewDistanceQuality@3] File [F:/UNREAL ENGINE PROJECTS/StealthGame_ProjectBase_4.25/Stealth_Game_UE/StealthGame/Saved/Config/Windows/Scalability.ini]
[2021.01.21-23.48.03:446][  0]LogConfig: Setting CVar [[r.SkeletalMeshLODBias:0]]
[2021.01.21-23.48.03:446][  0]LogConfig: Setting CVar [[r.ViewDistanceScale:1.0]]
[2021.01.21-23.48.03:446][  0]LogConfig: Applying CVar settings from Section [AntiAliasingQuality@3] File [F:/UNREAL ENGINE PROJECTS/StealthGame_ProjectBase_4.25/Stealth_Game_UE/StealthGame/Saved/Config/Windows/Scalability.ini]
[2021.01.21-23.48.03:446][  0]LogConfig: Setting CVar [[r.PostProcessAAQuality:4]]
[2021.01.21-23.48.03:446][  0]LogConfig: Applying CVar settings from Section [ShadowQuality@3] File [F:/UNREAL ENGINE PROJECTS/StealthGame_ProjectBase_4.25/Stealth_Game_UE/StealthGame/Saved/Config/Windows/Scalability.ini]
[2021.01.21-23.48.03:446][  0]LogConfig: Setting CVar [[r.LightFunctionQuality:1]]
[2021.01.21-23.48.03:446][  0]LogConfig: Setting CVar [[r.ShadowQuality:5]]
[2021.01.21-23.48.03:446][  0]LogConfig: Setting CVar [[r.Shadow.CSM.MaxCascades:10]]
[2021.01.21-23.48.03:446][  0]LogConfig: Setting CVar [[r.Shadow.MaxResolution:2048]]
[2021.01.21-23.48.03:446][  0]LogConfig: Setting CVar [[r.Shadow.MaxCSMResolution:2048]]
[2021.01.21-23.48.03:446][  0]LogConfig: Setting CVar [[r.Shadow.RadiusThreshold:0.01]]
[2021.01.21-23.48.03:446][  0]LogConfig: Setting CVar [[r.Shadow.DistanceScale:1.0]]
[2021.01.21-23.48.03:446][  0]LogConfig: Setting CVar [[r.Shadow.CSM.TransitionScale:1.0]]
[2021.01.21-23.48.03:446][  0]LogConfig: Setting CVar [[r.Shadow.PreShadowResolutionFactor:1.0]]
[2021.01.21-23.48.03:446][  0]LogConfig: Setting CVar [[r.DistanceFieldShadowing:1]]
[2021.01.21-23.48.03:447][  0]LogConfig: Setting CVar [[r.DistanceFieldAO:1]]
[2021.01.21-23.48.03:447][  0]LogConfig: Setting CVar [[r.AOQuality:2]]
[2021.01.21-23.48.03:447][  0]LogConfig: Setting CVar [[r.VolumetricFog:1]]
[2021.01.21-23.48.03:447][  0]LogConfig: Setting CVar [[r.VolumetricFog.GridPixelSize:8]]
[2021.01.21-23.48.03:447][  0]LogConfig: Setting CVar [[r.VolumetricFog.GridSizeZ:128]]
[2021.01.21-23.48.03:447][  0]LogConfig: Setting CVar [[r.VolumetricFog.HistoryMissSupersampleCount:4]]
[2021.01.21-23.48.03:447][  0]LogConfig: Setting CVar [[r.LightMaxDrawDistanceScale:1]]
[2021.01.21-23.48.03:447][  0]LogConfig: Setting CVar [[r.CapsuleShadows:1]]
[2021.01.21-23.48.03:447][  0]LogConfig: Applying CVar settings from Section [PostProcessQuality@3] File [F:/UNREAL ENGINE PROJECTS/StealthGame_ProjectBase_4.25/Stealth_Game_UE/StealthGame/Saved/Config/Windows/Scalability.ini]
[2021.01.21-23.48.03:447][  0]LogConfig: Setting CVar [[r.MotionBlurQuality:4]]
[2021.01.21-23.48.03:447][  0]LogConfig: Setting CVar [[r.AmbientOcclusionMipLevelFactor:0.4]]
[2021.01.21-23.48.03:447][  0]LogConfig: Setting CVar [[r.AmbientOcclusionMaxQuality:100]]
[2021.01.21-23.48.03:447][  0]LogConfig: Setting CVar [[r.AmbientOcclusionLevels:-1]]
[2021.01.21-23.48.03:447][  0]LogConfig: Setting CVar [[r.AmbientOcclusionRadiusScale:1.0]]
[2021.01.21-23.48.03:447][  0]LogConfig: Setting CVar [[r.DepthOfFieldQuality:2]]
[2021.01.21-23.48.03:447][  0]LogConfig: Setting CVar [[r.RenderTargetPoolMin:400]]
[2021.01.21-23.48.03:447][  0]LogConfig: Setting CVar [[r.LensFlareQuality:2]]
[2021.01.21-23.48.03:447][  0]LogConfig: Setting CVar [[r.SceneColorFringeQuality:1]]
[2021.01.21-23.48.03:447][  0]LogConfig: Setting CVar [[r.EyeAdaptationQuality:2]]
[2021.01.21-23.48.03:447][  0]LogConfig: Setting CVar [[r.BloomQuality:5]]
[2021.01.21-23.48.03:447][  0]LogConfig: Setting CVar [[r.FastBlurThreshold:100]]
[2021.01.21-23.48.03:447][  0]LogConfig: Setting CVar [[r.Upscale.Quality:3]]
[2021.01.21-23.48.03:447][  0]LogConfig: Setting CVar [[r.Tonemapper.GrainQuantization:1]]
[2021.01.21-23.48.03:447][  0]LogConfig: Setting CVar [[r.LightShaftQuality:1]]
[2021.01.21-23.48.03:447][  0]LogConfig: Setting CVar [[r.Filter.SizeScale:1]]
[2021.01.21-23.48.03:447][  0]LogConfig: Setting CVar [[r.Tonemapper.Quality:5]]
[2021.01.21-23.48.03:447][  0]LogConfig: Setting CVar [[r.DOF.Gather.AccumulatorQuality:1        ; higher gathering accumulator quality]]
[2021.01.21-23.48.03:447][  0]LogConfig: Setting CVar [[r.DOF.Gather.PostfilterMethod:1          ; Median3x3 postfilering method]]
[2021.01.21-23.48.03:448][  0]LogConfig: Setting CVar [[r.DOF.Gather.EnableBokehSettings:0       ; no bokeh simulation when gathering]]
[2021.01.21-23.48.03:448][  0]LogConfig: Setting CVar [[r.DOF.Gather.RingCount:4                 ; medium number of samples when gathering]]
[2021.01.21-23.48.03:448][  0]LogConfig: Setting CVar [[r.DOF.Scatter.ForegroundCompositing:1    ; additive foreground scattering]]
[2021.01.21-23.48.03:448][  0]LogConfig: Setting CVar [[r.DOF.Scatter.BackgroundCompositing:2    ; additive background scattering]]
[2021.01.21-23.48.03:448][  0]LogConfig: Setting CVar [[r.DOF.Scatter.EnableBokehSettings:1      ; bokeh simulation when scattering]]
[2021.01.21-23.48.03:448][  0]LogConfig: Setting CVar [[r.DOF.Scatter.MaxSpriteRatio:0.1         ; only a maximum of 10% of scattered bokeh]]
[2021.01.21-23.48.03:448][  0]LogConfig: Setting CVar [[r.DOF.Recombine.Quality:1                ; cheap slight out of focus]]
[2021.01.21-23.48.03:448][  0]LogConfig: Setting CVar [[r.DOF.Recombine.EnableBokehSettings:0    ; no bokeh simulation on slight out of focus]]
[2021.01.21-23.48.03:448][  0]LogConfig: Setting CVar [[r.DOF.TemporalAAQuality:1                ; more stable temporal accumulation]]
[2021.01.21-23.48.03:448][  0]LogConfig: Setting CVar [[r.DOF.Kernel.MaxForegroundRadius:0.025]]
[2021.01.21-23.48.03:448][  0]LogConfig: Setting CVar [[r.DOF.Kernel.MaxBackgroundRadius:0.025]]
[2021.01.21-23.48.03:448][  0]LogConfig: Applying CVar settings from Section [TextureQuality@3] File [F:/UNREAL ENGINE PROJECTS/StealthGame_ProjectBase_4.25/Stealth_Game_UE/StealthGame/Saved/Config/Windows/Scalability.ini]
[2021.01.21-23.48.03:448][  0]LogConfig: Setting CVar [[r.Streaming.MipBias:0]]
[2021.01.21-23.48.03:448][  0]LogConfig: Setting CVar [[r.Streaming.AmortizeCPUToGPUCopy:0]]
[2021.01.21-23.48.03:448][  0]LogConfig: Setting CVar [[r.Streaming.MaxNumTexturesToStreamPerFrame:0]]
[2021.01.21-23.48.03:448][  0]LogConfig: Setting CVar [[r.Streaming.Boost:1]]
[2021.01.21-23.48.03:448][  0]LogConfig: Setting CVar [[r.MaxAnisotropy:8]]
[2021.01.21-23.48.03:448][  0]LogConfig: Setting CVar [[r.VT.MaxAnisotropy:8]]
[2021.01.21-23.48.03:448][  0]LogConfig: Setting CVar [[r.Streaming.LimitPoolSizeToVRAM:0]]
[2021.01.21-23.48.03:448][  0]LogConfig: Setting CVar [[r.Streaming.PoolSize:1000]]
[2021.01.21-23.48.03:449][  0]LogConfig: Setting CVar [[r.Streaming.MaxEffectiveScreenSize:0]]
[2021.01.21-23.48.03:449][  0]LogConfig: Applying CVar settings from Section [EffectsQuality@3] File [F:/UNREAL ENGINE PROJECTS/StealthGame_ProjectBase_4.25/Stealth_Game_UE/StealthGame/Saved/Config/Windows/Scalability.ini]
[2021.01.21-23.48.03:449][  0]LogConfig: Setting CVar [[r.TranslucencyLightingVolumeDim:64]]
[2021.01.21-23.48.03:449][  0]LogConfig: Setting CVar [[r.RefractionQuality:2]]
[2021.01.21-23.48.03:449][  0]LogConfig: Setting CVar [[r.SSR.Quality:3]]
[2021.01.21-23.48.03:449][  0]LogConfig: Setting CVar [[r.SSR.HalfResSceneColor:0]]
[2021.01.21-23.48.03:449][  0]LogConfig: Setting CVar [[r.SceneColorFormat:4]]
[2021.01.21-23.48.03:449][  0]LogConfig: Setting CVar [[r.DetailMode:2]]
[2021.01.21-23.48.03:449][  0]LogConfig: Setting CVar [[r.TranslucencyVolumeBlur:1]]
[2021.01.21-23.48.03:449][  0]LogConfig: Setting CVar [[r.MaterialQualityLevel:1 ; High quality]]
[2021.01.21-23.48.03:449][  0]LogConfig: Setting CVar [[r.SSS.Scale:1]]
[2021.01.21-23.48.03:449][  0]LogConfig: Setting CVar [[r.SSS.SampleSet:2]]
[2021.01.21-23.48.03:449][  0]LogConfig: Setting CVar [[r.SSS.Quality:1]]
[2021.01.21-23.48.03:449][  0]LogConfig: Setting CVar [[r.SSS.HalfRes:0]]
[2021.01.21-23.48.03:449][  0]LogConfig: Setting CVar [[r.SSGI.Quality:3]]
[2021.01.21-23.48.03:449][  0]LogConfig: Setting CVar [[r.EmitterSpawnRateScale:1.0]]
[2021.01.21-23.48.03:449][  0]LogConfig: Setting CVar [[r.ParticleLightQuality:2]]
[2021.01.21-23.48.03:449][  0]LogConfig: Setting CVar [[r.SkyAtmosphere.AerialPerspectiveLUT.FastApplyOnOpaque:1 ; Always have FastSkyLUT 1 in this case to avoid wrong sky]]
[2021.01.21-23.48.03:449][  0]LogConfig: Setting CVar [[r.SkyAtmosphere.AerialPerspectiveLUT.SampleCountPerSlice:1]]
[2021.01.21-23.48.03:449][  0]LogConfig: Setting CVar [[r.SkyAtmosphere.AerialPerspectiveLUT.DepthResolution:16.0]]
[2021.01.21-23.48.03:449][  0]LogConfig: Setting CVar [[r.SkyAtmosphere.FastSkyLUT:1]]
[2021.01.21-23.48.03:449][  0]LogConfig: Setting CVar [[r.SkyAtmosphere.FastSkyLUT.SampleCountMin:4.0]]
[2021.01.21-23.48.03:449][  0]LogConfig: Setting CVar [[r.SkyAtmosphere.FastSkyLUT.SampleCountMax:32.0]]
[2021.01.21-23.48.03:449][  0]LogConfig: Setting CVar [[r.SkyAtmosphere.SampleCountMin:4.0]]
[2021.01.21-23.48.03:449][  0]LogConfig: Setting CVar [[r.SkyAtmosphere.SampleCountMax:32.0]]
[2021.01.21-23.48.03:449][  0]LogConfig: Setting CVar [[r.SkyAtmosphere.TransmittanceLUT.UseSmallFormat:0]]
[2021.01.21-23.48.03:450][  0]LogConfig: Setting CVar [[r.SkyAtmosphere.TransmittanceLUT.SampleCount:10.0]]
[2021.01.21-23.48.03:450][  0]LogConfig: Setting CVar [[r.SkyAtmosphere.MultiScatteringLUT.SampleCount:15.0]]
[2021.01.21-23.48.03:450][  0]LogConfig: Applying CVar settings from Section [FoliageQuality@3] File [F:/UNREAL ENGINE PROJECTS/StealthGame_ProjectBase_4.25/Stealth_Game_UE/StealthGame/Saved/Config/Windows/Scalability.ini]
[2021.01.21-23.48.03:450][  0]LogConfig: Setting CVar [[foliage.DensityScale:1.0]]
[2021.01.21-23.48.03:450][  0]LogConfig: Setting CVar [[grass.DensityScale:1.0]]
[2021.01.21-23.48.03:450][  0]LogConfig: Applying CVar settings from Section [ShadingQuality@3] File [F:/UNREAL ENGINE PROJECTS/StealthGame_ProjectBase_4.25/Stealth_Game_UE/StealthGame/Saved/Config/Windows/Scalability.ini]
[2021.01.21-23.48.03:450][  0]LogConfig: Setting CVar [[r.HairStrands.SkyLighting.SampleCount:16]]
[2021.01.21-23.48.03:450][  0]LogConfig: Setting CVar [[r.HairStrands.SkyLighting.JitterIntegration:0]]
[2021.01.21-23.48.03:450][  0]LogConfig: Setting CVar [[r.HairStrands.SkyAO.SampleCount:16]]
[2021.01.21-23.48.03:450][  0]LogConfig: Setting CVar [[r.HairStrands.DeepShadow.SuperSampling:0]]
[2021.01.21-23.48.03:450][  0]LogConfig: Setting CVar [[r.HairStrands.VisibilityPPLL:0]]
[2021.01.21-23.48.03:450][  0]LogConfig: Setting CVar [[r.HairStrands.RasterizationScale:0.5]]
[2021.01.21-23.48.03:450][  0]LogConfig: Setting CVar [[r.HairStrands.VelocityRasterizationScale:1]]
[2021.01.21-23.48.03:450][  0]LogConfig: Applying CVar settings from Section [Startup] File [../../../Engine/Config/ConsoleVariables.ini]
[2021.01.21-23.48.03:450][  0]LogConfig: Setting CVar [[net.UseAdaptiveNetUpdateFrequency:0]]
[2021.01.21-23.48.03:450][  0]LogConfig: Setting CVar [[p.chaos.AllowCreatePhysxBodies:1]]
[2021.01.21-23.48.03:450][  0]LogConfig: Setting CVar [[fx.SkipVectorVMBackendOptimizations:1]]
[2021.01.21-23.48.03:450][  0]LogConfig: Applying CVar settings from Section [ConsoleVariables] File [F:/UNREAL ENGINE PROJECTS/StealthGame_ProjectBase_4.25/Stealth_Game_UE/StealthGame/Saved/Config/Windows/Engine.ini]
[2021.01.21-23.48.03:451][  0]LogInit: Computer: DESKTOP-F95APMH
[2021.01.21-23.48.03:451][  0]LogInit: User: Vanilla
[2021.01.21-23.48.03:451][  0]LogInit: CPU Page size=4096, Cores=8
[2021.01.21-23.48.03:451][  0]LogInit: High frequency timer resolution =10.000000 MHz
[2021.01.21-23.48.03:451][  0]LogMemory: Memory total: Physical=31.9GB (32GB approx)
[2021.01.21-23.48.03:451][  0]LogMemory: Platform Memory Stats for Windows
[2021.01.21-23.48.03:451][  0]LogMemory: Process Physical Memory: 117.84 MB used, 117.84 MB peak
[2021.01.21-23.48.03:451][  0]LogMemory: Process Virtual Memory: 106.19 MB used, 106.19 MB peak
[2021.01.21-23.48.03:451][  0]LogMemory: Physical Memory: 17224.51 MB used,  15469.94 MB free, 32694.45 MB total
[2021.01.21-23.48.03:451][  0]LogMemory: Virtual Memory: 5194.88 MB used,  134212536.00 MB free, 134217728.00 MB total
[2021.01.21-23.48.03:460][  0]LogWindows: WindowsPlatformFeatures enabled
[2021.01.21-23.48.03:657][  0]LogInit: Physics initialised using underlying interface: PhysX
[2021.01.21-23.48.03:658][  0]LogInit: Using OS detected language (en-US).
[2021.01.21-23.48.03:658][  0]LogInit: Using OS detected locale (en-CA).
[2021.01.21-23.48.03:661][  0]LogTextLocalizationManager: No specific localization for 'en-US' exists, so the 'en' localization will be used.
[2021.01.21-23.48.03:828][  0]LogInit: Setting process to per monitor DPI aware
[2021.01.21-23.48.03:874][  0]LogSlate: New Slate User Created.  User Index 0, Is Virtual User: 0
[2021.01.21-23.48.03:874][  0]LogSlate: Slate User Registered.  User Index 0, Is Virtual User: 0
[2021.01.21-23.48.04:097][  0]LogHMD: Failed to initialize OpenVR with code 110
[2021.01.21-23.48.04:097][  0]LogD3D11RHI: D3D11 min allowed feature level: 11_0
[2021.01.21-23.48.04:097][  0]LogD3D11RHI: D3D11 max allowed feature level: 11_0
[2021.01.21-23.48.04:097][  0]LogD3D11RHI: D3D11 adapters:
[2021.01.21-23.48.04:230][  0]LogD3D11RHI:    0. 'NVIDIA GeForce RTX 2070' (Feature Level 11_0)
[2021.01.21-23.48.04:230][  0]LogD3D11RHI:       8031/0/16347 MB DedicatedVideo/DedicatedSystem/SharedSystem, Outputs:2, VendorId:0x10de
[2021.01.21-23.48.04:236][  0]LogD3D11RHI:    1. 'Microsoft Basic Render Driver' (Feature Level 11_0)
[2021.01.21-23.48.04:236][  0]LogD3D11RHI:       0/0/16347 MB DedicatedVideo/DedicatedSystem/SharedSystem, Outputs:0, VendorId:0x1414
[2021.01.21-23.48.04:236][  0]LogD3D11RHI: Chosen D3D11 Adapter: 0
[2021.01.21-23.48.04:245][  0]LogD3D11RHI: Creating new Direct3DDevice
[2021.01.21-23.48.04:246][  0]LogD3D11RHI:     GPU DeviceId: 0x1f02 (for the marketing name, search the web for "GPU Device Id")
[2021.01.21-23.48.04:246][  0]LogWindows: EnumDisplayDevices:
[2021.01.21-23.48.04:246][  0]LogWindows:    0. 'NVIDIA GeForce RTX 2070' (P:1 D:1)
[2021.01.21-23.48.04:246][  0]LogWindows:    1. 'NVIDIA GeForce RTX 2070' (P:0 D:1)
[2021.01.21-23.48.04:246][  0]LogWindows:    2. 'NVIDIA GeForce RTX 2070' (P:0 D:0)
[2021.01.21-23.48.04:247][  0]LogWindows:    3. 'NVIDIA GeForce RTX 2070' (P:0 D:0)
[2021.01.21-23.48.04:247][  0]LogWindows: DebugString: FoundDriverCount:4 
[2021.01.21-23.48.04:247][  0]LogD3D11RHI:     Adapter Name: NVIDIA GeForce RTX 2070
[2021.01.21-23.48.04:247][  0]LogD3D11RHI:   Driver Version: 461.09 (internal:27.21.14.6109, unified:461.09)
[2021.01.21-23.48.04:247][  0]LogD3D11RHI:      Driver Date: 12-31-2020
[2021.01.21-23.48.04:247][  0]LogRHI: Texture pool is 5621 MB (70% of 8031 MB)
[2021.01.21-23.48.04:350][  0]LogD3D11RHI: RHI has support for 64 bit atomics
[2021.01.21-23.48.04:350][  0]LogD3D11RHI: Async texture creation enabled
[2021.01.21-23.48.04:350][  0]LogD3D11RHI: Array index from any shader is supported
[2021.01.21-23.48.04:368][  0]LogD3D11RHI: GPU Timing Frequency: 1000.000000 (Debug: 2 1)
[2021.01.21-23.48.04:636][  0]LogTargetPlatformManager: Display: Loaded TargetPlatform 'AllDesktop'
[2021.01.21-23.48.04:660][  0]LogTargetPlatformManager: Display: Loaded TargetPlatform 'Android'
[2021.01.21-23.48.04:660][  0]LogTargetPlatformManager: Display: Loaded TargetPlatform 'Android_ASTC'
[2021.01.21-23.48.04:660][  0]LogTargetPlatformManager: Display: Loaded TargetPlatform 'Android_DXT'
[2021.01.21-23.48.04:660][  0]LogTargetPlatformManager: Display: Loaded TargetPlatform 'Android_ETC2'
[2021.01.21-23.48.04:660][  0]LogTargetPlatformManager: Display: Loaded TargetPlatform 'AndroidClient'
[2021.01.21-23.48.04:660][  0]LogTargetPlatformManager: Display: Loaded TargetPlatform 'Android_ASTCClient'
[2021.01.21-23.48.04:660][  0]LogTargetPlatformManager: Display: Loaded TargetPlatform 'Android_DXTClient'
[2021.01.21-23.48.04:661][  0]LogTargetPlatformManager: Display: Loaded TargetPlatform 'Android_ETC2Client'
[2021.01.21-23.48.04:661][  0]LogTargetPlatformManager: Display: Loaded TargetPlatform 'Android_Multi'
[2021.01.21-23.48.04:661][  0]LogTargetPlatformManager: Display: Loaded TargetPlatform 'Android_MultiClient'
[2021.01.21-23.48.04:692][  0]LogTargetPlatformManager: Display: Loaded TargetPlatform 'IOSClient'
[2021.01.21-23.48.04:692][  0]LogTargetPlatformManager: Display: Loaded TargetPlatform 'IOS'
[2021.01.21-23.48.04:704][  0]LogTargetPlatformManager: Display: Loaded TargetPlatform 'Linux'
[2021.01.21-23.48.04:716][  0]LogTargetPlatformManager: Display: Loaded TargetPlatform 'LinuxNoEditor'
[2021.01.21-23.48.04:727][  0]LogTargetPlatformManager: Display: Loaded TargetPlatform 'LinuxClient'
[2021.01.21-23.48.04:742][  0]LogTargetPlatformManager: Display: Loaded TargetPlatform 'LinuxServer'
[2021.01.21-23.48.04:754][  0]LogTargetPlatformManager: Display: Loaded TargetPlatform 'LinuxAArch64NoEditor'
[2021.01.21-23.48.04:765][  0]LogTargetPlatformManager: Display: Loaded TargetPlatform 'LinuxAArch64Client'
[2021.01.21-23.48.04:777][  0]LogTargetPlatformManager: Display: Loaded TargetPlatform 'LinuxAArch64Server'
[2021.01.21-23.48.04:807][  0]LogTargetPlatformManager: Display: Loaded TargetPlatform 'Lumin'
[2021.01.21-23.48.04:807][  0]LogTargetPlatformManager: Display: Loaded TargetPlatform 'LuminClient'
[2021.01.21-23.48.04:827][  0]LogTargetPlatformManager: Display: Loaded TargetPlatform 'TVOSClient'
[2021.01.21-23.48.04:827][  0]LogTargetPlatformManager: Display: Loaded TargetPlatform 'TVOS'
[2021.01.21-23.48.04:838][  0]LogTargetPlatformManager: Display: Loaded TargetPlatform 'WindowsNoEditor'
[2021.01.21-23.48.04:850][  0]LogTargetPlatformManager: Display: Loaded TargetPlatform 'Windows'
[2021.01.21-23.48.04:861][  0]LogTargetPlatformManager: Display: Loaded TargetPlatform 'WindowsClient'
[2021.01.21-23.48.04:873][  0]LogTargetPlatformManager: Display: Loaded TargetPlatform 'WindowsServer'
[2021.01.21-23.48.04:873][  0]LogTargetPlatformManager: Display: Building Assets For Windows
[2021.01.21-23.48.04:888][  0]LogAudioDebug: Display: Lib vorbis DLL was dynamically loaded.
[2021.01.21-23.48.04:986][  0]LogShaderCompilers: Guid format shader working directory is -47 characters bigger than the processId version (../../../../../UNREAL ENGINE PROJECTS/StealthGame_ProjectBase_4.25/Stealth_Game_UE/StealthGame/Intermediate/Shaders/WorkingDirectory/17892/).
[2021.01.21-23.48.04:986][  0]LogShaderCompilers: Cleaned the shader compiler working directory 'C:/Users/Vanilla/AppData/Local/Temp/UnrealShaderWorkingDir/30ECB1694A9CC0CF8D66DD8DFD353C23/'.
[2021.01.21-23.48.04:987][  0]LogXGEController: Cleaning working directory: C:/Users/Vanilla/AppData/Local/Temp/UnrealXGEWorkingDir/
[2021.01.21-23.48.04:987][  0]LogXGEController: Cannot use XGE Controller as Incredibuild is not installed on this machine.
[2021.01.21-23.48.04:987][  0]LogShaderCompilers: Cannot use XGE Shader Compiler as Incredibuild is not installed on this machine.
[2021.01.21-23.48.04:987][  0]LogShaderCompilers: Display: Using Local Shader Compiler.
[2021.01.21-23.48.05:748][  0]LogDerivedDataCache: Display: Max Cache Size: 512 MB
[2021.01.21-23.48.05:795][  0]LogDerivedDataCache: Loaded boot cache 0.05s 77MB C:/Users/Vanilla/AppData/Local/UnrealEngine/4.25/DerivedDataCache/Boot.ddc.
[2021.01.21-23.48.05:796][  0]LogDerivedDataCache: Display: Loaded Boot cache: C:/Users/Vanilla/AppData/Local/UnrealEngine/4.25/DerivedDataCache/Boot.ddc
[2021.01.21-23.48.05:796][  0]LogDerivedDataCache: FDerivedDataBackendGraph:  Pak pak cache file ../../../../../UNREAL ENGINE PROJECTS/StealthGame_ProjectBase_4.25/Stealth_Game_UE/StealthGame/DerivedDataCache/DDC.ddp not found, will not use a pak cache.
[2021.01.21-23.48.05:796][  0]LogDerivedDataCache: Unable to find inner node Pak for hierarchical cache Hierarchy.
[2021.01.21-23.48.05:796][  0]LogDerivedDataCache: FDerivedDataBackendGraph:  CompressedPak pak cache file ../../../../../UNREAL ENGINE PROJECTS/StealthGame_ProjectBase_4.25/Stealth_Game_UE/StealthGame/DerivedDataCache/Compressed.ddp not found, will not use a pak cache.
[2021.01.21-23.48.05:796][  0]LogDerivedDataCache: Unable to find inner node CompressedPak for hierarchical cache Hierarchy.
[2021.01.21-23.48.05:806][  0]LogDerivedDataCache: Display: Pak cache opened for reading ../../../Engine/DerivedDataCache/Compressed.ddp.
[2021.01.21-23.48.05:807][  0]LogDerivedDataCache: FDerivedDataBackendGraph:  EnterprisePak pak cache file ../../../Enterprise/DerivedDataCache/Compressed.ddp not found, will not use a pak cache.
[2021.01.21-23.48.05:807][  0]LogDerivedDataCache: Unable to find inner node EnterprisePak for hierarchical cache Hierarchy.
[2021.01.21-23.48.05:809][  0]LogDerivedDataCache: Using Local data cache path C:/Users/Vanilla/AppData/Local/UnrealEngine/Common/DerivedDataCache: Writable
[2021.01.21-23.48.05:809][  0]LogDerivedDataCache: Shared data cache path not found in *engine.ini, will not use an Shared cache.
[2021.01.21-23.48.05:809][  0]LogDerivedDataCache: Unable to find inner node Shared for hierarchical cache Hierarchy.
[2021.01.21-23.48.05:859][  0]LogSlate: Using FreeType 2.10.0
[2021.01.21-23.48.05:860][  0]LogSlate: SlateFontServices - WITH_FREETYPE: 1, WITH_HARFBUZZ: 1
[2021.01.21-23.48.05:886][  0]LogAssetRegistry: FAssetRegistry took 0.0039 seconds to start up
[2021.01.21-23.48.06:122][  0]LogInit: Selected Device Profile: [Windows]
[2021.01.21-23.48.06:254][  0]LogMeshReduction: Using QuadricMeshReduction for automatic static mesh reduction
[2021.01.21-23.48.06:254][  0]LogMeshReduction: Using SimplygonMeshReduction for automatic skeletal mesh reduction
[2021.01.21-23.48.06:254][  0]LogMeshReduction: Using ProxyLODMeshReduction for automatic mesh merging
[2021.01.21-23.48.06:254][  0]LogMeshReduction: No distributed automatic mesh merging module available
[2021.01.21-23.48.06:254][  0]LogMeshMerging: No distributed automatic mesh merging module available
[2021.01.21-23.48.06:274][  0]LogNetVersion: FPSGame 1.0.0, NetCL: 13144385, EngineNetVer: 14, GameNetVer: 0 (Checksum: 1304077534)
[2021.01.21-23.48.06:667][  0]LogAISub: UAISubsystem::UAISubsystem AISubsystem (0000025AEE1502C0), frame # 0
[2021.01.21-23.48.06:667][  0]LogAISub: UAISubsystem::UAISubsystem AIPerceptionSystem (0000025AEE0A4A40), frame # 0
[2021.01.21-23.48.06:669][  0]LogAISub: UAISubsystem::UAISubsystem EnvQueryManager (0000025AEE0C5E00), frame # 0
[2021.01.21-23.48.06:730][  0]LogPackageLocalizationCache: Processed 19 localized package path(s) for 1 prioritized culture(s) in 0.053954 seconds
[2021.01.21-23.48.06:735][  0]LogUObjectArray: 15917 objects as part of root set at end of initial load.
[2021.01.21-23.48.06:735][  0]LogUObjectAllocator: 3965568 out of 0 bytes used by permanent object pool.
[2021.01.21-23.48.06:735][  0]LogUObjectArray: CloseDisregardForGC: 0/0 objects in disregard for GC pool
[2021.01.21-23.48.07:232][  0]LogTcpMessaging: Initializing TcpMessaging bridge
[2021.01.21-23.48.07:240][  0]LogUdpMessaging: Initializing bridge on interface 0.0.0.0:0 to multicast group 230.0.0.1:6666.
[2021.01.21-23.48.07:514][  0]SourceControl: Source control is disabled
[2021.01.21-23.48.07:514][  0]SourceControl: Source control is disabled
[2021.01.21-23.48.07:519][  0]SourceControl: Source control is disabled
[2021.01.21-23.48.07:525][  0]SourceControl: Source control is disabled
[2021.01.21-23.48.07:537][  0]SourceControl: Source control is disabled
[2021.01.21-23.48.07:955][  0]LogAndroidPermission: UAndroidPermissionCallbackProxy::GetInstance
[2021.01.21-23.48.07:993][  0]LogAudioCaptureCore: Display: No Audio Capture implementations found. Audio input will be silent.
[2021.01.21-23.48.07:993][  0]LogAudioCaptureCore: Display: No Audio Capture implementations found. Audio input will be silent.
[2021.01.21-23.48.08:064][  0]LogOcInput: OculusInput pre-init called
[2021.01.21-23.48.08:079][  0]LogWindows: Failed to load 'OVRPlugin.dll' (GetLastError=126)
[2021.01.21-23.48.08:079][  0]LogWindows: File 'OVRPlugin.dll' does not exist
[2021.01.21-23.48.08:157][  0]LogEngine: Initializing Engine...
[2021.01.21-23.48.08:158][  0]LogHMD: Failed to initialize OpenVR with code 110
[2021.01.21-23.48.08:158][  0]LogMagicLeap: Warning: VR disabled because ZI is not enabled.  To enable, in the editor, Edit -> Project Settings -> Plugins -> Magic Leap Plugin -> Enable Zero Iteration
[2021.01.21-23.48.08:160][  0]LogStats: UGameplayTagsManager::InitializeManager -  0.000 s
[2021.01.21-23.48.08:274][  0]LogInit: Initializing FReadOnlyCVARCache
[2021.01.21-23.48.08:284][  0]LogAIModule: Creating AISystem for world Untitled
[2021.01.21-23.48.08:285][  0]LogAISub: UAISubsystem::UAISubsystem EnvQueryManager (0000025AF41E2000), frame # 0
[2021.01.21-23.48.08:285][  0]LogAISub: UAISubsystem::UAISubsystem AIPerceptionSystem (0000025AF420DBC0), frame # 0
[2021.01.21-23.48.08:302][  0]LogAudioMixer: Display: Audio Mixer Platform Settings:
[2021.01.21-23.48.08:303][  0]LogAudioMixer: Display: 	Sample Rate:						  48000
[2021.01.21-23.48.08:303][  0]LogAudioMixer: Display: 	Callback Buffer Frame Size Requested: 1024
[2021.01.21-23.48.08:303][  0]LogAudioMixer: Display: 	Callback Buffer Frame Size To Use:	  1024
[2021.01.21-23.48.08:303][  0]LogAudioMixer: Display: 	Number of buffers to queue:			  2
[2021.01.21-23.48.08:303][  0]LogAudioMixer: Display: 	Max Channels (voices):				  32
[2021.01.21-23.48.08:303][  0]LogAudioMixer: Display: 	Number of Async Source Workers:		  0
[2021.01.21-23.48.08:303][  0]LogAudio: Display: AudioDevice MaxSources: 32
[2021.01.21-23.48.08:303][  0]LogAudio: Display: Using built-in audio occlusion.
[2021.01.21-23.48.08:303][  0]LogAudioMixer: Display: Initializing audio mixer.
[2021.01.21-23.48.08:327][  0]LogAudioMixer: Display: 0: FrontLeft
[2021.01.21-23.48.08:327][  0]LogAudioMixer: Display: 1: FrontRight
[2021.01.21-23.48.08:327][  0]LogAudioMixer: Display: 2: FrontCenter
[2021.01.21-23.48.08:327][  0]LogAudioMixer: Display: 3: LowFrequency
[2021.01.21-23.48.08:327][  0]LogAudioMixer: Display: 4: BackLeft
[2021.01.21-23.48.08:327][  0]LogAudioMixer: Display: 5: BackRight
[2021.01.21-23.48.08:327][  0]LogAudioMixer: Display: 6: SideLeft
[2021.01.21-23.48.08:327][  0]LogAudioMixer: Display: 7: SideRight
[2021.01.21-23.48.08:528][  0]LogAudioMixer: Display: Using Audio Device Headset Earphone (CORSAIR VOID ELITE USB Gaming Headset)
[2021.01.21-23.48.08:531][  0]LogAudioMixer: Display: Initializing Sound Submixes...
[2021.01.21-23.48.08:533][  0]LogAudioMixer: Display: Creating Master Submix 'MasterSubmixDefault'
[2021.01.21-23.48.08:533][  0]LogAudioMixer: Display: Creating Master Submix 'MasterReverbSubmixDefault'
[2021.01.21-23.48.08:534][  0]LogAudioMixer: Display: Creating Master Submix 'MasterEQSubmixDefault'
[2021.01.21-23.48.08:536][  0]LogInit: FAudioDevice initialized.
[2021.01.21-23.48.08:536][  0]LogNetVersion: Set ProjectVersion to 1.0.0.0. Version Checksum will be recalculated on next use.
[2021.01.21-23.48.08:639][  0]LogDerivedDataCache: Saved boot cache 0.10s 77MB C:/Users/Vanilla/AppData/Local/UnrealEngine/4.25/DerivedDataCache/Boot.ddc.
[2021.01.21-23.48.08:645][  0]LogInit: Texture streaming: Enabled
[2021.01.21-23.48.08:682][  0]LogEngineSessionManager: EngineSessionManager initialized
[2021.01.21-23.48.08:682][  0]LogEngineSessionManager: EngineSessionManager sent abnormal shutdown report. Type=Debugger, SessionId={8505EBDD-44F4-18E3-F482-5D85E2C7D0A6}
[2021.01.21-23.48.08:682][  0]LogEditorSessionSummary: Verbose: Initializing EditorSessionSummaryWriter for editor session tracking
[2021.01.21-23.48.08:683][  0]LogEditorSessionSummary: EditorSessionSummaryWriter initialized
[2021.01.21-23.48.08:766][  0]LogInit: Transaction tracking system initialized
[2021.01.21-23.48.08:809][  0]BlueprintLog: New page: Editor Load
[2021.01.21-23.48.08:923][  0]LocalizationService: Localization service is disabled
[2021.01.21-23.48.09:112][  0]LogCook: Display: Max memory allowance for cook 16384mb min free memory 0mb
[2021.01.21-23.48.09:112][  0]LogCook: Display: Mobile HDR setting 1
[2021.01.21-23.48.09:310][  0]LogFileCache: Scanning file cache for directory 'F:/UNREAL ENGINE PROJECTS/StealthGame_ProjectBase_4.25/Stealth_Game_UE/StealthGame/Content/' took 0.01s
[2021.01.21-23.48.09:512][  0]SourceControl: Source control is disabled
[2021.01.21-23.48.09:513][  0]LogUnrealEdMisc: Loading editor; pre map load, took 8.466
[2021.01.21-23.48.09:513][  0]Cmd: MAP LOAD FILE="../../../../../UNREAL ENGINE PROJECTS/StealthGame_ProjectBase_4.25/Stealth_Game_UE/StealthGame/Content/Maps/FirstPersonExampleMap.umap" TEMPLATE=0 SHOWPROGRESS=1 FEATURELEVEL=3
[2021.01.21-23.48.09:513][  0]LightingResults: New page: Lighting Build
[2021.01.21-23.48.09:514][  0]LogWorld: UWorld::CleanupWorld for Untitled, bSessionEnded=true, bCleanupResources=true
[2021.01.21-23.48.09:514][  0]LogSlate: InvalidateAllWidgets triggered.  All widgets were invalidated
[2021.01.21-23.48.09:515][  0]MapCheck: New page: Map Check
[2021.01.21-23.48.09:515][  0]LightingResults: New page: Lighting Build
[2021.01.21-23.48.09:531][  0]LogAISub: UAISubsystem::~UAISubsystem EnvQueryManager (0000025AF41E2000), frame # 0
[2021.01.21-23.48.09:531][  0]LogAISub: UAISubsystem::~UAISubsystem AIPerceptionSystem (0000025AF420DBC0), frame # 0
[2021.01.21-23.48.09:533][  0]LogUObjectHash: Compacting FUObjectHashTables data took   1.35ms
[2021.01.21-23.48.09:697][  0]LogAIModule: Creating AISystem for world FirstPersonExampleMap
[2021.01.21-23.48.09:697][  0]LogAISub: UAISubsystem::UAISubsystem EnvQueryManager (0000025AE0F7FE00), frame # 0
[2021.01.21-23.48.09:697][  0]LogAISub: UAISubsystem::UAISubsystem AIPerceptionSystem (0000025AF4514A40), frame # 0
[2021.01.21-23.48.09:707][  0]LogEditorServer: Finished looking for orphan Actors (0.000 secs)
[2021.01.21-23.48.09:737][  0]LogUObjectHash: Compacting FUObjectHashTables data took   1.12ms
[2021.01.21-23.48.09:738][  0]Cmd: MAP CHECKDEP NOCLEARLOG
[2021.01.21-23.48.09:738][  0]MapCheck: Map check complete: 0 Error(s), 0 Warning(s), took 0.163ms to complete.
[2021.01.21-23.48.09:738][  0]LogFileHelpers: Loading map 'FirstPersonExampleMap' took 0.225
[2021.01.21-23.48.09:741][  0]LogUnrealEdMisc: Total Editor Startup Time, took 8.694
[2021.01.21-23.48.09:905][  0]LogSlate: Updating window title bar state: overlay mode, drag disabled, window buttons hidden, title bar hidden
[2021.01.21-23.48.09:924][  0]LogSlate: Updating window title bar state: overlay mode, drag disabled, window buttons hidden, title bar hidden
[2021.01.21-23.48.09:932][  0]LogSlate: Updating window title bar state: overlay mode, drag disabled, window buttons hidden, title bar hidden
[2021.01.21-23.48.09:942][  0]LogSlate: Updating window title bar state: overlay mode, drag disabled, window buttons hidden, title bar hidden
[2021.01.21-23.48.09:951][  0]LogCollectionManager: Loaded 0 collections in 0.000956 seconds
[2021.01.21-23.48.09:972][  0]LogFileCache: Scanning file cache for directory 'F:/UNREAL ENGINE PROJECTS/StealthGame_ProjectBase_4.25/Stealth_Game_UE/StealthGame/Saved/Collections/' took 0.00s
[2021.01.21-23.48.09:972][  0]LogFileCache: Scanning file cache for directory 'F:/UNREAL ENGINE PROJECTS/StealthGame_ProjectBase_4.25/Stealth_Game_UE/StealthGame/Content/Developers/Vanilla/Collections/' took 0.00s
[2021.01.21-23.48.09:972][  0]LogFileCache: Scanning file cache for directory 'F:/UNREAL ENGINE PROJECTS/StealthGame_ProjectBase_4.25/Stealth_Game_UE/StealthGame/Content/Collections/' took 0.00s
[2021.01.21-23.48.09:973][  0]LogContentBrowser: Native class hierarchy populated in 0.0111 seconds. Added 3435 classes and 824 folders.
[2021.01.21-23.48.09:977][  0]LogContentBrowser: Native class hierarchy updated for 'WidgetCarousel' in 0.0005 seconds. Added 0 classes and 0 folders.
[2021.01.21-23.48.10:061][  0]LogContentBrowser: Native class hierarchy updated for 'AddContentDialog' in 0.0005 seconds. Added 0 classes and 0 folders.
[2021.01.21-23.48.10:064][  0]LogContentBrowser: Native class hierarchy updated for 'SceneOutliner' in 0.0004 seconds. Added 2 classes and 0 folders.
[2021.01.21-23.48.10:157][  0]LogSlate: Took 0.000276 seconds to synchronously load lazily loaded font '../../../Engine/Content/Slate/Fonts/Roboto-Regular.ttf' (155K)
[2021.01.21-23.48.10:159][  0]LogSlate: Took 0.000193 seconds to synchronously load lazily loaded font '../../../Engine/Content/Slate/Fonts/Roboto-Bold.ttf' (160K)
[2021.01.21-23.48.10:164][  0]LogSlate: Took 0.000212 seconds to synchronously load lazily loaded font '../../../Engine/Content/Editor/Slate/Fonts/FontAwesome.ttf' (139K)
[2021.01.21-23.48.10:226][  0]LogRenderer: Reallocating scene render targets to support 1212x512 Format 10 NumSamples 1 (Frame:1).
[2021.01.21-23.48.11:673][  0]LogContentBrowser: Native class hierarchy updated for 'HierarchicalLODOutliner' in 0.0005 seconds. Added 0 classes and 0 folders.
[2021.01.21-23.48.11:674][  0]LogLoad: (Engine Initialization) Total time: 10.63 seconds
[2021.01.21-23.48.11:674][  0]LogLoad: (Engine Initialization) Total Blueprint compile time: 0.00 seconds
[2021.01.21-23.48.11:709][  0]LogAssetRegistry: Asset discovery search completed in 5.8257 seconds
[2021.01.21-23.48.11:713][  0]LogCollectionManager: Fixed up redirectors for 0 collections in 0.000002 seconds (updated 0 objects)
[2021.01.21-23.48.11:714][  0]LogContentStreaming: Texture pool size now 1000 MB
[2021.01.21-23.48.11:749][  0]LogSlate: Took 0.000159 seconds to synchronously load lazily loaded font '../../../Engine/Content/Slate/Fonts/Roboto-Light.ttf' (167K)
[2021.01.21-23.48.17:322][557]LogTemp: Repeating last play command: New Editor Window (PIE)
[2021.01.21-23.48.17:342][557]LogPlayLevel: PlayLevel: No blueprints needed recompiling
[2021.01.21-23.48.17:343][557]PIE: New page: PIE session: FirstPersonExampleMap (Jan. 21, 2021, 1:48:17 p.m.)
[2021.01.21-23.48.17:345][557]LogOnline: OSS: Creating online subsystem instance for: NULL
[2021.01.21-23.48.17:347][557]LogOnline: OSS: TryLoadSubsystemAndSetDefault: Loaded subsystem for module [NULL]
[2021.01.21-23.48.17:347][557]LogPlayLevel: Creating play world package: /Game/Maps/UEDPIE_0_FirstPersonExampleMap
[2021.01.21-23.48.17:366][557]LogPlayLevel: PIE: StaticDuplicateObject took: (0.018885s)
[2021.01.21-23.48.17:368][557]LogAIModule: Creating AISystem for world FirstPersonExampleMap
[2021.01.21-23.48.17:368][557]LogAISub: UAISubsystem::UAISubsystem EnvQueryManager (0000025A9CB7BE00), frame # 557
[2021.01.21-23.48.17:368][557]LogAISub: UAISubsystem::UAISubsystem AIPerceptionSystem (0000025AFFB20CC0), frame # 557
[2021.01.21-23.48.17:368][557]LogPlayLevel: PIE: World Init took: (0.001714s)
[2021.01.21-23.48.17:368][557]LogPlayLevel: PIE: Created PIE world by copying editor world from /Game/Maps/FirstPersonExampleMap.FirstPersonExampleMap to /Game/Maps/UEDPIE_0_FirstPersonExampleMap.FirstPersonExampleMap (0.021073s)
[2021.01.21-23.48.17:388][557]LogUObjectHash: Compacting FUObjectHashTables data took   0.60ms
[2021.01.21-23.48.17:389][557]LogAudioMixer: Display: Audio Mixer Platform Settings:
[2021.01.21-23.48.17:390][557]LogAudioMixer: Display: 	Sample Rate:						  48000
[2021.01.21-23.48.17:390][557]LogAudioMixer: Display: 	Callback Buffer Frame Size Requested: 1024
[2021.01.21-23.48.17:390][557]LogAudioMixer: Display: 	Callback Buffer Frame Size To Use:	  1024
[2021.01.21-23.48.17:390][557]LogAudioMixer: Display: 	Number of buffers to queue:			  2
[2021.01.21-23.48.17:390][557]LogAudioMixer: Display: 	Max Channels (voices):				  32
[2021.01.21-23.48.17:390][557]LogAudioMixer: Display: 	Number of Async Source Workers:		  0
[2021.01.21-23.48.17:390][557]LogAudio: Display: AudioDevice MaxSources: 32
[2021.01.21-23.48.17:390][557]LogAudio: Display: Using built-in audio occlusion.
[2021.01.21-23.48.17:390][557]LogAudioMixer: Display: Initializing audio mixer.
[2021.01.21-23.48.17:397][557]LogAudioMixer: Display: 0: FrontLeft
[2021.01.21-23.48.17:398][557]LogAudioMixer: Display: 1: FrontRight
[2021.01.21-23.48.17:398][557]LogAudioMixer: Display: 2: FrontCenter
[2021.01.21-23.48.17:398][557]LogAudioMixer: Display: 3: LowFrequency
[2021.01.21-23.48.17:398][557]LogAudioMixer: Display: 4: BackLeft
[2021.01.21-23.48.17:398][557]LogAudioMixer: Display: 5: BackRight
[2021.01.21-23.48.17:398][557]LogAudioMixer: Display: 6: SideLeft
[2021.01.21-23.48.17:398][557]LogAudioMixer: Display: 7: SideRight
[2021.01.21-23.48.17:582][557]LogAudioMixer: Display: Using Audio Device Headset Earphone (CORSAIR VOID ELITE USB Gaming Headset)
[2021.01.21-23.48.17:583][557]LogAudioMixer: Display: Initializing Sound Submixes...
[2021.01.21-23.48.17:583][557]LogAudioMixer: Display: Creating Master Submix 'MasterSubmixDefault'
[2021.01.21-23.48.17:583][557]LogAudioMixer: Display: Creating Master Submix 'MasterReverbSubmixDefault'
[2021.01.21-23.48.17:583][557]LogAudioMixer: Display: Creating Master Submix 'MasterEQSubmixDefault'
[2021.01.21-23.48.17:595][557]LogInit: FAudioDevice initialized.
[2021.01.21-23.48.17:633][557]LogSlate: Updating window title bar state: overlay mode, drag disabled, window buttons hidden, title bar hidden
[2021.01.21-23.48.17:633][557]LogLoad: Game class is 'BP_GameMode_C'
[2021.01.21-23.48.17:636][557]LogWorld: Bringing World /Game/Maps/UEDPIE_0_FirstPersonExampleMap.FirstPersonExampleMap up for play (max tick rate 0) at 2021.01.21-18.48.17
[2021.01.21-23.48.17:637][557]LogWorld: Bringing up level for play took: 0.002751
[2021.01.21-23.48.17:637][557]LogOnline: OSS: Creating online subsystem instance for: :Context_5
[2021.01.21-23.48.17:641][557]LogContentBrowser: Native class hierarchy updated for 'MovieSceneCapture' in 0.0005 seconds. Added 20 classes and 0 folders.
[2021.01.21-23.48.17:645][557]PIE: Server logged in
[2021.01.21-23.48.17:646][557]PIE: Play in editor total start time 0.304 seconds.
[2021.01.21-23.48.17:702][558]LogRenderer: Reallocating scene render targets to support 1280x720 Format 10 NumSamples 1 (Frame:1).
[2021.01.21-23.48.51:636][559]LogSlate: Updating window title bar state: overlay mode, drag disabled, window buttons hidden, title bar hidden
[2021.01.21-23.48.51:636][559]LogWorld: BeginTearingDown for /Game/Maps/UEDPIE_0_FirstPersonExampleMap
[2021.01.21-23.48.51:636][559]LogSlate: Window 'FPSGame Preview [NetMode: Standalone] (64-bit/Windows) ' being destroyed
[2021.01.21-23.48.51:640][559]LogWorld: UWorld::CleanupWorld for FirstPersonExampleMap, bSessionEnded=true, bCleanupResources=true
[2021.01.21-23.48.51:640][559]LogSlate: InvalidateAllWidgets triggered.  All widgets were invalidated
[2021.01.21-23.48.51:654][559]LogPlayLevel: Display: Shutting down PIE online subsystems
[2021.01.21-23.48.51:656][559]LogSlate: InvalidateAllWidgets triggered.  All widgets were invalidated
[2021.01.21-23.48.51:693][559]LogAISub: UAISubsystem::~UAISubsystem EnvQueryManager (0000025A9CB7BE00), frame # 4559
[2021.01.21-23.48.51:693][559]LogAISub: UAISubsystem::~UAISubsystem AIPerceptionSystem (0000025AFFB20CC0), frame # 4559
[2021.01.21-23.48.51:694][559]LogUObjectHash: Compacting FUObjectHashTables data took   0.69ms
[2021.01.21-23.48.51:730][560]LogPlayLevel: Display: Destroying online subsystem :Context_5
