Log file open, 01/15/21 18:17:59
LogInit: Display: Running engine for game: FPSGame
LogPlatformFile: Not using cached read wrapper
LogTaskGraph: Started task graph with 5 named threads and 47 total threads with 3 sets of task threads.
LogStats: Stats thread started at 0.291329
LogD3D11RHI: Loaded GFSDK_Aftermath_Lib.x64.dll
LogICUInternationalization: ICU TimeZone Detection - Raw Offset: -5:00, Platform Override: ''
LogPluginManager: Mounting plugin Paper2D
LogPluginManager: Mounting plugin AISupport
LogPluginManager: Mounting plugin LightPropagationVolume
LogPluginManager: Mounting plugin CameraShakePreviewer
LogPluginManager: Mounting plugin ActorLayerUtilities
LogPluginManager: Mounting plugin AnimationSharing
LogPluginManager: Mounting plugin CLionSourceCodeAccess
LogPluginManager: Mounting plugin CodeLiteSourceCodeAccess
LogPluginManager: Mounting plugin GitSourceControl
LogPluginManager: Mounting plugin KDevelopSourceCodeAccess
LogPluginManager: Mounting plugin NullSourceCodeAccess
LogPluginManager: Mounting plugin PerforceSourceControl
LogPluginManager: Mounting plugin PlasticSourceControl
LogPluginManager: Mounting plugin RiderSourceCodeAccess
LogPluginManager: Mounting plugin SubversionSourceControl
LogPluginManager: Mounting plugin UObjectPlugin
LogPluginManager: Mounting plugin VisualStudioCodeSourceCodeAccess
LogPluginManager: Mounting plugin VisualStudioSourceCodeAccess
LogPluginManager: Mounting plugin XCodeSourceCodeAccess
LogPluginManager: Mounting plugin AssetManagerEditor
LogPluginManager: Mounting plugin CryptoKeys
LogPluginManager: Mounting plugin CurveEditorTools
LogPluginManager: Mounting plugin DataValidation
LogPluginManager: Mounting plugin EditorScriptingUtilities
LogPluginManager: Mounting plugin FacialAnimation
LogPluginManager: Mounting plugin GameplayTagsEditor
LogPluginManager: Mounting plugin GeometryMode
LogPluginManager: Mounting plugin MacGraphicsSwitching
LogPluginManager: Mounting plugin MaterialAnalyzer
LogPluginManager: Mounting plugin MobileLauncherProfileWizard
LogPluginManager: Mounting plugin PluginBrowser
LogPluginManager: Mounting plugin SpeedTreeImporter
LogPluginManager: Mounting plugin DatasmithContent
LogPluginManager: Mounting plugin VariantManagerContent
LogPluginManager: Mounting plugin AlembicImporter
LogPluginManager: Mounting plugin AutomationUtils
LogPluginManager: Mounting plugin BackChannel
LogPluginManager: Mounting plugin ChaosCloth
LogPluginManager: Mounting plugin ChaosClothEditor
LogPluginManager: Mounting plugin ChaosEditor
LogPluginManager: Mounting plugin ChaosNiagara
LogPluginManager: Mounting plugin ChaosSolverPlugin
LogPluginManager: Mounting plugin CharacterAI
LogPluginManager: Mounting plugin GeometryCache
LogPluginManager: Mounting plugin GeometryCollectionPlugin
LogPluginManager: Mounting plugin GeometryProcessing
LogPluginManager: Mounting plugin PlanarCut
LogPluginManager: Mounting plugin PlatformCrypto
LogPluginManager: Mounting plugin ProxyLODPlugin
LogPluginManager: Mounting plugin SkeletalReduction
LogPluginManager: Mounting plugin Niagara
LogPluginManager: Mounting plugin MagicLeap
LogPluginManager: Mounting plugin MagicLeapLightEstimation
LogPluginManager: Mounting plugin MagicLeapMedia
LogPluginManager: Mounting plugin MagicLeapPassableWorld
LogPluginManager: Mounting plugin MLSDK
LogPluginManager: Mounting plugin AndroidMedia
LogPluginManager: Mounting plugin AvfMedia
LogPluginManager: Mounting plugin ImgMedia
LogPluginManager: Mounting plugin MediaCompositing
LogPluginManager: Mounting plugin MediaPlayerEditor
LogPluginManager: Mounting plugin WebMMedia
LogPluginManager: Mounting plugin WmfMedia
LogPluginManager: Mounting plugin MeshPainting
LogPluginManager: Mounting plugin TcpMessaging
LogPluginManager: Mounting plugin UdpMessaging
LogPluginManager: Mounting plugin ActorSequence
LogPluginManager: Mounting plugin LevelSequenceEditor
LogPluginManager: Mounting plugin MatineeToLevelSequence
LogPluginManager: Mounting plugin MovieRenderPipeline
LogPluginManager: Mounting plugin TemplateSequence
LogPluginManager: Mounting plugin NetcodeUnitTest
LogPluginManager: Mounting plugin NUTUnrealEngine4
LogPluginManager: Mounting plugin OnlineSubsystemGooglePlay
LogPluginManager: Mounting plugin OnlineSubsystemIOS
LogPluginManager: Mounting plugin OnlineSubsystem
LogPluginManager: Mounting plugin OnlineSubsystemNull
LogPluginManager: Mounting plugin OnlineSubsystemUtils
LogPluginManager: Mounting plugin LauncherChunkInstaller
LogPluginManager: Mounting plugin AndroidDeviceProfileSelector
LogPluginManager: Mounting plugin AndroidMoviePlayer
LogPluginManager: Mounting plugin AndroidPermission
LogPluginManager: Mounting plugin AppleImageUtils
LogPluginManager: Mounting plugin AppleMoviePlayer
LogPluginManager: Mounting plugin ArchVisCharacter
LogPluginManager: Mounting plugin AssetTags
LogPluginManager: Mounting plugin AudioCapture
LogPluginManager: Mounting plugin CableComponent
LogPluginManager: Mounting plugin CustomMeshComponent
LogPluginManager: Mounting plugin EditableMesh
LogPluginManager: Mounting plugin ExampleDeviceProfileSelector
LogPluginManager: Mounting plugin GoogleCloudMessaging
LogPluginManager: Mounting plugin GooglePAD
LogPluginManager: Mounting plugin IOSDeviceProfileSelector
LogPluginManager: Mounting plugin LinuxDeviceProfileSelector
LogPluginManager: Mounting plugin LocationServicesBPLibrary
LogPluginManager: Mounting plugin MobilePatchingUtils
LogPluginManager: Mounting plugin OculusVR
LogPluginManager: Mounting plugin PhysXVehicles
LogPluginManager: Mounting plugin PostSplashScreen
LogPluginManager: Mounting plugin ProceduralMeshComponent
LogPluginManager: Mounting plugin RuntimePhysXCooking
LogPluginManager: Mounting plugin SignificanceManager
LogPluginManager: Mounting plugin SoundFields
LogPluginManager: Mounting plugin SteamVR
LogPluginManager: Mounting plugin Synthesis
LogPluginManager: Mounting plugin WebMMoviePlayer
LogPluginManager: Mounting plugin WindowsMoviePlayer
LogPluginManager: Mounting plugin ScreenshotTools
LogInit: Using libcurl 7.55.1-DEV
LogInit:  - built for x86_64-pc-win32
LogInit:  - supports SSL with OpenSSL/1.1.1
LogInit:  - supports HTTP deflate (compression) using libz 1.2.8
LogInit:  - other features:
LogInit:      CURL_VERSION_SSL
LogInit:      CURL_VERSION_LIBZ
LogInit:      CURL_VERSION_IPV6
LogInit:      CURL_VERSION_ASYNCHDNS
LogInit:      CURL_VERSION_LARGEFILE
LogInit:      CURL_VERSION_IDN
LogInit:  CurlRequestOptions (configurable via config and command line):
LogInit:  - bVerifyPeer = true  - Libcurl will verify peer certificate
LogInit:  - bUseHttpProxy = false  - Libcurl will NOT use HTTP proxy
LogInit:  - bDontReuseConnections = false  - Libcurl will reuse connections
LogInit:  - MaxHostConnections = 16  - Libcurl will limit the number of connections to a host
LogInit:  - LocalHostAddr = Default
LogInit:  - BufferSize = 65536
LogOnline: OSS: Creating online subsystem instance for: NULL
LogInit: WinSock: version 1.1 (2.2), MaxSocks=32767, MaxUdp=65467
LogOnline: OSS: TryLoadSubsystemAndSetDefault: Loaded subsystem for module [NULL]
LogInit: Build: ++UE4+Release-4.25-CL-14469661
LogInit: Engine Version: 4.25.4-14469661+++UE4+Release-4.25
LogInit: Compatible Engine Version: 4.25.0-13144385+++UE4+Release-4.25
LogInit: Net CL: 13144385
LogInit: OS: Windows 10 (Release 2009) (), CPU: AMD Ryzen 7 2700X Eight-Core Processor         , GPU: NVIDIA GeForce RTX 2070
LogInit: Compiled (64-bit): Oct 11 2020 08:10:49
LogInit: Compiled with Visual C++: 19.24.28315.00
LogInit: Build Configuration: Development
LogInit: Branch Name: ++UE4+Release-4.25
LogInit: Command Line:  -skipcompile
LogInit: Base Directory: F:/UNREAL ENGINE/UE_4.25/Engine/Binaries/Win64/
LogInit: Allocator: TBB
LogInit: Installed Engine Build: 1
LogDevObjectVersion: Number of dev versions registered: 26
LogDevObjectVersion:   Dev-Blueprints (B0D832E4-1F89-4F0D-ACCF-7EB736FD4AA2): 10
LogDevObjectVersion:   Dev-Build (E1C64328-A22C-4D53-A36C-8E866417BD8C): 0
LogDevObjectVersion:   Dev-Core (375EC13C-06E4-48FB-B500-84F0262A717E): 4
LogDevObjectVersion:   Dev-Editor (E4B068ED-F494-42E9-A231-DA0B2E46BB41): 38
LogDevObjectVersion:   Dev-Framework (CFFC743F-43B0-4480-9391-14DF171D2073): 37
LogDevObjectVersion:   Dev-Mobile (B02B49B5-BB20-44E9-A304-32B752E40360): 2
LogDevObjectVersion:   Dev-Networking (A4E4105C-59A1-49B5-A7C5-40C4547EDFEE): 0
LogDevObjectVersion:   Dev-Online (39C831C9-5AE6-47DC-9A44-9C173E1C8E7C): 0
LogDevObjectVersion:   Dev-Physics (78F01B33-EBEA-4F98-B9B4-84EACCB95AA2): 4
LogDevObjectVersion:   Dev-Platform (6631380F-2D4D-43E0-8009-CF276956A95A): 0
LogDevObjectVersion:   Dev-Rendering (12F88B9F-8875-4AFC-A67C-D90C383ABD29): 43
LogDevObjectVersion:   Dev-Sequencer (7B5AE74C-D270-4C10-A958-57980B212A5A): 12
LogDevObjectVersion:   Dev-VR (D7296918-1DD6-4BDD-9DE2-64A83CC13884): 3
LogDevObjectVersion:   Dev-LoadTimes (C2A15278-BFE7-4AFE-6C17-90FF531DF755): 1
LogDevObjectVersion:   Private-Geometry (6EACA3D4-40EC-4CC1-B786-8BED09428FC5): 3
LogDevObjectVersion:   Dev-AnimPhys (29E575DD-E0A3-4627-9D10-D276232CDCEA): 17
LogDevObjectVersion:   Dev-Anim (AF43A65D-7FD3-4947-9873-3E8ED9C1BB05): 7
LogDevObjectVersion:   Dev-ReflectionCapture (6B266CEC-1EC7-4B8F-A30B-E4D90942FC07): 1
LogDevObjectVersion:   Dev-Automation (0DF73D61-A23F-47EA-B727-89E90C41499A): 1
LogDevObjectVersion:   FortniteMain (601D1886-AC64-4F84-AA16-D3DE0DEAC7D6): 31
LogDevObjectVersion:   Dev-Enterprise (9DFFBCD6-494F-0158-E221-12823C92A888): 10
LogDevObjectVersion:   Dev-Niagara (F2AED0AC-9AFE-416F-8664-AA7FFA26D6FC): 1
LogDevObjectVersion:   Dev-Destruction (174F1F0B-B4C6-45A5-B13F-2EE8D0FB917D): 10
LogDevObjectVersion:   Dev-Physics-Ext (35F94A83-E258-406C-A318-09F59610247C): 37
LogDevObjectVersion:   Dev-PhysicsMaterial-Chaos (B68FC16E-8B1B-42E2-B453-215C058844FE): 1
LogDevObjectVersion:   Dev-CineCamera (B2E18506-4273-CFC2-A54E-F4BB758BBA07): 1
LogInit: Presizing for max 25165824 objects, including 0 objects not considered by GC, pre-allocating 0 bytes for permanent pool.
LogConfig: Applying CVar settings from Section [/Script/Engine.StreamingSettings] File [F:/UNREAL ENGINE PROJECTS/StealthGame_ProjectBase_4.25/Stealth_Game_UE/StealthGame/Saved/Config/Windows/Engine.ini]
LogConfig: Setting CVar [[s.MinBulkDataSizeForAsyncLoading:131072]]
LogConfig: Setting CVar [[s.AsyncLoadingThreadEnabled:0]]
LogConfig: Setting CVar [[s.EventDrivenLoaderEnabled:1]]
LogConfig: Setting CVar [[s.WarnIfTimeLimitExceeded:0]]
LogConfig: Setting CVar [[s.TimeLimitExceededMultiplier:1.5]]
LogConfig: Setting CVar [[s.TimeLimitExceededMinTime:0.005]]
LogConfig: Setting CVar [[s.UseBackgroundLevelStreaming:1]]
LogConfig: Setting CVar [[s.PriorityAsyncLoadingExtraTime:15.0]]
LogConfig: Setting CVar [[s.LevelStreamingActorsUpdateTimeLimit:5.0]]
LogConfig: Setting CVar [[s.PriorityLevelStreamingActorsUpdateExtraTime:5.0]]
LogConfig: Setting CVar [[s.LevelStreamingComponentsRegistrationGranularity:10]]
LogConfig: Setting CVar [[s.UnregisterComponentsTimeLimit:1.0]]
LogConfig: Setting CVar [[s.LevelStreamingComponentsUnregistrationGranularity:5]]
LogConfig: Setting CVar [[s.FlushStreamingOnExit:1]]
LogInit: Object subsystem initialized
LogConfig: Setting CVar [[con.DebugEarlyDefault:1]]
LogConfig: Setting CVar [[r.setres:1280x720]]
[2021.01.15-23.18.00:320][  0]LogConfig: Setting CVar [[r.VSync:0]]
[2021.01.15-23.18.00:320][  0]LogConfig: Setting CVar [[r.RHICmdBypass:0]]
[2021.01.15-23.18.00:320][  0]LogConfig: Applying CVar settings from Section [/Script/Engine.RendererSettings] File [F:/UNREAL ENGINE PROJECTS/StealthGame_ProjectBase_4.25/Stealth_Game_UE/StealthGame/Saved/Config/Windows/Engine.ini]
[2021.01.15-23.18.00:320][  0]LogConfig: Setting CVar [[r.GPUCrashDebugging:0]]
[2021.01.15-23.18.00:320][  0]LogConfig: Applying CVar settings from Section [/Script/Engine.RendererOverrideSettings] File [F:/UNREAL ENGINE PROJECTS/StealthGame_ProjectBase_4.25/Stealth_Game_UE/StealthGame/Saved/Config/Windows/Engine.ini]
[2021.01.15-23.18.00:320][  0]LogConfig: Applying CVar settings from Section [/Script/Engine.StreamingSettings] File [F:/UNREAL ENGINE PROJECTS/StealthGame_ProjectBase_4.25/Stealth_Game_UE/StealthGame/Saved/Config/Windows/Engine.ini]
[2021.01.15-23.18.00:320][  0]LogConfig: Setting CVar [[s.MinBulkDataSizeForAsyncLoading:131072]]
[2021.01.15-23.18.00:320][  0]LogConfig: Setting CVar [[s.AsyncLoadingThreadEnabled:0]]
[2021.01.15-23.18.00:320][  0]LogConfig: Setting CVar [[s.EventDrivenLoaderEnabled:1]]
[2021.01.15-23.18.00:320][  0]LogConfig: Setting CVar [[s.WarnIfTimeLimitExceeded:0]]
[2021.01.15-23.18.00:320][  0]LogConfig: Setting CVar [[s.TimeLimitExceededMultiplier:1.5]]
[2021.01.15-23.18.00:320][  0]LogConfig: Setting CVar [[s.TimeLimitExceededMinTime:0.005]]
[2021.01.15-23.18.00:320][  0]LogConfig: Setting CVar [[s.UseBackgroundLevelStreaming:1]]
[2021.01.15-23.18.00:320][  0]LogConfig: Setting CVar [[s.PriorityAsyncLoadingExtraTime:15.0]]
[2021.01.15-23.18.00:320][  0]LogConfig: Setting CVar [[s.LevelStreamingActorsUpdateTimeLimit:5.0]]
[2021.01.15-23.18.00:320][  0]LogConfig: Setting CVar [[s.PriorityLevelStreamingActorsUpdateExtraTime:5.0]]
[2021.01.15-23.18.00:320][  0]LogConfig: Setting CVar [[s.LevelStreamingComponentsRegistrationGranularity:10]]
[2021.01.15-23.18.00:321][  0]LogConfig: Setting CVar [[s.UnregisterComponentsTimeLimit:1.0]]
[2021.01.15-23.18.00:321][  0]LogConfig: Setting CVar [[s.LevelStreamingComponentsUnregistrationGranularity:5]]
[2021.01.15-23.18.00:321][  0]LogConfig: Setting CVar [[s.FlushStreamingOnExit:1]]
[2021.01.15-23.18.00:321][  0]LogConfig: Applying CVar settings from Section [/Script/Engine.GarbageCollectionSettings] File [F:/UNREAL ENGINE PROJECTS/StealthGame_ProjectBase_4.25/Stealth_Game_UE/StealthGame/Saved/Config/Windows/Engine.ini]
[2021.01.15-23.18.00:321][  0]LogConfig: Setting CVar [[gc.MaxObjectsNotConsideredByGC:1]]
[2021.01.15-23.18.00:321][  0]LogConfig: Setting CVar [[gc.SizeOfPermanentObjectPool:0]]
[2021.01.15-23.18.00:321][  0]LogConfig: Setting CVar [[gc.FlushStreamingOnGC:0]]
[2021.01.15-23.18.00:321][  0]LogConfig: Setting CVar [[gc.NumRetriesBeforeForcingGC:10]]
[2021.01.15-23.18.00:321][  0]LogConfig: Setting CVar [[gc.AllowParallelGC:1]]
[2021.01.15-23.18.00:321][  0]LogConfig: Setting CVar [[gc.TimeBetweenPurgingPendingKillObjects:61.1]]
[2021.01.15-23.18.00:321][  0]LogConfig: Setting CVar [[gc.MaxObjectsInEditor:25165824]]
[2021.01.15-23.18.00:321][  0]LogConfig: Setting CVar [[gc.IncrementalBeginDestroyEnabled:1]]
[2021.01.15-23.18.00:321][  0]LogConfig: Setting CVar [[gc.CreateGCClusters:1]]
[2021.01.15-23.18.00:321][  0]LogConfig: Setting CVar [[gc.MinGCClusterSize:5]]
[2021.01.15-23.18.00:321][  0]LogConfig: Setting CVar [[gc.ActorClusteringEnabled:0]]
[2021.01.15-23.18.00:321][  0]LogConfig: Setting CVar [[gc.BlueprintClusteringEnabled:0]]
[2021.01.15-23.18.00:321][  0]LogConfig: Setting CVar [[gc.UseDisregardForGCOnDedicatedServers:0]]
[2021.01.15-23.18.00:321][  0]LogConfig: Applying CVar settings from Section [/Script/Engine.NetworkSettings] File [F:/UNREAL ENGINE PROJECTS/StealthGame_ProjectBase_4.25/Stealth_Game_UE/StealthGame/Saved/Config/Windows/Engine.ini]
[2021.01.15-23.18.00:321][  0]LogConfig: Applying CVar settings from Section [/Script/UnrealEd.CookerSettings] File [F:/UNREAL ENGINE PROJECTS/StealthGame_ProjectBase_4.25/Stealth_Game_UE/StealthGame/Saved/Config/Windows/Engine.ini]
[2021.01.15-23.18.00:328][  0]LogConfig: Applying CVar settings from Section [ViewDistanceQuality@3] File [F:/UNREAL ENGINE PROJECTS/StealthGame_ProjectBase_4.25/Stealth_Game_UE/StealthGame/Saved/Config/Windows/Scalability.ini]
[2021.01.15-23.18.00:328][  0]LogConfig: Setting CVar [[r.SkeletalMeshLODBias:0]]
[2021.01.15-23.18.00:328][  0]LogConfig: Setting CVar [[r.ViewDistanceScale:1.0]]
[2021.01.15-23.18.00:328][  0]LogConfig: Applying CVar settings from Section [AntiAliasingQuality@3] File [F:/UNREAL ENGINE PROJECTS/StealthGame_ProjectBase_4.25/Stealth_Game_UE/StealthGame/Saved/Config/Windows/Scalability.ini]
[2021.01.15-23.18.00:328][  0]LogConfig: Setting CVar [[r.PostProcessAAQuality:4]]
[2021.01.15-23.18.00:328][  0]LogConfig: Applying CVar settings from Section [ShadowQuality@3] File [F:/UNREAL ENGINE PROJECTS/StealthGame_ProjectBase_4.25/Stealth_Game_UE/StealthGame/Saved/Config/Windows/Scalability.ini]
[2021.01.15-23.18.00:329][  0]LogConfig: Setting CVar [[r.LightFunctionQuality:1]]
[2021.01.15-23.18.00:329][  0]LogConfig: Setting CVar [[r.ShadowQuality:5]]
[2021.01.15-23.18.00:329][  0]LogConfig: Setting CVar [[r.Shadow.CSM.MaxCascades:10]]
[2021.01.15-23.18.00:329][  0]LogConfig: Setting CVar [[r.Shadow.MaxResolution:2048]]
[2021.01.15-23.18.00:329][  0]LogConfig: Setting CVar [[r.Shadow.MaxCSMResolution:2048]]
[2021.01.15-23.18.00:329][  0]LogConfig: Setting CVar [[r.Shadow.RadiusThreshold:0.01]]
[2021.01.15-23.18.00:329][  0]LogConfig: Setting CVar [[r.Shadow.DistanceScale:1.0]]
[2021.01.15-23.18.00:329][  0]LogConfig: Setting CVar [[r.Shadow.CSM.TransitionScale:1.0]]
[2021.01.15-23.18.00:329][  0]LogConfig: Setting CVar [[r.Shadow.PreShadowResolutionFactor:1.0]]
[2021.01.15-23.18.00:329][  0]LogConfig: Setting CVar [[r.DistanceFieldShadowing:1]]
[2021.01.15-23.18.00:329][  0]LogConfig: Setting CVar [[r.DistanceFieldAO:1]]
[2021.01.15-23.18.00:329][  0]LogConfig: Setting CVar [[r.AOQuality:2]]
[2021.01.15-23.18.00:329][  0]LogConfig: Setting CVar [[r.VolumetricFog:1]]
[2021.01.15-23.18.00:329][  0]LogConfig: Setting CVar [[r.VolumetricFog.GridPixelSize:8]]
[2021.01.15-23.18.00:329][  0]LogConfig: Setting CVar [[r.VolumetricFog.GridSizeZ:128]]
[2021.01.15-23.18.00:329][  0]LogConfig: Setting CVar [[r.VolumetricFog.HistoryMissSupersampleCount:4]]
[2021.01.15-23.18.00:329][  0]LogConfig: Setting CVar [[r.LightMaxDrawDistanceScale:1]]
[2021.01.15-23.18.00:329][  0]LogConfig: Setting CVar [[r.CapsuleShadows:1]]
[2021.01.15-23.18.00:329][  0]LogConfig: Applying CVar settings from Section [PostProcessQuality@3] File [F:/UNREAL ENGINE PROJECTS/StealthGame_ProjectBase_4.25/Stealth_Game_UE/StealthGame/Saved/Config/Windows/Scalability.ini]
[2021.01.15-23.18.00:329][  0]LogConfig: Setting CVar [[r.MotionBlurQuality:4]]
[2021.01.15-23.18.00:329][  0]LogConfig: Setting CVar [[r.AmbientOcclusionMipLevelFactor:0.4]]
[2021.01.15-23.18.00:329][  0]LogConfig: Setting CVar [[r.AmbientOcclusionMaxQuality:100]]
[2021.01.15-23.18.00:329][  0]LogConfig: Setting CVar [[r.AmbientOcclusionLevels:-1]]
[2021.01.15-23.18.00:330][  0]LogConfig: Setting CVar [[r.AmbientOcclusionRadiusScale:1.0]]
[2021.01.15-23.18.00:330][  0]LogConfig: Setting CVar [[r.DepthOfFieldQuality:2]]
[2021.01.15-23.18.00:330][  0]LogConfig: Setting CVar [[r.RenderTargetPoolMin:400]]
[2021.01.15-23.18.00:330][  0]LogConfig: Setting CVar [[r.LensFlareQuality:2]]
[2021.01.15-23.18.00:330][  0]LogConfig: Setting CVar [[r.SceneColorFringeQuality:1]]
[2021.01.15-23.18.00:330][  0]LogConfig: Setting CVar [[r.EyeAdaptationQuality:2]]
[2021.01.15-23.18.00:330][  0]LogConfig: Setting CVar [[r.BloomQuality:5]]
[2021.01.15-23.18.00:330][  0]LogConfig: Setting CVar [[r.FastBlurThreshold:100]]
[2021.01.15-23.18.00:330][  0]LogConfig: Setting CVar [[r.Upscale.Quality:3]]
[2021.01.15-23.18.00:330][  0]LogConfig: Setting CVar [[r.Tonemapper.GrainQuantization:1]]
[2021.01.15-23.18.00:330][  0]LogConfig: Setting CVar [[r.LightShaftQuality:1]]
[2021.01.15-23.18.00:330][  0]LogConfig: Setting CVar [[r.Filter.SizeScale:1]]
[2021.01.15-23.18.00:330][  0]LogConfig: Setting CVar [[r.Tonemapper.Quality:5]]
[2021.01.15-23.18.00:330][  0]LogConfig: Setting CVar [[r.DOF.Gather.AccumulatorQuality:1        ; higher gathering accumulator quality]]
[2021.01.15-23.18.00:330][  0]LogConfig: Setting CVar [[r.DOF.Gather.PostfilterMethod:1          ; Median3x3 postfilering method]]
[2021.01.15-23.18.00:330][  0]LogConfig: Setting CVar [[r.DOF.Gather.EnableBokehSettings:0       ; no bokeh simulation when gathering]]
[2021.01.15-23.18.00:330][  0]LogConfig: Setting CVar [[r.DOF.Gather.RingCount:4                 ; medium number of samples when gathering]]
[2021.01.15-23.18.00:330][  0]LogConfig: Setting CVar [[r.DOF.Scatter.ForegroundCompositing:1    ; additive foreground scattering]]
[2021.01.15-23.18.00:330][  0]LogConfig: Setting CVar [[r.DOF.Scatter.BackgroundCompositing:2    ; additive background scattering]]
[2021.01.15-23.18.00:331][  0]LogConfig: Setting CVar [[r.DOF.Scatter.EnableBokehSettings:1      ; bokeh simulation when scattering]]
[2021.01.15-23.18.00:331][  0]LogConfig: Setting CVar [[r.DOF.Scatter.MaxSpriteRatio:0.1         ; only a maximum of 10% of scattered bokeh]]
[2021.01.15-23.18.00:331][  0]LogConfig: Setting CVar [[r.DOF.Recombine.Quality:1                ; cheap slight out of focus]]
[2021.01.15-23.18.00:331][  0]LogConfig: Setting CVar [[r.DOF.Recombine.EnableBokehSettings:0    ; no bokeh simulation on slight out of focus]]
[2021.01.15-23.18.00:331][  0]LogConfig: Setting CVar [[r.DOF.TemporalAAQuality:1                ; more stable temporal accumulation]]
[2021.01.15-23.18.00:331][  0]LogConfig: Setting CVar [[r.DOF.Kernel.MaxForegroundRadius:0.025]]
[2021.01.15-23.18.00:331][  0]LogConfig: Setting CVar [[r.DOF.Kernel.MaxBackgroundRadius:0.025]]
[2021.01.15-23.18.00:331][  0]LogConfig: Applying CVar settings from Section [TextureQuality@3] File [F:/UNREAL ENGINE PROJECTS/StealthGame_ProjectBase_4.25/Stealth_Game_UE/StealthGame/Saved/Config/Windows/Scalability.ini]
[2021.01.15-23.18.00:331][  0]LogConfig: Setting CVar [[r.Streaming.MipBias:0]]
[2021.01.15-23.18.00:331][  0]LogConfig: Setting CVar [[r.Streaming.AmortizeCPUToGPUCopy:0]]
[2021.01.15-23.18.00:331][  0]LogConfig: Setting CVar [[r.Streaming.MaxNumTexturesToStreamPerFrame:0]]
[2021.01.15-23.18.00:331][  0]LogConfig: Setting CVar [[r.Streaming.Boost:1]]
[2021.01.15-23.18.00:331][  0]LogConfig: Setting CVar [[r.MaxAnisotropy:8]]
[2021.01.15-23.18.00:331][  0]LogConfig: Setting CVar [[r.VT.MaxAnisotropy:8]]
[2021.01.15-23.18.00:332][  0]LogConfig: Setting CVar [[r.Streaming.LimitPoolSizeToVRAM:0]]
[2021.01.15-23.18.00:332][  0]LogConfig: Setting CVar [[r.Streaming.PoolSize:1000]]
[2021.01.15-23.18.00:332][  0]LogConfig: Setting CVar [[r.Streaming.MaxEffectiveScreenSize:0]]
[2021.01.15-23.18.00:332][  0]LogConfig: Applying CVar settings from Section [EffectsQuality@3] File [F:/UNREAL ENGINE PROJECTS/StealthGame_ProjectBase_4.25/Stealth_Game_UE/StealthGame/Saved/Config/Windows/Scalability.ini]
[2021.01.15-23.18.00:332][  0]LogConfig: Setting CVar [[r.TranslucencyLightingVolumeDim:64]]
[2021.01.15-23.18.00:332][  0]LogConfig: Setting CVar [[r.RefractionQuality:2]]
[2021.01.15-23.18.00:332][  0]LogConfig: Setting CVar [[r.SSR.Quality:3]]
[2021.01.15-23.18.00:332][  0]LogConfig: Setting CVar [[r.SSR.HalfResSceneColor:0]]
[2021.01.15-23.18.00:332][  0]LogConfig: Setting CVar [[r.SceneColorFormat:4]]
[2021.01.15-23.18.00:332][  0]LogConfig: Setting CVar [[r.DetailMode:2]]
[2021.01.15-23.18.00:332][  0]LogConfig: Setting CVar [[r.TranslucencyVolumeBlur:1]]
[2021.01.15-23.18.00:332][  0]LogConfig: Setting CVar [[r.MaterialQualityLevel:1 ; High quality]]
[2021.01.15-23.18.00:332][  0]LogConfig: Setting CVar [[r.SSS.Scale:1]]
[2021.01.15-23.18.00:332][  0]LogConfig: Setting CVar [[r.SSS.SampleSet:2]]
[2021.01.15-23.18.00:332][  0]LogConfig: Setting CVar [[r.SSS.Quality:1]]
[2021.01.15-23.18.00:332][  0]LogConfig: Setting CVar [[r.SSS.HalfRes:0]]
[2021.01.15-23.18.00:332][  0]LogConfig: Setting CVar [[r.SSGI.Quality:3]]
[2021.01.15-23.18.00:332][  0]LogConfig: Setting CVar [[r.EmitterSpawnRateScale:1.0]]
[2021.01.15-23.18.00:333][  0]LogConfig: Setting CVar [[r.ParticleLightQuality:2]]
[2021.01.15-23.18.00:333][  0]LogConfig: Setting CVar [[r.SkyAtmosphere.AerialPerspectiveLUT.FastApplyOnOpaque:1 ; Always have FastSkyLUT 1 in this case to avoid wrong sky]]
[2021.01.15-23.18.00:333][  0]LogConfig: Setting CVar [[r.SkyAtmosphere.AerialPerspectiveLUT.SampleCountPerSlice:1]]
[2021.01.15-23.18.00:333][  0]LogConfig: Setting CVar [[r.SkyAtmosphere.AerialPerspectiveLUT.DepthResolution:16.0]]
[2021.01.15-23.18.00:333][  0]LogConfig: Setting CVar [[r.SkyAtmosphere.FastSkyLUT:1]]
[2021.01.15-23.18.00:333][  0]LogConfig: Setting CVar [[r.SkyAtmosphere.FastSkyLUT.SampleCountMin:4.0]]
[2021.01.15-23.18.00:333][  0]LogConfig: Setting CVar [[r.SkyAtmosphere.FastSkyLUT.SampleCountMax:32.0]]
[2021.01.15-23.18.00:333][  0]LogConfig: Setting CVar [[r.SkyAtmosphere.SampleCountMin:4.0]]
[2021.01.15-23.18.00:333][  0]LogConfig: Setting CVar [[r.SkyAtmosphere.SampleCountMax:32.0]]
[2021.01.15-23.18.00:333][  0]LogConfig: Setting CVar [[r.SkyAtmosphere.TransmittanceLUT.UseSmallFormat:0]]
[2021.01.15-23.18.00:333][  0]LogConfig: Setting CVar [[r.SkyAtmosphere.TransmittanceLUT.SampleCount:10.0]]
[2021.01.15-23.18.00:333][  0]LogConfig: Setting CVar [[r.SkyAtmosphere.MultiScatteringLUT.SampleCount:15.0]]
[2021.01.15-23.18.00:333][  0]LogConfig: Applying CVar settings from Section [FoliageQuality@3] File [F:/UNREAL ENGINE PROJECTS/StealthGame_ProjectBase_4.25/Stealth_Game_UE/StealthGame/Saved/Config/Windows/Scalability.ini]
[2021.01.15-23.18.00:333][  0]LogConfig: Setting CVar [[foliage.DensityScale:1.0]]
[2021.01.15-23.18.00:333][  0]LogConfig: Setting CVar [[grass.DensityScale:1.0]]
[2021.01.15-23.18.00:333][  0]LogConfig: Applying CVar settings from Section [ShadingQuality@3] File [F:/UNREAL ENGINE PROJECTS/StealthGame_ProjectBase_4.25/Stealth_Game_UE/StealthGame/Saved/Config/Windows/Scalability.ini]
[2021.01.15-23.18.00:333][  0]LogConfig: Setting CVar [[r.HairStrands.SkyLighting.SampleCount:16]]
[2021.01.15-23.18.00:333][  0]LogConfig: Setting CVar [[r.HairStrands.SkyLighting.JitterIntegration:0]]
[2021.01.15-23.18.00:333][  0]LogConfig: Setting CVar [[r.HairStrands.SkyAO.SampleCount:16]]
[2021.01.15-23.18.00:333][  0]LogConfig: Setting CVar [[r.HairStrands.DeepShadow.SuperSampling:0]]
[2021.01.15-23.18.00:333][  0]LogConfig: Setting CVar [[r.HairStrands.VisibilityPPLL:0]]
[2021.01.15-23.18.00:333][  0]LogConfig: Setting CVar [[r.HairStrands.RasterizationScale:0.5]]
[2021.01.15-23.18.00:334][  0]LogConfig: Setting CVar [[r.HairStrands.VelocityRasterizationScale:1]]
[2021.01.15-23.18.00:334][  0]LogInit: Selected Device Profile: [Windows]
[2021.01.15-23.18.00:334][  0]LogInit: Applying CVar settings loaded from the selected device profile: [Windows]
[2021.01.15-23.18.00:334][  0]LogHAL: Display: Platform has ~ 32 GB [34282610688 / 34359738368 / 32], which maps to Largest [LargestMinGB=32, LargerMinGB=12, DefaultMinGB=8, SmallerMinGB=6, SmallestMinGB=0)
[2021.01.15-23.18.00:334][  0]LogInit: Going up to parent DeviceProfile []
[2021.01.15-23.18.00:334][  0]LogConfig: Applying CVar settings from Section [ViewDistanceQuality@3] File [F:/UNREAL ENGINE PROJECTS/StealthGame_ProjectBase_4.25/Stealth_Game_UE/StealthGame/Saved/Config/Windows/Scalability.ini]
[2021.01.15-23.18.00:334][  0]LogConfig: Setting CVar [[r.SkeletalMeshLODBias:0]]
[2021.01.15-23.18.00:334][  0]LogConfig: Setting CVar [[r.ViewDistanceScale:1.0]]
[2021.01.15-23.18.00:334][  0]LogConfig: Applying CVar settings from Section [AntiAliasingQuality@3] File [F:/UNREAL ENGINE PROJECTS/StealthGame_ProjectBase_4.25/Stealth_Game_UE/StealthGame/Saved/Config/Windows/Scalability.ini]
[2021.01.15-23.18.00:334][  0]LogConfig: Setting CVar [[r.PostProcessAAQuality:4]]
[2021.01.15-23.18.00:334][  0]LogConfig: Applying CVar settings from Section [ShadowQuality@3] File [F:/UNREAL ENGINE PROJECTS/StealthGame_ProjectBase_4.25/Stealth_Game_UE/StealthGame/Saved/Config/Windows/Scalability.ini]
[2021.01.15-23.18.00:334][  0]LogConfig: Setting CVar [[r.LightFunctionQuality:1]]
[2021.01.15-23.18.00:334][  0]LogConfig: Setting CVar [[r.ShadowQuality:5]]
[2021.01.15-23.18.00:334][  0]LogConfig: Setting CVar [[r.Shadow.CSM.MaxCascades:10]]
[2021.01.15-23.18.00:334][  0]LogConfig: Setting CVar [[r.Shadow.MaxResolution:2048]]
[2021.01.15-23.18.00:335][  0]LogConfig: Setting CVar [[r.Shadow.MaxCSMResolution:2048]]
[2021.01.15-23.18.00:335][  0]LogConfig: Setting CVar [[r.Shadow.RadiusThreshold:0.01]]
[2021.01.15-23.18.00:335][  0]LogConfig: Setting CVar [[r.Shadow.DistanceScale:1.0]]
[2021.01.15-23.18.00:335][  0]LogConfig: Setting CVar [[r.Shadow.CSM.TransitionScale:1.0]]
[2021.01.15-23.18.00:335][  0]LogConfig: Setting CVar [[r.Shadow.PreShadowResolutionFactor:1.0]]
[2021.01.15-23.18.00:335][  0]LogConfig: Setting CVar [[r.DistanceFieldShadowing:1]]
[2021.01.15-23.18.00:335][  0]LogConfig: Setting CVar [[r.DistanceFieldAO:1]]
[2021.01.15-23.18.00:335][  0]LogConfig: Setting CVar [[r.AOQuality:2]]
[2021.01.15-23.18.00:335][  0]LogConfig: Setting CVar [[r.VolumetricFog:1]]
[2021.01.15-23.18.00:335][  0]LogConfig: Setting CVar [[r.VolumetricFog.GridPixelSize:8]]
[2021.01.15-23.18.00:335][  0]LogConfig: Setting CVar [[r.VolumetricFog.GridSizeZ:128]]
[2021.01.15-23.18.00:335][  0]LogConfig: Setting CVar [[r.VolumetricFog.HistoryMissSupersampleCount:4]]
[2021.01.15-23.18.00:335][  0]LogConfig: Setting CVar [[r.LightMaxDrawDistanceScale:1]]
[2021.01.15-23.18.00:335][  0]LogConfig: Setting CVar [[r.CapsuleShadows:1]]
[2021.01.15-23.18.00:335][  0]LogConfig: Applying CVar settings from Section [PostProcessQuality@3] File [F:/UNREAL ENGINE PROJECTS/StealthGame_ProjectBase_4.25/Stealth_Game_UE/StealthGame/Saved/Config/Windows/Scalability.ini]
[2021.01.15-23.18.00:335][  0]LogConfig: Setting CVar [[r.MotionBlurQuality:4]]
[2021.01.15-23.18.00:335][  0]LogConfig: Setting CVar [[r.AmbientOcclusionMipLevelFactor:0.4]]
[2021.01.15-23.18.00:335][  0]LogConfig: Setting CVar [[r.AmbientOcclusionMaxQuality:100]]
[2021.01.15-23.18.00:335][  0]LogConfig: Setting CVar [[r.AmbientOcclusionLevels:-1]]
[2021.01.15-23.18.00:335][  0]LogConfig: Setting CVar [[r.AmbientOcclusionRadiusScale:1.0]]
[2021.01.15-23.18.00:335][  0]LogConfig: Setting CVar [[r.DepthOfFieldQuality:2]]
[2021.01.15-23.18.00:336][  0]LogConfig: Setting CVar [[r.RenderTargetPoolMin:400]]
[2021.01.15-23.18.00:336][  0]LogConfig: Setting CVar [[r.LensFlareQuality:2]]
[2021.01.15-23.18.00:336][  0]LogConfig: Setting CVar [[r.SceneColorFringeQuality:1]]
[2021.01.15-23.18.00:336][  0]LogConfig: Setting CVar [[r.EyeAdaptationQuality:2]]
[2021.01.15-23.18.00:336][  0]LogConfig: Setting CVar [[r.BloomQuality:5]]
[2021.01.15-23.18.00:336][  0]LogConfig: Setting CVar [[r.FastBlurThreshold:100]]
[2021.01.15-23.18.00:336][  0]LogConfig: Setting CVar [[r.Upscale.Quality:3]]
[2021.01.15-23.18.00:336][  0]LogConfig: Setting CVar [[r.Tonemapper.GrainQuantization:1]]
[2021.01.15-23.18.00:336][  0]LogConfig: Setting CVar [[r.LightShaftQuality:1]]
[2021.01.15-23.18.00:336][  0]LogConfig: Setting CVar [[r.Filter.SizeScale:1]]
[2021.01.15-23.18.00:336][  0]LogConfig: Setting CVar [[r.Tonemapper.Quality:5]]
[2021.01.15-23.18.00:336][  0]LogConfig: Setting CVar [[r.DOF.Gather.AccumulatorQuality:1        ; higher gathering accumulator quality]]
[2021.01.15-23.18.00:336][  0]LogConfig: Setting CVar [[r.DOF.Gather.PostfilterMethod:1          ; Median3x3 postfilering method]]
[2021.01.15-23.18.00:336][  0]LogConfig: Setting CVar [[r.DOF.Gather.EnableBokehSettings:0       ; no bokeh simulation when gathering]]
[2021.01.15-23.18.00:336][  0]LogConfig: Setting CVar [[r.DOF.Gather.RingCount:4                 ; medium number of samples when gathering]]
[2021.01.15-23.18.00:336][  0]LogConfig: Setting CVar [[r.DOF.Scatter.ForegroundCompositing:1    ; additive foreground scattering]]
[2021.01.15-23.18.00:336][  0]LogConfig: Setting CVar [[r.DOF.Scatter.BackgroundCompositing:2    ; additive background scattering]]
[2021.01.15-23.18.00:336][  0]LogConfig: Setting CVar [[r.DOF.Scatter.EnableBokehSettings:1      ; bokeh simulation when scattering]]
[2021.01.15-23.18.00:336][  0]LogConfig: Setting CVar [[r.DOF.Scatter.MaxSpriteRatio:0.1         ; only a maximum of 10% of scattered bokeh]]
[2021.01.15-23.18.00:336][  0]LogConfig: Setting CVar [[r.DOF.Recombine.Quality:1                ; cheap slight out of focus]]
[2021.01.15-23.18.00:336][  0]LogConfig: Setting CVar [[r.DOF.Recombine.EnableBokehSettings:0    ; no bokeh simulation on slight out of focus]]
[2021.01.15-23.18.00:336][  0]LogConfig: Setting CVar [[r.DOF.TemporalAAQuality:1                ; more stable temporal accumulation]]
[2021.01.15-23.18.00:337][  0]LogConfig: Setting CVar [[r.DOF.Kernel.MaxForegroundRadius:0.025]]
[2021.01.15-23.18.00:337][  0]LogConfig: Setting CVar [[r.DOF.Kernel.MaxBackgroundRadius:0.025]]
[2021.01.15-23.18.00:337][  0]LogConfig: Applying CVar settings from Section [TextureQuality@3] File [F:/UNREAL ENGINE PROJECTS/StealthGame_ProjectBase_4.25/Stealth_Game_UE/StealthGame/Saved/Config/Windows/Scalability.ini]
[2021.01.15-23.18.00:337][  0]LogConfig: Setting CVar [[r.Streaming.MipBias:0]]
[2021.01.15-23.18.00:337][  0]LogConfig: Setting CVar [[r.Streaming.AmortizeCPUToGPUCopy:0]]
[2021.01.15-23.18.00:337][  0]LogConfig: Setting CVar [[r.Streaming.MaxNumTexturesToStreamPerFrame:0]]
[2021.01.15-23.18.00:337][  0]LogConfig: Setting CVar [[r.Streaming.Boost:1]]
[2021.01.15-23.18.00:337][  0]LogConfig: Setting CVar [[r.MaxAnisotropy:8]]
[2021.01.15-23.18.00:337][  0]LogConfig: Setting CVar [[r.VT.MaxAnisotropy:8]]
[2021.01.15-23.18.00:337][  0]LogConfig: Setting CVar [[r.Streaming.LimitPoolSizeToVRAM:0]]
[2021.01.15-23.18.00:337][  0]LogConfig: Setting CVar [[r.Streaming.PoolSize:1000]]
[2021.01.15-23.18.00:337][  0]LogConfig: Setting CVar [[r.Streaming.MaxEffectiveScreenSize:0]]
[2021.01.15-23.18.00:337][  0]LogConfig: Applying CVar settings from Section [EffectsQuality@3] File [F:/UNREAL ENGINE PROJECTS/StealthGame_ProjectBase_4.25/Stealth_Game_UE/StealthGame/Saved/Config/Windows/Scalability.ini]
[2021.01.15-23.18.00:337][  0]LogConfig: Setting CVar [[r.TranslucencyLightingVolumeDim:64]]
[2021.01.15-23.18.00:337][  0]LogConfig: Setting CVar [[r.RefractionQuality:2]]
[2021.01.15-23.18.00:337][  0]LogConfig: Setting CVar [[r.SSR.Quality:3]]
[2021.01.15-23.18.00:337][  0]LogConfig: Setting CVar [[r.SSR.HalfResSceneColor:0]]
[2021.01.15-23.18.00:337][  0]LogConfig: Setting CVar [[r.SceneColorFormat:4]]
[2021.01.15-23.18.00:337][  0]LogConfig: Setting CVar [[r.DetailMode:2]]
[2021.01.15-23.18.00:337][  0]LogConfig: Setting CVar [[r.TranslucencyVolumeBlur:1]]
[2021.01.15-23.18.00:337][  0]LogConfig: Setting CVar [[r.MaterialQualityLevel:1 ; High quality]]
[2021.01.15-23.18.00:338][  0]LogConfig: Setting CVar [[r.SSS.Scale:1]]
[2021.01.15-23.18.00:338][  0]LogConfig: Setting CVar [[r.SSS.SampleSet:2]]
[2021.01.15-23.18.00:338][  0]LogConfig: Setting CVar [[r.SSS.Quality:1]]
[2021.01.15-23.18.00:338][  0]LogConfig: Setting CVar [[r.SSS.HalfRes:0]]
[2021.01.15-23.18.00:338][  0]LogConfig: Setting CVar [[r.SSGI.Quality:3]]
[2021.01.15-23.18.00:338][  0]LogConfig: Setting CVar [[r.EmitterSpawnRateScale:1.0]]
[2021.01.15-23.18.00:338][  0]LogConfig: Setting CVar [[r.ParticleLightQuality:2]]
[2021.01.15-23.18.00:338][  0]LogConfig: Setting CVar [[r.SkyAtmosphere.AerialPerspectiveLUT.FastApplyOnOpaque:1 ; Always have FastSkyLUT 1 in this case to avoid wrong sky]]
[2021.01.15-23.18.00:338][  0]LogConfig: Setting CVar [[r.SkyAtmosphere.AerialPerspectiveLUT.SampleCountPerSlice:1]]
[2021.01.15-23.18.00:338][  0]LogConfig: Setting CVar [[r.SkyAtmosphere.AerialPerspectiveLUT.DepthResolution:16.0]]
[2021.01.15-23.18.00:338][  0]LogConfig: Setting CVar [[r.SkyAtmosphere.FastSkyLUT:1]]
[2021.01.15-23.18.00:338][  0]LogConfig: Setting CVar [[r.SkyAtmosphere.FastSkyLUT.SampleCountMin:4.0]]
[2021.01.15-23.18.00:338][  0]LogConfig: Setting CVar [[r.SkyAtmosphere.FastSkyLUT.SampleCountMax:32.0]]
[2021.01.15-23.18.00:338][  0]LogConfig: Setting CVar [[r.SkyAtmosphere.SampleCountMin:4.0]]
[2021.01.15-23.18.00:338][  0]LogConfig: Setting CVar [[r.SkyAtmosphere.SampleCountMax:32.0]]
[2021.01.15-23.18.00:338][  0]LogConfig: Setting CVar [[r.SkyAtmosphere.TransmittanceLUT.UseSmallFormat:0]]
[2021.01.15-23.18.00:338][  0]LogConfig: Setting CVar [[r.SkyAtmosphere.TransmittanceLUT.SampleCount:10.0]]
[2021.01.15-23.18.00:338][  0]LogConfig: Setting CVar [[r.SkyAtmosphere.MultiScatteringLUT.SampleCount:15.0]]
[2021.01.15-23.18.00:338][  0]LogConfig: Applying CVar settings from Section [FoliageQuality@3] File [F:/UNREAL ENGINE PROJECTS/StealthGame_ProjectBase_4.25/Stealth_Game_UE/StealthGame/Saved/Config/Windows/Scalability.ini]
[2021.01.15-23.18.00:338][  0]LogConfig: Setting CVar [[foliage.DensityScale:1.0]]
[2021.01.15-23.18.00:338][  0]LogConfig: Setting CVar [[grass.DensityScale:1.0]]
[2021.01.15-23.18.00:338][  0]LogConfig: Applying CVar settings from Section [ShadingQuality@3] File [F:/UNREAL ENGINE PROJECTS/StealthGame_ProjectBase_4.25/Stealth_Game_UE/StealthGame/Saved/Config/Windows/Scalability.ini]
[2021.01.15-23.18.00:338][  0]LogConfig: Setting CVar [[r.HairStrands.SkyLighting.SampleCount:16]]
[2021.01.15-23.18.00:339][  0]LogConfig: Setting CVar [[r.HairStrands.SkyLighting.JitterIntegration:0]]
[2021.01.15-23.18.00:339][  0]LogConfig: Setting CVar [[r.HairStrands.SkyAO.SampleCount:16]]
[2021.01.15-23.18.00:339][  0]LogConfig: Setting CVar [[r.HairStrands.DeepShadow.SuperSampling:0]]
[2021.01.15-23.18.00:339][  0]LogConfig: Setting CVar [[r.HairStrands.VisibilityPPLL:0]]
[2021.01.15-23.18.00:339][  0]LogConfig: Setting CVar [[r.HairStrands.RasterizationScale:0.5]]
[2021.01.15-23.18.00:339][  0]LogConfig: Setting CVar [[r.HairStrands.VelocityRasterizationScale:1]]
[2021.01.15-23.18.00:339][  0]LogConfig: Applying CVar settings from Section [Startup] File [../../../Engine/Config/ConsoleVariables.ini]
[2021.01.15-23.18.00:339][  0]LogConfig: Setting CVar [[net.UseAdaptiveNetUpdateFrequency:0]]
[2021.01.15-23.18.00:339][  0]LogConfig: Setting CVar [[p.chaos.AllowCreatePhysxBodies:1]]
[2021.01.15-23.18.00:339][  0]LogConfig: Setting CVar [[fx.SkipVectorVMBackendOptimizations:1]]
[2021.01.15-23.18.00:339][  0]LogConfig: Applying CVar settings from Section [ConsoleVariables] File [F:/UNREAL ENGINE PROJECTS/StealthGame_ProjectBase_4.25/Stealth_Game_UE/StealthGame/Saved/Config/Windows/Engine.ini]
[2021.01.15-23.18.00:339][  0]LogInit: Computer: DESKTOP-F95APMH
[2021.01.15-23.18.00:340][  0]LogInit: User: Vanilla
[2021.01.15-23.18.00:340][  0]LogInit: CPU Page size=4096, Cores=8
[2021.01.15-23.18.00:340][  0]LogInit: High frequency timer resolution =10.000000 MHz
[2021.01.15-23.18.00:340][  0]LogMemory: Memory total: Physical=31.9GB (32GB approx)
[2021.01.15-23.18.00:340][  0]LogMemory: Platform Memory Stats for Windows
[2021.01.15-23.18.00:340][  0]LogMemory: Process Physical Memory: 117.12 MB used, 117.12 MB peak
[2021.01.15-23.18.00:340][  0]LogMemory: Process Virtual Memory: 98.02 MB used, 98.02 MB peak
[2021.01.15-23.18.00:340][  0]LogMemory: Physical Memory: 12130.24 MB used,  20564.20 MB free, 32694.45 MB total
[2021.01.15-23.18.00:340][  0]LogMemory: Virtual Memory: 5186.62 MB used,  134212544.00 MB free, 134217728.00 MB total
[2021.01.15-23.18.00:360][  0]LogWindows: WindowsPlatformFeatures enabled
[2021.01.15-23.18.00:550][  0]LogInit: Physics initialised using underlying interface: PhysX
[2021.01.15-23.18.00:551][  0]LogInit: Using OS detected language (en-US).
[2021.01.15-23.18.00:551][  0]LogInit: Using OS detected locale (en-CA).
[2021.01.15-23.18.00:554][  0]LogTextLocalizationManager: No specific localization for 'en-US' exists, so the 'en' localization will be used.
[2021.01.15-23.18.00:717][  0]LogInit: Setting process to per monitor DPI aware
[2021.01.15-23.18.00:766][  0]LogSlate: New Slate User Created.  User Index 0, Is Virtual User: 0
[2021.01.15-23.18.00:766][  0]LogSlate: Slate User Registered.  User Index 0, Is Virtual User: 0
[2021.01.15-23.18.00:992][  0]LogHMD: Failed to initialize OpenVR with code 110
[2021.01.15-23.18.00:992][  0]LogD3D11RHI: D3D11 min allowed feature level: 11_0
[2021.01.15-23.18.00:992][  0]LogD3D11RHI: D3D11 max allowed feature level: 11_0
[2021.01.15-23.18.00:992][  0]LogD3D11RHI: D3D11 adapters:
[2021.01.15-23.18.01:146][  0]LogD3D11RHI:    0. 'NVIDIA GeForce RTX 2070' (Feature Level 11_0)
[2021.01.15-23.18.01:146][  0]LogD3D11RHI:       8031/0/16347 MB DedicatedVideo/DedicatedSystem/SharedSystem, Outputs:2, VendorId:0x10de
[2021.01.15-23.18.01:151][  0]LogD3D11RHI:    1. 'Microsoft Basic Render Driver' (Feature Level 11_0)
[2021.01.15-23.18.01:151][  0]LogD3D11RHI:       0/0/16347 MB DedicatedVideo/DedicatedSystem/SharedSystem, Outputs:0, VendorId:0x1414
[2021.01.15-23.18.01:151][  0]LogD3D11RHI: Chosen D3D11 Adapter: 0
[2021.01.15-23.18.01:160][  0]LogD3D11RHI: Creating new Direct3DDevice
[2021.01.15-23.18.01:160][  0]LogD3D11RHI:     GPU DeviceId: 0x1f02 (for the marketing name, search the web for "GPU Device Id")
[2021.01.15-23.18.01:160][  0]LogWindows: EnumDisplayDevices:
[2021.01.15-23.18.01:160][  0]LogWindows:    0. 'NVIDIA GeForce RTX 2070' (P:1 D:1)
[2021.01.15-23.18.01:160][  0]LogWindows:    1. 'NVIDIA GeForce RTX 2070' (P:0 D:1)
[2021.01.15-23.18.01:160][  0]LogWindows:    2. 'NVIDIA GeForce RTX 2070' (P:0 D:0)
[2021.01.15-23.18.01:161][  0]LogWindows:    3. 'NVIDIA GeForce RTX 2070' (P:0 D:0)
[2021.01.15-23.18.01:161][  0]LogWindows: DebugString: FoundDriverCount:4 
[2021.01.15-23.18.01:161][  0]LogD3D11RHI:     Adapter Name: NVIDIA GeForce RTX 2070
[2021.01.15-23.18.01:161][  0]LogD3D11RHI:   Driver Version: 461.09 (internal:27.21.14.6109, unified:461.09)
[2021.01.15-23.18.01:161][  0]LogD3D11RHI:      Driver Date: 12-31-2020
[2021.01.15-23.18.01:161][  0]LogRHI: Texture pool is 5621 MB (70% of 8031 MB)
[2021.01.15-23.18.01:254][  0]LogD3D11RHI: RHI has support for 64 bit atomics
[2021.01.15-23.18.01:254][  0]LogD3D11RHI: Async texture creation enabled
[2021.01.15-23.18.01:254][  0]LogD3D11RHI: Array index from any shader is supported
[2021.01.15-23.18.01:271][  0]LogD3D11RHI: GPU Timing Frequency: 1000.000000 (Debug: 2 1)
[2021.01.15-23.18.01:527][  0]LogTargetPlatformManager: Display: Loaded TargetPlatform 'AllDesktop'
[2021.01.15-23.18.01:551][  0]LogTargetPlatformManager: Display: Loaded TargetPlatform 'Android'
[2021.01.15-23.18.01:551][  0]LogTargetPlatformManager: Display: Loaded TargetPlatform 'Android_ASTC'
[2021.01.15-23.18.01:552][  0]LogTargetPlatformManager: Display: Loaded TargetPlatform 'Android_DXT'
[2021.01.15-23.18.01:552][  0]LogTargetPlatformManager: Display: Loaded TargetPlatform 'Android_ETC2'
[2021.01.15-23.18.01:552][  0]LogTargetPlatformManager: Display: Loaded TargetPlatform 'AndroidClient'
[2021.01.15-23.18.01:552][  0]LogTargetPlatformManager: Display: Loaded TargetPlatform 'Android_ASTCClient'
[2021.01.15-23.18.01:552][  0]LogTargetPlatformManager: Display: Loaded TargetPlatform 'Android_DXTClient'
[2021.01.15-23.18.01:552][  0]LogTargetPlatformManager: Display: Loaded TargetPlatform 'Android_ETC2Client'
[2021.01.15-23.18.01:552][  0]LogTargetPlatformManager: Display: Loaded TargetPlatform 'Android_Multi'
[2021.01.15-23.18.01:552][  0]LogTargetPlatformManager: Display: Loaded TargetPlatform 'Android_MultiClient'
[2021.01.15-23.18.01:582][  0]LogTargetPlatformManager: Display: Loaded TargetPlatform 'IOSClient'
[2021.01.15-23.18.01:582][  0]LogTargetPlatformManager: Display: Loaded TargetPlatform 'IOS'
[2021.01.15-23.18.01:594][  0]LogTargetPlatformManager: Display: Loaded TargetPlatform 'Linux'
[2021.01.15-23.18.01:605][  0]LogTargetPlatformManager: Display: Loaded TargetPlatform 'LinuxNoEditor'
[2021.01.15-23.18.01:617][  0]LogTargetPlatformManager: Display: Loaded TargetPlatform 'LinuxClient'
[2021.01.15-23.18.01:628][  0]LogTargetPlatformManager: Display: Loaded TargetPlatform 'LinuxServer'
[2021.01.15-23.18.01:639][  0]LogTargetPlatformManager: Display: Loaded TargetPlatform 'LinuxAArch64NoEditor'
[2021.01.15-23.18.01:651][  0]LogTargetPlatformManager: Display: Loaded TargetPlatform 'LinuxAArch64Client'
[2021.01.15-23.18.01:663][  0]LogTargetPlatformManager: Display: Loaded TargetPlatform 'LinuxAArch64Server'
[2021.01.15-23.18.01:692][  0]LogTargetPlatformManager: Display: Loaded TargetPlatform 'Lumin'
[2021.01.15-23.18.01:692][  0]LogTargetPlatformManager: Display: Loaded TargetPlatform 'LuminClient'
[2021.01.15-23.18.01:710][  0]LogTargetPlatformManager: Display: Loaded TargetPlatform 'TVOSClient'
[2021.01.15-23.18.01:710][  0]LogTargetPlatformManager: Display: Loaded TargetPlatform 'TVOS'
[2021.01.15-23.18.01:722][  0]LogTargetPlatformManager: Display: Loaded TargetPlatform 'WindowsNoEditor'
[2021.01.15-23.18.01:735][  0]LogTargetPlatformManager: Display: Loaded TargetPlatform 'Windows'
[2021.01.15-23.18.01:747][  0]LogTargetPlatformManager: Display: Loaded TargetPlatform 'WindowsClient'
[2021.01.15-23.18.01:758][  0]LogTargetPlatformManager: Display: Loaded TargetPlatform 'WindowsServer'
[2021.01.15-23.18.01:758][  0]LogTargetPlatformManager: Display: Building Assets For Windows
[2021.01.15-23.18.01:774][  0]LogAudioDebug: Display: Lib vorbis DLL was dynamically loaded.
[2021.01.15-23.18.01:872][  0]LogShaderCompilers: Guid format shader working directory is -47 characters bigger than the processId version (../../../../../UNREAL ENGINE PROJECTS/StealthGame_ProjectBase_4.25/Stealth_Game_UE/StealthGame/Intermediate/Shaders/WorkingDirectory/19904/).
[2021.01.15-23.18.01:873][  0]LogShaderCompilers: Cleaned the shader compiler working directory 'C:/Users/Vanilla/AppData/Local/Temp/UnrealShaderWorkingDir/6292CA03491A081EDF7C11ACF1903ECC/'.
[2021.01.15-23.18.01:873][  0]LogXGEController: Cleaning working directory: C:/Users/Vanilla/AppData/Local/Temp/UnrealXGEWorkingDir/
[2021.01.15-23.18.01:873][  0]LogXGEController: Cannot use XGE Controller as Incredibuild is not installed on this machine.
[2021.01.15-23.18.01:873][  0]LogShaderCompilers: Cannot use XGE Shader Compiler as Incredibuild is not installed on this machine.
[2021.01.15-23.18.01:873][  0]LogShaderCompilers: Display: Using Local Shader Compiler.
[2021.01.15-23.18.02:636][  0]LogDerivedDataCache: Display: Max Cache Size: 512 MB
[2021.01.15-23.18.02:681][  0]LogDerivedDataCache: Loaded boot cache 0.05s 78MB C:/Users/Vanilla/AppData/Local/UnrealEngine/4.25/DerivedDataCache/Boot.ddc.
[2021.01.15-23.18.02:681][  0]LogDerivedDataCache: Display: Loaded Boot cache: C:/Users/Vanilla/AppData/Local/UnrealEngine/4.25/DerivedDataCache/Boot.ddc
[2021.01.15-23.18.02:681][  0]LogDerivedDataCache: FDerivedDataBackendGraph:  Pak pak cache file ../../../../../UNREAL ENGINE PROJECTS/StealthGame_ProjectBase_4.25/Stealth_Game_UE/StealthGame/DerivedDataCache/DDC.ddp not found, will not use a pak cache.
[2021.01.15-23.18.02:682][  0]LogDerivedDataCache: Unable to find inner node Pak for hierarchical cache Hierarchy.
[2021.01.15-23.18.02:682][  0]LogDerivedDataCache: FDerivedDataBackendGraph:  CompressedPak pak cache file ../../../../../UNREAL ENGINE PROJECTS/StealthGame_ProjectBase_4.25/Stealth_Game_UE/StealthGame/DerivedDataCache/Compressed.ddp not found, will not use a pak cache.
[2021.01.15-23.18.02:682][  0]LogDerivedDataCache: Unable to find inner node CompressedPak for hierarchical cache Hierarchy.
[2021.01.15-23.18.02:693][  0]LogDerivedDataCache: Display: Pak cache opened for reading ../../../Engine/DerivedDataCache/Compressed.ddp.
[2021.01.15-23.18.02:693][  0]LogDerivedDataCache: FDerivedDataBackendGraph:  EnterprisePak pak cache file ../../../Enterprise/DerivedDataCache/Compressed.ddp not found, will not use a pak cache.
[2021.01.15-23.18.02:693][  0]LogDerivedDataCache: Unable to find inner node EnterprisePak for hierarchical cache Hierarchy.
[2021.01.15-23.18.02:695][  0]LogDerivedDataCache: Using Local data cache path C:/Users/Vanilla/AppData/Local/UnrealEngine/Common/DerivedDataCache: Writable
[2021.01.15-23.18.02:695][  0]LogDerivedDataCache: Shared data cache path not found in *engine.ini, will not use an Shared cache.
[2021.01.15-23.18.02:695][  0]LogDerivedDataCache: Unable to find inner node Shared for hierarchical cache Hierarchy.
[2021.01.15-23.18.02:746][  0]LogSlate: Using FreeType 2.10.0
[2021.01.15-23.18.02:747][  0]LogSlate: SlateFontServices - WITH_FREETYPE: 1, WITH_HARFBUZZ: 1
[2021.01.15-23.18.02:772][  0]LogAssetRegistry: FAssetRegistry took 0.0047 seconds to start up
[2021.01.15-23.18.03:015][  0]LogInit: Selected Device Profile: [Windows]
[2021.01.15-23.18.03:143][  0]LogMeshReduction: Using QuadricMeshReduction for automatic static mesh reduction
[2021.01.15-23.18.03:143][  0]LogMeshReduction: Using SimplygonMeshReduction for automatic skeletal mesh reduction
[2021.01.15-23.18.03:143][  0]LogMeshReduction: Using ProxyLODMeshReduction for automatic mesh merging
[2021.01.15-23.18.03:143][  0]LogMeshReduction: No distributed automatic mesh merging module available
[2021.01.15-23.18.03:143][  0]LogMeshMerging: No distributed automatic mesh merging module available
[2021.01.15-23.18.03:160][  0]LogNetVersion: FPSGame 1.0.0, NetCL: 13144385, EngineNetVer: 14, GameNetVer: 0 (Checksum: 1304077534)
[2021.01.15-23.18.03:539][  0]LogAISub: UAISubsystem::UAISubsystem AISubsystem (000001BA4F8C82C0), frame # 0
[2021.01.15-23.18.03:539][  0]LogAISub: UAISubsystem::UAISubsystem AIPerceptionSystem (000001BA5040CCC0), frame # 0
[2021.01.15-23.18.03:541][  0]LogAISub: UAISubsystem::UAISubsystem EnvQueryManager (000001BA50449E00), frame # 0
[2021.01.15-23.18.03:598][  0]LogPackageLocalizationCache: Processed 19 localized package path(s) for 1 prioritized culture(s) in 0.050706 seconds
[2021.01.15-23.18.03:603][  0]LogUObjectArray: 15917 objects as part of root set at end of initial load.
[2021.01.15-23.18.03:603][  0]LogUObjectAllocator: 3965568 out of 0 bytes used by permanent object pool.
[2021.01.15-23.18.03:603][  0]LogUObjectArray: CloseDisregardForGC: 0/0 objects in disregard for GC pool
[2021.01.15-23.18.04:070][  0]LogTcpMessaging: Initializing TcpMessaging bridge
[2021.01.15-23.18.04:077][  0]LogUdpMessaging: Initializing bridge on interface 0.0.0.0:0 to multicast group 230.0.0.1:6666.
[2021.01.15-23.18.04:338][  0]SourceControl: Source control is disabled
[2021.01.15-23.18.04:338][  0]SourceControl: Source control is disabled
[2021.01.15-23.18.04:343][  0]SourceControl: Source control is disabled
[2021.01.15-23.18.04:349][  0]SourceControl: Source control is disabled
[2021.01.15-23.18.04:360][  0]SourceControl: Source control is disabled
[2021.01.15-23.18.04:722][  0]LogAndroidPermission: UAndroidPermissionCallbackProxy::GetInstance
[2021.01.15-23.18.04:754][  0]LogAudioCaptureCore: Display: No Audio Capture implementations found. Audio input will be silent.
[2021.01.15-23.18.04:754][  0]LogAudioCaptureCore: Display: No Audio Capture implementations found. Audio input will be silent.
[2021.01.15-23.18.04:820][  0]LogOcInput: OculusInput pre-init called
[2021.01.15-23.18.04:834][  0]LogWindows: Failed to load 'OVRPlugin.dll' (GetLastError=126)
[2021.01.15-23.18.04:835][  0]LogWindows: File 'OVRPlugin.dll' does not exist
[2021.01.15-23.18.04:911][  0]LogEngine: Initializing Engine...
[2021.01.15-23.18.04:912][  0]LogHMD: Failed to initialize OpenVR with code 110
[2021.01.15-23.18.04:912][  0]LogMagicLeap: Warning: VR disabled because ZI is not enabled.  To enable, in the editor, Edit -> Project Settings -> Plugins -> Magic Leap Plugin -> Enable Zero Iteration
[2021.01.15-23.18.04:913][  0]LogStats: UGameplayTagsManager::InitializeManager -  0.000 s
[2021.01.15-23.18.05:016][  0]LogInit: Initializing FReadOnlyCVARCache
[2021.01.15-23.18.05:024][  0]LogAIModule: Creating AISystem for world Untitled
[2021.01.15-23.18.05:024][  0]LogAISub: UAISubsystem::UAISubsystem EnvQueryManager (000001BA57188600), frame # 0
[2021.01.15-23.18.05:025][  0]LogAISub: UAISubsystem::UAISubsystem AIPerceptionSystem (000001BA571A07C0), frame # 0
[2021.01.15-23.18.05:036][  0]LogAudioMixer: Display: Audio Mixer Platform Settings:
[2021.01.15-23.18.05:036][  0]LogAudioMixer: Display: 	Sample Rate:						  48000
[2021.01.15-23.18.05:036][  0]LogAudioMixer: Display: 	Callback Buffer Frame Size Requested: 1024
[2021.01.15-23.18.05:037][  0]LogAudioMixer: Display: 	Callback Buffer Frame Size To Use:	  1024
[2021.01.15-23.18.05:037][  0]LogAudioMixer: Display: 	Number of buffers to queue:			  2
[2021.01.15-23.18.05:037][  0]LogAudioMixer: Display: 	Max Channels (voices):				  32
[2021.01.15-23.18.05:037][  0]LogAudioMixer: Display: 	Number of Async Source Workers:		  0
[2021.01.15-23.18.05:037][  0]LogAudio: Display: AudioDevice MaxSources: 32
[2021.01.15-23.18.05:037][  0]LogAudio: Display: Using built-in audio occlusion.
[2021.01.15-23.18.05:037][  0]LogAudioMixer: Display: Initializing audio mixer.
[2021.01.15-23.18.05:059][  0]LogAudioMixer: Display: 0: FrontLeft
[2021.01.15-23.18.05:059][  0]LogAudioMixer: Display: 1: FrontRight
[2021.01.15-23.18.05:059][  0]LogAudioMixer: Display: 2: FrontCenter
[2021.01.15-23.18.05:059][  0]LogAudioMixer: Display: 3: LowFrequency
[2021.01.15-23.18.05:059][  0]LogAudioMixer: Display: 4: BackLeft
[2021.01.15-23.18.05:059][  0]LogAudioMixer: Display: 5: BackRight
[2021.01.15-23.18.05:059][  0]LogAudioMixer: Display: 6: SideLeft
[2021.01.15-23.18.05:059][  0]LogAudioMixer: Display: 7: SideRight
[2021.01.15-23.18.05:254][  0]LogAudioMixer: Display: Using Audio Device Headset Earphone (CORSAIR VOID ELITE USB Gaming Headset)
[2021.01.15-23.18.05:256][  0]LogAudioMixer: Display: Initializing Sound Submixes...
[2021.01.15-23.18.05:258][  0]LogAudioMixer: Display: Creating Master Submix 'MasterSubmixDefault'
[2021.01.15-23.18.05:258][  0]LogAudioMixer: Display: Creating Master Submix 'MasterReverbSubmixDefault'
[2021.01.15-23.18.05:259][  0]LogAudioMixer: Display: Creating Master Submix 'MasterEQSubmixDefault'
[2021.01.15-23.18.05:261][  0]LogInit: FAudioDevice initialized.
[2021.01.15-23.18.05:261][  0]LogNetVersion: Set ProjectVersion to 1.0.0.0. Version Checksum will be recalculated on next use.
[2021.01.15-23.18.05:360][  0]LogDerivedDataCache: Saved boot cache 0.10s 77MB C:/Users/Vanilla/AppData/Local/UnrealEngine/4.25/DerivedDataCache/Boot.ddc.
[2021.01.15-23.18.05:364][  0]LogInit: Texture streaming: Enabled
[2021.01.15-23.18.05:389][  0]LogEngineSessionManager: EngineSessionManager initialized
[2021.01.15-23.18.05:390][  0]LogEngineSessionManager: EngineSessionManager sent abnormal shutdown report. Type=Crashed, SessionId={2E61A4C2-4DB3-8B7B-ABF2-45A0B4E3B17E}
[2021.01.15-23.18.05:390][  0]LogEditorSessionSummary: Verbose: Initializing EditorSessionSummaryWriter for editor session tracking
[2021.01.15-23.18.05:391][  0]LogEditorSessionSummary: EditorSessionSummaryWriter initialized
[2021.01.15-23.18.05:451][  0]LogInit: Transaction tracking system initialized
[2021.01.15-23.18.05:484][  0]BlueprintLog: New page: Editor Load
[2021.01.15-23.18.05:586][  0]LocalizationService: Localization service is disabled
[2021.01.15-23.18.05:769][  0]LogCook: Display: Max memory allowance for cook 16384mb min free memory 0mb
[2021.01.15-23.18.05:769][  0]LogCook: Display: Mobile HDR setting 1
[2021.01.15-23.18.05:965][  0]LogFileCache: Scanning file cache for directory 'F:/UNREAL ENGINE PROJECTS/StealthGame_ProjectBase_4.25/Stealth_Game_UE/StealthGame/Content/' took 0.00s
[2021.01.15-23.18.06:140][  0]SourceControl: Source control is disabled
[2021.01.15-23.18.06:140][  0]LogUnrealEdMisc: Loading editor; pre map load, took 8.242
[2021.01.15-23.18.06:140][  0]Cmd: MAP LOAD FILE="../../../../../UNREAL ENGINE PROJECTS/StealthGame_ProjectBase_4.25/Stealth_Game_UE/StealthGame/Content/Maps/FirstPersonExampleMap.umap" TEMPLATE=0 SHOWPROGRESS=1 FEATURELEVEL=3
[2021.01.15-23.18.06:141][  0]LightingResults: New page: Lighting Build
[2021.01.15-23.18.06:142][  0]LogWorld: UWorld::CleanupWorld for Untitled, bSessionEnded=true, bCleanupResources=true
[2021.01.15-23.18.06:142][  0]LogSlate: InvalidateAllWidgets triggered.  All widgets were invalidated
[2021.01.15-23.18.06:142][  0]MapCheck: New page: Map Check
[2021.01.15-23.18.06:142][  0]LightingResults: New page: Lighting Build
[2021.01.15-23.18.06:177][  0]LogAISub: UAISubsystem::~UAISubsystem EnvQueryManager (000001BA57188600), frame # 0
[2021.01.15-23.18.06:177][  0]LogAISub: UAISubsystem::~UAISubsystem AIPerceptionSystem (000001BA571A07C0), frame # 0
[2021.01.15-23.18.06:178][  0]LogUObjectHash: Compacting FUObjectHashTables data took   0.75ms
[2021.01.15-23.18.06:217][  0]LogAIModule: Creating AISystem for world FirstPersonExampleMap
[2021.01.15-23.18.06:218][  0]LogAISub: UAISubsystem::UAISubsystem EnvQueryManager (000001BA47DB7E00), frame # 0
[2021.01.15-23.18.06:218][  0]LogAISub: UAISubsystem::UAISubsystem AIPerceptionSystem (000001BA526EA200), frame # 0
[2021.01.15-23.18.06:227][  0]LogEditorServer: Finished looking for orphan Actors (0.000 secs)
[2021.01.15-23.18.06:245][  0]LogUObjectHash: Compacting FUObjectHashTables data took   0.58ms
[2021.01.15-23.18.06:245][  0]Cmd: MAP CHECKDEP NOCLEARLOG
[2021.01.15-23.18.06:246][  0]MapCheck: Map check complete: 0 Error(s), 0 Warning(s), took 0.131ms to complete.
[2021.01.15-23.18.06:246][  0]LogFileHelpers: Loading map 'FirstPersonExampleMap' took 0.104
[2021.01.15-23.18.06:248][  0]LogUnrealEdMisc: Total Editor Startup Time, took 8.349
[2021.01.15-23.18.06:393][  0]LogSlate: Updating window title bar state: overlay mode, drag disabled, window buttons hidden, title bar hidden
[2021.01.15-23.18.06:400][  0]LogSlate: Updating window title bar state: overlay mode, drag disabled, window buttons hidden, title bar hidden
[2021.01.15-23.18.06:407][  0]LogSlate: Updating window title bar state: overlay mode, drag disabled, window buttons hidden, title bar hidden
[2021.01.15-23.18.06:413][  0]LogSlate: Updating window title bar state: overlay mode, drag disabled, window buttons hidden, title bar hidden
[2021.01.15-23.18.06:421][  0]LogCollectionManager: Loaded 0 collections in 0.000965 seconds
[2021.01.15-23.18.06:442][  0]LogFileCache: Scanning file cache for directory 'F:/UNREAL ENGINE PROJECTS/StealthGame_ProjectBase_4.25/Stealth_Game_UE/StealthGame/Saved/Collections/' took 0.00s
[2021.01.15-23.18.06:442][  0]LogFileCache: Scanning file cache for directory 'F:/UNREAL ENGINE PROJECTS/StealthGame_ProjectBase_4.25/Stealth_Game_UE/StealthGame/Content/Developers/Vanilla/Collections/' took 0.00s
[2021.01.15-23.18.06:443][  0]LogFileCache: Scanning file cache for directory 'F:/UNREAL ENGINE PROJECTS/StealthGame_ProjectBase_4.25/Stealth_Game_UE/StealthGame/Content/Collections/' took 0.00s
[2021.01.15-23.18.06:443][  0]LogContentBrowser: Native class hierarchy populated in 0.0103 seconds. Added 3432 classes and 824 folders.
[2021.01.15-23.18.06:445][  0]LogContentBrowser: Native class hierarchy updated for 'WidgetCarousel' in 0.0004 seconds. Added 0 classes and 0 folders.
[2021.01.15-23.18.06:532][  0]LogContentBrowser: Native class hierarchy updated for 'AddContentDialog' in 0.0004 seconds. Added 0 classes and 0 folders.
[2021.01.15-23.18.06:537][  0]LogContentBrowser: Native class hierarchy updated for 'SceneOutliner' in 0.0005 seconds. Added 2 classes and 0 folders.
[2021.01.15-23.18.06:622][  0]LogSlate: Took 0.000235 seconds to synchronously load lazily loaded font '../../../Engine/Content/Slate/Fonts/Roboto-Regular.ttf' (155K)
[2021.01.15-23.18.06:627][  0]LogSlate: Took 0.000235 seconds to synchronously load lazily loaded font '../../../Engine/Content/Slate/Fonts/Roboto-Bold.ttf' (160K)
[2021.01.15-23.18.06:629][  0]LogSlate: Took 0.000237 seconds to synchronously load lazily loaded font '../../../Engine/Content/Editor/Slate/Fonts/FontAwesome.ttf' (139K)
[2021.01.15-23.18.06:681][  0]LogRenderer: Reallocating scene render targets to support 1500x500 Format 10 NumSamples 1 (Frame:1).
[2021.01.15-23.18.08:040][  0]LogContentBrowser: Native class hierarchy updated for 'HierarchicalLODOutliner' in 0.0006 seconds. Added 0 classes and 0 folders.
[2021.01.15-23.18.08:040][  0]LogLoad: (Engine Initialization) Total time: 10.14 seconds
[2021.01.15-23.18.08:041][  0]LogLoad: (Engine Initialization) Total Blueprint compile time: 0.00 seconds
[2021.01.15-23.18.08:078][  0]LogAssetRegistry: Asset discovery search completed in 5.3090 seconds
[2021.01.15-23.18.08:081][  0]LogCollectionManager: Fixed up redirectors for 0 collections in 0.000002 seconds (updated 0 objects)
[2021.01.15-23.18.08:082][  0]LogContentStreaming: Texture pool size now 1000 MB
[2021.01.15-23.18.08:111][  0]LogSlate: Took 0.000250 seconds to synchronously load lazily loaded font '../../../Engine/Content/Slate/Fonts/Roboto-Light.ttf' (167K)
[2021.01.15-23.18.15:819][164]LogSlate: Took 0.000223 seconds to synchronously load lazily loaded font '../../../Engine/Content/Slate/Fonts/Roboto-Light.ttf' (167K)
[2021.01.15-23.18.15:834][164]LogAssetEditorSubsystem: Opening Asset editor for Blueprint /Game/Blueprints/BP_Objective.BP_Objective
[2021.01.15-23.18.16:028][164]LogContentBrowser: Native class hierarchy updated for 'BlueprintGraph' in 0.0007 seconds. Added 125 classes and 0 folders.
[2021.01.15-23.18.19:125][368]LogSlate: Window 'BP_Objective' being destroyed
[2021.01.15-23.18.20:603][543]LogWorld: UWorld::CleanupWorld for World_3, bSessionEnded=true, bCleanupResources=true
[2021.01.15-23.18.20:603][543]LogSlate: InvalidateAllWidgets triggered.  All widgets were invalidated
[2021.01.15-23.18.20:659][543]LogAssetEditorSubsystem: Opening Asset editor for Blueprint /Game/Blueprints/BP_Objective.BP_Objective
[2021.01.15-23.18.21:017][543]LogSlate: Took 0.006010 seconds to synchronously load lazily loaded font '../../../Engine/Content/Slate/Fonts/Roboto-BoldCondensed.ttf' (158K)
[2021.01.15-23.18.23:660][784]LogSlate: Window 'BP_Objective' being destroyed
[2021.01.15-23.18.39:704][563]LogTexture: Display: Building textures: T_MeshFire_Mask (AutoDXT, 512X512)
[2021.01.15-23.18.39:704][563]LogTexture: Display: Building textures: ThumbnailTexture (DXT1, 512X512)
[2021.01.15-23.18.39:704][563]LogTexture: Display: Building textures: clouds_dust_detail_01 (AutoDXT, 512X512)
[2021.01.15-23.18.39:704][563]LogTexture: Display: Building textures: T_Flame_Tile (AutoDXT, 512X512)
[2021.01.15-23.18.39:704][563]LogStaticMesh: Building static mesh S_SandSwirl...
[2021.01.15-23.18.39:740][563]LogStaticMesh: Built static mesh [0.04s] /Game/Effects/S_SandSwirl.S_SandSwirl
[2021.01.15-23.18.39:774][563]LogMaterial: Display: Missing cached shader map for material M_wind_swirl_02, compiling. 
[2021.01.15-23.18.39:807][563]LogMaterial: Display: Missing cached shader map for material m_flare_03, compiling. 
[2021.01.15-23.18.39:820][563]LogShaderCompilers: Display: Worker (1/13): shaders left to compile 32
[2021.01.15-23.18.39:820][563]LogShaderCompilers: Display: Worker (2/13): shaders left to compile 29
[2021.01.15-23.18.39:820][563]LogShaderCompilers: Display: Worker (3/13): shaders left to compile 26
[2021.01.15-23.18.39:820][563]LogShaderCompilers: Display: Worker (4/13): shaders left to compile 23
[2021.01.15-23.18.39:820][563]LogShaderCompilers: Display: Worker (5/13): shaders left to compile 20
[2021.01.15-23.18.39:820][563]LogShaderCompilers: Display: Worker (6/13): shaders left to compile 17
[2021.01.15-23.18.39:820][563]LogShaderCompilers: Display: Worker (7/13): shaders left to compile 14
[2021.01.15-23.18.39:820][563]LogShaderCompilers: Display: Worker (8/13): shaders left to compile 11
[2021.01.15-23.18.39:820][563]LogShaderCompilers: Display: Worker (9/13): shaders left to compile 8
[2021.01.15-23.18.39:820][563]LogShaderCompilers: Display: Worker (10/13): shaders left to compile 5
[2021.01.15-23.18.39:820][563]LogShaderCompilers: Display: Worker (11/13): shaders left to compile 2
[2021.01.15-23.18.39:821][563]LogMaterial: Display: Missing cached shader map for material gold_ore_effect, compiling. 
[2021.01.15-23.18.39:991][571]LogShaderCompilers: Display: Worker (12/13): shaders left to compile 68
[2021.01.15-23.18.41:462][659]LogShaderCompilers: Display: Worker (11/13): shaders left to compile 62
[2021.01.15-23.18.41:504][662]LogShaderCompilers: Display: Worker (6/13): shaders left to compile 56
[2021.01.15-23.18.41:555][665]LogShaderCompilers: Display: Worker (4/13): shaders left to compile 51
[2021.01.15-23.18.41:621][669]LogShaderCompilers: Display: Worker (3/13): shaders left to compile 46
[2021.01.15-23.18.41:700][674]LogShaderCompilers: Display: Worker (2/13): shaders left to compile 42
[2021.01.15-23.18.41:914][685]LogShaderCompilers: Display: Worker (9/13): shaders left to compile 38
[2021.01.15-23.18.41:966][689]LogShaderCompilers: Display: Worker (7/13): shaders left to compile 34
[2021.01.15-23.18.42:017][690]LogShaderCompilers: Display: Worker (10/13): shaders left to compile 31
[2021.01.15-23.18.42:155][700]LogShaderCompilers: Display: Worker (1/13): shaders left to compile 28
[2021.01.15-23.18.42:293][710]LogShaderCompilers: Display: Worker (5/13): shaders left to compile 25
[2021.01.15-23.18.42:491][719]LogShaderCompilers: Display: Worker (8/13): shaders left to compile 22
[2021.01.15-23.18.42:905][734]LogShaderCompilers: Display: Worker (8/13): shaders left to compile 20
[2021.01.15-23.18.43:021][743]LogShaderCompilers: Display: Worker (9/13): shaders left to compile 18
[2021.01.15-23.18.43:111][751]LogShaderCompilers: Display: Worker (3/13): shaders left to compile 16
[2021.01.15-23.18.43:123][752]LogShaderCompilers: Display: Worker (1/13): shaders left to compile 14
[2021.01.15-23.18.43:235][759]LogShaderCompilers: Display: Worker (6/13): shaders left to compile 12
[2021.01.15-23.18.43:276][760]LogShaderCompilers: Display: Worker (7/13): shaders left to compile 10
[2021.01.15-23.18.43:547][772]LogShaderCompilers: Display: Worker (5/13): shaders left to compile 9
[2021.01.15-23.18.43:559][773]LogShaderCompilers: Display: Worker (7/13): shaders left to compile 8
[2021.01.15-23.18.43:559][773]LogShaderCompilers: Display: Worker (12/13): shaders left to compile 7
[2021.01.15-23.18.43:580][775]LogShaderCompilers: Display: Worker (3/13): shaders left to compile 6
[2021.01.15-23.18.43:663][782]LogShaderCompilers: Display: Worker (10/13): shaders left to compile 5
[2021.01.15-23.18.43:757][785]LogTexture: Display: Building textures: round_mask (AutoDXT, 256X256)
[2021.01.15-23.18.43:758][785]LogTexture: Display: Building textures: T_Smoke2_Tile (AutoDXT, 256X256)
[2021.01.15-23.18.43:758][785]LogTexture: Display: Building textures: ThumbnailTexture (DXT1, 512X512)
[2021.01.15-23.18.43:758][785]LogStaticMesh: Building static mesh SM_plane_pivot_down...
[2021.01.15-23.18.43:785][785]LogStaticMesh: Built static mesh [0.03s] /Game/Effects/SM_plane_pivot_down.SM_plane_pivot_down
[2021.01.15-23.18.43:791][785]LogShaderCompilers: Display: Worker (2/13): shaders left to compile 4
[2021.01.15-23.18.43:806][785]LogShaderCompilers: Display: Worker (9/13): shaders left to compile 3
[2021.01.15-23.18.43:882][785]LogShaderCompilers: Display: Worker (3/13): shaders left to compile 2
[2021.01.15-23.18.43:953][785]LogMaterial: Display: Missing cached shader map for material Coin2, compiling. 
[2021.01.15-23.18.43:983][785]LogShaderCompilers: Display: Worker (7/13): shaders left to compile 1
[2021.01.15-23.18.44:000][786]LogShaderCompilers: Display: Worker (8/13): shaders left to compile 42
[2021.01.15-23.18.44:010][787]LogShaderCompilers: Display: Worker (4/13): shaders left to compile 38
[2021.01.15-23.18.44:019][787]LogShaderCompilers: Display: Worker (6/13): shaders left to compile 34
[2021.01.15-23.18.44:033][787]LogShaderCompilers: Display: Worker (1/13): shaders left to compile 31
[2021.01.15-23.18.44:103][789]LogShaderCompilers: Display: Worker (2/13): shaders left to compile 28
[2021.01.15-23.18.44:164][790]LogShaderCompilers: Display: Worker (3/13): shaders left to compile 25
[2021.01.15-23.18.44:164][790]LogShaderCompilers: Display: Worker (12/13): shaders left to compile 22
[2021.01.15-23.18.44:165][790]LogShaderCompilers: Display: Worker (10/13): shaders left to compile 20
[2021.01.15-23.18.44:397][810]LogShaderCompilers: Display: Worker (9/13): shaders left to compile 18
[2021.01.15-23.18.44:485][818]LogShaderCompilers: Display: Worker (11/13): shaders left to compile 16
[2021.01.15-23.18.44:603][828]LogShaderCompilers: Display: Worker (7/13): shaders left to compile 14
[2021.01.15-23.18.44:649][832]LogShaderCompilers: Display: Worker (5/13): shaders left to compile 12
[2021.01.15-23.18.44:725][836]LogShaderCompilers: Display: Worker (12/13): shaders left to compile 10
[2021.01.15-23.18.44:966][859]LogShaderCompilers: Display: Worker (12/13): shaders left to compile 9
[2021.01.15-23.18.44:999][862]LogShaderCompilers: Display: Worker (11/13): shaders left to compile 8
[2021.01.15-23.18.45:097][872]LogShaderCompilers: Display: Worker (9/13): shaders left to compile 7
[2021.01.15-23.18.45:198][881]LogShaderCompilers: Display: Worker (2/13): shaders left to compile 6
[2021.01.15-23.18.45:715][940]LogShaderCompilers: Display: Worker (11/13): shaders left to compile 5
[2021.01.15-23.18.45:724][941]LogShaderCompilers: Display: Worker (1/13): shaders left to compile 4
[2021.01.15-23.18.45:724][941]LogShaderCompilers: Display: Worker (2/13): shaders left to compile 3
[2021.01.15-23.18.45:740][943]LogShaderCompilers: Display: Worker (7/13): shaders left to compile 2
[2021.01.15-23.18.45:741][943]LogShaderCompilers: Display: Worker (8/13): shaders left to compile 1
[2021.01.15-23.18.50:316][471]BlueprintLog: New page: Compile BP_Objective
[2021.01.15-23.18.50:359][471]LogUObjectHash: Compacting FUObjectHashTables data took   2.28ms
[2021.01.15-23.18.50:380][471]LogSlate: Took 0.000278 seconds to synchronously load lazily loaded font '../../../Engine/Content/Slate/Fonts/DroidSansMono.ttf' (77K)
[2021.01.15-23.18.51:002][514]LogSavePackage: Moving '../../../../../UNREAL ENGINE PROJECTS/StealthGame_ProjectBase_4.25/Stealth_Game_UE/StealthGame/Saved/BP_Objective1F08FFA54C434BF2D2289B809E92D0D4.tmp' to '../../../../../UNREAL ENGINE PROJECTS/StealthGame_ProjectBase_4.25/Stealth_Game_UE/StealthGame/Content/Blueprints/BP_Objective.uasset'
[2021.01.15-23.18.51:027][514]AssetCheck: New page: Asset Save: BP_Objective
[2021.01.15-23.18.51:027][514]LogContentValidation: Display: Validating Blueprint /Game/Blueprints/BP_Objective.BP_Objective
[2021.01.15-23.18.54:553][904]Candidate modules for hot reload:
[2021.01.15-23.18.54:553][904]  FPSGame
[2021.01.15-23.18.54:554][904]Launching UnrealBuildTool... [F:/UNREAL ENGINE/UE_4.25/Engine/Binaries/DotNET/UnrealBuildTool.exe  -ModuleWithSuffix=FPSGame,6830 FPSGameEditor Win64 Development -Project="F:/UNREAL ENGINE PROJECTS/StealthGame_ProjectBase_4.25/Stealth_Game_UE/StealthGame/FPSGame.uproject" "F:/UNREAL ENGINE PROJECTS/StealthGame_ProjectBase_4.25/Stealth_Game_UE/StealthGame/FPSGame.uproject"  -IgnoreJunk]
[2021.01.15-23.18.54:557][904]Warning: Starting HotReload took  0.0s.
[2021.01.15-23.18.56:355][ 39]CompilerResultsLog: New page: Compilation - Jan. 15, 2021, 1:18:56 p.m.
[2021.01.15-23.18.56:356][ 39]CompilerResultsLog: Using 'git status' to determine working set for adaptive non-unity build (F:\UNREAL ENGINE PROJECTS\StealthGame_ProjectBase_4.25\Stealth_Game_UE).
[2021.01.15-23.18.56:356][ 39]CompilerResultsLog: Building FPSGameEditor...
[2021.01.15-23.18.56:356][ 39]CompilerResultsLog: Using Visual Studio 2019 14.28.29336 toolchain (C:\Program Files (x86)\Microsoft Visual Studio\2019\Community\VC\Tools\MSVC\14.28.29333) and Windows 10.0.18362.0 SDK (C:\Program Files (x86)\Windows Kits\10).
[2021.01.15-23.18.56:356][ 39]CompilerResultsLog: [Upgrade]
[2021.01.15-23.18.56:356][ 39]CompilerResultsLog: [Upgrade] Using backward-compatible build settings. The latest version of UE4 sets the following values by default, which may require code changes:
[2021.01.15-23.18.56:356][ 39]CompilerResultsLog: [Upgrade]     bLegacyPublicIncludePaths = false                 => Omits subfolders from public include paths to reduce compiler command line length. (Previously: true).
[2021.01.15-23.18.56:356][ 39]CompilerResultsLog: [Upgrade]     ShadowVariableWarningLevel = WarningLevel.Error   => Treats shadowed variable warnings as errors. (Previously: WarningLevel.Warning).
[2021.01.15-23.18.56:356][ 39]CompilerResultsLog: [Upgrade]     PCHUsage = PCHUsageMode.UseExplicitOrSharedPCHs   => Set in build.cs files to enables IWYU-style PCH model. See https://docs.unrealengine.com/en-US/Programming/BuildTools/UnrealBuildTool/IWYU/index.html. (Previously: PCHUsageMode.UseSharedPCHs).
[2021.01.15-23.18.56:356][ 39]CompilerResultsLog: [Upgrade] Suppress this message by setting 'DefaultBuildSettings = BuildSettingsVersion.V2;' in FPSGameEditor.Target.cs, and explicitly overriding settings that differ from the new defaults.
[2021.01.15-23.18.56:356][ 39]CompilerResultsLog: [Upgrade]
[2021.01.15-23.18.56:356][ 39]CompilerResultsLog: Building 3 actions with 16 processes...
[2021.01.15-23.18.56:356][ 39]CompilerResultsLog:   [1/3] UE4Editor-FPSGame-6830.lib
[2021.01.15-23.18.56:357][ 39]CompilerResultsLog:      Creating library F:\UNREAL ENGINE PROJECTS\StealthGame_ProjectBase_4.25\Stealth_Game_UE\StealthGame\Intermediate\Build\Win64\UE4Editor\Development\FPSGame\UE4Editor-FPSGame-6830.lib and object F:\UNREAL ENGINE PROJECTS\StealthGame_ProjectBase_4.25\Stealth_Game_UE\StealthGame\Intermediate\Build\Win64\UE4Editor\Development\FPSGame\UE4Editor-FPSGame-6830.exp
[2021.01.15-23.18.56:357][ 39]CompilerResultsLog:   [2/3] UE4Editor-FPSGame-6830.dll
[2021.01.15-23.18.56:357][ 39]CompilerResultsLog:      Creating library F:\UNREAL ENGINE PROJECTS\StealthGame_ProjectBase_4.25\Stealth_Game_UE\StealthGame\Intermediate\Build\Win64\UE4Editor\Development\FPSGame\UE4Editor-FPSGame-6830.suppressed.lib and object F:\UNREAL ENGINE PROJECTS\StealthGame_ProjectBase_4.25\Stealth_Game_UE\StealthGame\Intermediate\Build\Win64\UE4Editor\Development\FPSGame\UE4Editor-FPSGame-6830.suppressed.exp
[2021.01.15-23.18.56:357][ 39]CompilerResultsLog:   [3/3] FPSGameEditor.target
[2021.01.15-23.18.56:357][ 39]CompilerResultsLog: Total time in Parallel executor: 1.05 seconds
[2021.01.15-23.18.56:357][ 39]CompilerResultsLog: Total execution time: 1.70 seconds
[2021.01.15-23.18.56:357][ 39]LogMainFrame: MainFrame: Module compiling took 1.809 seconds
[2021.01.15-23.18.56:408][ 39]LogContentBrowser: Native class hierarchy updated for 'FPSGame' in 0.0006 seconds. Added 5 classes and 3 folders.
[2021.01.15-23.18.56:411][ 39]Display: HotReload successful (1 functions remapped  0 scriptstructs remapped)
[2021.01.15-23.18.56:495][ 39]LogContentBrowser: Native class hierarchy populated in 0.0133 seconds. Added 3432 classes and 824 folders.
[2021.01.15-23.18.56:495][ 39]Display: HotReload took  2.0s.
