Log file open, 01/21/21 19:03:18
LogInit: Display: Running engine for game: FPSGame
LogPlatformFile: Not using cached read wrapper
LogTaskGraph: Started task graph with 5 named threads and 47 total threads with 3 sets of task threads.
LogStats: Stats thread started at 0.314102
LogD3D11RHI: Loaded GFSDK_Aftermath_Lib.x64.dll
LogICUInternationalization: ICU TimeZone Detection - Raw Offset: -5:00, Platform Override: ''
LogPluginManager: Mounting plugin Paper2D
LogPluginManager: Mounting plugin AISupport
LogPluginManager: Mounting plugin LightPropagationVolume
LogPluginManager: Mounting plugin CameraShakePreviewer
LogPluginManager: Mounting plugin ActorLayerUtilities
LogPluginManager: Mounting plugin AnimationSharing
LogPluginManager: Mounting plugin CLionSourceCodeAccess
LogPluginManager: Mounting plugin CodeLiteSourceCodeAccess
LogPluginManager: Mounting plugin GitSourceControl
LogPluginManager: Mounting plugin KDevelopSourceCodeAccess
LogPluginManager: Mounting plugin NullSourceCodeAccess
LogPluginManager: Mounting plugin PerforceSourceControl
LogPluginManager: Mounting plugin PlasticSourceControl
LogPluginManager: Mounting plugin RiderSourceCodeAccess
LogPluginManager: Mounting plugin SubversionSourceControl
LogPluginManager: Mounting plugin UObjectPlugin
LogPluginManager: Mounting plugin VisualStudioCodeSourceCodeAccess
LogPluginManager: Mounting plugin VisualStudioSourceCodeAccess
LogPluginManager: Mounting plugin XCodeSourceCodeAccess
LogPluginManager: Mounting plugin AssetManagerEditor
LogPluginManager: Mounting plugin CryptoKeys
LogPluginManager: Mounting plugin CurveEditorTools
LogPluginManager: Mounting plugin DataValidation
LogPluginManager: Mounting plugin EditorScriptingUtilities
LogPluginManager: Mounting plugin FacialAnimation
LogPluginManager: Mounting plugin GameplayTagsEditor
LogPluginManager: Mounting plugin GeometryMode
LogPluginManager: Mounting plugin MacGraphicsSwitching
LogPluginManager: Mounting plugin MaterialAnalyzer
LogPluginManager: Mounting plugin MobileLauncherProfileWizard
LogPluginManager: Mounting plugin PluginBrowser
LogPluginManager: Mounting plugin SpeedTreeImporter
LogPluginManager: Mounting plugin DatasmithContent
LogPluginManager: Mounting plugin VariantManagerContent
LogPluginManager: Mounting plugin AlembicImporter
LogPluginManager: Mounting plugin AutomationUtils
LogPluginManager: Mounting plugin BackChannel
LogPluginManager: Mounting plugin ChaosCloth
LogPluginManager: Mounting plugin ChaosClothEditor
LogPluginManager: Mounting plugin ChaosEditor
LogPluginManager: Mounting plugin ChaosNiagara
LogPluginManager: Mounting plugin ChaosSolverPlugin
LogPluginManager: Mounting plugin CharacterAI
LogPluginManager: Mounting plugin GeometryCache
LogPluginManager: Mounting plugin GeometryCollectionPlugin
LogPluginManager: Mounting plugin GeometryProcessing
LogPluginManager: Mounting plugin PlanarCut
LogPluginManager: Mounting plugin PlatformCrypto
LogPluginManager: Mounting plugin ProxyLODPlugin
LogPluginManager: Mounting plugin SkeletalReduction
LogPluginManager: Mounting plugin Niagara
LogPluginManager: Mounting plugin MagicLeap
LogPluginManager: Mounting plugin MagicLeapLightEstimation
LogPluginManager: Mounting plugin MagicLeapMedia
LogPluginManager: Mounting plugin MagicLeapPassableWorld
LogPluginManager: Mounting plugin MLSDK
LogPluginManager: Mounting plugin AndroidMedia
LogPluginManager: Mounting plugin AvfMedia
LogPluginManager: Mounting plugin ImgMedia
LogPluginManager: Mounting plugin MediaCompositing
LogPluginManager: Mounting plugin MediaPlayerEditor
LogPluginManager: Mounting plugin WebMMedia
LogPluginManager: Mounting plugin WmfMedia
LogPluginManager: Mounting plugin MeshPainting
LogPluginManager: Mounting plugin TcpMessaging
LogPluginManager: Mounting plugin UdpMessaging
LogPluginManager: Mounting plugin ActorSequence
LogPluginManager: Mounting plugin LevelSequenceEditor
LogPluginManager: Mounting plugin MatineeToLevelSequence
LogPluginManager: Mounting plugin MovieRenderPipeline
LogPluginManager: Mounting plugin TemplateSequence
LogPluginManager: Mounting plugin NetcodeUnitTest
LogPluginManager: Mounting plugin NUTUnrealEngine4
LogPluginManager: Mounting plugin OnlineSubsystemGooglePlay
LogPluginManager: Mounting plugin OnlineSubsystemIOS
LogPluginManager: Mounting plugin OnlineSubsystem
LogPluginManager: Mounting plugin OnlineSubsystemNull
LogPluginManager: Mounting plugin OnlineSubsystemUtils
LogPluginManager: Mounting plugin LauncherChunkInstaller
LogPluginManager: Mounting plugin AndroidDeviceProfileSelector
LogPluginManager: Mounting plugin AndroidMoviePlayer
LogPluginManager: Mounting plugin AndroidPermission
LogPluginManager: Mounting plugin AppleImageUtils
LogPluginManager: Mounting plugin AppleMoviePlayer
LogPluginManager: Mounting plugin ArchVisCharacter
LogPluginManager: Mounting plugin AssetTags
LogPluginManager: Mounting plugin AudioCapture
LogPluginManager: Mounting plugin CableComponent
LogPluginManager: Mounting plugin CustomMeshComponent
LogPluginManager: Mounting plugin EditableMesh
LogPluginManager: Mounting plugin ExampleDeviceProfileSelector
LogPluginManager: Mounting plugin GoogleCloudMessaging
LogPluginManager: Mounting plugin GooglePAD
LogPluginManager: Mounting plugin IOSDeviceProfileSelector
LogPluginManager: Mounting plugin LinuxDeviceProfileSelector
LogPluginManager: Mounting plugin LocationServicesBPLibrary
LogPluginManager: Mounting plugin MobilePatchingUtils
LogPluginManager: Mounting plugin OculusVR
LogPluginManager: Mounting plugin PhysXVehicles
LogPluginManager: Mounting plugin PostSplashScreen
LogPluginManager: Mounting plugin ProceduralMeshComponent
LogPluginManager: Mounting plugin RuntimePhysXCooking
LogPluginManager: Mounting plugin SignificanceManager
LogPluginManager: Mounting plugin SoundFields
LogPluginManager: Mounting plugin SteamVR
LogPluginManager: Mounting plugin Synthesis
LogPluginManager: Mounting plugin WebMMoviePlayer
LogPluginManager: Mounting plugin WindowsMoviePlayer
LogPluginManager: Mounting plugin ScreenshotTools
LogInit: Using libcurl 7.55.1-DEV
LogInit:  - built for x86_64-pc-win32
LogInit:  - supports SSL with OpenSSL/1.1.1
LogInit:  - supports HTTP deflate (compression) using libz 1.2.8
LogInit:  - other features:
LogInit:      CURL_VERSION_SSL
LogInit:      CURL_VERSION_LIBZ
LogInit:      CURL_VERSION_IPV6
LogInit:      CURL_VERSION_ASYNCHDNS
LogInit:      CURL_VERSION_LARGEFILE
LogInit:      CURL_VERSION_IDN
LogInit:  CurlRequestOptions (configurable via config and command line):
LogInit:  - bVerifyPeer = true  - Libcurl will verify peer certificate
LogInit:  - bUseHttpProxy = false  - Libcurl will NOT use HTTP proxy
LogInit:  - bDontReuseConnections = false  - Libcurl will reuse connections
LogInit:  - MaxHostConnections = 16  - Libcurl will limit the number of connections to a host
LogInit:  - LocalHostAddr = Default
LogInit:  - BufferSize = 65536
LogOnline: OSS: Creating online subsystem instance for: NULL
LogInit: WinSock: version 1.1 (2.2), MaxSocks=32767, MaxUdp=65467
LogOnline: OSS: TryLoadSubsystemAndSetDefault: Loaded subsystem for module [NULL]
LogInit: Build: ++UE4+Release-4.25-CL-14469661
LogInit: Engine Version: 4.25.4-14469661+++UE4+Release-4.25
LogInit: Compatible Engine Version: 4.25.0-13144385+++UE4+Release-4.25
LogInit: Net CL: 13144385
LogInit: OS: Windows 10 (Release 2009) (), CPU: AMD Ryzen 7 2700X Eight-Core Processor         , GPU: NVIDIA GeForce RTX 2070
LogInit: Compiled (64-bit): Oct 11 2020 08:10:49
LogInit: Compiled with Visual C++: 19.24.28315.00
LogInit: Build Configuration: Development
LogInit: Branch Name: ++UE4+Release-4.25
LogInit: Command Line:  -skipcompile
LogInit: Base Directory: F:/UNREAL ENGINE/UE_4.25/Engine/Binaries/Win64/
LogInit: Allocator: TBB
LogInit: Installed Engine Build: 1
LogDevObjectVersion: Number of dev versions registered: 26
LogDevObjectVersion:   Dev-Blueprints (B0D832E4-1F89-4F0D-ACCF-7EB736FD4AA2): 10
LogDevObjectVersion:   Dev-Build (E1C64328-A22C-4D53-A36C-8E866417BD8C): 0
LogDevObjectVersion:   Dev-Core (375EC13C-06E4-48FB-B500-84F0262A717E): 4
LogDevObjectVersion:   Dev-Editor (E4B068ED-F494-42E9-A231-DA0B2E46BB41): 38
LogDevObjectVersion:   Dev-Framework (CFFC743F-43B0-4480-9391-14DF171D2073): 37
LogDevObjectVersion:   Dev-Mobile (B02B49B5-BB20-44E9-A304-32B752E40360): 2
LogDevObjectVersion:   Dev-Networking (A4E4105C-59A1-49B5-A7C5-40C4547EDFEE): 0
LogDevObjectVersion:   Dev-Online (39C831C9-5AE6-47DC-9A44-9C173E1C8E7C): 0
LogDevObjectVersion:   Dev-Physics (78F01B33-EBEA-4F98-B9B4-84EACCB95AA2): 4
LogDevObjectVersion:   Dev-Platform (6631380F-2D4D-43E0-8009-CF276956A95A): 0
LogDevObjectVersion:   Dev-Rendering (12F88B9F-8875-4AFC-A67C-D90C383ABD29): 43
LogDevObjectVersion:   Dev-Sequencer (7B5AE74C-D270-4C10-A958-57980B212A5A): 12
LogDevObjectVersion:   Dev-VR (D7296918-1DD6-4BDD-9DE2-64A83CC13884): 3
LogDevObjectVersion:   Dev-LoadTimes (C2A15278-BFE7-4AFE-6C17-90FF531DF755): 1
LogDevObjectVersion:   Private-Geometry (6EACA3D4-40EC-4CC1-B786-8BED09428FC5): 3
LogDevObjectVersion:   Dev-AnimPhys (29E575DD-E0A3-4627-9D10-D276232CDCEA): 17
LogDevObjectVersion:   Dev-Anim (AF43A65D-7FD3-4947-9873-3E8ED9C1BB05): 7
LogDevObjectVersion:   Dev-ReflectionCapture (6B266CEC-1EC7-4B8F-A30B-E4D90942FC07): 1
LogDevObjectVersion:   Dev-Automation (0DF73D61-A23F-47EA-B727-89E90C41499A): 1
LogDevObjectVersion:   FortniteMain (601D1886-AC64-4F84-AA16-D3DE0DEAC7D6): 31
LogDevObjectVersion:   Dev-Enterprise (9DFFBCD6-494F-0158-E221-12823C92A888): 10
LogDevObjectVersion:   Dev-Niagara (F2AED0AC-9AFE-416F-8664-AA7FFA26D6FC): 1
LogDevObjectVersion:   Dev-Destruction (174F1F0B-B4C6-45A5-B13F-2EE8D0FB917D): 10
LogDevObjectVersion:   Dev-Physics-Ext (35F94A83-E258-406C-A318-09F59610247C): 37
LogDevObjectVersion:   Dev-PhysicsMaterial-Chaos (B68FC16E-8B1B-42E2-B453-215C058844FE): 1
LogDevObjectVersion:   Dev-CineCamera (B2E18506-4273-CFC2-A54E-F4BB758BBA07): 1
LogInit: Presizing for max 25165824 objects, including 0 objects not considered by GC, pre-allocating 0 bytes for permanent pool.
LogConfig: Applying CVar settings from Section [/Script/Engine.StreamingSettings] File [F:/UNREAL ENGINE PROJECTS/StealthGame_ProjectBase_4.25/Stealth_Game_UE/StealthGame/Saved/Config/Windows/Engine.ini]
LogConfig: Setting CVar [[s.MinBulkDataSizeForAsyncLoading:131072]]
LogConfig: Setting CVar [[s.AsyncLoadingThreadEnabled:0]]
LogConfig: Setting CVar [[s.EventDrivenLoaderEnabled:1]]
LogConfig: Setting CVar [[s.WarnIfTimeLimitExceeded:0]]
LogConfig: Setting CVar [[s.TimeLimitExceededMultiplier:1.5]]
LogConfig: Setting CVar [[s.TimeLimitExceededMinTime:0.005]]
LogConfig: Setting CVar [[s.UseBackgroundLevelStreaming:1]]
LogConfig: Setting CVar [[s.PriorityAsyncLoadingExtraTime:15.0]]
LogConfig: Setting CVar [[s.LevelStreamingActorsUpdateTimeLimit:5.0]]
LogConfig: Setting CVar [[s.PriorityLevelStreamingActorsUpdateExtraTime:5.0]]
LogConfig: Setting CVar [[s.LevelStreamingComponentsRegistrationGranularity:10]]
LogConfig: Setting CVar [[s.UnregisterComponentsTimeLimit:1.0]]
LogConfig: Setting CVar [[s.LevelStreamingComponentsUnregistrationGranularity:5]]
LogConfig: Setting CVar [[s.FlushStreamingOnExit:1]]
LogInit: Object subsystem initialized
LogConfig: Setting CVar [[con.DebugEarlyDefault:1]]
LogConfig: Setting CVar [[r.setres:1280x720]]
[2021.01.22-00.03.19:303][  0]LogConfig: Setting CVar [[r.VSync:0]]
[2021.01.22-00.03.19:303][  0]LogConfig: Setting CVar [[r.RHICmdBypass:0]]
[2021.01.22-00.03.19:303][  0]LogConfig: Applying CVar settings from Section [/Script/Engine.RendererSettings] File [F:/UNREAL ENGINE PROJECTS/StealthGame_ProjectBase_4.25/Stealth_Game_UE/StealthGame/Saved/Config/Windows/Engine.ini]
[2021.01.22-00.03.19:303][  0]LogConfig: Setting CVar [[r.GPUCrashDebugging:0]]
[2021.01.22-00.03.19:303][  0]LogConfig: Applying CVar settings from Section [/Script/Engine.RendererOverrideSettings] File [F:/UNREAL ENGINE PROJECTS/StealthGame_ProjectBase_4.25/Stealth_Game_UE/StealthGame/Saved/Config/Windows/Engine.ini]
[2021.01.22-00.03.19:303][  0]LogConfig: Applying CVar settings from Section [/Script/Engine.StreamingSettings] File [F:/UNREAL ENGINE PROJECTS/StealthGame_ProjectBase_4.25/Stealth_Game_UE/StealthGame/Saved/Config/Windows/Engine.ini]
[2021.01.22-00.03.19:303][  0]LogConfig: Setting CVar [[s.MinBulkDataSizeForAsyncLoading:131072]]
[2021.01.22-00.03.19:303][  0]LogConfig: Setting CVar [[s.AsyncLoadingThreadEnabled:0]]
[2021.01.22-00.03.19:304][  0]LogConfig: Setting CVar [[s.EventDrivenLoaderEnabled:1]]
[2021.01.22-00.03.19:304][  0]LogConfig: Setting CVar [[s.WarnIfTimeLimitExceeded:0]]
[2021.01.22-00.03.19:304][  0]LogConfig: Setting CVar [[s.TimeLimitExceededMultiplier:1.5]]
[2021.01.22-00.03.19:304][  0]LogConfig: Setting CVar [[s.TimeLimitExceededMinTime:0.005]]
[2021.01.22-00.03.19:304][  0]LogConfig: Setting CVar [[s.UseBackgroundLevelStreaming:1]]
[2021.01.22-00.03.19:304][  0]LogConfig: Setting CVar [[s.PriorityAsyncLoadingExtraTime:15.0]]
[2021.01.22-00.03.19:304][  0]LogConfig: Setting CVar [[s.LevelStreamingActorsUpdateTimeLimit:5.0]]
[2021.01.22-00.03.19:304][  0]LogConfig: Setting CVar [[s.PriorityLevelStreamingActorsUpdateExtraTime:5.0]]
[2021.01.22-00.03.19:304][  0]LogConfig: Setting CVar [[s.LevelStreamingComponentsRegistrationGranularity:10]]
[2021.01.22-00.03.19:304][  0]LogConfig: Setting CVar [[s.UnregisterComponentsTimeLimit:1.0]]
[2021.01.22-00.03.19:304][  0]LogConfig: Setting CVar [[s.LevelStreamingComponentsUnregistrationGranularity:5]]
[2021.01.22-00.03.19:304][  0]LogConfig: Setting CVar [[s.FlushStreamingOnExit:1]]
[2021.01.22-00.03.19:304][  0]LogConfig: Applying CVar settings from Section [/Script/Engine.GarbageCollectionSettings] File [F:/UNREAL ENGINE PROJECTS/StealthGame_ProjectBase_4.25/Stealth_Game_UE/StealthGame/Saved/Config/Windows/Engine.ini]
[2021.01.22-00.03.19:304][  0]LogConfig: Setting CVar [[gc.MaxObjectsNotConsideredByGC:1]]
[2021.01.22-00.03.19:304][  0]LogConfig: Setting CVar [[gc.SizeOfPermanentObjectPool:0]]
[2021.01.22-00.03.19:304][  0]LogConfig: Setting CVar [[gc.FlushStreamingOnGC:0]]
[2021.01.22-00.03.19:304][  0]LogConfig: Setting CVar [[gc.NumRetriesBeforeForcingGC:10]]
[2021.01.22-00.03.19:304][  0]LogConfig: Setting CVar [[gc.AllowParallelGC:1]]
[2021.01.22-00.03.19:304][  0]LogConfig: Setting CVar [[gc.TimeBetweenPurgingPendingKillObjects:61.1]]
[2021.01.22-00.03.19:304][  0]LogConfig: Setting CVar [[gc.MaxObjectsInEditor:25165824]]
[2021.01.22-00.03.19:304][  0]LogConfig: Setting CVar [[gc.IncrementalBeginDestroyEnabled:1]]
[2021.01.22-00.03.19:304][  0]LogConfig: Setting CVar [[gc.CreateGCClusters:1]]
[2021.01.22-00.03.19:304][  0]LogConfig: Setting CVar [[gc.MinGCClusterSize:5]]
[2021.01.22-00.03.19:304][  0]LogConfig: Setting CVar [[gc.ActorClusteringEnabled:0]]
[2021.01.22-00.03.19:304][  0]LogConfig: Setting CVar [[gc.BlueprintClusteringEnabled:0]]
[2021.01.22-00.03.19:305][  0]LogConfig: Setting CVar [[gc.UseDisregardForGCOnDedicatedServers:0]]
[2021.01.22-00.03.19:305][  0]LogConfig: Applying CVar settings from Section [/Script/Engine.NetworkSettings] File [F:/UNREAL ENGINE PROJECTS/StealthGame_ProjectBase_4.25/Stealth_Game_UE/StealthGame/Saved/Config/Windows/Engine.ini]
[2021.01.22-00.03.19:305][  0]LogConfig: Applying CVar settings from Section [/Script/UnrealEd.CookerSettings] File [F:/UNREAL ENGINE PROJECTS/StealthGame_ProjectBase_4.25/Stealth_Game_UE/StealthGame/Saved/Config/Windows/Engine.ini]
[2021.01.22-00.03.19:311][  0]LogConfig: Applying CVar settings from Section [ViewDistanceQuality@3] File [F:/UNREAL ENGINE PROJECTS/StealthGame_ProjectBase_4.25/Stealth_Game_UE/StealthGame/Saved/Config/Windows/Scalability.ini]
[2021.01.22-00.03.19:311][  0]LogConfig: Setting CVar [[r.SkeletalMeshLODBias:0]]
[2021.01.22-00.03.19:311][  0]LogConfig: Setting CVar [[r.ViewDistanceScale:1.0]]
[2021.01.22-00.03.19:311][  0]LogConfig: Applying CVar settings from Section [AntiAliasingQuality@3] File [F:/UNREAL ENGINE PROJECTS/StealthGame_ProjectBase_4.25/Stealth_Game_UE/StealthGame/Saved/Config/Windows/Scalability.ini]
[2021.01.22-00.03.19:311][  0]LogConfig: Setting CVar [[r.PostProcessAAQuality:4]]
[2021.01.22-00.03.19:311][  0]LogConfig: Applying CVar settings from Section [ShadowQuality@3] File [F:/UNREAL ENGINE PROJECTS/StealthGame_ProjectBase_4.25/Stealth_Game_UE/StealthGame/Saved/Config/Windows/Scalability.ini]
[2021.01.22-00.03.19:311][  0]LogConfig: Setting CVar [[r.LightFunctionQuality:1]]
[2021.01.22-00.03.19:311][  0]LogConfig: Setting CVar [[r.ShadowQuality:5]]
[2021.01.22-00.03.19:311][  0]LogConfig: Setting CVar [[r.Shadow.CSM.MaxCascades:10]]
[2021.01.22-00.03.19:311][  0]LogConfig: Setting CVar [[r.Shadow.MaxResolution:2048]]
[2021.01.22-00.03.19:311][  0]LogConfig: Setting CVar [[r.Shadow.MaxCSMResolution:2048]]
[2021.01.22-00.03.19:311][  0]LogConfig: Setting CVar [[r.Shadow.RadiusThreshold:0.01]]
[2021.01.22-00.03.19:311][  0]LogConfig: Setting CVar [[r.Shadow.DistanceScale:1.0]]
[2021.01.22-00.03.19:311][  0]LogConfig: Setting CVar [[r.Shadow.CSM.TransitionScale:1.0]]
[2021.01.22-00.03.19:311][  0]LogConfig: Setting CVar [[r.Shadow.PreShadowResolutionFactor:1.0]]
[2021.01.22-00.03.19:311][  0]LogConfig: Setting CVar [[r.DistanceFieldShadowing:1]]
[2021.01.22-00.03.19:311][  0]LogConfig: Setting CVar [[r.DistanceFieldAO:1]]
[2021.01.22-00.03.19:311][  0]LogConfig: Setting CVar [[r.AOQuality:2]]
[2021.01.22-00.03.19:311][  0]LogConfig: Setting CVar [[r.VolumetricFog:1]]
[2021.01.22-00.03.19:312][  0]LogConfig: Setting CVar [[r.VolumetricFog.GridPixelSize:8]]
[2021.01.22-00.03.19:312][  0]LogConfig: Setting CVar [[r.VolumetricFog.GridSizeZ:128]]
[2021.01.22-00.03.19:312][  0]LogConfig: Setting CVar [[r.VolumetricFog.HistoryMissSupersampleCount:4]]
[2021.01.22-00.03.19:312][  0]LogConfig: Setting CVar [[r.LightMaxDrawDistanceScale:1]]
[2021.01.22-00.03.19:312][  0]LogConfig: Setting CVar [[r.CapsuleShadows:1]]
[2021.01.22-00.03.19:312][  0]LogConfig: Applying CVar settings from Section [PostProcessQuality@3] File [F:/UNREAL ENGINE PROJECTS/StealthGame_ProjectBase_4.25/Stealth_Game_UE/StealthGame/Saved/Config/Windows/Scalability.ini]
[2021.01.22-00.03.19:312][  0]LogConfig: Setting CVar [[r.MotionBlurQuality:4]]
[2021.01.22-00.03.19:312][  0]LogConfig: Setting CVar [[r.AmbientOcclusionMipLevelFactor:0.4]]
[2021.01.22-00.03.19:312][  0]LogConfig: Setting CVar [[r.AmbientOcclusionMaxQuality:100]]
[2021.01.22-00.03.19:312][  0]LogConfig: Setting CVar [[r.AmbientOcclusionLevels:-1]]
[2021.01.22-00.03.19:312][  0]LogConfig: Setting CVar [[r.AmbientOcclusionRadiusScale:1.0]]
[2021.01.22-00.03.19:312][  0]LogConfig: Setting CVar [[r.DepthOfFieldQuality:2]]
[2021.01.22-00.03.19:312][  0]LogConfig: Setting CVar [[r.RenderTargetPoolMin:400]]
[2021.01.22-00.03.19:312][  0]LogConfig: Setting CVar [[r.LensFlareQuality:2]]
[2021.01.22-00.03.19:312][  0]LogConfig: Setting CVar [[r.SceneColorFringeQuality:1]]
[2021.01.22-00.03.19:312][  0]LogConfig: Setting CVar [[r.EyeAdaptationQuality:2]]
[2021.01.22-00.03.19:312][  0]LogConfig: Setting CVar [[r.BloomQuality:5]]
[2021.01.22-00.03.19:312][  0]LogConfig: Setting CVar [[r.FastBlurThreshold:100]]
[2021.01.22-00.03.19:312][  0]LogConfig: Setting CVar [[r.Upscale.Quality:3]]
[2021.01.22-00.03.19:312][  0]LogConfig: Setting CVar [[r.Tonemapper.GrainQuantization:1]]
[2021.01.22-00.03.19:312][  0]LogConfig: Setting CVar [[r.LightShaftQuality:1]]
[2021.01.22-00.03.19:312][  0]LogConfig: Setting CVar [[r.Filter.SizeScale:1]]
[2021.01.22-00.03.19:312][  0]LogConfig: Setting CVar [[r.Tonemapper.Quality:5]]
[2021.01.22-00.03.19:312][  0]LogConfig: Setting CVar [[r.DOF.Gather.AccumulatorQuality:1        ; higher gathering accumulator quality]]
[2021.01.22-00.03.19:313][  0]LogConfig: Setting CVar [[r.DOF.Gather.PostfilterMethod:1          ; Median3x3 postfilering method]]
[2021.01.22-00.03.19:313][  0]LogConfig: Setting CVar [[r.DOF.Gather.EnableBokehSettings:0       ; no bokeh simulation when gathering]]
[2021.01.22-00.03.19:313][  0]LogConfig: Setting CVar [[r.DOF.Gather.RingCount:4                 ; medium number of samples when gathering]]
[2021.01.22-00.03.19:313][  0]LogConfig: Setting CVar [[r.DOF.Scatter.ForegroundCompositing:1    ; additive foreground scattering]]
[2021.01.22-00.03.19:313][  0]LogConfig: Setting CVar [[r.DOF.Scatter.BackgroundCompositing:2    ; additive background scattering]]
[2021.01.22-00.03.19:313][  0]LogConfig: Setting CVar [[r.DOF.Scatter.EnableBokehSettings:1      ; bokeh simulation when scattering]]
[2021.01.22-00.03.19:313][  0]LogConfig: Setting CVar [[r.DOF.Scatter.MaxSpriteRatio:0.1         ; only a maximum of 10% of scattered bokeh]]
[2021.01.22-00.03.19:313][  0]LogConfig: Setting CVar [[r.DOF.Recombine.Quality:1                ; cheap slight out of focus]]
[2021.01.22-00.03.19:313][  0]LogConfig: Setting CVar [[r.DOF.Recombine.EnableBokehSettings:0    ; no bokeh simulation on slight out of focus]]
[2021.01.22-00.03.19:313][  0]LogConfig: Setting CVar [[r.DOF.TemporalAAQuality:1                ; more stable temporal accumulation]]
[2021.01.22-00.03.19:313][  0]LogConfig: Setting CVar [[r.DOF.Kernel.MaxForegroundRadius:0.025]]
[2021.01.22-00.03.19:313][  0]LogConfig: Setting CVar [[r.DOF.Kernel.MaxBackgroundRadius:0.025]]
[2021.01.22-00.03.19:313][  0]LogConfig: Applying CVar settings from Section [TextureQuality@3] File [F:/UNREAL ENGINE PROJECTS/StealthGame_ProjectBase_4.25/Stealth_Game_UE/StealthGame/Saved/Config/Windows/Scalability.ini]
[2021.01.22-00.03.19:313][  0]LogConfig: Setting CVar [[r.Streaming.MipBias:0]]
[2021.01.22-00.03.19:313][  0]LogConfig: Setting CVar [[r.Streaming.AmortizeCPUToGPUCopy:0]]
[2021.01.22-00.03.19:313][  0]LogConfig: Setting CVar [[r.Streaming.MaxNumTexturesToStreamPerFrame:0]]
[2021.01.22-00.03.19:313][  0]LogConfig: Setting CVar [[r.Streaming.Boost:1]]
[2021.01.22-00.03.19:313][  0]LogConfig: Setting CVar [[r.MaxAnisotropy:8]]
[2021.01.22-00.03.19:313][  0]LogConfig: Setting CVar [[r.VT.MaxAnisotropy:8]]
[2021.01.22-00.03.19:313][  0]LogConfig: Setting CVar [[r.Streaming.LimitPoolSizeToVRAM:0]]
[2021.01.22-00.03.19:313][  0]LogConfig: Setting CVar [[r.Streaming.PoolSize:1000]]
[2021.01.22-00.03.19:313][  0]LogConfig: Setting CVar [[r.Streaming.MaxEffectiveScreenSize:0]]
[2021.01.22-00.03.19:313][  0]LogConfig: Applying CVar settings from Section [EffectsQuality@3] File [F:/UNREAL ENGINE PROJECTS/StealthGame_ProjectBase_4.25/Stealth_Game_UE/StealthGame/Saved/Config/Windows/Scalability.ini]
[2021.01.22-00.03.19:313][  0]LogConfig: Setting CVar [[r.TranslucencyLightingVolumeDim:64]]
[2021.01.22-00.03.19:314][  0]LogConfig: Setting CVar [[r.RefractionQuality:2]]
[2021.01.22-00.03.19:314][  0]LogConfig: Setting CVar [[r.SSR.Quality:3]]
[2021.01.22-00.03.19:314][  0]LogConfig: Setting CVar [[r.SSR.HalfResSceneColor:0]]
[2021.01.22-00.03.19:314][  0]LogConfig: Setting CVar [[r.SceneColorFormat:4]]
[2021.01.22-00.03.19:314][  0]LogConfig: Setting CVar [[r.DetailMode:2]]
[2021.01.22-00.03.19:314][  0]LogConfig: Setting CVar [[r.TranslucencyVolumeBlur:1]]
[2021.01.22-00.03.19:314][  0]LogConfig: Setting CVar [[r.MaterialQualityLevel:1 ; High quality]]
[2021.01.22-00.03.19:314][  0]LogConfig: Setting CVar [[r.SSS.Scale:1]]
[2021.01.22-00.03.19:314][  0]LogConfig: Setting CVar [[r.SSS.SampleSet:2]]
[2021.01.22-00.03.19:314][  0]LogConfig: Setting CVar [[r.SSS.Quality:1]]
[2021.01.22-00.03.19:314][  0]LogConfig: Setting CVar [[r.SSS.HalfRes:0]]
[2021.01.22-00.03.19:314][  0]LogConfig: Setting CVar [[r.SSGI.Quality:3]]
[2021.01.22-00.03.19:314][  0]LogConfig: Setting CVar [[r.EmitterSpawnRateScale:1.0]]
[2021.01.22-00.03.19:314][  0]LogConfig: Setting CVar [[r.ParticleLightQuality:2]]
[2021.01.22-00.03.19:314][  0]LogConfig: Setting CVar [[r.SkyAtmosphere.AerialPerspectiveLUT.FastApplyOnOpaque:1 ; Always have FastSkyLUT 1 in this case to avoid wrong sky]]
[2021.01.22-00.03.19:314][  0]LogConfig: Setting CVar [[r.SkyAtmosphere.AerialPerspectiveLUT.SampleCountPerSlice:1]]
[2021.01.22-00.03.19:314][  0]LogConfig: Setting CVar [[r.SkyAtmosphere.AerialPerspectiveLUT.DepthResolution:16.0]]
[2021.01.22-00.03.19:314][  0]LogConfig: Setting CVar [[r.SkyAtmosphere.FastSkyLUT:1]]
[2021.01.22-00.03.19:314][  0]LogConfig: Setting CVar [[r.SkyAtmosphere.FastSkyLUT.SampleCountMin:4.0]]
[2021.01.22-00.03.19:314][  0]LogConfig: Setting CVar [[r.SkyAtmosphere.FastSkyLUT.SampleCountMax:32.0]]
[2021.01.22-00.03.19:314][  0]LogConfig: Setting CVar [[r.SkyAtmosphere.SampleCountMin:4.0]]
[2021.01.22-00.03.19:314][  0]LogConfig: Setting CVar [[r.SkyAtmosphere.SampleCountMax:32.0]]
[2021.01.22-00.03.19:315][  0]LogConfig: Setting CVar [[r.SkyAtmosphere.TransmittanceLUT.UseSmallFormat:0]]
[2021.01.22-00.03.19:315][  0]LogConfig: Setting CVar [[r.SkyAtmosphere.TransmittanceLUT.SampleCount:10.0]]
[2021.01.22-00.03.19:315][  0]LogConfig: Setting CVar [[r.SkyAtmosphere.MultiScatteringLUT.SampleCount:15.0]]
[2021.01.22-00.03.19:315][  0]LogConfig: Applying CVar settings from Section [FoliageQuality@3] File [F:/UNREAL ENGINE PROJECTS/StealthGame_ProjectBase_4.25/Stealth_Game_UE/StealthGame/Saved/Config/Windows/Scalability.ini]
[2021.01.22-00.03.19:315][  0]LogConfig: Setting CVar [[foliage.DensityScale:1.0]]
[2021.01.22-00.03.19:315][  0]LogConfig: Setting CVar [[grass.DensityScale:1.0]]
[2021.01.22-00.03.19:315][  0]LogConfig: Applying CVar settings from Section [ShadingQuality@3] File [F:/UNREAL ENGINE PROJECTS/StealthGame_ProjectBase_4.25/Stealth_Game_UE/StealthGame/Saved/Config/Windows/Scalability.ini]
[2021.01.22-00.03.19:315][  0]LogConfig: Setting CVar [[r.HairStrands.SkyLighting.SampleCount:16]]
[2021.01.22-00.03.19:315][  0]LogConfig: Setting CVar [[r.HairStrands.SkyLighting.JitterIntegration:0]]
[2021.01.22-00.03.19:315][  0]LogConfig: Setting CVar [[r.HairStrands.SkyAO.SampleCount:16]]
[2021.01.22-00.03.19:315][  0]LogConfig: Setting CVar [[r.HairStrands.DeepShadow.SuperSampling:0]]
[2021.01.22-00.03.19:315][  0]LogConfig: Setting CVar [[r.HairStrands.VisibilityPPLL:0]]
[2021.01.22-00.03.19:315][  0]LogConfig: Setting CVar [[r.HairStrands.RasterizationScale:0.5]]
[2021.01.22-00.03.19:315][  0]LogConfig: Setting CVar [[r.HairStrands.VelocityRasterizationScale:1]]
[2021.01.22-00.03.19:315][  0]LogInit: Selected Device Profile: [Windows]
[2021.01.22-00.03.19:315][  0]LogInit: Applying CVar settings loaded from the selected device profile: [Windows]
[2021.01.22-00.03.19:315][  0]LogHAL: Display: Platform has ~ 32 GB [34282610688 / 34359738368 / 32], which maps to Largest [LargestMinGB=32, LargerMinGB=12, DefaultMinGB=8, SmallerMinGB=6, SmallestMinGB=0)
[2021.01.22-00.03.19:315][  0]LogInit: Going up to parent DeviceProfile []
[2021.01.22-00.03.19:315][  0]LogConfig: Applying CVar settings from Section [ViewDistanceQuality@3] File [F:/UNREAL ENGINE PROJECTS/StealthGame_ProjectBase_4.25/Stealth_Game_UE/StealthGame/Saved/Config/Windows/Scalability.ini]
[2021.01.22-00.03.19:315][  0]LogConfig: Setting CVar [[r.SkeletalMeshLODBias:0]]
[2021.01.22-00.03.19:315][  0]LogConfig: Setting CVar [[r.ViewDistanceScale:1.0]]
[2021.01.22-00.03.19:315][  0]LogConfig: Applying CVar settings from Section [AntiAliasingQuality@3] File [F:/UNREAL ENGINE PROJECTS/StealthGame_ProjectBase_4.25/Stealth_Game_UE/StealthGame/Saved/Config/Windows/Scalability.ini]
[2021.01.22-00.03.19:316][  0]LogConfig: Setting CVar [[r.PostProcessAAQuality:4]]
[2021.01.22-00.03.19:316][  0]LogConfig: Applying CVar settings from Section [ShadowQuality@3] File [F:/UNREAL ENGINE PROJECTS/StealthGame_ProjectBase_4.25/Stealth_Game_UE/StealthGame/Saved/Config/Windows/Scalability.ini]
[2021.01.22-00.03.19:316][  0]LogConfig: Setting CVar [[r.LightFunctionQuality:1]]
[2021.01.22-00.03.19:316][  0]LogConfig: Setting CVar [[r.ShadowQuality:5]]
[2021.01.22-00.03.19:316][  0]LogConfig: Setting CVar [[r.Shadow.CSM.MaxCascades:10]]
[2021.01.22-00.03.19:316][  0]LogConfig: Setting CVar [[r.Shadow.MaxResolution:2048]]
[2021.01.22-00.03.19:316][  0]LogConfig: Setting CVar [[r.Shadow.MaxCSMResolution:2048]]
[2021.01.22-00.03.19:316][  0]LogConfig: Setting CVar [[r.Shadow.RadiusThreshold:0.01]]
[2021.01.22-00.03.19:316][  0]LogConfig: Setting CVar [[r.Shadow.DistanceScale:1.0]]
[2021.01.22-00.03.19:316][  0]LogConfig: Setting CVar [[r.Shadow.CSM.TransitionScale:1.0]]
[2021.01.22-00.03.19:316][  0]LogConfig: Setting CVar [[r.Shadow.PreShadowResolutionFactor:1.0]]
[2021.01.22-00.03.19:316][  0]LogConfig: Setting CVar [[r.DistanceFieldShadowing:1]]
[2021.01.22-00.03.19:316][  0]LogConfig: Setting CVar [[r.DistanceFieldAO:1]]
[2021.01.22-00.03.19:316][  0]LogConfig: Setting CVar [[r.AOQuality:2]]
[2021.01.22-00.03.19:316][  0]LogConfig: Setting CVar [[r.VolumetricFog:1]]
[2021.01.22-00.03.19:316][  0]LogConfig: Setting CVar [[r.VolumetricFog.GridPixelSize:8]]
[2021.01.22-00.03.19:316][  0]LogConfig: Setting CVar [[r.VolumetricFog.GridSizeZ:128]]
[2021.01.22-00.03.19:316][  0]LogConfig: Setting CVar [[r.VolumetricFog.HistoryMissSupersampleCount:4]]
[2021.01.22-00.03.19:316][  0]LogConfig: Setting CVar [[r.LightMaxDrawDistanceScale:1]]
[2021.01.22-00.03.19:317][  0]LogConfig: Setting CVar [[r.CapsuleShadows:1]]
[2021.01.22-00.03.19:317][  0]LogConfig: Applying CVar settings from Section [PostProcessQuality@3] File [F:/UNREAL ENGINE PROJECTS/StealthGame_ProjectBase_4.25/Stealth_Game_UE/StealthGame/Saved/Config/Windows/Scalability.ini]
[2021.01.22-00.03.19:317][  0]LogConfig: Setting CVar [[r.MotionBlurQuality:4]]
[2021.01.22-00.03.19:317][  0]LogConfig: Setting CVar [[r.AmbientOcclusionMipLevelFactor:0.4]]
[2021.01.22-00.03.19:317][  0]LogConfig: Setting CVar [[r.AmbientOcclusionMaxQuality:100]]
[2021.01.22-00.03.19:317][  0]LogConfig: Setting CVar [[r.AmbientOcclusionLevels:-1]]
[2021.01.22-00.03.19:317][  0]LogConfig: Setting CVar [[r.AmbientOcclusionRadiusScale:1.0]]
[2021.01.22-00.03.19:317][  0]LogConfig: Setting CVar [[r.DepthOfFieldQuality:2]]
[2021.01.22-00.03.19:317][  0]LogConfig: Setting CVar [[r.RenderTargetPoolMin:400]]
[2021.01.22-00.03.19:317][  0]LogConfig: Setting CVar [[r.LensFlareQuality:2]]
[2021.01.22-00.03.19:317][  0]LogConfig: Setting CVar [[r.SceneColorFringeQuality:1]]
[2021.01.22-00.03.19:317][  0]LogConfig: Setting CVar [[r.EyeAdaptationQuality:2]]
[2021.01.22-00.03.19:317][  0]LogConfig: Setting CVar [[r.BloomQuality:5]]
[2021.01.22-00.03.19:317][  0]LogConfig: Setting CVar [[r.FastBlurThreshold:100]]
[2021.01.22-00.03.19:317][  0]LogConfig: Setting CVar [[r.Upscale.Quality:3]]
[2021.01.22-00.03.19:317][  0]LogConfig: Setting CVar [[r.Tonemapper.GrainQuantization:1]]
[2021.01.22-00.03.19:317][  0]LogConfig: Setting CVar [[r.LightShaftQuality:1]]
[2021.01.22-00.03.19:317][  0]LogConfig: Setting CVar [[r.Filter.SizeScale:1]]
[2021.01.22-00.03.19:317][  0]LogConfig: Setting CVar [[r.Tonemapper.Quality:5]]
[2021.01.22-00.03.19:317][  0]LogConfig: Setting CVar [[r.DOF.Gather.AccumulatorQuality:1        ; higher gathering accumulator quality]]
[2021.01.22-00.03.19:317][  0]LogConfig: Setting CVar [[r.DOF.Gather.PostfilterMethod:1          ; Median3x3 postfilering method]]
[2021.01.22-00.03.19:317][  0]LogConfig: Setting CVar [[r.DOF.Gather.EnableBokehSettings:0       ; no bokeh simulation when gathering]]
[2021.01.22-00.03.19:317][  0]LogConfig: Setting CVar [[r.DOF.Gather.RingCount:4                 ; medium number of samples when gathering]]
[2021.01.22-00.03.19:317][  0]LogConfig: Setting CVar [[r.DOF.Scatter.ForegroundCompositing:1    ; additive foreground scattering]]
[2021.01.22-00.03.19:318][  0]LogConfig: Setting CVar [[r.DOF.Scatter.BackgroundCompositing:2    ; additive background scattering]]
[2021.01.22-00.03.19:318][  0]LogConfig: Setting CVar [[r.DOF.Scatter.EnableBokehSettings:1      ; bokeh simulation when scattering]]
[2021.01.22-00.03.19:318][  0]LogConfig: Setting CVar [[r.DOF.Scatter.MaxSpriteRatio:0.1         ; only a maximum of 10% of scattered bokeh]]
[2021.01.22-00.03.19:318][  0]LogConfig: Setting CVar [[r.DOF.Recombine.Quality:1                ; cheap slight out of focus]]
[2021.01.22-00.03.19:318][  0]LogConfig: Setting CVar [[r.DOF.Recombine.EnableBokehSettings:0    ; no bokeh simulation on slight out of focus]]
[2021.01.22-00.03.19:318][  0]LogConfig: Setting CVar [[r.DOF.TemporalAAQuality:1                ; more stable temporal accumulation]]
[2021.01.22-00.03.19:318][  0]LogConfig: Setting CVar [[r.DOF.Kernel.MaxForegroundRadius:0.025]]
[2021.01.22-00.03.19:318][  0]LogConfig: Setting CVar [[r.DOF.Kernel.MaxBackgroundRadius:0.025]]
[2021.01.22-00.03.19:318][  0]LogConfig: Applying CVar settings from Section [TextureQuality@3] File [F:/UNREAL ENGINE PROJECTS/StealthGame_ProjectBase_4.25/Stealth_Game_UE/StealthGame/Saved/Config/Windows/Scalability.ini]
[2021.01.22-00.03.19:318][  0]LogConfig: Setting CVar [[r.Streaming.MipBias:0]]
[2021.01.22-00.03.19:318][  0]LogConfig: Setting CVar [[r.Streaming.AmortizeCPUToGPUCopy:0]]
[2021.01.22-00.03.19:318][  0]LogConfig: Setting CVar [[r.Streaming.MaxNumTexturesToStreamPerFrame:0]]
[2021.01.22-00.03.19:318][  0]LogConfig: Setting CVar [[r.Streaming.Boost:1]]
[2021.01.22-00.03.19:318][  0]LogConfig: Setting CVar [[r.MaxAnisotropy:8]]
[2021.01.22-00.03.19:318][  0]LogConfig: Setting CVar [[r.VT.MaxAnisotropy:8]]
[2021.01.22-00.03.19:318][  0]LogConfig: Setting CVar [[r.Streaming.LimitPoolSizeToVRAM:0]]
[2021.01.22-00.03.19:318][  0]LogConfig: Setting CVar [[r.Streaming.PoolSize:1000]]
[2021.01.22-00.03.19:318][  0]LogConfig: Setting CVar [[r.Streaming.MaxEffectiveScreenSize:0]]
[2021.01.22-00.03.19:318][  0]LogConfig: Applying CVar settings from Section [EffectsQuality@3] File [F:/UNREAL ENGINE PROJECTS/StealthGame_ProjectBase_4.25/Stealth_Game_UE/StealthGame/Saved/Config/Windows/Scalability.ini]
[2021.01.22-00.03.19:318][  0]LogConfig: Setting CVar [[r.TranslucencyLightingVolumeDim:64]]
[2021.01.22-00.03.19:318][  0]LogConfig: Setting CVar [[r.RefractionQuality:2]]
[2021.01.22-00.03.19:318][  0]LogConfig: Setting CVar [[r.SSR.Quality:3]]
[2021.01.22-00.03.19:319][  0]LogConfig: Setting CVar [[r.SSR.HalfResSceneColor:0]]
[2021.01.22-00.03.19:319][  0]LogConfig: Setting CVar [[r.SceneColorFormat:4]]
[2021.01.22-00.03.19:319][  0]LogConfig: Setting CVar [[r.DetailMode:2]]
[2021.01.22-00.03.19:319][  0]LogConfig: Setting CVar [[r.TranslucencyVolumeBlur:1]]
[2021.01.22-00.03.19:319][  0]LogConfig: Setting CVar [[r.MaterialQualityLevel:1 ; High quality]]
[2021.01.22-00.03.19:319][  0]LogConfig: Setting CVar [[r.SSS.Scale:1]]
[2021.01.22-00.03.19:319][  0]LogConfig: Setting CVar [[r.SSS.SampleSet:2]]
[2021.01.22-00.03.19:319][  0]LogConfig: Setting CVar [[r.SSS.Quality:1]]
[2021.01.22-00.03.19:319][  0]LogConfig: Setting CVar [[r.SSS.HalfRes:0]]
[2021.01.22-00.03.19:319][  0]LogConfig: Setting CVar [[r.SSGI.Quality:3]]
[2021.01.22-00.03.19:319][  0]LogConfig: Setting CVar [[r.EmitterSpawnRateScale:1.0]]
[2021.01.22-00.03.19:319][  0]LogConfig: Setting CVar [[r.ParticleLightQuality:2]]
[2021.01.22-00.03.19:319][  0]LogConfig: Setting CVar [[r.SkyAtmosphere.AerialPerspectiveLUT.FastApplyOnOpaque:1 ; Always have FastSkyLUT 1 in this case to avoid wrong sky]]
[2021.01.22-00.03.19:319][  0]LogConfig: Setting CVar [[r.SkyAtmosphere.AerialPerspectiveLUT.SampleCountPerSlice:1]]
[2021.01.22-00.03.19:319][  0]LogConfig: Setting CVar [[r.SkyAtmosphere.AerialPerspectiveLUT.DepthResolution:16.0]]
[2021.01.22-00.03.19:319][  0]LogConfig: Setting CVar [[r.SkyAtmosphere.FastSkyLUT:1]]
[2021.01.22-00.03.19:319][  0]LogConfig: Setting CVar [[r.SkyAtmosphere.FastSkyLUT.SampleCountMin:4.0]]
[2021.01.22-00.03.19:319][  0]LogConfig: Setting CVar [[r.SkyAtmosphere.FastSkyLUT.SampleCountMax:32.0]]
[2021.01.22-00.03.19:319][  0]LogConfig: Setting CVar [[r.SkyAtmosphere.SampleCountMin:4.0]]
[2021.01.22-00.03.19:319][  0]LogConfig: Setting CVar [[r.SkyAtmosphere.SampleCountMax:32.0]]
[2021.01.22-00.03.19:319][  0]LogConfig: Setting CVar [[r.SkyAtmosphere.TransmittanceLUT.UseSmallFormat:0]]
[2021.01.22-00.03.19:319][  0]LogConfig: Setting CVar [[r.SkyAtmosphere.TransmittanceLUT.SampleCount:10.0]]
[2021.01.22-00.03.19:319][  0]LogConfig: Setting CVar [[r.SkyAtmosphere.MultiScatteringLUT.SampleCount:15.0]]
[2021.01.22-00.03.19:320][  0]LogConfig: Applying CVar settings from Section [FoliageQuality@3] File [F:/UNREAL ENGINE PROJECTS/StealthGame_ProjectBase_4.25/Stealth_Game_UE/StealthGame/Saved/Config/Windows/Scalability.ini]
[2021.01.22-00.03.19:320][  0]LogConfig: Setting CVar [[foliage.DensityScale:1.0]]
[2021.01.22-00.03.19:320][  0]LogConfig: Setting CVar [[grass.DensityScale:1.0]]
[2021.01.22-00.03.19:320][  0]LogConfig: Applying CVar settings from Section [ShadingQuality@3] File [F:/UNREAL ENGINE PROJECTS/StealthGame_ProjectBase_4.25/Stealth_Game_UE/StealthGame/Saved/Config/Windows/Scalability.ini]
[2021.01.22-00.03.19:320][  0]LogConfig: Setting CVar [[r.HairStrands.SkyLighting.SampleCount:16]]
[2021.01.22-00.03.19:320][  0]LogConfig: Setting CVar [[r.HairStrands.SkyLighting.JitterIntegration:0]]
[2021.01.22-00.03.19:320][  0]LogConfig: Setting CVar [[r.HairStrands.SkyAO.SampleCount:16]]
[2021.01.22-00.03.19:320][  0]LogConfig: Setting CVar [[r.HairStrands.DeepShadow.SuperSampling:0]]
[2021.01.22-00.03.19:320][  0]LogConfig: Setting CVar [[r.HairStrands.VisibilityPPLL:0]]
[2021.01.22-00.03.19:320][  0]LogConfig: Setting CVar [[r.HairStrands.RasterizationScale:0.5]]
[2021.01.22-00.03.19:320][  0]LogConfig: Setting CVar [[r.HairStrands.VelocityRasterizationScale:1]]
[2021.01.22-00.03.19:320][  0]LogConfig: Applying CVar settings from Section [Startup] File [../../../Engine/Config/ConsoleVariables.ini]
[2021.01.22-00.03.19:320][  0]LogConfig: Setting CVar [[net.UseAdaptiveNetUpdateFrequency:0]]
[2021.01.22-00.03.19:320][  0]LogConfig: Setting CVar [[p.chaos.AllowCreatePhysxBodies:1]]
[2021.01.22-00.03.19:320][  0]LogConfig: Setting CVar [[fx.SkipVectorVMBackendOptimizations:1]]
[2021.01.22-00.03.19:321][  0]LogConfig: Applying CVar settings from Section [ConsoleVariables] File [F:/UNREAL ENGINE PROJECTS/StealthGame_ProjectBase_4.25/Stealth_Game_UE/StealthGame/Saved/Config/Windows/Engine.ini]
[2021.01.22-00.03.19:321][  0]LogInit: Computer: DESKTOP-F95APMH
[2021.01.22-00.03.19:321][  0]LogInit: User: Vanilla
[2021.01.22-00.03.19:321][  0]LogInit: CPU Page size=4096, Cores=8
[2021.01.22-00.03.19:321][  0]LogInit: High frequency timer resolution =10.000000 MHz
[2021.01.22-00.03.19:321][  0]LogMemory: Memory total: Physical=31.9GB (32GB approx)
[2021.01.22-00.03.19:321][  0]LogMemory: Platform Memory Stats for Windows
[2021.01.22-00.03.19:321][  0]LogMemory: Process Physical Memory: 117.95 MB used, 117.95 MB peak
[2021.01.22-00.03.19:321][  0]LogMemory: Process Virtual Memory: 106.27 MB used, 106.27 MB peak
[2021.01.22-00.03.19:321][  0]LogMemory: Physical Memory: 16317.12 MB used,  16377.32 MB free, 32694.45 MB total
[2021.01.22-00.03.19:321][  0]LogMemory: Virtual Memory: 5194.88 MB used,  134212536.00 MB free, 134217728.00 MB total
[2021.01.22-00.03.19:331][  0]LogWindows: WindowsPlatformFeatures enabled
[2021.01.22-00.03.19:524][  0]LogInit: Physics initialised using underlying interface: PhysX
[2021.01.22-00.03.19:525][  0]LogInit: Using OS detected language (en-US).
[2021.01.22-00.03.19:525][  0]LogInit: Using OS detected locale (en-CA).
[2021.01.22-00.03.19:528][  0]LogTextLocalizationManager: No specific localization for 'en-US' exists, so the 'en' localization will be used.
[2021.01.22-00.03.19:699][  0]LogInit: Setting process to per monitor DPI aware
[2021.01.22-00.03.19:755][  0]LogSlate: New Slate User Created.  User Index 0, Is Virtual User: 0
[2021.01.22-00.03.19:756][  0]LogSlate: Slate User Registered.  User Index 0, Is Virtual User: 0
[2021.01.22-00.03.20:002][  0]LogHMD: Failed to initialize OpenVR with code 110
[2021.01.22-00.03.20:002][  0]LogD3D11RHI: D3D11 min allowed feature level: 11_0
[2021.01.22-00.03.20:002][  0]LogD3D11RHI: D3D11 max allowed feature level: 11_0
[2021.01.22-00.03.20:002][  0]LogD3D11RHI: D3D11 adapters:
[2021.01.22-00.03.20:138][  0]LogD3D11RHI:    0. 'NVIDIA GeForce RTX 2070' (Feature Level 11_0)
[2021.01.22-00.03.20:138][  0]LogD3D11RHI:       8031/0/16347 MB DedicatedVideo/DedicatedSystem/SharedSystem, Outputs:2, VendorId:0x10de
[2021.01.22-00.03.20:143][  0]LogD3D11RHI:    1. 'Microsoft Basic Render Driver' (Feature Level 11_0)
[2021.01.22-00.03.20:143][  0]LogD3D11RHI:       0/0/16347 MB DedicatedVideo/DedicatedSystem/SharedSystem, Outputs:0, VendorId:0x1414
[2021.01.22-00.03.20:143][  0]LogD3D11RHI: Chosen D3D11 Adapter: 0
[2021.01.22-00.03.20:152][  0]LogD3D11RHI: Creating new Direct3DDevice
[2021.01.22-00.03.20:152][  0]LogD3D11RHI:     GPU DeviceId: 0x1f02 (for the marketing name, search the web for "GPU Device Id")
[2021.01.22-00.03.20:152][  0]LogWindows: EnumDisplayDevices:
[2021.01.22-00.03.20:153][  0]LogWindows:    0. 'NVIDIA GeForce RTX 2070' (P:1 D:1)
[2021.01.22-00.03.20:153][  0]LogWindows:    1. 'NVIDIA GeForce RTX 2070' (P:0 D:1)
[2021.01.22-00.03.20:153][  0]LogWindows:    2. 'NVIDIA GeForce RTX 2070' (P:0 D:0)
[2021.01.22-00.03.20:153][  0]LogWindows:    3. 'NVIDIA GeForce RTX 2070' (P:0 D:0)
[2021.01.22-00.03.20:153][  0]LogWindows: DebugString: FoundDriverCount:4 
[2021.01.22-00.03.20:154][  0]LogD3D11RHI:     Adapter Name: NVIDIA GeForce RTX 2070
[2021.01.22-00.03.20:154][  0]LogD3D11RHI:   Driver Version: 461.09 (internal:27.21.14.6109, unified:461.09)
[2021.01.22-00.03.20:154][  0]LogD3D11RHI:      Driver Date: 12-31-2020
[2021.01.22-00.03.20:154][  0]LogRHI: Texture pool is 5621 MB (70% of 8031 MB)
[2021.01.22-00.03.20:264][  0]LogD3D11RHI: RHI has support for 64 bit atomics
[2021.01.22-00.03.20:264][  0]LogD3D11RHI: Async texture creation enabled
[2021.01.22-00.03.20:265][  0]LogD3D11RHI: Array index from any shader is supported
[2021.01.22-00.03.20:286][  0]LogD3D11RHI: GPU Timing Frequency: 1000.000000 (Debug: 2 1)
[2021.01.22-00.03.20:593][  0]LogTargetPlatformManager: Display: Loaded TargetPlatform 'AllDesktop'
[2021.01.22-00.03.20:618][  0]LogTargetPlatformManager: Display: Loaded TargetPlatform 'Android'
[2021.01.22-00.03.20:618][  0]LogTargetPlatformManager: Display: Loaded TargetPlatform 'Android_ASTC'
[2021.01.22-00.03.20:618][  0]LogTargetPlatformManager: Display: Loaded TargetPlatform 'Android_DXT'
[2021.01.22-00.03.20:619][  0]LogTargetPlatformManager: Display: Loaded TargetPlatform 'Android_ETC2'
[2021.01.22-00.03.20:619][  0]LogTargetPlatformManager: Display: Loaded TargetPlatform 'AndroidClient'
[2021.01.22-00.03.20:619][  0]LogTargetPlatformManager: Display: Loaded TargetPlatform 'Android_ASTCClient'
[2021.01.22-00.03.20:619][  0]LogTargetPlatformManager: Display: Loaded TargetPlatform 'Android_DXTClient'
[2021.01.22-00.03.20:619][  0]LogTargetPlatformManager: Display: Loaded TargetPlatform 'Android_ETC2Client'
[2021.01.22-00.03.20:619][  0]LogTargetPlatformManager: Display: Loaded TargetPlatform 'Android_Multi'
[2021.01.22-00.03.20:619][  0]LogTargetPlatformManager: Display: Loaded TargetPlatform 'Android_MultiClient'
[2021.01.22-00.03.20:650][  0]LogTargetPlatformManager: Display: Loaded TargetPlatform 'IOSClient'
[2021.01.22-00.03.20:650][  0]LogTargetPlatformManager: Display: Loaded TargetPlatform 'IOS'
[2021.01.22-00.03.20:662][  0]LogTargetPlatformManager: Display: Loaded TargetPlatform 'Linux'
[2021.01.22-00.03.20:674][  0]LogTargetPlatformManager: Display: Loaded TargetPlatform 'LinuxNoEditor'
[2021.01.22-00.03.20:685][  0]LogTargetPlatformManager: Display: Loaded TargetPlatform 'LinuxClient'
[2021.01.22-00.03.20:696][  0]LogTargetPlatformManager: Display: Loaded TargetPlatform 'LinuxServer'
[2021.01.22-00.03.20:707][  0]LogTargetPlatformManager: Display: Loaded TargetPlatform 'LinuxAArch64NoEditor'
[2021.01.22-00.03.20:718][  0]LogTargetPlatformManager: Display: Loaded TargetPlatform 'LinuxAArch64Client'
[2021.01.22-00.03.20:730][  0]LogTargetPlatformManager: Display: Loaded TargetPlatform 'LinuxAArch64Server'
[2021.01.22-00.03.20:759][  0]LogTargetPlatformManager: Display: Loaded TargetPlatform 'Lumin'
[2021.01.22-00.03.20:760][  0]LogTargetPlatformManager: Display: Loaded TargetPlatform 'LuminClient'
[2021.01.22-00.03.20:778][  0]LogTargetPlatformManager: Display: Loaded TargetPlatform 'TVOSClient'
[2021.01.22-00.03.20:778][  0]LogTargetPlatformManager: Display: Loaded TargetPlatform 'TVOS'
[2021.01.22-00.03.20:789][  0]LogTargetPlatformManager: Display: Loaded TargetPlatform 'WindowsNoEditor'
[2021.01.22-00.03.20:801][  0]LogTargetPlatformManager: Display: Loaded TargetPlatform 'Windows'
[2021.01.22-00.03.20:813][  0]LogTargetPlatformManager: Display: Loaded TargetPlatform 'WindowsClient'
[2021.01.22-00.03.20:825][  0]LogTargetPlatformManager: Display: Loaded TargetPlatform 'WindowsServer'
[2021.01.22-00.03.20:825][  0]LogTargetPlatformManager: Display: Building Assets For Windows
[2021.01.22-00.03.20:842][  0]LogAudioDebug: Display: Lib vorbis DLL was dynamically loaded.
[2021.01.22-00.03.20:939][  0]LogShaderCompilers: Guid format shader working directory is -47 characters bigger than the processId version (../../../../../UNREAL ENGINE PROJECTS/StealthGame_ProjectBase_4.25/Stealth_Game_UE/StealthGame/Intermediate/Shaders/WorkingDirectory/20972/).
[2021.01.22-00.03.20:939][  0]LogShaderCompilers: Cleaned the shader compiler working directory 'C:/Users/Vanilla/AppData/Local/Temp/UnrealShaderWorkingDir/B75A783D45291547A8D40694AD2A435D/'.
[2021.01.22-00.03.20:940][  0]LogXGEController: Cleaning working directory: C:/Users/Vanilla/AppData/Local/Temp/UnrealXGEWorkingDir/
[2021.01.22-00.03.20:940][  0]LogXGEController: Cannot use XGE Controller as Incredibuild is not installed on this machine.
[2021.01.22-00.03.20:940][  0]LogShaderCompilers: Cannot use XGE Shader Compiler as Incredibuild is not installed on this machine.
[2021.01.22-00.03.20:940][  0]LogShaderCompilers: Display: Using Local Shader Compiler.
[2021.01.22-00.03.21:700][  0]LogDerivedDataCache: Display: Max Cache Size: 512 MB
[2021.01.22-00.03.21:743][  0]LogDerivedDataCache: Loaded boot cache 0.04s 77MB C:/Users/Vanilla/AppData/Local/UnrealEngine/4.25/DerivedDataCache/Boot.ddc.
[2021.01.22-00.03.21:743][  0]LogDerivedDataCache: Display: Loaded Boot cache: C:/Users/Vanilla/AppData/Local/UnrealEngine/4.25/DerivedDataCache/Boot.ddc
[2021.01.22-00.03.21:743][  0]LogDerivedDataCache: FDerivedDataBackendGraph:  Pak pak cache file ../../../../../UNREAL ENGINE PROJECTS/StealthGame_ProjectBase_4.25/Stealth_Game_UE/StealthGame/DerivedDataCache/DDC.ddp not found, will not use a pak cache.
[2021.01.22-00.03.21:743][  0]LogDerivedDataCache: Unable to find inner node Pak for hierarchical cache Hierarchy.
[2021.01.22-00.03.21:743][  0]LogDerivedDataCache: FDerivedDataBackendGraph:  CompressedPak pak cache file ../../../../../UNREAL ENGINE PROJECTS/StealthGame_ProjectBase_4.25/Stealth_Game_UE/StealthGame/DerivedDataCache/Compressed.ddp not found, will not use a pak cache.
[2021.01.22-00.03.21:743][  0]LogDerivedDataCache: Unable to find inner node CompressedPak for hierarchical cache Hierarchy.
[2021.01.22-00.03.21:754][  0]LogDerivedDataCache: Display: Pak cache opened for reading ../../../Engine/DerivedDataCache/Compressed.ddp.
[2021.01.22-00.03.21:754][  0]LogDerivedDataCache: FDerivedDataBackendGraph:  EnterprisePak pak cache file ../../../Enterprise/DerivedDataCache/Compressed.ddp not found, will not use a pak cache.
[2021.01.22-00.03.21:754][  0]LogDerivedDataCache: Unable to find inner node EnterprisePak for hierarchical cache Hierarchy.
[2021.01.22-00.03.21:756][  0]LogDerivedDataCache: Using Local data cache path C:/Users/Vanilla/AppData/Local/UnrealEngine/Common/DerivedDataCache: Writable
[2021.01.22-00.03.21:756][  0]LogDerivedDataCache: Shared data cache path not found in *engine.ini, will not use an Shared cache.
[2021.01.22-00.03.21:756][  0]LogDerivedDataCache: Unable to find inner node Shared for hierarchical cache Hierarchy.
[2021.01.22-00.03.21:806][  0]LogSlate: Using FreeType 2.10.0
[2021.01.22-00.03.21:807][  0]LogSlate: SlateFontServices - WITH_FREETYPE: 1, WITH_HARFBUZZ: 1
[2021.01.22-00.03.21:834][  0]LogAssetRegistry: FAssetRegistry took 0.0050 seconds to start up
[2021.01.22-00.03.22:064][  0]LogInit: Selected Device Profile: [Windows]
[2021.01.22-00.03.22:191][  0]LogMeshReduction: Using QuadricMeshReduction for automatic static mesh reduction
[2021.01.22-00.03.22:191][  0]LogMeshReduction: Using SimplygonMeshReduction for automatic skeletal mesh reduction
[2021.01.22-00.03.22:191][  0]LogMeshReduction: Using ProxyLODMeshReduction for automatic mesh merging
[2021.01.22-00.03.22:191][  0]LogMeshReduction: No distributed automatic mesh merging module available
[2021.01.22-00.03.22:191][  0]LogMeshMerging: No distributed automatic mesh merging module available
[2021.01.22-00.03.22:209][  0]LogNetVersion: FPSGame 1.0.0, NetCL: 13144385, EngineNetVer: 14, GameNetVer: 0 (Checksum: 1304077534)
[2021.01.22-00.03.22:604][  0]LogAISub: UAISubsystem::UAISubsystem AISubsystem (0000023AB55282C0), frame # 0
[2021.01.22-00.03.22:604][  0]LogAISub: UAISubsystem::UAISubsystem AIPerceptionSystem (0000023AB547CA40), frame # 0
[2021.01.22-00.03.22:605][  0]LogAISub: UAISubsystem::UAISubsystem EnvQueryManager (0000023AB54A5E00), frame # 0
[2021.01.22-00.03.22:667][  0]LogPackageLocalizationCache: Processed 19 localized package path(s) for 1 prioritized culture(s) in 0.055566 seconds
[2021.01.22-00.03.22:673][  0]LogUObjectArray: 15917 objects as part of root set at end of initial load.
[2021.01.22-00.03.22:673][  0]LogUObjectAllocator: 3965568 out of 0 bytes used by permanent object pool.
[2021.01.22-00.03.22:673][  0]LogUObjectArray: CloseDisregardForGC: 0/0 objects in disregard for GC pool
[2021.01.22-00.03.23:154][  0]LogTcpMessaging: Initializing TcpMessaging bridge
[2021.01.22-00.03.23:161][  0]LogUdpMessaging: Initializing bridge on interface 0.0.0.0:0 to multicast group 230.0.0.1:6666.
[2021.01.22-00.03.23:435][  0]SourceControl: Source control is disabled
[2021.01.22-00.03.23:435][  0]SourceControl: Source control is disabled
[2021.01.22-00.03.23:441][  0]SourceControl: Source control is disabled
[2021.01.22-00.03.23:446][  0]SourceControl: Source control is disabled
[2021.01.22-00.03.23:457][  0]SourceControl: Source control is disabled
[2021.01.22-00.03.23:823][  0]LogAndroidPermission: UAndroidPermissionCallbackProxy::GetInstance
[2021.01.22-00.03.23:854][  0]LogAudioCaptureCore: Display: No Audio Capture implementations found. Audio input will be silent.
[2021.01.22-00.03.23:854][  0]LogAudioCaptureCore: Display: No Audio Capture implementations found. Audio input will be silent.
[2021.01.22-00.03.23:921][  0]LogOcInput: OculusInput pre-init called
[2021.01.22-00.03.23:937][  0]LogWindows: Failed to load 'OVRPlugin.dll' (GetLastError=126)
[2021.01.22-00.03.23:937][  0]LogWindows: File 'OVRPlugin.dll' does not exist
[2021.01.22-00.03.24:016][  0]LogEngine: Initializing Engine...
[2021.01.22-00.03.24:017][  0]LogHMD: Failed to initialize OpenVR with code 110
[2021.01.22-00.03.24:017][  0]LogMagicLeap: Warning: VR disabled because ZI is not enabled.  To enable, in the editor, Edit -> Project Settings -> Plugins -> Magic Leap Plugin -> Enable Zero Iteration
[2021.01.22-00.03.24:018][  0]LogStats: UGameplayTagsManager::InitializeManager -  0.000 s
[2021.01.22-00.03.24:124][  0]LogInit: Initializing FReadOnlyCVARCache
[2021.01.22-00.03.24:133][  0]LogAIModule: Creating AISystem for world Untitled
[2021.01.22-00.03.24:133][  0]LogAISub: UAISubsystem::UAISubsystem EnvQueryManager (0000023ABB0D2000), frame # 0
[2021.01.22-00.03.24:133][  0]LogAISub: UAISubsystem::UAISubsystem AIPerceptionSystem (0000023ABB0FDBC0), frame # 0
[2021.01.22-00.03.24:147][  0]LogAudioMixer: Display: Audio Mixer Platform Settings:
[2021.01.22-00.03.24:147][  0]LogAudioMixer: Display: 	Sample Rate:						  48000
[2021.01.22-00.03.24:147][  0]LogAudioMixer: Display: 	Callback Buffer Frame Size Requested: 1024
[2021.01.22-00.03.24:147][  0]LogAudioMixer: Display: 	Callback Buffer Frame Size To Use:	  1024
[2021.01.22-00.03.24:147][  0]LogAudioMixer: Display: 	Number of buffers to queue:			  2
[2021.01.22-00.03.24:147][  0]LogAudioMixer: Display: 	Max Channels (voices):				  32
[2021.01.22-00.03.24:147][  0]LogAudioMixer: Display: 	Number of Async Source Workers:		  0
[2021.01.22-00.03.24:147][  0]LogAudio: Display: AudioDevice MaxSources: 32
[2021.01.22-00.03.24:148][  0]LogAudio: Display: Using built-in audio occlusion.
[2021.01.22-00.03.24:148][  0]LogAudioMixer: Display: Initializing audio mixer.
[2021.01.22-00.03.24:171][  0]LogAudioMixer: Display: 0: FrontLeft
[2021.01.22-00.03.24:171][  0]LogAudioMixer: Display: 1: FrontRight
[2021.01.22-00.03.24:171][  0]LogAudioMixer: Display: 2: FrontCenter
[2021.01.22-00.03.24:171][  0]LogAudioMixer: Display: 3: LowFrequency
[2021.01.22-00.03.24:172][  0]LogAudioMixer: Display: 4: BackLeft
[2021.01.22-00.03.24:172][  0]LogAudioMixer: Display: 5: BackRight
[2021.01.22-00.03.24:172][  0]LogAudioMixer: Display: 6: SideLeft
[2021.01.22-00.03.24:172][  0]LogAudioMixer: Display: 7: SideRight
[2021.01.22-00.03.24:370][  0]LogAudioMixer: Display: Using Audio Device Headset Earphone (CORSAIR VOID ELITE USB Gaming Headset)
[2021.01.22-00.03.24:373][  0]LogAudioMixer: Display: Initializing Sound Submixes...
[2021.01.22-00.03.24:375][  0]LogAudioMixer: Display: Creating Master Submix 'MasterSubmixDefault'
[2021.01.22-00.03.24:376][  0]LogAudioMixer: Display: Creating Master Submix 'MasterReverbSubmixDefault'
[2021.01.22-00.03.24:376][  0]LogAudioMixer: Display: Creating Master Submix 'MasterEQSubmixDefault'
[2021.01.22-00.03.24:378][  0]LogInit: FAudioDevice initialized.
[2021.01.22-00.03.24:379][  0]LogNetVersion: Set ProjectVersion to 1.0.0.0. Version Checksum will be recalculated on next use.
[2021.01.22-00.03.24:489][  0]LogDerivedDataCache: Saved boot cache 0.11s 77MB C:/Users/Vanilla/AppData/Local/UnrealEngine/4.25/DerivedDataCache/Boot.ddc.
[2021.01.22-00.03.24:494][  0]LogInit: Texture streaming: Enabled
[2021.01.22-00.03.24:521][  0]LogEngineSessionManager: EngineSessionManager initialized
[2021.01.22-00.03.24:521][  0]LogEngineSessionManager: EngineSessionManager sent abnormal shutdown report. Type=Debugger, SessionId={F8F0FD2E-4199-D324-EE27-D2B44B5F8C83}
[2021.01.22-00.03.24:521][  0]LogEditorSessionSummary: Verbose: Initializing EditorSessionSummaryWriter for editor session tracking
[2021.01.22-00.03.24:522][  0]LogEditorSessionSummary: EditorSessionSummaryWriter initialized
[2021.01.22-00.03.24:588][  0]LogInit: Transaction tracking system initialized
[2021.01.22-00.03.24:622][  0]BlueprintLog: New page: Editor Load
[2021.01.22-00.03.24:726][  0]LocalizationService: Localization service is disabled
[2021.01.22-00.03.24:910][  0]LogCook: Display: Max memory allowance for cook 16384mb min free memory 0mb
[2021.01.22-00.03.24:911][  0]LogCook: Display: Mobile HDR setting 1
[2021.01.22-00.03.25:104][  0]LogFileCache: Scanning file cache for directory 'F:/UNREAL ENGINE PROJECTS/StealthGame_ProjectBase_4.25/Stealth_Game_UE/StealthGame/Content/' took 0.01s
[2021.01.22-00.03.25:285][  0]SourceControl: Source control is disabled
[2021.01.22-00.03.25:285][  0]LogUnrealEdMisc: Loading editor; pre map load, took 8.440
[2021.01.22-00.03.25:285][  0]Cmd: MAP LOAD FILE="../../../../../UNREAL ENGINE PROJECTS/StealthGame_ProjectBase_4.25/Stealth_Game_UE/StealthGame/Content/Maps/FirstPersonExampleMap.umap" TEMPLATE=0 SHOWPROGRESS=1 FEATURELEVEL=3
[2021.01.22-00.03.25:285][  0]LightingResults: New page: Lighting Build
[2021.01.22-00.03.25:286][  0]LogWorld: UWorld::CleanupWorld for Untitled, bSessionEnded=true, bCleanupResources=true
[2021.01.22-00.03.25:286][  0]LogSlate: InvalidateAllWidgets triggered.  All widgets were invalidated
[2021.01.22-00.03.25:286][  0]MapCheck: New page: Map Check
[2021.01.22-00.03.25:286][  0]LightingResults: New page: Lighting Build
[2021.01.22-00.03.25:321][  0]LogAISub: UAISubsystem::~UAISubsystem EnvQueryManager (0000023ABB0D2000), frame # 0
[2021.01.22-00.03.25:321][  0]LogAISub: UAISubsystem::~UAISubsystem AIPerceptionSystem (0000023ABB0FDBC0), frame # 0
[2021.01.22-00.03.25:322][  0]LogUObjectHash: Compacting FUObjectHashTables data took   0.77ms
[2021.01.22-00.03.25:444][  0]LogAIModule: Creating AISystem for world FirstPersonExampleMap
[2021.01.22-00.03.25:445][  0]LogAISub: UAISubsystem::UAISubsystem EnvQueryManager (0000023AA7EBFE00), frame # 0
[2021.01.22-00.03.25:445][  0]LogAISub: UAISubsystem::UAISubsystem AIPerceptionSystem (0000023AA7F29080), frame # 0
[2021.01.22-00.03.25:457][  0]LogEditorServer: Finished looking for orphan Actors (0.000 secs)
[2021.01.22-00.03.25:487][  0]LogUObjectHash: Compacting FUObjectHashTables data took   0.80ms
[2021.01.22-00.03.25:488][  0]Cmd: MAP CHECKDEP NOCLEARLOG
[2021.01.22-00.03.25:488][  0]MapCheck: Map check complete: 0 Error(s), 0 Warning(s), took 0.125ms to complete.
[2021.01.22-00.03.25:488][  0]LogFileHelpers: Loading map 'FirstPersonExampleMap' took 0.203
[2021.01.22-00.03.25:490][  0]LogUnrealEdMisc: Total Editor Startup Time, took 8.646
[2021.01.22-00.03.25:646][  0]LogSlate: Updating window title bar state: overlay mode, drag disabled, window buttons hidden, title bar hidden
[2021.01.22-00.03.25:654][  0]LogSlate: Updating window title bar state: overlay mode, drag disabled, window buttons hidden, title bar hidden
[2021.01.22-00.03.25:661][  0]LogSlate: Updating window title bar state: overlay mode, drag disabled, window buttons hidden, title bar hidden
[2021.01.22-00.03.25:670][  0]LogSlate: Updating window title bar state: overlay mode, drag disabled, window buttons hidden, title bar hidden
[2021.01.22-00.03.25:679][  0]LogCollectionManager: Loaded 0 collections in 0.000990 seconds
[2021.01.22-00.03.25:700][  0]LogFileCache: Scanning file cache for directory 'F:/UNREAL ENGINE PROJECTS/StealthGame_ProjectBase_4.25/Stealth_Game_UE/StealthGame/Saved/Collections/' took 0.00s
[2021.01.22-00.03.25:700][  0]LogFileCache: Scanning file cache for directory 'F:/UNREAL ENGINE PROJECTS/StealthGame_ProjectBase_4.25/Stealth_Game_UE/StealthGame/Content/Developers/Vanilla/Collections/' took 0.00s
[2021.01.22-00.03.25:700][  0]LogFileCache: Scanning file cache for directory 'F:/UNREAL ENGINE PROJECTS/StealthGame_ProjectBase_4.25/Stealth_Game_UE/StealthGame/Content/Collections/' took 0.00s
[2021.01.22-00.03.25:700][  0]LogContentBrowser: Native class hierarchy populated in 0.0105 seconds. Added 3435 classes and 824 folders.
[2021.01.22-00.03.25:705][  0]LogContentBrowser: Native class hierarchy updated for 'WidgetCarousel' in 0.0005 seconds. Added 0 classes and 0 folders.
[2021.01.22-00.03.25:790][  0]LogContentBrowser: Native class hierarchy updated for 'AddContentDialog' in 0.0005 seconds. Added 0 classes and 0 folders.
[2021.01.22-00.03.25:795][  0]LogContentBrowser: Native class hierarchy updated for 'SceneOutliner' in 0.0007 seconds. Added 2 classes and 0 folders.
[2021.01.22-00.03.25:890][  0]LogSlate: Took 0.000265 seconds to synchronously load lazily loaded font '../../../Engine/Content/Slate/Fonts/Roboto-Regular.ttf' (155K)
[2021.01.22-00.03.25:892][  0]LogSlate: Took 0.000254 seconds to synchronously load lazily loaded font '../../../Engine/Content/Slate/Fonts/Roboto-Bold.ttf' (160K)
[2021.01.22-00.03.25:897][  0]LogSlate: Took 0.000227 seconds to synchronously load lazily loaded font '../../../Engine/Content/Editor/Slate/Fonts/FontAwesome.ttf' (139K)
[2021.01.22-00.03.25:961][  0]LogRenderer: Reallocating scene render targets to support 1212x512 Format 10 NumSamples 1 (Frame:1).
[2021.01.22-00.03.27:449][  0]LogContentBrowser: Native class hierarchy updated for 'HierarchicalLODOutliner' in 0.0005 seconds. Added 0 classes and 0 folders.
[2021.01.22-00.03.27:449][  0]LogLoad: (Engine Initialization) Total time: 10.61 seconds
[2021.01.22-00.03.27:449][  0]LogLoad: (Engine Initialization) Total Blueprint compile time: 0.00 seconds
[2021.01.22-00.03.27:486][  0]LogAssetRegistry: Asset discovery search completed in 5.6552 seconds
[2021.01.22-00.03.27:489][  0]LogCollectionManager: Fixed up redirectors for 0 collections in 0.000002 seconds (updated 0 objects)
[2021.01.22-00.03.27:490][  0]LogContentStreaming: Texture pool size now 1000 MB
[2021.01.22-00.03.27:527][  0]LogSlate: Took 0.000158 seconds to synchronously load lazily loaded font '../../../Engine/Content/Slate/Fonts/Roboto-Light.ttf' (167K)
[2021.01.22-00.03.51:212][230]LogSlate: Took 0.000210 seconds to synchronously load lazily loaded font '../../../Engine/Content/Slate/Fonts/Roboto-Light.ttf' (167K)
[2021.01.22-00.03.51:274][230]LogAssetEditorSubsystem: Opening Asset editor for WidgetBlueprint /Game/UI/WBP_ObjectiveInfo.WBP_ObjectiveInfo
[2021.01.22-00.03.51:513][230]LogContentBrowser: Native class hierarchy updated for 'BlueprintGraph' in 0.0008 seconds. Added 125 classes and 0 folders.
[2021.01.22-00.03.53:484][230]LogSlate: Took 0.000258 seconds to synchronously load lazily loaded font '../../../Engine/Content/Slate/Fonts/Roboto-BoldCondensed.ttf' (158K)
[2021.01.22-00.04.10:404][346]LogSlate: Window 'WBP_ObjectiveInfo' being destroyed
[2021.01.22-00.04.17:787][ 68]LogSlate: Took 0.000252 seconds to synchronously load lazily loaded font '../../../Engine/Content/Slate/Fonts/Roboto-Italic.ttf' (157K)
[2021.01.22-00.04.18:695][166]BlueprintLog: New page: Compile WBP_ObjectiveInfo
[2021.01.22-00.04.18:756][166]LogUObjectHash: Compacting FUObjectHashTables data took   3.57ms
[2021.01.22-00.04.18:824][166]LogSavePackage: Moving '../../../../../UNREAL ENGINE PROJECTS/StealthGame_ProjectBase_4.25/Stealth_Game_UE/StealthGame/Saved/WBP_ObjectiveInfo951525F640AC0CBDF414678EAEB79127.tmp' to '../../../../../UNREAL ENGINE PROJECTS/StealthGame_ProjectBase_4.25/Stealth_Game_UE/StealthGame/Content/UI/WBP_ObjectiveInfo.uasset'
[2021.01.22-00.04.18:840][166]AssetCheck: New page: Asset Save: WBP_ObjectiveInfo
[2021.01.22-00.04.18:840][166]LogContentValidation: Display: Validating WidgetBlueprint /Game/UI/WBP_ObjectiveInfo.WBP_ObjectiveInfo
[2021.01.22-00.04.18:868][166]LogSlate: Took 0.000209 seconds to synchronously load lazily loaded font '../../../Engine/Content/Slate/Fonts/DroidSansMono.ttf' (77K)
[2021.01.22-00.04.28:354][790]LogWorld: UWorld::CleanupWorld for World_5, bSessionEnded=true, bCleanupResources=true
[2021.01.22-00.04.28:354][790]LogSlate: InvalidateAllWidgets triggered.  All widgets were invalidated
[2021.01.22-00.04.28:373][790]LogWorld: UWorld::CleanupWorld for World_4, bSessionEnded=true, bCleanupResources=true
[2021.01.22-00.04.28:373][790]LogSlate: InvalidateAllWidgets triggered.  All widgets were invalidated
[2021.01.22-00.04.29:626][911]LogAssetEditorSubsystem: Opening Asset editor for WidgetBlueprint /Game/UI/WBP_GameOver.WBP_GameOver
[2021.01.22-00.04.31:762][ 96]LogSlate: Window 'WBP_GameOver' being destroyed
[2021.01.22-00.04.43:215][591]LogWorld: UWorld::CleanupWorld for World_7, bSessionEnded=true, bCleanupResources=true
[2021.01.22-00.04.43:215][591]LogSlate: InvalidateAllWidgets triggered.  All widgets were invalidated
[2021.01.22-00.04.43:235][591]LogWorld: UWorld::CleanupWorld for World_6, bSessionEnded=true, bCleanupResources=true
[2021.01.22-00.04.43:235][591]LogSlate: InvalidateAllWidgets triggered.  All widgets were invalidated
[2021.01.22-00.04.55:039][422]LogAssetEditorSubsystem: Opening Asset editor for Blueprint /Game/Blueprints/BP_GameMode.BP_GameMode
[2021.01.22-00.04.57:804][518]LogSlate: Window 'BP_GameMode' being destroyed
[2021.01.22-00.05.22:718][851]LogAssetEditorSubsystem: Opening Asset editor for WidgetBlueprint /Game/UI/WBP_GameOver.WBP_GameOver
[2021.01.22-00.06.22:961][324]LogBlueprint: Warning: [Compiler WBP_GameOver] Variable bMissionSuccess is marked as 'Expose on Spawn' but not marked as 'Editable'; please make it 'Editable'
[2021.01.22-00.06.36:934][937]BlueprintLog: New page: Compile WBP_GameOver
[2021.01.22-00.06.37:028][937]LogUObjectHash: Compacting FUObjectHashTables data took   3.33ms
[2021.01.22-00.06.37:080][937]Cmd: OBJ SAVEPACKAGE PACKAGE="/Game/UI/WBP_GameOver" FILE="../../../../../UNREAL ENGINE PROJECTS/StealthGame_ProjectBase_4.25/Stealth_Game_UE/StealthGame/Content/UI/WBP_GameOver.uasset" SILENT=true
[2021.01.22-00.06.37:110][937]LogSavePackage: Moving '../../../../../UNREAL ENGINE PROJECTS/StealthGame_ProjectBase_4.25/Stealth_Game_UE/StealthGame/Saved/WBP_GameOverF6BC4F214C407F02BB947DB1D1692101.tmp' to '../../../../../UNREAL ENGINE PROJECTS/StealthGame_ProjectBase_4.25/Stealth_Game_UE/StealthGame/Content/UI/WBP_GameOver.uasset'
[2021.01.22-00.06.37:123][937]AssetCheck: New page: Asset Save: WBP_GameOver
[2021.01.22-00.06.37:124][937]LogContentValidation: Display: Validating WidgetBlueprint /Game/UI/WBP_GameOver.WBP_GameOver
[2021.01.22-00.06.37:360][961]Cmd: OBJ SAVEPACKAGE PACKAGE="/Game/UI/WBP_GameOver" FILE="../../../../../UNREAL ENGINE PROJECTS/StealthGame_ProjectBase_4.25/Stealth_Game_UE/StealthGame/Content/UI/WBP_GameOver.uasset" SILENT=true
[2021.01.22-00.06.37:373][961]LogSavePackage: Moving '../../../../../UNREAL ENGINE PROJECTS/StealthGame_ProjectBase_4.25/Stealth_Game_UE/StealthGame/Saved/WBP_GameOverB56991E944CBFF336B09FB89BF603816.tmp' to '../../../../../UNREAL ENGINE PROJECTS/StealthGame_ProjectBase_4.25/Stealth_Game_UE/StealthGame/Content/UI/WBP_GameOver.uasset'
[2021.01.22-00.06.37:383][961]AssetCheck: New page: Asset Save: WBP_GameOver
[2021.01.22-00.06.37:383][961]LogContentValidation: Display: Validating WidgetBlueprint /Game/UI/WBP_GameOver.WBP_GameOver
[2021.01.22-00.07.02:484][ 74]BlueprintLog: New page: Compile BP_GameMode
[2021.01.22-00.07.02:537][ 74]LogUObjectHash: Compacting FUObjectHashTables data took   2.77ms
[2021.01.22-00.07.02:616][ 74]LogSavePackage: Moving '../../../../../UNREAL ENGINE PROJECTS/StealthGame_ProjectBase_4.25/Stealth_Game_UE/StealthGame/Saved/BP_GameMode3AF3394F471B4CE28839E6A7D8DC2C43.tmp' to '../../../../../UNREAL ENGINE PROJECTS/StealthGame_ProjectBase_4.25/Stealth_Game_UE/StealthGame/Content/Blueprints/BP_GameMode.uasset'
[2021.01.22-00.07.02:635][ 74]AssetCheck: New page: Asset Save: BP_GameMode
[2021.01.22-00.07.02:636][ 74]LogContentValidation: Display: Validating Blueprint /Game/Blueprints/BP_GameMode.BP_GameMode
[2021.01.22-00.07.02:973][108]LogSavePackage: Moving '../../../../../UNREAL ENGINE PROJECTS/StealthGame_ProjectBase_4.25/Stealth_Game_UE/StealthGame/Saved/BP_GameMode06588D18427F30DDDE43EAA9BBCA6AE6.tmp' to '../../../../../UNREAL ENGINE PROJECTS/StealthGame_ProjectBase_4.25/Stealth_Game_UE/StealthGame/Content/Blueprints/BP_GameMode.uasset'
[2021.01.22-00.07.02:984][108]AssetCheck: New page: Asset Save: BP_GameMode
[2021.01.22-00.07.02:984][108]LogContentValidation: Display: Validating Blueprint /Game/Blueprints/BP_GameMode.BP_GameMode
[2021.01.22-00.09.37:058][622]BlueprintLog: New page: Compile WBP_GameOver
[2021.01.22-00.09.37:091][622]LogUObjectHash: Compacting FUObjectHashTables data took   2.38ms
[2021.01.22-00.09.37:124][622]Cmd: OBJ SAVEPACKAGE PACKAGE="/Game/UI/WBP_GameOver" FILE="../../../../../UNREAL ENGINE PROJECTS/StealthGame_ProjectBase_4.25/Stealth_Game_UE/StealthGame/Content/UI/WBP_GameOver.uasset" SILENT=true
[2021.01.22-00.09.37:140][622]LogSavePackage: Moving '../../../../../UNREAL ENGINE PROJECTS/StealthGame_ProjectBase_4.25/Stealth_Game_UE/StealthGame/Saved/WBP_GameOverA83A70A54723C63C80DBC09204F9C1D2.tmp' to '../../../../../UNREAL ENGINE PROJECTS/StealthGame_ProjectBase_4.25/Stealth_Game_UE/StealthGame/Content/UI/WBP_GameOver.uasset'
[2021.01.22-00.09.37:156][622]AssetCheck: New page: Asset Save: WBP_GameOver
[2021.01.22-00.09.37:156][622]LogContentValidation: Display: Validating WidgetBlueprint /Game/UI/WBP_GameOver.WBP_GameOver
[2021.01.22-00.09.37:527][662]Cmd: OBJ SAVEPACKAGE PACKAGE="/Game/UI/WBP_GameOver" FILE="../../../../../UNREAL ENGINE PROJECTS/StealthGame_ProjectBase_4.25/Stealth_Game_UE/StealthGame/Content/UI/WBP_GameOver.uasset" SILENT=true
[2021.01.22-00.09.37:542][662]LogSavePackage: Moving '../../../../../UNREAL ENGINE PROJECTS/StealthGame_ProjectBase_4.25/Stealth_Game_UE/StealthGame/Saved/WBP_GameOver7FBF0C784F2E14083F4FF1ADA690A1D5.tmp' to '../../../../../UNREAL ENGINE PROJECTS/StealthGame_ProjectBase_4.25/Stealth_Game_UE/StealthGame/Content/UI/WBP_GameOver.uasset'
[2021.01.22-00.09.37:553][662]AssetCheck: New page: Asset Save: WBP_GameOver
[2021.01.22-00.09.37:553][662]LogContentValidation: Display: Validating WidgetBlueprint /Game/UI/WBP_GameOver.WBP_GameOver
[2021.01.22-00.09.43:380][798]LogTemp: Repeating last play command: New Editor Window (PIE)
[2021.01.22-00.09.43:399][798]LogPlayLevel: PlayLevel: No blueprints needed recompiling
[2021.01.22-00.09.43:399][798]PIE: New page: PIE session: FirstPersonExampleMap (Jan. 21, 2021, 2:09:43 p.m.)
[2021.01.22-00.09.43:401][798]LogOnline: OSS: Creating online subsystem instance for: NULL
[2021.01.22-00.09.43:403][798]LogOnline: OSS: TryLoadSubsystemAndSetDefault: Loaded subsystem for module [NULL]
[2021.01.22-00.09.43:403][798]LogPlayLevel: Creating play world package: /Game/Maps/UEDPIE_0_FirstPersonExampleMap
[2021.01.22-00.09.43:423][798]LogPlayLevel: PIE: StaticDuplicateObject took: (0.019723s)
[2021.01.22-00.09.43:424][798]LogAIModule: Creating AISystem for world FirstPersonExampleMap
[2021.01.22-00.09.43:424][798]LogAISub: UAISubsystem::UAISubsystem EnvQueryManager (0000023B07751A00), frame # 17798
[2021.01.22-00.09.43:425][798]LogAISub: UAISubsystem::UAISubsystem AIPerceptionSystem (0000023B3B209BC0), frame # 17798
[2021.01.22-00.09.43:425][798]LogPlayLevel: PIE: World Init took: (0.002006s)
[2021.01.22-00.09.43:425][798]LogPlayLevel: PIE: Created PIE world by copying editor world from /Game/Maps/FirstPersonExampleMap.FirstPersonExampleMap to /Game/Maps/UEDPIE_0_FirstPersonExampleMap.FirstPersonExampleMap (0.022174s)
[2021.01.22-00.09.43:451][798]LogUObjectHash: Compacting FUObjectHashTables data took   2.27ms
[2021.01.22-00.09.43:452][798]LogAudioMixer: Display: Audio Mixer Platform Settings:
[2021.01.22-00.09.43:452][798]LogAudioMixer: Display: 	Sample Rate:						  48000
[2021.01.22-00.09.43:453][798]LogAudioMixer: Display: 	Callback Buffer Frame Size Requested: 1024
[2021.01.22-00.09.43:453][798]LogAudioMixer: Display: 	Callback Buffer Frame Size To Use:	  1024
[2021.01.22-00.09.43:453][798]LogAudioMixer: Display: 	Number of buffers to queue:			  2
[2021.01.22-00.09.43:453][798]LogAudioMixer: Display: 	Max Channels (voices):				  32
[2021.01.22-00.09.43:453][798]LogAudioMixer: Display: 	Number of Async Source Workers:		  0
[2021.01.22-00.09.43:453][798]LogAudio: Display: AudioDevice MaxSources: 32
[2021.01.22-00.09.43:454][798]LogAudio: Display: Using built-in audio occlusion.
[2021.01.22-00.09.43:454][798]LogAudioMixer: Display: Initializing audio mixer.
[2021.01.22-00.09.43:460][798]LogAudioMixer: Display: 0: FrontLeft
[2021.01.22-00.09.43:460][798]LogAudioMixer: Display: 1: FrontRight
[2021.01.22-00.09.43:461][798]LogAudioMixer: Display: 2: FrontCenter
[2021.01.22-00.09.43:461][798]LogAudioMixer: Display: 3: LowFrequency
[2021.01.22-00.09.43:461][798]LogAudioMixer: Display: 4: BackLeft
[2021.01.22-00.09.43:461][798]LogAudioMixer: Display: 5: BackRight
[2021.01.22-00.09.43:461][798]LogAudioMixer: Display: 6: SideLeft
[2021.01.22-00.09.43:461][798]LogAudioMixer: Display: 7: SideRight
[2021.01.22-00.09.43:667][798]LogAudioMixer: Display: Using Audio Device Headset Earphone (CORSAIR VOID ELITE USB Gaming Headset)
[2021.01.22-00.09.43:667][798]LogAudioMixer: Display: Initializing Sound Submixes...
[2021.01.22-00.09.43:667][798]LogAudioMixer: Display: Creating Master Submix 'MasterSubmixDefault'
[2021.01.22-00.09.43:667][798]LogAudioMixer: Display: Creating Master Submix 'MasterReverbSubmixDefault'
[2021.01.22-00.09.43:667][798]LogAudioMixer: Display: Creating Master Submix 'MasterEQSubmixDefault'
[2021.01.22-00.09.43:681][798]LogInit: FAudioDevice initialized.
[2021.01.22-00.09.43:723][798]LogSlate: Updating window title bar state: overlay mode, drag disabled, window buttons hidden, title bar hidden
[2021.01.22-00.09.43:723][798]LogLoad: Game class is 'BP_GameMode_C'
[2021.01.22-00.09.43:727][798]LogWorld: Bringing World /Game/Maps/UEDPIE_0_FirstPersonExampleMap.FirstPersonExampleMap up for play (max tick rate 0) at 2021.01.21-19.09.43
[2021.01.22-00.09.43:728][798]LogWorld: Bringing up level for play took: 0.003432
[2021.01.22-00.09.43:728][798]LogOnline: OSS: Creating online subsystem instance for: :Context_13
[2021.01.22-00.09.43:731][798]LogGameMode: FindPlayerStart: PATHS NOT DEFINED or NO PLAYERSTART with positive rating
[2021.01.22-00.09.43:743][798]LogContentBrowser: Native class hierarchy updated for 'MovieSceneCapture' in 0.0006 seconds. Added 20 classes and 0 folders.
[2021.01.22-00.09.43:745][798]PIE: Server logged in
[2021.01.22-00.09.43:745][798]PIE: Play in editor total start time 0.348 seconds.
[2021.01.22-00.09.43:797][799]LogRenderer: Reallocating scene render targets to support 1280x720 Format 10 NumSamples 1 (Frame:1).
[2021.01.22-00.09.56:199][220]LogSlate: Updating window title bar state: overlay mode, drag disabled, window buttons hidden, title bar hidden
[2021.01.22-00.09.56:199][220]LogWorld: BeginTearingDown for /Game/Maps/UEDPIE_0_FirstPersonExampleMap
[2021.01.22-00.09.56:200][220]LogSlate: Window 'FPSGame Preview [NetMode: Standalone] (64-bit/Windows) ' being destroyed
[2021.01.22-00.09.56:206][220]LogWorld: UWorld::CleanupWorld for FirstPersonExampleMap, bSessionEnded=true, bCleanupResources=true
[2021.01.22-00.09.56:206][220]LogSlate: InvalidateAllWidgets triggered.  All widgets were invalidated
[2021.01.22-00.09.56:219][220]LogPlayLevel: Display: Shutting down PIE online subsystems
[2021.01.22-00.09.56:223][220]LogSlate: InvalidateAllWidgets triggered.  All widgets were invalidated
[2021.01.22-00.09.56:278][220]LogAISub: UAISubsystem::~UAISubsystem AIPerceptionSystem (0000023B3B209BC0), frame # 19220
[2021.01.22-00.09.56:278][220]LogAISub: UAISubsystem::~UAISubsystem EnvQueryManager (0000023B07751A00), frame # 19220
[2021.01.22-00.09.56:298][220]LogUObjectHash: Compacting FUObjectHashTables data took   3.53ms
[2021.01.22-00.09.56:326][221]LogPlayLevel: Display: Destroying online subsystem :Context_13
[2021.01.22-00.09.58:994][540]LogTemp: Repeating last play command: New Editor Window (PIE)
[2021.01.22-00.09.59:012][540]LogPlayLevel: PlayLevel: No blueprints needed recompiling
[2021.01.22-00.09.59:013][540]PIE: New page: PIE session: FirstPersonExampleMap (Jan. 21, 2021, 2:09:59 p.m.)
[2021.01.22-00.09.59:013][540]LogPlayLevel: Creating play world package: /Game/Maps/UEDPIE_0_FirstPersonExampleMap
[2021.01.22-00.09.59:027][540]LogPlayLevel: PIE: StaticDuplicateObject took: (0.014285s)
[2021.01.22-00.09.59:028][540]LogAIModule: Creating AISystem for world FirstPersonExampleMap
[2021.01.22-00.09.59:029][540]LogAISub: UAISubsystem::UAISubsystem EnvQueryManager (0000023B11248E00), frame # 19540
[2021.01.22-00.09.59:029][540]LogAISub: UAISubsystem::UAISubsystem AIPerceptionSystem (0000023B08066840), frame # 19540
[2021.01.22-00.09.59:029][540]LogPlayLevel: PIE: World Init took: (0.001838s)
[2021.01.22-00.09.59:029][540]LogPlayLevel: PIE: Created PIE world by copying editor world from /Game/Maps/FirstPersonExampleMap.FirstPersonExampleMap to /Game/Maps/UEDPIE_0_FirstPersonExampleMap.FirstPersonExampleMap (0.016502s)
[2021.01.22-00.09.59:061][540]LogUObjectHash: Compacting FUObjectHashTables data took   2.87ms
[2021.01.22-00.09.59:063][540]LogAudioMixer: Display: Audio Mixer Platform Settings:
[2021.01.22-00.09.59:063][540]LogAudioMixer: Display: 	Sample Rate:						  48000
[2021.01.22-00.09.59:063][540]LogAudioMixer: Display: 	Callback Buffer Frame Size Requested: 1024
[2021.01.22-00.09.59:063][540]LogAudioMixer: Display: 	Callback Buffer Frame Size To Use:	  1024
[2021.01.22-00.09.59:063][540]LogAudioMixer: Display: 	Number of buffers to queue:			  2
[2021.01.22-00.09.59:063][540]LogAudioMixer: Display: 	Max Channels (voices):				  32
[2021.01.22-00.09.59:063][540]LogAudioMixer: Display: 	Number of Async Source Workers:		  0
[2021.01.22-00.09.59:063][540]LogAudio: Display: AudioDevice MaxSources: 32
[2021.01.22-00.09.59:064][540]LogAudio: Display: Using built-in audio occlusion.
[2021.01.22-00.09.59:064][540]LogAudioMixer: Display: Initializing audio mixer.
[2021.01.22-00.09.59:070][540]LogAudioMixer: Display: 0: FrontLeft
[2021.01.22-00.09.59:070][540]LogAudioMixer: Display: 1: FrontRight
[2021.01.22-00.09.59:070][540]LogAudioMixer: Display: 2: FrontCenter
[2021.01.22-00.09.59:070][540]LogAudioMixer: Display: 3: LowFrequency
[2021.01.22-00.09.59:070][540]LogAudioMixer: Display: 4: BackLeft
[2021.01.22-00.09.59:070][540]LogAudioMixer: Display: 5: BackRight
[2021.01.22-00.09.59:070][540]LogAudioMixer: Display: 6: SideLeft
[2021.01.22-00.09.59:071][540]LogAudioMixer: Display: 7: SideRight
[2021.01.22-00.09.59:261][540]LogAudioMixer: Display: Using Audio Device Headset Earphone (CORSAIR VOID ELITE USB Gaming Headset)
[2021.01.22-00.09.59:262][540]LogAudioMixer: Display: Initializing Sound Submixes...
[2021.01.22-00.09.59:262][540]LogAudioMixer: Display: Creating Master Submix 'MasterSubmixDefault'
[2021.01.22-00.09.59:262][540]LogAudioMixer: Display: Creating Master Submix 'MasterReverbSubmixDefault'
[2021.01.22-00.09.59:263][540]LogAudioMixer: Display: Creating Master Submix 'MasterEQSubmixDefault'
[2021.01.22-00.09.59:276][540]LogInit: FAudioDevice initialized.
[2021.01.22-00.09.59:315][540]LogSlate: Updating window title bar state: overlay mode, drag disabled, window buttons hidden, title bar hidden
[2021.01.22-00.09.59:316][540]LogLoad: Game class is 'BP_GameMode_C'
[2021.01.22-00.09.59:318][540]LogWorld: Bringing World /Game/Maps/UEDPIE_0_FirstPersonExampleMap.FirstPersonExampleMap up for play (max tick rate 0) at 2021.01.21-19.09.59
[2021.01.22-00.09.59:319][540]LogWorld: Bringing up level for play took: 0.002528
[2021.01.22-00.09.59:319][540]LogOnline: OSS: Creating online subsystem instance for: :Context_14
[2021.01.22-00.09.59:322][540]LogGameMode: FindPlayerStart: PATHS NOT DEFINED or NO PLAYERSTART with positive rating
[2021.01.22-00.09.59:323][540]PIE: Server logged in
[2021.01.22-00.09.59:325][540]PIE: Play in editor total start time 0.313 seconds.
[2021.01.22-00.10.07:979][549]LogSlate: Updating window title bar state: overlay mode, drag disabled, window buttons hidden, title bar hidden
[2021.01.22-00.10.07:979][549]LogWorld: BeginTearingDown for /Game/Maps/UEDPIE_0_FirstPersonExampleMap
[2021.01.22-00.10.07:980][549]LogSlate: Window 'FPSGame Preview [NetMode: Standalone] (64-bit/Windows) ' being destroyed
[2021.01.22-00.10.07:987][549]LogWorld: UWorld::CleanupWorld for FirstPersonExampleMap, bSessionEnded=true, bCleanupResources=true
[2021.01.22-00.10.07:988][549]LogSlate: InvalidateAllWidgets triggered.  All widgets were invalidated
[2021.01.22-00.10.08:000][549]LogPlayLevel: Display: Shutting down PIE online subsystems
[2021.01.22-00.10.08:004][549]LogSlate: InvalidateAllWidgets triggered.  All widgets were invalidated
[2021.01.22-00.10.08:071][549]LogAISub: UAISubsystem::~UAISubsystem AIPerceptionSystem (0000023B08066840), frame # 20549
[2021.01.22-00.10.08:071][549]LogAISub: UAISubsystem::~UAISubsystem EnvQueryManager (0000023B11248E00), frame # 20549
[2021.01.22-00.10.08:074][549]LogUObjectHash: Compacting FUObjectHashTables data took   2.40ms
[2021.01.22-00.10.08:107][550]LogPlayLevel: Display: Destroying online subsystem :Context_14
[2021.01.22-00.10.24:420][707]Cmd: OBJ SAVEPACKAGE PACKAGE="/Game/UI/WBP_GameOver" FILE="../../../../../UNREAL ENGINE PROJECTS/StealthGame_ProjectBase_4.25/Stealth_Game_UE/StealthGame/Content/UI/WBP_GameOver.uasset" SILENT=true
[2021.01.22-00.10.24:436][707]LogSavePackage: Moving '../../../../../UNREAL ENGINE PROJECTS/StealthGame_ProjectBase_4.25/Stealth_Game_UE/StealthGame/Saved/WBP_GameOverF015CE554838465C9383C38A6C29E522.tmp' to '../../../../../UNREAL ENGINE PROJECTS/StealthGame_ProjectBase_4.25/Stealth_Game_UE/StealthGame/Content/UI/WBP_GameOver.uasset'
[2021.01.22-00.10.24:449][707]AssetCheck: New page: Asset Save: WBP_GameOver
[2021.01.22-00.10.24:449][707]LogContentValidation: Display: Validating WidgetBlueprint /Game/UI/WBP_GameOver.WBP_GameOver
[2021.01.22-00.10.27:716][  6]LogWorld: UWorld::CleanupWorld for World_11, bSessionEnded=true, bCleanupResources=true
[2021.01.22-00.10.27:716][  6]LogSlate: InvalidateAllWidgets triggered.  All widgets were invalidated
[2021.01.22-00.10.27:721][  6]LogWorld: UWorld::CleanupWorld for World_10, bSessionEnded=true, bCleanupResources=true
[2021.01.22-00.10.27:721][  6]LogSlate: InvalidateAllWidgets triggered.  All widgets were invalidated
[2021.01.22-00.10.30:935][343]LogUObjectHash: Compacting FUObjectHashTables data took   2.56ms
[2021.01.22-00.10.30:993][343]LogSavePackage: Moving '../../../../../UNREAL ENGINE PROJECTS/StealthGame_ProjectBase_4.25/Stealth_Game_UE/StealthGame/Saved/FirstPersonExampleMapEB932ABD4F183FD49AAF97905903894D.tmp' to '../../../../../UNREAL ENGINE PROJECTS/StealthGame_ProjectBase_4.25/Stealth_Game_UE/StealthGame/Content/Maps/FirstPersonExampleMap.umap'
[2021.01.22-00.10.31:110][343]LogSavePackage: Moving '../../../../../UNREAL ENGINE PROJECTS/StealthGame_ProjectBase_4.25/Stealth_Game_UE/StealthGame/Saved/FirstPersonExampleMap_BuiltData8BAEC4394119AFC71D2B5C99D69F06F2.tmp' to '../../../../../UNREAL ENGINE PROJECTS/StealthGame_ProjectBase_4.25/Stealth_Game_UE/StealthGame/Content/Maps/FirstPersonExampleMap_BuiltData.uasset'
[2021.01.22-00.10.31:124][343]AssetCheck: New page: Asset Save: multiple assets
[2021.01.22-00.10.31:124][343]LogContentValidation: Display: Validating World /Game/Maps/FirstPersonExampleMap.FirstPersonExampleMap
[2021.01.22-00.10.31:124][343]LogContentValidation: Display: Validating MapBuildDataRegistry /Game/Maps/FirstPersonExampleMap_BuiltData.FirstPersonExampleMap_BuiltData
