Log file open, 01/15/21 17:52:51
LogInit: Display: Running engine for game: FPSGame
LogPlatformFile: Not using cached read wrapper
LogTaskGraph: Started task graph with 5 named threads and 47 total threads with 3 sets of task threads.
LogStats: Stats thread started at 0.201156
LogD3D11RHI: Loaded GFSDK_Aftermath_Lib.x64.dll
LogICUInternationalization: ICU TimeZone Detection - Raw Offset: -5:00, Platform Override: ''
LogPluginManager: Mounting plugin Paper2D
LogPluginManager: Mounting plugin AISupport
LogPluginManager: Mounting plugin LightPropagationVolume
LogPluginManager: Mounting plugin CameraShakePreviewer
LogPluginManager: Mounting plugin ActorLayerUtilities
LogPluginManager: Mounting plugin AnimationSharing
LogPluginManager: Mounting plugin CLionSourceCodeAccess
LogPluginManager: Mounting plugin CodeLiteSourceCodeAccess
LogPluginManager: Mounting plugin GitSourceControl
LogPluginManager: Mounting plugin KDevelopSourceCodeAccess
LogPluginManager: Mounting plugin NullSourceCodeAccess
LogPluginManager: Mounting plugin PerforceSourceControl
LogPluginManager: Mounting plugin PlasticSourceControl
LogPluginManager: Mounting plugin RiderSourceCodeAccess
LogPluginManager: Mounting plugin SubversionSourceControl
LogPluginManager: Mounting plugin UObjectPlugin
LogPluginManager: Mounting plugin VisualStudioCodeSourceCodeAccess
LogPluginManager: Mounting plugin VisualStudioSourceCodeAccess
LogPluginManager: Mounting plugin XCodeSourceCodeAccess
LogPluginManager: Mounting plugin AssetManagerEditor
LogPluginManager: Mounting plugin CryptoKeys
LogPluginManager: Mounting plugin CurveEditorTools
LogPluginManager: Mounting plugin DataValidation
LogPluginManager: Mounting plugin EditorScriptingUtilities
LogPluginManager: Mounting plugin FacialAnimation
LogPluginManager: Mounting plugin GameplayTagsEditor
LogPluginManager: Mounting plugin GeometryMode
LogPluginManager: Mounting plugin MacGraphicsSwitching
LogPluginManager: Mounting plugin MaterialAnalyzer
LogPluginManager: Mounting plugin MobileLauncherProfileWizard
LogPluginManager: Mounting plugin PluginBrowser
LogPluginManager: Mounting plugin SpeedTreeImporter
LogPluginManager: Mounting plugin DatasmithContent
LogPluginManager: Mounting plugin VariantManagerContent
LogPluginManager: Mounting plugin AlembicImporter
LogPluginManager: Mounting plugin AutomationUtils
LogPluginManager: Mounting plugin BackChannel
LogPluginManager: Mounting plugin ChaosCloth
LogPluginManager: Mounting plugin ChaosClothEditor
LogPluginManager: Mounting plugin ChaosEditor
LogPluginManager: Mounting plugin ChaosNiagara
LogPluginManager: Mounting plugin ChaosSolverPlugin
LogPluginManager: Mounting plugin CharacterAI
LogPluginManager: Mounting plugin GeometryCache
LogPluginManager: Mounting plugin GeometryCollectionPlugin
LogPluginManager: Mounting plugin GeometryProcessing
LogPluginManager: Mounting plugin PlanarCut
LogPluginManager: Mounting plugin PlatformCrypto
LogPluginManager: Mounting plugin ProxyLODPlugin
LogPluginManager: Mounting plugin SkeletalReduction
LogPluginManager: Mounting plugin Niagara
LogPluginManager: Mounting plugin MagicLeap
LogPluginManager: Mounting plugin MagicLeapLightEstimation
LogPluginManager: Mounting plugin MagicLeapMedia
LogPluginManager: Mounting plugin MagicLeapPassableWorld
LogPluginManager: Mounting plugin MLSDK
LogPluginManager: Mounting plugin AndroidMedia
LogPluginManager: Mounting plugin AvfMedia
LogPluginManager: Mounting plugin ImgMedia
LogPluginManager: Mounting plugin MediaCompositing
LogPluginManager: Mounting plugin MediaPlayerEditor
LogPluginManager: Mounting plugin WebMMedia
LogPluginManager: Mounting plugin WmfMedia
LogPluginManager: Mounting plugin MeshPainting
LogPluginManager: Mounting plugin TcpMessaging
LogPluginManager: Mounting plugin UdpMessaging
LogPluginManager: Mounting plugin ActorSequence
LogPluginManager: Mounting plugin LevelSequenceEditor
LogPluginManager: Mounting plugin MatineeToLevelSequence
LogPluginManager: Mounting plugin MovieRenderPipeline
LogPluginManager: Mounting plugin TemplateSequence
LogPluginManager: Mounting plugin NetcodeUnitTest
LogPluginManager: Mounting plugin NUTUnrealEngine4
LogPluginManager: Mounting plugin OnlineSubsystemGooglePlay
LogPluginManager: Mounting plugin OnlineSubsystemIOS
LogPluginManager: Mounting plugin OnlineSubsystem
LogPluginManager: Mounting plugin OnlineSubsystemNull
LogPluginManager: Mounting plugin OnlineSubsystemUtils
LogPluginManager: Mounting plugin LauncherChunkInstaller
LogPluginManager: Mounting plugin AndroidDeviceProfileSelector
LogPluginManager: Mounting plugin AndroidMoviePlayer
LogPluginManager: Mounting plugin AndroidPermission
LogPluginManager: Mounting plugin AppleImageUtils
LogPluginManager: Mounting plugin AppleMoviePlayer
LogPluginManager: Mounting plugin ArchVisCharacter
LogPluginManager: Mounting plugin AssetTags
LogPluginManager: Mounting plugin AudioCapture
LogPluginManager: Mounting plugin CableComponent
LogPluginManager: Mounting plugin CustomMeshComponent
LogPluginManager: Mounting plugin EditableMesh
LogPluginManager: Mounting plugin ExampleDeviceProfileSelector
LogPluginManager: Mounting plugin GoogleCloudMessaging
LogPluginManager: Mounting plugin GooglePAD
LogPluginManager: Mounting plugin IOSDeviceProfileSelector
LogPluginManager: Mounting plugin LinuxDeviceProfileSelector
LogPluginManager: Mounting plugin LocationServicesBPLibrary
LogPluginManager: Mounting plugin MobilePatchingUtils
LogPluginManager: Mounting plugin OculusVR
LogPluginManager: Mounting plugin PhysXVehicles
LogPluginManager: Mounting plugin PostSplashScreen
LogPluginManager: Mounting plugin ProceduralMeshComponent
LogPluginManager: Mounting plugin RuntimePhysXCooking
LogPluginManager: Mounting plugin SignificanceManager
LogPluginManager: Mounting plugin SoundFields
LogPluginManager: Mounting plugin SteamVR
LogPluginManager: Mounting plugin Synthesis
LogPluginManager: Mounting plugin WebMMoviePlayer
LogPluginManager: Mounting plugin WindowsMoviePlayer
LogPluginManager: Mounting plugin ScreenshotTools
LogInit: Using libcurl 7.55.1-DEV
LogInit:  - built for x86_64-pc-win32
LogInit:  - supports SSL with OpenSSL/1.1.1
LogInit:  - supports HTTP deflate (compression) using libz 1.2.8
LogInit:  - other features:
LogInit:      CURL_VERSION_SSL
LogInit:      CURL_VERSION_LIBZ
LogInit:      CURL_VERSION_IPV6
LogInit:      CURL_VERSION_ASYNCHDNS
LogInit:      CURL_VERSION_LARGEFILE
LogInit:      CURL_VERSION_IDN
LogInit:  CurlRequestOptions (configurable via config and command line):
LogInit:  - bVerifyPeer = true  - Libcurl will verify peer certificate
LogInit:  - bUseHttpProxy = false  - Libcurl will NOT use HTTP proxy
LogInit:  - bDontReuseConnections = false  - Libcurl will reuse connections
LogInit:  - MaxHostConnections = 16  - Libcurl will limit the number of connections to a host
LogInit:  - LocalHostAddr = Default
LogInit:  - BufferSize = 65536
LogOnline: OSS: Creating online subsystem instance for: NULL
LogInit: WinSock: version 1.1 (2.2), MaxSocks=32767, MaxUdp=65467
LogOnline: OSS: TryLoadSubsystemAndSetDefault: Loaded subsystem for module [NULL]
LogInit: Build: ++UE4+Release-4.25-CL-14469661
LogInit: Engine Version: 4.25.4-14469661+++UE4+Release-4.25
LogInit: Compatible Engine Version: 4.25.0-13144385+++UE4+Release-4.25
LogInit: Net CL: 13144385
LogInit: OS: Windows 10 (Release 2009) (), CPU: AMD Ryzen 7 2700X Eight-Core Processor         , GPU: NVIDIA GeForce RTX 2070
LogInit: Compiled (64-bit): Oct 11 2020 08:10:49
LogInit: Compiled with Visual C++: 19.24.28315.00
LogInit: Build Configuration: Development
LogInit: Branch Name: ++UE4+Release-4.25
LogInit: Command Line: 
LogInit: Base Directory: F:/UNREAL ENGINE/UE_4.25/Engine/Binaries/Win64/
LogInit: Allocator: TBB
LogInit: Installed Engine Build: 1
LogDevObjectVersion: Number of dev versions registered: 26
LogDevObjectVersion:   Dev-Blueprints (B0D832E4-1F89-4F0D-ACCF-7EB736FD4AA2): 10
LogDevObjectVersion:   Dev-Build (E1C64328-A22C-4D53-A36C-8E866417BD8C): 0
LogDevObjectVersion:   Dev-Core (375EC13C-06E4-48FB-B500-84F0262A717E): 4
LogDevObjectVersion:   Dev-Editor (E4B068ED-F494-42E9-A231-DA0B2E46BB41): 38
LogDevObjectVersion:   Dev-Framework (CFFC743F-43B0-4480-9391-14DF171D2073): 37
LogDevObjectVersion:   Dev-Mobile (B02B49B5-BB20-44E9-A304-32B752E40360): 2
LogDevObjectVersion:   Dev-Networking (A4E4105C-59A1-49B5-A7C5-40C4547EDFEE): 0
LogDevObjectVersion:   Dev-Online (39C831C9-5AE6-47DC-9A44-9C173E1C8E7C): 0
LogDevObjectVersion:   Dev-Physics (78F01B33-EBEA-4F98-B9B4-84EACCB95AA2): 4
LogDevObjectVersion:   Dev-Platform (6631380F-2D4D-43E0-8009-CF276956A95A): 0
LogDevObjectVersion:   Dev-Rendering (12F88B9F-8875-4AFC-A67C-D90C383ABD29): 43
LogDevObjectVersion:   Dev-Sequencer (7B5AE74C-D270-4C10-A958-57980B212A5A): 12
LogDevObjectVersion:   Dev-VR (D7296918-1DD6-4BDD-9DE2-64A83CC13884): 3
LogDevObjectVersion:   Dev-LoadTimes (C2A15278-BFE7-4AFE-6C17-90FF531DF755): 1
LogDevObjectVersion:   Private-Geometry (6EACA3D4-40EC-4CC1-B786-8BED09428FC5): 3
LogDevObjectVersion:   Dev-AnimPhys (29E575DD-E0A3-4627-9D10-D276232CDCEA): 17
LogDevObjectVersion:   Dev-Anim (AF43A65D-7FD3-4947-9873-3E8ED9C1BB05): 7
LogDevObjectVersion:   Dev-ReflectionCapture (6B266CEC-1EC7-4B8F-A30B-E4D90942FC07): 1
LogDevObjectVersion:   Dev-Automation (0DF73D61-A23F-47EA-B727-89E90C41499A): 1
LogDevObjectVersion:   FortniteMain (601D1886-AC64-4F84-AA16-D3DE0DEAC7D6): 31
LogDevObjectVersion:   Dev-Enterprise (9DFFBCD6-494F-0158-E221-12823C92A888): 10
LogDevObjectVersion:   Dev-Niagara (F2AED0AC-9AFE-416F-8664-AA7FFA26D6FC): 1
LogDevObjectVersion:   Dev-Destruction (174F1F0B-B4C6-45A5-B13F-2EE8D0FB917D): 10
LogDevObjectVersion:   Dev-Physics-Ext (35F94A83-E258-406C-A318-09F59610247C): 37
LogDevObjectVersion:   Dev-PhysicsMaterial-Chaos (B68FC16E-8B1B-42E2-B453-215C058844FE): 1
LogDevObjectVersion:   Dev-CineCamera (B2E18506-4273-CFC2-A54E-F4BB758BBA07): 1
LogInit: Presizing for max 25165824 objects, including 0 objects not considered by GC, pre-allocating 0 bytes for permanent pool.
LogConfig: Applying CVar settings from Section [/Script/Engine.StreamingSettings] File [F:/UNREAL ENGINE PROJECTS/StealthGame_ProjectBase_4.25/Stealth_Game_UE/StealthGame/Saved/Config/Windows/Engine.ini]
LogConfig: Setting CVar [[s.MinBulkDataSizeForAsyncLoading:131072]]
LogConfig: Setting CVar [[s.AsyncLoadingThreadEnabled:0]]
LogConfig: Setting CVar [[s.EventDrivenLoaderEnabled:1]]
LogConfig: Setting CVar [[s.WarnIfTimeLimitExceeded:0]]
LogConfig: Setting CVar [[s.TimeLimitExceededMultiplier:1.5]]
LogConfig: Setting CVar [[s.TimeLimitExceededMinTime:0.005]]
LogConfig: Setting CVar [[s.UseBackgroundLevelStreaming:1]]
LogConfig: Setting CVar [[s.PriorityAsyncLoadingExtraTime:15.0]]
LogConfig: Setting CVar [[s.LevelStreamingActorsUpdateTimeLimit:5.0]]
LogConfig: Setting CVar [[s.PriorityLevelStreamingActorsUpdateExtraTime:5.0]]
LogConfig: Setting CVar [[s.LevelStreamingComponentsRegistrationGranularity:10]]
LogConfig: Setting CVar [[s.UnregisterComponentsTimeLimit:1.0]]
LogConfig: Setting CVar [[s.LevelStreamingComponentsUnregistrationGranularity:5]]
LogConfig: Setting CVar [[s.FlushStreamingOnExit:1]]
LogInit: Object subsystem initialized
LogConfig: Setting CVar [[con.DebugEarlyDefault:1]]
LogConfig: Setting CVar [[r.setres:1280x720]]
[2021.01.15-22.52.51:376][  0]LogConfig: Setting CVar [[r.VSync:0]]
[2021.01.15-22.52.51:376][  0]LogConfig: Setting CVar [[r.RHICmdBypass:0]]
[2021.01.15-22.52.51:376][  0]LogConfig: Applying CVar settings from Section [/Script/Engine.RendererSettings] File [F:/UNREAL ENGINE PROJECTS/StealthGame_ProjectBase_4.25/Stealth_Game_UE/StealthGame/Saved/Config/Windows/Engine.ini]
[2021.01.15-22.52.51:376][  0]LogConfig: Setting CVar [[r.GPUCrashDebugging:0]]
[2021.01.15-22.52.51:376][  0]LogConfig: Applying CVar settings from Section [/Script/Engine.RendererOverrideSettings] File [F:/UNREAL ENGINE PROJECTS/StealthGame_ProjectBase_4.25/Stealth_Game_UE/StealthGame/Saved/Config/Windows/Engine.ini]
[2021.01.15-22.52.51:376][  0]LogConfig: Applying CVar settings from Section [/Script/Engine.StreamingSettings] File [F:/UNREAL ENGINE PROJECTS/StealthGame_ProjectBase_4.25/Stealth_Game_UE/StealthGame/Saved/Config/Windows/Engine.ini]
[2021.01.15-22.52.51:376][  0]LogConfig: Setting CVar [[s.MinBulkDataSizeForAsyncLoading:131072]]
[2021.01.15-22.52.51:376][  0]LogConfig: Setting CVar [[s.AsyncLoadingThreadEnabled:0]]
[2021.01.15-22.52.51:376][  0]LogConfig: Setting CVar [[s.EventDrivenLoaderEnabled:1]]
[2021.01.15-22.52.51:376][  0]LogConfig: Setting CVar [[s.WarnIfTimeLimitExceeded:0]]
[2021.01.15-22.52.51:376][  0]LogConfig: Setting CVar [[s.TimeLimitExceededMultiplier:1.5]]
[2021.01.15-22.52.51:376][  0]LogConfig: Setting CVar [[s.TimeLimitExceededMinTime:0.005]]
[2021.01.15-22.52.51:376][  0]LogConfig: Setting CVar [[s.UseBackgroundLevelStreaming:1]]
[2021.01.15-22.52.51:376][  0]LogConfig: Setting CVar [[s.PriorityAsyncLoadingExtraTime:15.0]]
[2021.01.15-22.52.51:376][  0]LogConfig: Setting CVar [[s.LevelStreamingActorsUpdateTimeLimit:5.0]]
[2021.01.15-22.52.51:376][  0]LogConfig: Setting CVar [[s.PriorityLevelStreamingActorsUpdateExtraTime:5.0]]
[2021.01.15-22.52.51:376][  0]LogConfig: Setting CVar [[s.LevelStreamingComponentsRegistrationGranularity:10]]
[2021.01.15-22.52.51:376][  0]LogConfig: Setting CVar [[s.UnregisterComponentsTimeLimit:1.0]]
[2021.01.15-22.52.51:376][  0]LogConfig: Setting CVar [[s.LevelStreamingComponentsUnregistrationGranularity:5]]
[2021.01.15-22.52.51:376][  0]LogConfig: Setting CVar [[s.FlushStreamingOnExit:1]]
[2021.01.15-22.52.51:376][  0]LogConfig: Applying CVar settings from Section [/Script/Engine.GarbageCollectionSettings] File [F:/UNREAL ENGINE PROJECTS/StealthGame_ProjectBase_4.25/Stealth_Game_UE/StealthGame/Saved/Config/Windows/Engine.ini]
[2021.01.15-22.52.51:376][  0]LogConfig: Setting CVar [[gc.MaxObjectsNotConsideredByGC:1]]
[2021.01.15-22.52.51:376][  0]LogConfig: Setting CVar [[gc.SizeOfPermanentObjectPool:0]]
[2021.01.15-22.52.51:376][  0]LogConfig: Setting CVar [[gc.FlushStreamingOnGC:0]]
[2021.01.15-22.52.51:376][  0]LogConfig: Setting CVar [[gc.NumRetriesBeforeForcingGC:10]]
[2021.01.15-22.52.51:376][  0]LogConfig: Setting CVar [[gc.AllowParallelGC:1]]
[2021.01.15-22.52.51:376][  0]LogConfig: Setting CVar [[gc.TimeBetweenPurgingPendingKillObjects:61.1]]
[2021.01.15-22.52.51:376][  0]LogConfig: Setting CVar [[gc.MaxObjectsInEditor:25165824]]
[2021.01.15-22.52.51:376][  0]LogConfig: Setting CVar [[gc.IncrementalBeginDestroyEnabled:1]]
[2021.01.15-22.52.51:376][  0]LogConfig: Setting CVar [[gc.CreateGCClusters:1]]
[2021.01.15-22.52.51:376][  0]LogConfig: Setting CVar [[gc.MinGCClusterSize:5]]
[2021.01.15-22.52.51:376][  0]LogConfig: Setting CVar [[gc.ActorClusteringEnabled:0]]
[2021.01.15-22.52.51:376][  0]LogConfig: Setting CVar [[gc.BlueprintClusteringEnabled:0]]
[2021.01.15-22.52.51:376][  0]LogConfig: Setting CVar [[gc.UseDisregardForGCOnDedicatedServers:0]]
[2021.01.15-22.52.51:376][  0]LogConfig: Applying CVar settings from Section [/Script/Engine.NetworkSettings] File [F:/UNREAL ENGINE PROJECTS/StealthGame_ProjectBase_4.25/Stealth_Game_UE/StealthGame/Saved/Config/Windows/Engine.ini]
[2021.01.15-22.52.51:376][  0]LogConfig: Applying CVar settings from Section [/Script/UnrealEd.CookerSettings] File [F:/UNREAL ENGINE PROJECTS/StealthGame_ProjectBase_4.25/Stealth_Game_UE/StealthGame/Saved/Config/Windows/Engine.ini]
[2021.01.15-22.52.51:380][  0]LogConfig: Applying CVar settings from Section [ViewDistanceQuality@3] File [F:/UNREAL ENGINE PROJECTS/StealthGame_ProjectBase_4.25/Stealth_Game_UE/StealthGame/Saved/Config/Windows/Scalability.ini]
[2021.01.15-22.52.51:380][  0]LogConfig: Setting CVar [[r.SkeletalMeshLODBias:0]]
[2021.01.15-22.52.51:380][  0]LogConfig: Setting CVar [[r.ViewDistanceScale:1.0]]
[2021.01.15-22.52.51:380][  0]LogConfig: Applying CVar settings from Section [AntiAliasingQuality@3] File [F:/UNREAL ENGINE PROJECTS/StealthGame_ProjectBase_4.25/Stealth_Game_UE/StealthGame/Saved/Config/Windows/Scalability.ini]
[2021.01.15-22.52.51:380][  0]LogConfig: Setting CVar [[r.PostProcessAAQuality:4]]
[2021.01.15-22.52.51:380][  0]LogConfig: Applying CVar settings from Section [ShadowQuality@3] File [F:/UNREAL ENGINE PROJECTS/StealthGame_ProjectBase_4.25/Stealth_Game_UE/StealthGame/Saved/Config/Windows/Scalability.ini]
[2021.01.15-22.52.51:380][  0]LogConfig: Setting CVar [[r.LightFunctionQuality:1]]
[2021.01.15-22.52.51:380][  0]LogConfig: Setting CVar [[r.ShadowQuality:5]]
[2021.01.15-22.52.51:380][  0]LogConfig: Setting CVar [[r.Shadow.CSM.MaxCascades:10]]
[2021.01.15-22.52.51:380][  0]LogConfig: Setting CVar [[r.Shadow.MaxResolution:2048]]
[2021.01.15-22.52.51:380][  0]LogConfig: Setting CVar [[r.Shadow.MaxCSMResolution:2048]]
[2021.01.15-22.52.51:380][  0]LogConfig: Setting CVar [[r.Shadow.RadiusThreshold:0.01]]
[2021.01.15-22.52.51:380][  0]LogConfig: Setting CVar [[r.Shadow.DistanceScale:1.0]]
[2021.01.15-22.52.51:380][  0]LogConfig: Setting CVar [[r.Shadow.CSM.TransitionScale:1.0]]
[2021.01.15-22.52.51:380][  0]LogConfig: Setting CVar [[r.Shadow.PreShadowResolutionFactor:1.0]]
[2021.01.15-22.52.51:380][  0]LogConfig: Setting CVar [[r.DistanceFieldShadowing:1]]
[2021.01.15-22.52.51:380][  0]LogConfig: Setting CVar [[r.DistanceFieldAO:1]]
[2021.01.15-22.52.51:380][  0]LogConfig: Setting CVar [[r.AOQuality:2]]
[2021.01.15-22.52.51:380][  0]LogConfig: Setting CVar [[r.VolumetricFog:1]]
[2021.01.15-22.52.51:380][  0]LogConfig: Setting CVar [[r.VolumetricFog.GridPixelSize:8]]
[2021.01.15-22.52.51:380][  0]LogConfig: Setting CVar [[r.VolumetricFog.GridSizeZ:128]]
[2021.01.15-22.52.51:380][  0]LogConfig: Setting CVar [[r.VolumetricFog.HistoryMissSupersampleCount:4]]
[2021.01.15-22.52.51:380][  0]LogConfig: Setting CVar [[r.LightMaxDrawDistanceScale:1]]
[2021.01.15-22.52.51:380][  0]LogConfig: Setting CVar [[r.CapsuleShadows:1]]
[2021.01.15-22.52.51:380][  0]LogConfig: Applying CVar settings from Section [PostProcessQuality@3] File [F:/UNREAL ENGINE PROJECTS/StealthGame_ProjectBase_4.25/Stealth_Game_UE/StealthGame/Saved/Config/Windows/Scalability.ini]
[2021.01.15-22.52.51:380][  0]LogConfig: Setting CVar [[r.MotionBlurQuality:4]]
[2021.01.15-22.52.51:380][  0]LogConfig: Setting CVar [[r.AmbientOcclusionMipLevelFactor:0.4]]
[2021.01.15-22.52.51:380][  0]LogConfig: Setting CVar [[r.AmbientOcclusionMaxQuality:100]]
[2021.01.15-22.52.51:380][  0]LogConfig: Setting CVar [[r.AmbientOcclusionLevels:-1]]
[2021.01.15-22.52.51:380][  0]LogConfig: Setting CVar [[r.AmbientOcclusionRadiusScale:1.0]]
[2021.01.15-22.52.51:380][  0]LogConfig: Setting CVar [[r.DepthOfFieldQuality:2]]
[2021.01.15-22.52.51:380][  0]LogConfig: Setting CVar [[r.RenderTargetPoolMin:400]]
[2021.01.15-22.52.51:380][  0]LogConfig: Setting CVar [[r.LensFlareQuality:2]]
[2021.01.15-22.52.51:380][  0]LogConfig: Setting CVar [[r.SceneColorFringeQuality:1]]
[2021.01.15-22.52.51:380][  0]LogConfig: Setting CVar [[r.EyeAdaptationQuality:2]]
[2021.01.15-22.52.51:380][  0]LogConfig: Setting CVar [[r.BloomQuality:5]]
[2021.01.15-22.52.51:380][  0]LogConfig: Setting CVar [[r.FastBlurThreshold:100]]
[2021.01.15-22.52.51:380][  0]LogConfig: Setting CVar [[r.Upscale.Quality:3]]
[2021.01.15-22.52.51:380][  0]LogConfig: Setting CVar [[r.Tonemapper.GrainQuantization:1]]
[2021.01.15-22.52.51:380][  0]LogConfig: Setting CVar [[r.LightShaftQuality:1]]
[2021.01.15-22.52.51:380][  0]LogConfig: Setting CVar [[r.Filter.SizeScale:1]]
[2021.01.15-22.52.51:380][  0]LogConfig: Setting CVar [[r.Tonemapper.Quality:5]]
[2021.01.15-22.52.51:380][  0]LogConfig: Setting CVar [[r.DOF.Gather.AccumulatorQuality:1        ; higher gathering accumulator quality]]
[2021.01.15-22.52.51:380][  0]LogConfig: Setting CVar [[r.DOF.Gather.PostfilterMethod:1          ; Median3x3 postfilering method]]
[2021.01.15-22.52.51:380][  0]LogConfig: Setting CVar [[r.DOF.Gather.EnableBokehSettings:0       ; no bokeh simulation when gathering]]
[2021.01.15-22.52.51:380][  0]LogConfig: Setting CVar [[r.DOF.Gather.RingCount:4                 ; medium number of samples when gathering]]
[2021.01.15-22.52.51:380][  0]LogConfig: Setting CVar [[r.DOF.Scatter.ForegroundCompositing:1    ; additive foreground scattering]]
[2021.01.15-22.52.51:380][  0]LogConfig: Setting CVar [[r.DOF.Scatter.BackgroundCompositing:2    ; additive background scattering]]
[2021.01.15-22.52.51:380][  0]LogConfig: Setting CVar [[r.DOF.Scatter.EnableBokehSettings:1      ; bokeh simulation when scattering]]
[2021.01.15-22.52.51:380][  0]LogConfig: Setting CVar [[r.DOF.Scatter.MaxSpriteRatio:0.1         ; only a maximum of 10% of scattered bokeh]]
[2021.01.15-22.52.51:380][  0]LogConfig: Setting CVar [[r.DOF.Recombine.Quality:1                ; cheap slight out of focus]]
[2021.01.15-22.52.51:380][  0]LogConfig: Setting CVar [[r.DOF.Recombine.EnableBokehSettings:0    ; no bokeh simulation on slight out of focus]]
[2021.01.15-22.52.51:380][  0]LogConfig: Setting CVar [[r.DOF.TemporalAAQuality:1                ; more stable temporal accumulation]]
[2021.01.15-22.52.51:380][  0]LogConfig: Setting CVar [[r.DOF.Kernel.MaxForegroundRadius:0.025]]
[2021.01.15-22.52.51:380][  0]LogConfig: Setting CVar [[r.DOF.Kernel.MaxBackgroundRadius:0.025]]
[2021.01.15-22.52.51:381][  0]LogConfig: Applying CVar settings from Section [TextureQuality@3] File [F:/UNREAL ENGINE PROJECTS/StealthGame_ProjectBase_4.25/Stealth_Game_UE/StealthGame/Saved/Config/Windows/Scalability.ini]
[2021.01.15-22.52.51:381][  0]LogConfig: Setting CVar [[r.Streaming.MipBias:0]]
[2021.01.15-22.52.51:381][  0]LogConfig: Setting CVar [[r.Streaming.AmortizeCPUToGPUCopy:0]]
[2021.01.15-22.52.51:381][  0]LogConfig: Setting CVar [[r.Streaming.MaxNumTexturesToStreamPerFrame:0]]
[2021.01.15-22.52.51:381][  0]LogConfig: Setting CVar [[r.Streaming.Boost:1]]
[2021.01.15-22.52.51:381][  0]LogConfig: Setting CVar [[r.MaxAnisotropy:8]]
[2021.01.15-22.52.51:381][  0]LogConfig: Setting CVar [[r.VT.MaxAnisotropy:8]]
[2021.01.15-22.52.51:381][  0]LogConfig: Setting CVar [[r.Streaming.LimitPoolSizeToVRAM:0]]
[2021.01.15-22.52.51:381][  0]LogConfig: Setting CVar [[r.Streaming.PoolSize:1000]]
[2021.01.15-22.52.51:381][  0]LogConfig: Setting CVar [[r.Streaming.MaxEffectiveScreenSize:0]]
[2021.01.15-22.52.51:381][  0]LogConfig: Applying CVar settings from Section [EffectsQuality@3] File [F:/UNREAL ENGINE PROJECTS/StealthGame_ProjectBase_4.25/Stealth_Game_UE/StealthGame/Saved/Config/Windows/Scalability.ini]
[2021.01.15-22.52.51:381][  0]LogConfig: Setting CVar [[r.TranslucencyLightingVolumeDim:64]]
[2021.01.15-22.52.51:381][  0]LogConfig: Setting CVar [[r.RefractionQuality:2]]
[2021.01.15-22.52.51:381][  0]LogConfig: Setting CVar [[r.SSR.Quality:3]]
[2021.01.15-22.52.51:381][  0]LogConfig: Setting CVar [[r.SSR.HalfResSceneColor:0]]
[2021.01.15-22.52.51:381][  0]LogConfig: Setting CVar [[r.SceneColorFormat:4]]
[2021.01.15-22.52.51:381][  0]LogConfig: Setting CVar [[r.DetailMode:2]]
[2021.01.15-22.52.51:381][  0]LogConfig: Setting CVar [[r.TranslucencyVolumeBlur:1]]
[2021.01.15-22.52.51:381][  0]LogConfig: Setting CVar [[r.MaterialQualityLevel:1 ; High quality]]
[2021.01.15-22.52.51:381][  0]LogConfig: Setting CVar [[r.SSS.Scale:1]]
[2021.01.15-22.52.51:381][  0]LogConfig: Setting CVar [[r.SSS.SampleSet:2]]
[2021.01.15-22.52.51:381][  0]LogConfig: Setting CVar [[r.SSS.Quality:1]]
[2021.01.15-22.52.51:381][  0]LogConfig: Setting CVar [[r.SSS.HalfRes:0]]
[2021.01.15-22.52.51:381][  0]LogConfig: Setting CVar [[r.SSGI.Quality:3]]
[2021.01.15-22.52.51:381][  0]LogConfig: Setting CVar [[r.EmitterSpawnRateScale:1.0]]
[2021.01.15-22.52.51:381][  0]LogConfig: Setting CVar [[r.ParticleLightQuality:2]]
[2021.01.15-22.52.51:381][  0]LogConfig: Setting CVar [[r.SkyAtmosphere.AerialPerspectiveLUT.FastApplyOnOpaque:1 ; Always have FastSkyLUT 1 in this case to avoid wrong sky]]
[2021.01.15-22.52.51:381][  0]LogConfig: Setting CVar [[r.SkyAtmosphere.AerialPerspectiveLUT.SampleCountPerSlice:1]]
[2021.01.15-22.52.51:381][  0]LogConfig: Setting CVar [[r.SkyAtmosphere.AerialPerspectiveLUT.DepthResolution:16.0]]
[2021.01.15-22.52.51:381][  0]LogConfig: Setting CVar [[r.SkyAtmosphere.FastSkyLUT:1]]
[2021.01.15-22.52.51:381][  0]LogConfig: Setting CVar [[r.SkyAtmosphere.FastSkyLUT.SampleCountMin:4.0]]
[2021.01.15-22.52.51:381][  0]LogConfig: Setting CVar [[r.SkyAtmosphere.FastSkyLUT.SampleCountMax:32.0]]
[2021.01.15-22.52.51:381][  0]LogConfig: Setting CVar [[r.SkyAtmosphere.SampleCountMin:4.0]]
[2021.01.15-22.52.51:381][  0]LogConfig: Setting CVar [[r.SkyAtmosphere.SampleCountMax:32.0]]
[2021.01.15-22.52.51:381][  0]LogConfig: Setting CVar [[r.SkyAtmosphere.TransmittanceLUT.UseSmallFormat:0]]
[2021.01.15-22.52.51:381][  0]LogConfig: Setting CVar [[r.SkyAtmosphere.TransmittanceLUT.SampleCount:10.0]]
[2021.01.15-22.52.51:381][  0]LogConfig: Setting CVar [[r.SkyAtmosphere.MultiScatteringLUT.SampleCount:15.0]]
[2021.01.15-22.52.51:381][  0]LogConfig: Applying CVar settings from Section [FoliageQuality@3] File [F:/UNREAL ENGINE PROJECTS/StealthGame_ProjectBase_4.25/Stealth_Game_UE/StealthGame/Saved/Config/Windows/Scalability.ini]
[2021.01.15-22.52.51:381][  0]LogConfig: Setting CVar [[foliage.DensityScale:1.0]]
[2021.01.15-22.52.51:381][  0]LogConfig: Setting CVar [[grass.DensityScale:1.0]]
[2021.01.15-22.52.51:381][  0]LogConfig: Applying CVar settings from Section [ShadingQuality@3] File [F:/UNREAL ENGINE PROJECTS/StealthGame_ProjectBase_4.25/Stealth_Game_UE/StealthGame/Saved/Config/Windows/Scalability.ini]
[2021.01.15-22.52.51:381][  0]LogConfig: Setting CVar [[r.HairStrands.SkyLighting.SampleCount:16]]
[2021.01.15-22.52.51:381][  0]LogConfig: Setting CVar [[r.HairStrands.SkyLighting.JitterIntegration:0]]
[2021.01.15-22.52.51:381][  0]LogConfig: Setting CVar [[r.HairStrands.SkyAO.SampleCount:16]]
[2021.01.15-22.52.51:381][  0]LogConfig: Setting CVar [[r.HairStrands.DeepShadow.SuperSampling:0]]
[2021.01.15-22.52.51:381][  0]LogConfig: Setting CVar [[r.HairStrands.VisibilityPPLL:0]]
[2021.01.15-22.52.51:381][  0]LogConfig: Setting CVar [[r.HairStrands.RasterizationScale:0.5]]
[2021.01.15-22.52.51:381][  0]LogConfig: Setting CVar [[r.HairStrands.VelocityRasterizationScale:1]]
[2021.01.15-22.52.51:381][  0]LogInit: Selected Device Profile: [Windows]
[2021.01.15-22.52.51:381][  0]LogInit: Applying CVar settings loaded from the selected device profile: [Windows]
[2021.01.15-22.52.51:381][  0]LogHAL: Display: Platform has ~ 32 GB [34282610688 / 34359738368 / 32], which maps to Largest [LargestMinGB=32, LargerMinGB=12, DefaultMinGB=8, SmallerMinGB=6, SmallestMinGB=0)
[2021.01.15-22.52.51:381][  0]LogInit: Going up to parent DeviceProfile []
[2021.01.15-22.52.51:381][  0]LogConfig: Applying CVar settings from Section [ViewDistanceQuality@3] File [F:/UNREAL ENGINE PROJECTS/StealthGame_ProjectBase_4.25/Stealth_Game_UE/StealthGame/Saved/Config/Windows/Scalability.ini]
[2021.01.15-22.52.51:381][  0]LogConfig: Setting CVar [[r.SkeletalMeshLODBias:0]]
[2021.01.15-22.52.51:381][  0]LogConfig: Setting CVar [[r.ViewDistanceScale:1.0]]
[2021.01.15-22.52.51:381][  0]LogConfig: Applying CVar settings from Section [AntiAliasingQuality@3] File [F:/UNREAL ENGINE PROJECTS/StealthGame_ProjectBase_4.25/Stealth_Game_UE/StealthGame/Saved/Config/Windows/Scalability.ini]
[2021.01.15-22.52.51:381][  0]LogConfig: Setting CVar [[r.PostProcessAAQuality:4]]
[2021.01.15-22.52.51:381][  0]LogConfig: Applying CVar settings from Section [ShadowQuality@3] File [F:/UNREAL ENGINE PROJECTS/StealthGame_ProjectBase_4.25/Stealth_Game_UE/StealthGame/Saved/Config/Windows/Scalability.ini]
[2021.01.15-22.52.51:381][  0]LogConfig: Setting CVar [[r.LightFunctionQuality:1]]
[2021.01.15-22.52.51:381][  0]LogConfig: Setting CVar [[r.ShadowQuality:5]]
[2021.01.15-22.52.51:381][  0]LogConfig: Setting CVar [[r.Shadow.CSM.MaxCascades:10]]
[2021.01.15-22.52.51:381][  0]LogConfig: Setting CVar [[r.Shadow.MaxResolution:2048]]
[2021.01.15-22.52.51:381][  0]LogConfig: Setting CVar [[r.Shadow.MaxCSMResolution:2048]]
[2021.01.15-22.52.51:381][  0]LogConfig: Setting CVar [[r.Shadow.RadiusThreshold:0.01]]
[2021.01.15-22.52.51:381][  0]LogConfig: Setting CVar [[r.Shadow.DistanceScale:1.0]]
[2021.01.15-22.52.51:381][  0]LogConfig: Setting CVar [[r.Shadow.CSM.TransitionScale:1.0]]
[2021.01.15-22.52.51:381][  0]LogConfig: Setting CVar [[r.Shadow.PreShadowResolutionFactor:1.0]]
[2021.01.15-22.52.51:381][  0]LogConfig: Setting CVar [[r.DistanceFieldShadowing:1]]
[2021.01.15-22.52.51:381][  0]LogConfig: Setting CVar [[r.DistanceFieldAO:1]]
[2021.01.15-22.52.51:381][  0]LogConfig: Setting CVar [[r.AOQuality:2]]
[2021.01.15-22.52.51:381][  0]LogConfig: Setting CVar [[r.VolumetricFog:1]]
[2021.01.15-22.52.51:381][  0]LogConfig: Setting CVar [[r.VolumetricFog.GridPixelSize:8]]
[2021.01.15-22.52.51:381][  0]LogConfig: Setting CVar [[r.VolumetricFog.GridSizeZ:128]]
[2021.01.15-22.52.51:381][  0]LogConfig: Setting CVar [[r.VolumetricFog.HistoryMissSupersampleCount:4]]
[2021.01.15-22.52.51:381][  0]LogConfig: Setting CVar [[r.LightMaxDrawDistanceScale:1]]
[2021.01.15-22.52.51:382][  0]LogConfig: Setting CVar [[r.CapsuleShadows:1]]
[2021.01.15-22.52.51:382][  0]LogConfig: Applying CVar settings from Section [PostProcessQuality@3] File [F:/UNREAL ENGINE PROJECTS/StealthGame_ProjectBase_4.25/Stealth_Game_UE/StealthGame/Saved/Config/Windows/Scalability.ini]
[2021.01.15-22.52.51:382][  0]LogConfig: Setting CVar [[r.MotionBlurQuality:4]]
[2021.01.15-22.52.51:382][  0]LogConfig: Setting CVar [[r.AmbientOcclusionMipLevelFactor:0.4]]
[2021.01.15-22.52.51:382][  0]LogConfig: Setting CVar [[r.AmbientOcclusionMaxQuality:100]]
[2021.01.15-22.52.51:382][  0]LogConfig: Setting CVar [[r.AmbientOcclusionLevels:-1]]
[2021.01.15-22.52.51:382][  0]LogConfig: Setting CVar [[r.AmbientOcclusionRadiusScale:1.0]]
[2021.01.15-22.52.51:382][  0]LogConfig: Setting CVar [[r.DepthOfFieldQuality:2]]
[2021.01.15-22.52.51:382][  0]LogConfig: Setting CVar [[r.RenderTargetPoolMin:400]]
[2021.01.15-22.52.51:382][  0]LogConfig: Setting CVar [[r.LensFlareQuality:2]]
[2021.01.15-22.52.51:382][  0]LogConfig: Setting CVar [[r.SceneColorFringeQuality:1]]
[2021.01.15-22.52.51:382][  0]LogConfig: Setting CVar [[r.EyeAdaptationQuality:2]]
[2021.01.15-22.52.51:382][  0]LogConfig: Setting CVar [[r.BloomQuality:5]]
[2021.01.15-22.52.51:382][  0]LogConfig: Setting CVar [[r.FastBlurThreshold:100]]
[2021.01.15-22.52.51:382][  0]LogConfig: Setting CVar [[r.Upscale.Quality:3]]
[2021.01.15-22.52.51:382][  0]LogConfig: Setting CVar [[r.Tonemapper.GrainQuantization:1]]
[2021.01.15-22.52.51:382][  0]LogConfig: Setting CVar [[r.LightShaftQuality:1]]
[2021.01.15-22.52.51:382][  0]LogConfig: Setting CVar [[r.Filter.SizeScale:1]]
[2021.01.15-22.52.51:382][  0]LogConfig: Setting CVar [[r.Tonemapper.Quality:5]]
[2021.01.15-22.52.51:382][  0]LogConfig: Setting CVar [[r.DOF.Gather.AccumulatorQuality:1        ; higher gathering accumulator quality]]
[2021.01.15-22.52.51:382][  0]LogConfig: Setting CVar [[r.DOF.Gather.PostfilterMethod:1          ; Median3x3 postfilering method]]
[2021.01.15-22.52.51:382][  0]LogConfig: Setting CVar [[r.DOF.Gather.EnableBokehSettings:0       ; no bokeh simulation when gathering]]
[2021.01.15-22.52.51:382][  0]LogConfig: Setting CVar [[r.DOF.Gather.RingCount:4                 ; medium number of samples when gathering]]
[2021.01.15-22.52.51:382][  0]LogConfig: Setting CVar [[r.DOF.Scatter.ForegroundCompositing:1    ; additive foreground scattering]]
[2021.01.15-22.52.51:382][  0]LogConfig: Setting CVar [[r.DOF.Scatter.BackgroundCompositing:2    ; additive background scattering]]
[2021.01.15-22.52.51:382][  0]LogConfig: Setting CVar [[r.DOF.Scatter.EnableBokehSettings:1      ; bokeh simulation when scattering]]
[2021.01.15-22.52.51:382][  0]LogConfig: Setting CVar [[r.DOF.Scatter.MaxSpriteRatio:0.1         ; only a maximum of 10% of scattered bokeh]]
[2021.01.15-22.52.51:382][  0]LogConfig: Setting CVar [[r.DOF.Recombine.Quality:1                ; cheap slight out of focus]]
[2021.01.15-22.52.51:382][  0]LogConfig: Setting CVar [[r.DOF.Recombine.EnableBokehSettings:0    ; no bokeh simulation on slight out of focus]]
[2021.01.15-22.52.51:382][  0]LogConfig: Setting CVar [[r.DOF.TemporalAAQuality:1                ; more stable temporal accumulation]]
[2021.01.15-22.52.51:382][  0]LogConfig: Setting CVar [[r.DOF.Kernel.MaxForegroundRadius:0.025]]
[2021.01.15-22.52.51:382][  0]LogConfig: Setting CVar [[r.DOF.Kernel.MaxBackgroundRadius:0.025]]
[2021.01.15-22.52.51:382][  0]LogConfig: Applying CVar settings from Section [TextureQuality@3] File [F:/UNREAL ENGINE PROJECTS/StealthGame_ProjectBase_4.25/Stealth_Game_UE/StealthGame/Saved/Config/Windows/Scalability.ini]
[2021.01.15-22.52.51:382][  0]LogConfig: Setting CVar [[r.Streaming.MipBias:0]]
[2021.01.15-22.52.51:382][  0]LogConfig: Setting CVar [[r.Streaming.AmortizeCPUToGPUCopy:0]]
[2021.01.15-22.52.51:382][  0]LogConfig: Setting CVar [[r.Streaming.MaxNumTexturesToStreamPerFrame:0]]
[2021.01.15-22.52.51:382][  0]LogConfig: Setting CVar [[r.Streaming.Boost:1]]
[2021.01.15-22.52.51:382][  0]LogConfig: Setting CVar [[r.MaxAnisotropy:8]]
[2021.01.15-22.52.51:382][  0]LogConfig: Setting CVar [[r.VT.MaxAnisotropy:8]]
[2021.01.15-22.52.51:382][  0]LogConfig: Setting CVar [[r.Streaming.LimitPoolSizeToVRAM:0]]
[2021.01.15-22.52.51:382][  0]LogConfig: Setting CVar [[r.Streaming.PoolSize:1000]]
[2021.01.15-22.52.51:382][  0]LogConfig: Setting CVar [[r.Streaming.MaxEffectiveScreenSize:0]]
[2021.01.15-22.52.51:382][  0]LogConfig: Applying CVar settings from Section [EffectsQuality@3] File [F:/UNREAL ENGINE PROJECTS/StealthGame_ProjectBase_4.25/Stealth_Game_UE/StealthGame/Saved/Config/Windows/Scalability.ini]
[2021.01.15-22.52.51:382][  0]LogConfig: Setting CVar [[r.TranslucencyLightingVolumeDim:64]]
[2021.01.15-22.52.51:382][  0]LogConfig: Setting CVar [[r.RefractionQuality:2]]
[2021.01.15-22.52.51:382][  0]LogConfig: Setting CVar [[r.SSR.Quality:3]]
[2021.01.15-22.52.51:382][  0]LogConfig: Setting CVar [[r.SSR.HalfResSceneColor:0]]
[2021.01.15-22.52.51:382][  0]LogConfig: Setting CVar [[r.SceneColorFormat:4]]
[2021.01.15-22.52.51:382][  0]LogConfig: Setting CVar [[r.DetailMode:2]]
[2021.01.15-22.52.51:382][  0]LogConfig: Setting CVar [[r.TranslucencyVolumeBlur:1]]
[2021.01.15-22.52.51:382][  0]LogConfig: Setting CVar [[r.MaterialQualityLevel:1 ; High quality]]
[2021.01.15-22.52.51:382][  0]LogConfig: Setting CVar [[r.SSS.Scale:1]]
[2021.01.15-22.52.51:382][  0]LogConfig: Setting CVar [[r.SSS.SampleSet:2]]
[2021.01.15-22.52.51:382][  0]LogConfig: Setting CVar [[r.SSS.Quality:1]]
[2021.01.15-22.52.51:382][  0]LogConfig: Setting CVar [[r.SSS.HalfRes:0]]
[2021.01.15-22.52.51:382][  0]LogConfig: Setting CVar [[r.SSGI.Quality:3]]
[2021.01.15-22.52.51:382][  0]LogConfig: Setting CVar [[r.EmitterSpawnRateScale:1.0]]
[2021.01.15-22.52.51:382][  0]LogConfig: Setting CVar [[r.ParticleLightQuality:2]]
[2021.01.15-22.52.51:382][  0]LogConfig: Setting CVar [[r.SkyAtmosphere.AerialPerspectiveLUT.FastApplyOnOpaque:1 ; Always have FastSkyLUT 1 in this case to avoid wrong sky]]
[2021.01.15-22.52.51:382][  0]LogConfig: Setting CVar [[r.SkyAtmosphere.AerialPerspectiveLUT.SampleCountPerSlice:1]]
[2021.01.15-22.52.51:382][  0]LogConfig: Setting CVar [[r.SkyAtmosphere.AerialPerspectiveLUT.DepthResolution:16.0]]
[2021.01.15-22.52.51:382][  0]LogConfig: Setting CVar [[r.SkyAtmosphere.FastSkyLUT:1]]
[2021.01.15-22.52.51:382][  0]LogConfig: Setting CVar [[r.SkyAtmosphere.FastSkyLUT.SampleCountMin:4.0]]
[2021.01.15-22.52.51:382][  0]LogConfig: Setting CVar [[r.SkyAtmosphere.FastSkyLUT.SampleCountMax:32.0]]
[2021.01.15-22.52.51:382][  0]LogConfig: Setting CVar [[r.SkyAtmosphere.SampleCountMin:4.0]]
[2021.01.15-22.52.51:382][  0]LogConfig: Setting CVar [[r.SkyAtmosphere.SampleCountMax:32.0]]
[2021.01.15-22.52.51:382][  0]LogConfig: Setting CVar [[r.SkyAtmosphere.TransmittanceLUT.UseSmallFormat:0]]
[2021.01.15-22.52.51:382][  0]LogConfig: Setting CVar [[r.SkyAtmosphere.TransmittanceLUT.SampleCount:10.0]]
[2021.01.15-22.52.51:382][  0]LogConfig: Setting CVar [[r.SkyAtmosphere.MultiScatteringLUT.SampleCount:15.0]]
[2021.01.15-22.52.51:382][  0]LogConfig: Applying CVar settings from Section [FoliageQuality@3] File [F:/UNREAL ENGINE PROJECTS/StealthGame_ProjectBase_4.25/Stealth_Game_UE/StealthGame/Saved/Config/Windows/Scalability.ini]
[2021.01.15-22.52.51:382][  0]LogConfig: Setting CVar [[foliage.DensityScale:1.0]]
[2021.01.15-22.52.51:382][  0]LogConfig: Setting CVar [[grass.DensityScale:1.0]]
[2021.01.15-22.52.51:382][  0]LogConfig: Applying CVar settings from Section [ShadingQuality@3] File [F:/UNREAL ENGINE PROJECTS/StealthGame_ProjectBase_4.25/Stealth_Game_UE/StealthGame/Saved/Config/Windows/Scalability.ini]
[2021.01.15-22.52.51:382][  0]LogConfig: Setting CVar [[r.HairStrands.SkyLighting.SampleCount:16]]
[2021.01.15-22.52.51:382][  0]LogConfig: Setting CVar [[r.HairStrands.SkyLighting.JitterIntegration:0]]
[2021.01.15-22.52.51:382][  0]LogConfig: Setting CVar [[r.HairStrands.SkyAO.SampleCount:16]]
[2021.01.15-22.52.51:382][  0]LogConfig: Setting CVar [[r.HairStrands.DeepShadow.SuperSampling:0]]
[2021.01.15-22.52.51:382][  0]LogConfig: Setting CVar [[r.HairStrands.VisibilityPPLL:0]]
[2021.01.15-22.52.51:382][  0]LogConfig: Setting CVar [[r.HairStrands.RasterizationScale:0.5]]
[2021.01.15-22.52.51:382][  0]LogConfig: Setting CVar [[r.HairStrands.VelocityRasterizationScale:1]]
[2021.01.15-22.52.51:383][  0]LogConfig: Applying CVar settings from Section [Startup] File [../../../Engine/Config/ConsoleVariables.ini]
[2021.01.15-22.52.51:383][  0]LogConfig: Setting CVar [[net.UseAdaptiveNetUpdateFrequency:0]]
[2021.01.15-22.52.51:383][  0]LogConfig: Setting CVar [[p.chaos.AllowCreatePhysxBodies:1]]
[2021.01.15-22.52.51:383][  0]LogConfig: Setting CVar [[fx.SkipVectorVMBackendOptimizations:1]]
[2021.01.15-22.52.51:383][  0]LogConfig: Applying CVar settings from Section [ConsoleVariables] File [F:/UNREAL ENGINE PROJECTS/StealthGame_ProjectBase_4.25/Stealth_Game_UE/StealthGame/Saved/Config/Windows/Engine.ini]
[2021.01.15-22.52.51:383][  0]LogInit: Computer: DESKTOP-F95APMH
[2021.01.15-22.52.51:383][  0]LogInit: User: Vanilla
[2021.01.15-22.52.51:383][  0]LogInit: CPU Page size=4096, Cores=8
[2021.01.15-22.52.51:383][  0]LogInit: High frequency timer resolution =10.000000 MHz
[2021.01.15-22.52.51:383][  0]LogMemory: Memory total: Physical=31.9GB (32GB approx)
[2021.01.15-22.52.51:383][  0]LogMemory: Platform Memory Stats for Windows
[2021.01.15-22.52.51:383][  0]LogMemory: Process Physical Memory: 117.05 MB used, 117.05 MB peak
[2021.01.15-22.52.51:383][  0]LogMemory: Process Virtual Memory: 106.38 MB used, 106.38 MB peak
[2021.01.15-22.52.51:383][  0]LogMemory: Physical Memory: 10000.56 MB used,  22693.88 MB free, 32694.45 MB total
[2021.01.15-22.52.51:383][  0]LogMemory: Virtual Memory: 5194.88 MB used,  134212536.00 MB free, 134217728.00 MB total
[2021.01.15-22.52.51:388][  0]LogWindows: WindowsPlatformFeatures enabled
[2021.01.15-22.52.51:439][  0]LogInit: Physics initialised using underlying interface: PhysX
[2021.01.15-22.52.51:440][  0]LogInit: Using OS detected language (en-US).
[2021.01.15-22.52.51:440][  0]LogInit: Using OS detected locale (en-CA).
[2021.01.15-22.52.51:443][  0]LogTextLocalizationManager: No specific localization for 'en-US' exists, so the 'en' localization will be used.
[2021.01.15-22.52.51:605][  0]LogInit: Setting process to per monitor DPI aware
[2021.01.15-22.52.51:642][  0]LogSlate: New Slate User Created.  User Index 0, Is Virtual User: 0
[2021.01.15-22.52.51:642][  0]LogSlate: Slate User Registered.  User Index 0, Is Virtual User: 0
[2021.01.15-22.52.51:886][  0]LogHMD: Failed to initialize OpenVR with code 110
[2021.01.15-22.52.51:886][  0]LogD3D11RHI: D3D11 min allowed feature level: 11_0
[2021.01.15-22.52.51:886][  0]LogD3D11RHI: D3D11 max allowed feature level: 11_0
[2021.01.15-22.52.51:886][  0]LogD3D11RHI: D3D11 adapters:
[2021.01.15-22.52.52:002][  0]LogD3D11RHI:    0. 'NVIDIA GeForce RTX 2070' (Feature Level 11_0)
[2021.01.15-22.52.52:002][  0]LogD3D11RHI:       8031/0/16347 MB DedicatedVideo/DedicatedSystem/SharedSystem, Outputs:2, VendorId:0x10de
[2021.01.15-22.52.52:004][  0]LogD3D11RHI:    1. 'Microsoft Basic Render Driver' (Feature Level 11_0)
[2021.01.15-22.52.52:004][  0]LogD3D11RHI:       0/0/16347 MB DedicatedVideo/DedicatedSystem/SharedSystem, Outputs:0, VendorId:0x1414
[2021.01.15-22.52.52:004][  0]LogD3D11RHI: Chosen D3D11 Adapter: 0
[2021.01.15-22.52.52:012][  0]LogD3D11RHI: Creating new Direct3DDevice
[2021.01.15-22.52.52:012][  0]LogD3D11RHI:     GPU DeviceId: 0x1f02 (for the marketing name, search the web for "GPU Device Id")
[2021.01.15-22.52.52:012][  0]LogWindows: EnumDisplayDevices:
[2021.01.15-22.52.52:012][  0]LogWindows:    0. 'NVIDIA GeForce RTX 2070' (P:1 D:1)
[2021.01.15-22.52.52:012][  0]LogWindows:    1. 'NVIDIA GeForce RTX 2070' (P:0 D:1)
[2021.01.15-22.52.52:012][  0]LogWindows:    2. 'NVIDIA GeForce RTX 2070' (P:0 D:0)
[2021.01.15-22.52.52:013][  0]LogWindows:    3. 'NVIDIA GeForce RTX 2070' (P:0 D:0)
[2021.01.15-22.52.52:013][  0]LogWindows: DebugString: FoundDriverCount:4 
[2021.01.15-22.52.52:013][  0]LogD3D11RHI:     Adapter Name: NVIDIA GeForce RTX 2070
[2021.01.15-22.52.52:013][  0]LogD3D11RHI:   Driver Version: 461.09 (internal:27.21.14.6109, unified:461.09)
[2021.01.15-22.52.52:013][  0]LogD3D11RHI:      Driver Date: 12-31-2020
[2021.01.15-22.52.52:013][  0]LogRHI: Texture pool is 5621 MB (70% of 8031 MB)
[2021.01.15-22.52.52:097][  0]LogD3D11RHI: RHI has support for 64 bit atomics
[2021.01.15-22.52.52:098][  0]LogD3D11RHI: Async texture creation enabled
[2021.01.15-22.52.52:098][  0]LogD3D11RHI: Array index from any shader is supported
[2021.01.15-22.52.52:114][  0]LogD3D11RHI: GPU Timing Frequency: 1000.000000 (Debug: 2 1)
[2021.01.15-22.52.52:512][  0]LogTargetPlatformManager: Display: Loaded TargetPlatform 'AllDesktop'
[2021.01.15-22.52.52:533][  0]LogTargetPlatformManager: Display: Loaded TargetPlatform 'Android'
[2021.01.15-22.52.52:533][  0]LogTargetPlatformManager: Display: Loaded TargetPlatform 'Android_ASTC'
[2021.01.15-22.52.52:533][  0]LogTargetPlatformManager: Display: Loaded TargetPlatform 'Android_DXT'
[2021.01.15-22.52.52:533][  0]LogTargetPlatformManager: Display: Loaded TargetPlatform 'Android_ETC2'
[2021.01.15-22.52.52:533][  0]LogTargetPlatformManager: Display: Loaded TargetPlatform 'AndroidClient'
[2021.01.15-22.52.52:533][  0]LogTargetPlatformManager: Display: Loaded TargetPlatform 'Android_ASTCClient'
[2021.01.15-22.52.52:533][  0]LogTargetPlatformManager: Display: Loaded TargetPlatform 'Android_DXTClient'
[2021.01.15-22.52.52:533][  0]LogTargetPlatformManager: Display: Loaded TargetPlatform 'Android_ETC2Client'
[2021.01.15-22.52.52:533][  0]LogTargetPlatformManager: Display: Loaded TargetPlatform 'Android_Multi'
[2021.01.15-22.52.52:533][  0]LogTargetPlatformManager: Display: Loaded TargetPlatform 'Android_MultiClient'
[2021.01.15-22.52.52:558][  0]LogTargetPlatformManager: Display: Loaded TargetPlatform 'IOSClient'
[2021.01.15-22.52.52:558][  0]LogTargetPlatformManager: Display: Loaded TargetPlatform 'IOS'
[2021.01.15-22.52.52:569][  0]LogTargetPlatformManager: Display: Loaded TargetPlatform 'Linux'
[2021.01.15-22.52.52:579][  0]LogTargetPlatformManager: Display: Loaded TargetPlatform 'LinuxNoEditor'
[2021.01.15-22.52.52:589][  0]LogTargetPlatformManager: Display: Loaded TargetPlatform 'LinuxClient'
[2021.01.15-22.52.52:599][  0]LogTargetPlatformManager: Display: Loaded TargetPlatform 'LinuxServer'
[2021.01.15-22.52.52:608][  0]LogTargetPlatformManager: Display: Loaded TargetPlatform 'LinuxAArch64NoEditor'
[2021.01.15-22.52.52:618][  0]LogTargetPlatformManager: Display: Loaded TargetPlatform 'LinuxAArch64Client'
[2021.01.15-22.52.52:628][  0]LogTargetPlatformManager: Display: Loaded TargetPlatform 'LinuxAArch64Server'
[2021.01.15-22.52.52:655][  0]LogTargetPlatformManager: Display: Loaded TargetPlatform 'Lumin'
[2021.01.15-22.52.52:655][  0]LogTargetPlatformManager: Display: Loaded TargetPlatform 'LuminClient'
[2021.01.15-22.52.52:672][  0]LogTargetPlatformManager: Display: Loaded TargetPlatform 'TVOSClient'
[2021.01.15-22.52.52:672][  0]LogTargetPlatformManager: Display: Loaded TargetPlatform 'TVOS'
[2021.01.15-22.52.52:682][  0]LogTargetPlatformManager: Display: Loaded TargetPlatform 'WindowsNoEditor'
[2021.01.15-22.52.52:692][  0]LogTargetPlatformManager: Display: Loaded TargetPlatform 'Windows'
[2021.01.15-22.52.52:702][  0]LogTargetPlatformManager: Display: Loaded TargetPlatform 'WindowsClient'
[2021.01.15-22.52.52:712][  0]LogTargetPlatformManager: Display: Loaded TargetPlatform 'WindowsServer'
[2021.01.15-22.52.52:712][  0]LogTargetPlatformManager: Display: Building Assets For Windows
[2021.01.15-22.52.52:721][  0]LogAudioDebug: Display: Lib vorbis DLL was dynamically loaded.
[2021.01.15-22.52.52:798][  0]LogShaderCompilers: Guid format shader working directory is -47 characters bigger than the processId version (../../../../../UNREAL ENGINE PROJECTS/StealthGame_ProjectBase_4.25/Stealth_Game_UE/StealthGame/Intermediate/Shaders/WorkingDirectory/13904/).
[2021.01.15-22.52.52:798][  0]LogShaderCompilers: Cleaned the shader compiler working directory 'C:/Users/Vanilla/AppData/Local/Temp/UnrealShaderWorkingDir/8F22C228425B4478A2A0ED973B338BB6/'.
[2021.01.15-22.52.52:799][  0]LogXGEController: Cleaning working directory: C:/Users/Vanilla/AppData/Local/Temp/UnrealXGEWorkingDir/
[2021.01.15-22.52.52:799][  0]LogXGEController: Cannot use XGE Controller as Incredibuild is not installed on this machine.
[2021.01.15-22.52.52:799][  0]LogShaderCompilers: Cannot use XGE Shader Compiler as Incredibuild is not installed on this machine.
[2021.01.15-22.52.52:799][  0]LogShaderCompilers: Display: Using Local Shader Compiler.
[2021.01.15-22.52.53:576][  0]LogDerivedDataCache: Display: Max Cache Size: 512 MB
[2021.01.15-22.52.53:617][  0]LogDerivedDataCache: Loaded boot cache 0.04s 78MB C:/Users/Vanilla/AppData/Local/UnrealEngine/4.25/DerivedDataCache/Boot.ddc.
[2021.01.15-22.52.53:618][  0]LogDerivedDataCache: Display: Loaded Boot cache: C:/Users/Vanilla/AppData/Local/UnrealEngine/4.25/DerivedDataCache/Boot.ddc
[2021.01.15-22.52.53:618][  0]LogDerivedDataCache: FDerivedDataBackendGraph:  Pak pak cache file ../../../../../UNREAL ENGINE PROJECTS/StealthGame_ProjectBase_4.25/Stealth_Game_UE/StealthGame/DerivedDataCache/DDC.ddp not found, will not use a pak cache.
[2021.01.15-22.52.53:618][  0]LogDerivedDataCache: Unable to find inner node Pak for hierarchical cache Hierarchy.
[2021.01.15-22.52.53:618][  0]LogDerivedDataCache: FDerivedDataBackendGraph:  CompressedPak pak cache file ../../../../../UNREAL ENGINE PROJECTS/StealthGame_ProjectBase_4.25/Stealth_Game_UE/StealthGame/DerivedDataCache/Compressed.ddp not found, will not use a pak cache.
[2021.01.15-22.52.53:618][  0]LogDerivedDataCache: Unable to find inner node CompressedPak for hierarchical cache Hierarchy.
[2021.01.15-22.52.53:629][  0]LogDerivedDataCache: Display: Pak cache opened for reading ../../../Engine/DerivedDataCache/Compressed.ddp.
[2021.01.15-22.52.53:629][  0]LogDerivedDataCache: FDerivedDataBackendGraph:  EnterprisePak pak cache file ../../../Enterprise/DerivedDataCache/Compressed.ddp not found, will not use a pak cache.
[2021.01.15-22.52.53:629][  0]LogDerivedDataCache: Unable to find inner node EnterprisePak for hierarchical cache Hierarchy.
[2021.01.15-22.52.53:630][  0]LogDerivedDataCache: Using Local data cache path C:/Users/Vanilla/AppData/Local/UnrealEngine/Common/DerivedDataCache: Writable
[2021.01.15-22.52.53:630][  0]LogDerivedDataCache: Shared data cache path not found in *engine.ini, will not use an Shared cache.
[2021.01.15-22.52.53:630][  0]LogDerivedDataCache: Unable to find inner node Shared for hierarchical cache Hierarchy.
[2021.01.15-22.52.53:682][  0]LogSlate: Using FreeType 2.10.0
[2021.01.15-22.52.53:683][  0]LogSlate: SlateFontServices - WITH_FREETYPE: 1, WITH_HARFBUZZ: 1
[2021.01.15-22.52.53:705][  0]LogAssetRegistry: FAssetRegistry took 0.0024 seconds to start up
[2021.01.15-22.52.53:937][  0]LogInit: Selected Device Profile: [Windows]
[2021.01.15-22.52.54:044][  0]LogMeshReduction: Using QuadricMeshReduction for automatic static mesh reduction
[2021.01.15-22.52.54:044][  0]LogMeshReduction: Using SimplygonMeshReduction for automatic skeletal mesh reduction
[2021.01.15-22.52.54:044][  0]LogMeshReduction: Using ProxyLODMeshReduction for automatic mesh merging
[2021.01.15-22.52.54:044][  0]LogMeshReduction: No distributed automatic mesh merging module available
[2021.01.15-22.52.54:044][  0]LogMeshMerging: No distributed automatic mesh merging module available
[2021.01.15-22.52.54:061][  0]LogNetVersion: FPSGame 1.0.0, NetCL: 13144385, EngineNetVer: 14, GameNetVer: 0 (Checksum: 1304077534)
[2021.01.15-22.52.54:536][  0]LogAISub: UAISubsystem::UAISubsystem AISubsystem (00000159887842C0), frame # 0
[2021.01.15-22.52.54:536][  0]LogAISub: UAISubsystem::UAISubsystem AIPerceptionSystem (00000159886CCCC0), frame # 0
[2021.01.15-22.52.54:537][  0]LogAISub: UAISubsystem::UAISubsystem EnvQueryManager (0000015988705E00), frame # 0
[2021.01.15-22.52.54:593][  0]LogPackageLocalizationCache: Processed 19 localized package path(s) for 1 prioritized culture(s) in 0.048939 seconds
[2021.01.15-22.52.54:598][  0]LogUObjectArray: 15917 objects as part of root set at end of initial load.
[2021.01.15-22.52.54:598][  0]LogUObjectAllocator: 3965568 out of 0 bytes used by permanent object pool.
[2021.01.15-22.52.54:598][  0]LogUObjectArray: CloseDisregardForGC: 0/0 objects in disregard for GC pool
[2021.01.15-22.52.54:952][  0]LogTcpMessaging: Initializing TcpMessaging bridge
[2021.01.15-22.52.54:957][  0]LogUdpMessaging: Initializing bridge on interface 0.0.0.0:0 to multicast group 230.0.0.1:6666.
[2021.01.15-22.52.55:177][  0]SourceControl: Source control is disabled
[2021.01.15-22.52.55:177][  0]SourceControl: Source control is disabled
[2021.01.15-22.52.55:181][  0]SourceControl: Source control is disabled
[2021.01.15-22.52.55:184][  0]SourceControl: Source control is disabled
[2021.01.15-22.52.55:196][  0]SourceControl: Source control is disabled
[2021.01.15-22.52.55:456][  0]LogAndroidPermission: UAndroidPermissionCallbackProxy::GetInstance
[2021.01.15-22.52.55:478][  0]LogAudioCaptureCore: Display: No Audio Capture implementations found. Audio input will be silent.
[2021.01.15-22.52.55:478][  0]LogAudioCaptureCore: Display: No Audio Capture implementations found. Audio input will be silent.
[2021.01.15-22.52.55:529][  0]LogOcInput: OculusInput pre-init called
[2021.01.15-22.52.55:541][  0]LogWindows: Failed to load 'OVRPlugin.dll' (GetLastError=126)
[2021.01.15-22.52.55:541][  0]LogWindows: File 'OVRPlugin.dll' does not exist
[2021.01.15-22.52.55:605][  0]LogEngine: Initializing Engine...
[2021.01.15-22.52.55:606][  0]LogHMD: Failed to initialize OpenVR with code 110
[2021.01.15-22.52.55:606][  0]LogMagicLeap: Warning: VR disabled because ZI is not enabled.  To enable, in the editor, Edit -> Project Settings -> Plugins -> Magic Leap Plugin -> Enable Zero Iteration
[2021.01.15-22.52.55:607][  0]LogStats: UGameplayTagsManager::InitializeManager -  0.000 s
[2021.01.15-22.52.55:708][  0]LogInit: Initializing FReadOnlyCVARCache
[2021.01.15-22.52.55:716][  0]LogAIModule: Creating AISystem for world Untitled
[2021.01.15-22.52.55:716][  0]LogAISub: UAISubsystem::UAISubsystem EnvQueryManager (000001598F130600), frame # 0
[2021.01.15-22.52.55:716][  0]LogAISub: UAISubsystem::UAISubsystem AIPerceptionSystem (000001598F148B80), frame # 0
[2021.01.15-22.52.55:726][  0]LogAudioMixer: Display: Audio Mixer Platform Settings:
[2021.01.15-22.52.55:726][  0]LogAudioMixer: Display: 	Sample Rate:						  48000
[2021.01.15-22.52.55:726][  0]LogAudioMixer: Display: 	Callback Buffer Frame Size Requested: 1024
[2021.01.15-22.52.55:726][  0]LogAudioMixer: Display: 	Callback Buffer Frame Size To Use:	  1024
[2021.01.15-22.52.55:726][  0]LogAudioMixer: Display: 	Number of buffers to queue:			  2
[2021.01.15-22.52.55:726][  0]LogAudioMixer: Display: 	Max Channels (voices):				  32
[2021.01.15-22.52.55:726][  0]LogAudioMixer: Display: 	Number of Async Source Workers:		  0
[2021.01.15-22.52.55:726][  0]LogAudio: Display: AudioDevice MaxSources: 32
[2021.01.15-22.52.55:727][  0]LogAudio: Display: Using built-in audio occlusion.
[2021.01.15-22.52.55:727][  0]LogAudioMixer: Display: Initializing audio mixer.
[2021.01.15-22.52.55:743][  0]LogAudioMixer: Display: 0: FrontLeft
[2021.01.15-22.52.55:743][  0]LogAudioMixer: Display: 1: FrontRight
[2021.01.15-22.52.55:743][  0]LogAudioMixer: Display: 2: FrontCenter
[2021.01.15-22.52.55:743][  0]LogAudioMixer: Display: 3: LowFrequency
[2021.01.15-22.52.55:743][  0]LogAudioMixer: Display: 4: BackLeft
[2021.01.15-22.52.55:743][  0]LogAudioMixer: Display: 5: BackRight
[2021.01.15-22.52.55:743][  0]LogAudioMixer: Display: 6: SideLeft
[2021.01.15-22.52.55:743][  0]LogAudioMixer: Display: 7: SideRight
[2021.01.15-22.52.55:923][  0]LogAudioMixer: Display: Using Audio Device Headset Earphone (CORSAIR VOID ELITE USB Gaming Headset)
[2021.01.15-22.52.55:926][  0]LogAudioMixer: Display: Initializing Sound Submixes...
[2021.01.15-22.52.55:930][  0]LogAudioMixer: Display: Creating Master Submix 'MasterSubmixDefault'
[2021.01.15-22.52.55:930][  0]LogAudioMixer: Display: Creating Master Submix 'MasterReverbSubmixDefault'
[2021.01.15-22.52.55:931][  0]LogAudioMixer: Display: Creating Master Submix 'MasterEQSubmixDefault'
[2021.01.15-22.52.55:933][  0]LogInit: FAudioDevice initialized.
[2021.01.15-22.52.55:933][  0]LogNetVersion: Set ProjectVersion to 1.0.0.0. Version Checksum will be recalculated on next use.
[2021.01.15-22.52.56:405][  0]LogDerivedDataCache: Saved boot cache 0.47s 78MB C:/Users/Vanilla/AppData/Local/UnrealEngine/4.25/DerivedDataCache/Boot.ddc.
[2021.01.15-22.52.56:409][  0]LogInit: Texture streaming: Enabled
[2021.01.15-22.52.56:426][  0]LogEngineSessionManager: EngineSessionManager initialized
[2021.01.15-22.52.56:426][  0]LogEditorSessionSummary: Verbose: Initializing EditorSessionSummaryWriter for editor session tracking
[2021.01.15-22.52.56:427][  0]LogEditorSessionSummary: EditorSessionSummaryWriter initialized
[2021.01.15-22.52.56:490][  0]LogInit: Transaction tracking system initialized
[2021.01.15-22.52.56:512][  0]BlueprintLog: New page: Editor Load
[2021.01.15-22.52.56:588][  0]LocalizationService: Localization service is disabled
[2021.01.15-22.52.56:746][  0]LogCook: Display: Max memory allowance for cook 16384mb min free memory 0mb
[2021.01.15-22.52.56:746][  0]LogCook: Display: Mobile HDR setting 1
[2021.01.15-22.52.56:879][  0]LogFileCache: Scanning file cache for directory 'F:/UNREAL ENGINE PROJECTS/StealthGame_ProjectBase_4.25/Stealth_Game_UE/StealthGame/Content/' took 0.00s
[2021.01.15-22.52.57:045][  0]SourceControl: Source control is disabled
[2021.01.15-22.52.57:045][  0]LogUnrealEdMisc: Loading editor; pre map load, took 7.847
[2021.01.15-22.52.57:045][  0]Cmd: MAP LOAD FILE="../../../../../UNREAL ENGINE PROJECTS/StealthGame_ProjectBase_4.25/Stealth_Game_UE/StealthGame/Content/Maps/FirstPersonExampleMap.umap" TEMPLATE=0 SHOWPROGRESS=1 FEATURELEVEL=3
[2021.01.15-22.52.57:045][  0]LightingResults: New page: Lighting Build
[2021.01.15-22.52.57:046][  0]LogWorld: UWorld::CleanupWorld for Untitled, bSessionEnded=true, bCleanupResources=true
[2021.01.15-22.52.57:046][  0]LogSlate: InvalidateAllWidgets triggered.  All widgets were invalidated
[2021.01.15-22.52.57:046][  0]MapCheck: New page: Map Check
[2021.01.15-22.52.57:046][  0]LightingResults: New page: Lighting Build
[2021.01.15-22.52.57:080][  0]LogAISub: UAISubsystem::~UAISubsystem EnvQueryManager (000001598F130600), frame # 0
[2021.01.15-22.52.57:080][  0]LogAISub: UAISubsystem::~UAISubsystem AIPerceptionSystem (000001598F148B80), frame # 0
[2021.01.15-22.52.57:081][  0]LogUObjectHash: Compacting FUObjectHashTables data took   0.76ms
[2021.01.15-22.52.57:121][  0]LogAIModule: Creating AISystem for world FirstPersonExampleMap
[2021.01.15-22.52.57:121][  0]LogAISub: UAISubsystem::UAISubsystem EnvQueryManager (000001598F458200), frame # 0
[2021.01.15-22.52.57:121][  0]LogAISub: UAISubsystem::UAISubsystem AIPerceptionSystem (000001598B7BD440), frame # 0
[2021.01.15-22.52.57:127][  0]LogEditorServer: Finished looking for orphan Actors (0.000 secs)
[2021.01.15-22.52.57:142][  0]LogUObjectHash: Compacting FUObjectHashTables data took   0.58ms
[2021.01.15-22.52.57:142][  0]Cmd: MAP CHECKDEP NOCLEARLOG
[2021.01.15-22.52.57:142][  0]MapCheck: Map check complete: 0 Error(s), 0 Warning(s), took 0.12ms to complete.
[2021.01.15-22.52.57:142][  0]LogFileHelpers: Loading map 'FirstPersonExampleMap' took 0.098
[2021.01.15-22.52.57:145][  0]LogUnrealEdMisc: Total Editor Startup Time, took 7.947
[2021.01.15-22.52.57:268][  0]LogSlate: Updating window title bar state: overlay mode, drag disabled, window buttons hidden, title bar hidden
[2021.01.15-22.52.57:275][  0]LogSlate: Updating window title bar state: overlay mode, drag disabled, window buttons hidden, title bar hidden
[2021.01.15-22.52.57:281][  0]LogSlate: Updating window title bar state: overlay mode, drag disabled, window buttons hidden, title bar hidden
[2021.01.15-22.52.57:288][  0]LogSlate: Updating window title bar state: overlay mode, drag disabled, window buttons hidden, title bar hidden
[2021.01.15-22.52.57:294][  0]LogCollectionManager: Loaded 0 collections in 0.000942 seconds
[2021.01.15-22.52.57:311][  0]LogFileCache: Scanning file cache for directory 'F:/UNREAL ENGINE PROJECTS/StealthGame_ProjectBase_4.25/Stealth_Game_UE/StealthGame/Saved/Collections/' took 0.00s
[2021.01.15-22.52.57:311][  0]LogFileCache: Scanning file cache for directory 'F:/UNREAL ENGINE PROJECTS/StealthGame_ProjectBase_4.25/Stealth_Game_UE/StealthGame/Content/Developers/Vanilla/Collections/' took 0.00s
[2021.01.15-22.52.57:311][  0]LogFileCache: Scanning file cache for directory 'F:/UNREAL ENGINE PROJECTS/StealthGame_ProjectBase_4.25/Stealth_Game_UE/StealthGame/Content/Collections/' took 0.00s
[2021.01.15-22.52.57:311][  0]LogContentBrowser: Native class hierarchy populated in 0.0106 seconds. Added 3432 classes and 824 folders.
[2021.01.15-22.52.57:314][  0]LogContentBrowser: Native class hierarchy updated for 'WidgetCarousel' in 0.0005 seconds. Added 0 classes and 0 folders.
[2021.01.15-22.52.57:407][  0]LogContentBrowser: Native class hierarchy updated for 'AddContentDialog' in 0.0005 seconds. Added 0 classes and 0 folders.
[2021.01.15-22.52.57:411][  0]LogContentBrowser: Native class hierarchy updated for 'SceneOutliner' in 0.0005 seconds. Added 2 classes and 0 folders.
[2021.01.15-22.52.57:501][  0]LogSlate: Took 0.000374 seconds to synchronously load lazily loaded font '../../../Engine/Content/Slate/Fonts/Roboto-Regular.ttf' (155K)
[2021.01.15-22.52.57:504][  0]LogSlate: Took 0.000253 seconds to synchronously load lazily loaded font '../../../Engine/Content/Slate/Fonts/Roboto-Bold.ttf' (160K)
[2021.01.15-22.52.57:506][  0]LogSlate: Took 0.000266 seconds to synchronously load lazily loaded font '../../../Engine/Content/Editor/Slate/Fonts/FontAwesome.ttf' (139K)
[2021.01.15-22.52.57:560][  0]LogRenderer: Reallocating scene render targets to support 1500x500 Format 10 NumSamples 1 (Frame:1).
[2021.01.15-22.52.58:935][  0]LogContentBrowser: Native class hierarchy updated for 'HierarchicalLODOutliner' in 0.0005 seconds. Added 0 classes and 0 folders.
[2021.01.15-22.52.58:935][  0]LogLoad: (Engine Initialization) Total time: 9.74 seconds
[2021.01.15-22.52.58:935][  0]LogLoad: (Engine Initialization) Total Blueprint compile time: 0.00 seconds
[2021.01.15-22.52.58:971][  0]LogAssetRegistry: Asset discovery search completed in 5.2657 seconds
[2021.01.15-22.52.58:974][  0]LogCollectionManager: Fixed up redirectors for 0 collections in 0.000002 seconds (updated 0 objects)
[2021.01.15-22.52.58:975][  0]LogContentStreaming: Texture pool size now 1000 MB
[2021.01.15-22.52.59:004][  0]LogSlate: Took 0.000235 seconds to synchronously load lazily loaded font '../../../Engine/Content/Slate/Fonts/Roboto-Light.ttf' (167K)
[2021.01.15-22.52.59:964][ 12]LogSlate: Took 0.000236 seconds to synchronously load lazily loaded font '../../../Engine/Content/Slate/Fonts/Roboto-Light.ttf' (167K)
[2021.01.15-22.54.40:112][ 70]LogAssetEditorSubsystem: Opening Asset editor for Class /Script/FPSGame.FPSCharacter
[2021.01.15-22.54.59:406][120]LogTemp: Resetting audio stream to device id 
[2021.01.15-22.54.59:431][120]LogAudioMixer: Display: 0: FrontLeft
[2021.01.15-22.54.59:431][120]LogAudioMixer: Display: 1: FrontRight
[2021.01.15-22.54.59:431][120]LogAudioMixer: Display: 2: FrontCenter
[2021.01.15-22.54.59:432][120]LogAudioMixer: Display: 3: LowFrequency
[2021.01.15-22.54.59:432][120]LogAudioMixer: Display: 4: BackLeft
[2021.01.15-22.54.59:432][120]LogAudioMixer: Display: 5: BackRight
[2021.01.15-22.54.59:432][120]LogAudioMixer: Display: 6: SideLeft
[2021.01.15-22.54.59:432][120]LogAudioMixer: Display: 7: SideRight
[2021.01.15-22.55.00:691][122]LogAudioMixer: Warning: Changing default audio render device to new device: {0.0.0.00000000}.{41d35d2d-c900-4b2c-bb72-8d9beb2f5a87}.
[2021.01.15-22.55.00:691][122]LogTemp: Resetting audio stream to device id 
[2021.01.15-22.55.00:729][122]LogAudioMixer: Display: 0: FrontLeft
[2021.01.15-22.55.00:729][122]LogAudioMixer: Display: 1: FrontRight
[2021.01.15-22.56.49:488][447]LogAudioMixer: Warning: Changing default audio render device to new device: {0.0.0.00000000}.{319f9bae-e82a-440d-b4a0-78e31649e39d}.
[2021.01.15-22.56.49:488][447]LogTemp: Resetting audio stream to device id 
[2021.01.15-22.56.50:130][447]LogAudioMixer: Display: 0: FrontLeft
[2021.01.15-22.56.50:130][447]LogAudioMixer: Display: 1: FrontRight
[2021.01.15-22.56.50:130][447]LogAudioMixer: Display: 2: FrontCenter
[2021.01.15-22.56.50:130][447]LogAudioMixer: Display: 3: LowFrequency
[2021.01.15-22.56.50:130][447]LogAudioMixer: Display: 4: BackLeft
[2021.01.15-22.56.50:130][447]LogAudioMixer: Display: 5: BackRight
[2021.01.15-22.56.50:130][447]LogAudioMixer: Display: 6: SideLeft
[2021.01.15-22.56.50:130][447]LogAudioMixer: Display: 7: SideRight
[2021.01.15-22.56.50:653][448]LogTemp: Resetting audio stream to device id 
[2021.01.15-22.56.50:670][448]LogAudioMixer: Display: 0: FrontLeft
[2021.01.15-22.56.50:670][448]LogAudioMixer: Display: 1: FrontRight
[2021.01.15-22.56.50:670][448]LogAudioMixer: Display: 2: FrontCenter
[2021.01.15-22.56.50:670][448]LogAudioMixer: Display: 3: LowFrequency
[2021.01.15-22.56.50:670][448]LogAudioMixer: Display: 4: BackLeft
[2021.01.15-22.56.50:670][448]LogAudioMixer: Display: 5: BackRight
[2021.01.15-22.56.50:670][448]LogAudioMixer: Display: 6: SideLeft
[2021.01.15-22.56.50:670][448]LogAudioMixer: Display: 7: SideRight
[2021.01.15-22.56.52:220][449]LogTemp: Resetting audio stream to device id 
[2021.01.15-22.56.52:238][449]LogAudioMixer: Display: 0: FrontLeft
[2021.01.15-22.56.52:238][449]LogAudioMixer: Display: 1: FrontRight
[2021.01.15-22.56.52:238][449]LogAudioMixer: Display: 2: FrontCenter
[2021.01.15-22.56.52:238][449]LogAudioMixer: Display: 3: LowFrequency
[2021.01.15-22.56.52:238][449]LogAudioMixer: Display: 4: BackLeft
[2021.01.15-22.56.52:238][449]LogAudioMixer: Display: 5: BackRight
[2021.01.15-22.56.52:238][449]LogAudioMixer: Display: 6: SideLeft
[2021.01.15-22.56.52:238][449]LogAudioMixer: Display: 7: SideRight
[2021.01.15-23.00.55:022][174]LogHotReload: New module detected: UE4Editor-FPSGame-0010.dll
[2021.01.15-23.00.55:711][177]LogHotReload: Starting Hot-Reload from IDE
[2021.01.15-23.00.55:758][177]LogHotReload: Re-instancing FPSObjectiveActor after hot-reload.
[2021.01.15-23.00.55:767][177]LogContentBrowser: Native class hierarchy updated for 'FPSGame' in 0.0005 seconds. Added 5 classes and 3 folders.
[2021.01.15-23.00.55:768][177]Display: HotReload successful (1 functions remapped  0 scriptstructs remapped)
[2021.01.15-23.00.55:811][177]LogContentBrowser: Native class hierarchy populated in 0.0098 seconds. Added 3432 classes and 824 folders.
[2021.01.15-23.00.55:814][177]Display: HotReload took  0.1s.
[2021.01.15-23.03.09:853][576]LogHotReload: New module detected: UE4Editor-FPSGame-0011.dll
[2021.01.15-23.03.10:549][579]LogHotReload: Starting Hot-Reload from IDE
[2021.01.15-23.03.10:604][579]LogContentBrowser: Native class hierarchy updated for 'FPSGame' in 0.0005 seconds. Added 5 classes and 3 folders.
[2021.01.15-23.03.10:605][579]Display: HotReload successful (1 functions remapped  0 scriptstructs remapped)
[2021.01.15-23.03.10:640][579]LogContentBrowser: Native class hierarchy populated in 0.0115 seconds. Added 3432 classes and 824 folders.
[2021.01.15-23.03.10:644][579]Display: HotReload took  0.1s.
[2021.01.15-23.12.13:909][201]LogHotReload: New module detected: UE4Editor-FPSGame-0014.dll
[2021.01.15-23.12.14:605][204]LogHotReload: Starting Hot-Reload from IDE
[2021.01.15-23.12.14:651][204]LogClass: Could not find existing class FPSObjectiveActor in package /Script/FPSGame for HotReload, assuming new class
[2021.01.15-23.12.14:659][204]LogHotReload: Re-instancing FPSObjectiveActor after hot-reload.
[2021.01.15-23.12.14:668][204]LogContentBrowser: Native class hierarchy updated for 'FPSGame' in 0.0005 seconds. Added 5 classes and 3 folders.
[2021.01.15-23.12.14:669][204]Display: HotReload successful (1 functions remapped  0 scriptstructs remapped)
[2021.01.15-23.12.14:701][204]LogContentBrowser: Native class hierarchy populated in 0.0100 seconds. Added 3432 classes and 824 folders.
[2021.01.15-23.12.14:704][204]Display: HotReload took  0.1s.
[2021.01.15-23.16.02:261][882]LogHotReload: New module detected: UE4Editor-FPSGame-0015.dll
[2021.01.15-23.17.16:320][103]LogHotReload: New module detected: UE4Editor-FPSGame-0016.dll
[2021.01.15-23.17.17:006][106]LogHotReload: Starting Hot-Reload from IDE
[2021.01.15-23.17.17:041][106]LogOutputDevice: Warning: 

Script Stack (0 frames):

[2021.01.15-23.17.17:042][106]LogWindows: Windows GetLastError: The operation completed successfully. (0)
[2021.01.15-23.17.25:867][106]LogWindows: Error: === Critical error: ===
[2021.01.15-23.17.25:867][106]LogWindows: Error: 
[2021.01.15-23.17.25:867][106]LogWindows: Error: Fatal error: [File:D:/Build/++UE4/Sync/Engine/Source/Runtime/CoreUObject/Private/UObject/UObjectGlobals.cpp] [Line: 2335] 
[2021.01.15-23.17.25:867][106]LogWindows: Error: Objects have the same fully qualified name but different paths.
[2021.01.15-23.17.25:867][106]LogWindows: Error: 	New Object: FPSObjectiveActor /Engine/Transient.Default__FPSObjectiveActor
[2021.01.15-23.17.25:867][106]LogWindows: Error: 	Existing Object: HOTRELOADED_FPSObjectiveActor_0 /Engine/Transient.Default__FPSObjectiveActor
[2021.01.15-23.17.25:867][106]LogWindows: Error: 
[2021.01.15-23.17.25:867][106]LogWindows: Error: 
[2021.01.15-23.17.25:867][106]LogWindows: Error: [Callstack] 0x00007ffa9de5d759 KERNELBASE.dll!UnknownFunction []
[2021.01.15-23.17.25:867][106]LogWindows: Error: [Callstack] 0x00007ffa4038ec66 UE4Editor-Core.dll!UnknownFunction []
[2021.01.15-23.17.25:867][106]LogWindows: Error: [Callstack] 0x00007ffa40392048 UE4Editor-Core.dll!UnknownFunction []
[2021.01.15-23.17.25:867][106]LogWindows: Error: [Callstack] 0x00007ffa4011e52d UE4Editor-Core.dll!UnknownFunction []
[2021.01.15-23.17.25:867][106]LogWindows: Error: [Callstack] 0x00007ffa3cb0dfca UE4Editor-CoreUObject.dll!UnknownFunction []
[2021.01.15-23.17.25:867][106]LogWindows: Error: [Callstack] 0x00007ffa843058ec UE4Editor-FPSGame-0016.dll!UnknownFunction [F:\UNREAL ENGINE PROJECTS\StealthGame_ProjectBase_4.25\Stealth_Game_UE\StealthGame\Source\FPSGame\Public\FPSObjectiveActor.h:14]
[2021.01.15-23.17.25:867][106]LogWindows: Error: [Callstack] 0x00007ffa3c87f34b UE4Editor-CoreUObject.dll!UnknownFunction []
[2021.01.15-23.17.25:867][106]LogWindows: Error: [Callstack] 0x00007ffa3c87c13d UE4Editor-CoreUObject.dll!UnknownFunction []
[2021.01.15-23.17.25:867][106]LogWindows: Error: [Callstack] 0x00007ffa84306cfb UE4Editor-FPSGame-0016.dll!UnknownFunction [F:\UNREAL ENGINE PROJECTS\StealthGame_ProjectBase_4.25\Stealth_Game_UE\StealthGame\Intermediate\Build\Win64\UE4Editor\Inc\FPSGame\FPSObjectiveActor.gen.cpp:118]
[2021.01.15-23.17.25:867][106]LogWindows: Error: [Callstack] 0x00007ffa84306b9f UE4Editor-FPSGame-0016.dll!UnknownFunction [F:\UNREAL ENGINE\UE_4.25\Engine\Source\Runtime\CoreUObject\Public\UObject\UObjectBase.h:288]
[2021.01.15-23.17.25:867][106]LogWindows: Error: [Callstack] 0x00007ffa3cb164a3 UE4Editor-CoreUObject.dll!UnknownFunction []
[2021.01.15-23.17.25:867][106]LogWindows: Error: [Callstack] 0x00007ffa3caf5b6e UE4Editor-CoreUObject.dll!UnknownFunction []
[2021.01.15-23.17.25:867][106]LogWindows: Error: [Callstack] 0x00007ffa3ca14465 UE4Editor-CoreUObject.dll!UnknownFunction []
[2021.01.15-23.17.25:867][106]LogWindows: Error: [Callstack] 0x00007ffa4015986a UE4Editor-Core.dll!UnknownFunction []
[2021.01.15-23.17.25:867][106]LogWindows: Error: [Callstack] 0x00007ffa401799f0 UE4Editor-Core.dll!UnknownFunction []
[2021.01.15-23.17.25:867][106]LogWindows: Error: [Callstack] 0x00007ffa40178b08 UE4Editor-Core.dll!UnknownFunction []
[2021.01.15-23.17.25:867][106]LogWindows: Error: [Callstack] 0x00007ffa2447b9b2 UE4Editor-HotReload.dll!UnknownFunction []
[2021.01.15-23.17.25:867][106]LogWindows: Error: [Callstack] 0x00007ffa2447b708 UE4Editor-HotReload.dll!UnknownFunction []
[2021.01.15-23.17.25:867][106]LogWindows: Error: [Callstack] 0x00007ffa2448c3e1 UE4Editor-HotReload.dll!UnknownFunction []
[2021.01.15-23.17.25:867][106]LogWindows: Error: [Callstack] 0x00007ffa3fedd0a9 UE4Editor-Core.dll!UnknownFunction []
[2021.01.15-23.17.25:867][106]LogWindows: Error: [Callstack] 0x00007ff696cba213 UE4Editor.exe!UnknownFunction []
[2021.01.15-23.17.25:867][106]LogWindows: Error: [Callstack] 0x00007ff696ccba7c UE4Editor.exe!UnknownFunction []
[2021.01.15-23.17.25:867][106]LogWindows: Error: [Callstack] 0x00007ff696ccbb5a UE4Editor.exe!UnknownFunction []
[2021.01.15-23.17.25:867][106]LogWindows: Error: [Callstack] 0x00007ff696cde31d UE4Editor.exe!UnknownFunction []
[2021.01.15-23.17.25:867][106]LogWindows: Error: [Callstack] 0x00007ff696ce145a UE4Editor.exe!UnknownFunction []
[2021.01.15-23.17.25:867][106]LogWindows: Error: [Callstack] 0x00007ffa9ffe7034 KERNEL32.DLL!UnknownFunction []
[2021.01.15-23.17.25:867][106]LogWindows: Error: [Callstack] 0x00007ffaa011d0d1 ntdll.dll!UnknownFunction []
[2021.01.15-23.17.25:867][106]LogWindows: Error: 
[2021.01.15-23.17.25:883][106]LogExit: Executing StaticShutdownAfterError
[2021.01.15-23.17.25:884][106]LogWindows: FPlatformMisc::RequestExit(1)
[2021.01.15-23.17.25:884][106]LogCore: Engine exit requested (reason: Win RequestExit)
[2021.01.15-23.17.25:897][106]Log file closed, 01/15/21 18:17:25
